/tmp/tmpyGfoeMpe.asm:
     1                          MODULE controls_c
     2                          LINE 0, "controls.c"
controls.c:
                                
     1                          ;--------------------------------------------------------
     2                          ; File Created by SDCC : free open source ISO C Compiler
     3                          ; Version 4.3.0 #14210 (Mac OS X ppc)
     4                          ;--------------------------------------------------------
     5                          	.zxn
     6                          ; Processed by Z88DK
     7                          ;--------------------------------------------------------
     8                          
     9                          	EXTERN __divschar
    10                          	EXTERN __divschar_callee
    11                          	EXTERN __divsint
    12                          	EXTERN __divsint_callee
    13                          	EXTERN __divslong
    14                          	EXTERN __divslong_callee
    15                          	EXTERN __divslonglong
    16                          	EXTERN __divslonglong_callee
    17                          	EXTERN __divsuchar
    18                          	EXTERN __divsuchar_callee
    19                          	EXTERN __divuchar
    20                          	EXTERN __divuchar_callee
    21                          	EXTERN __divuint
    22                          	EXTERN __divuint_callee
    23                          	EXTERN __divulong
    24                          	EXTERN __divulong_callee
    25                          	EXTERN __divulonglong
    26                          	EXTERN __divulonglong_callee
    27                          	EXTERN __divuschar
    28                          	EXTERN __divuschar_callee
    29                          	EXTERN __modschar
    30                          	EXTERN __modschar_callee
    31                          	EXTERN __modsint
    32                          	EXTERN __modsint_callee
    33                          	EXTERN __modslong
    34                          	EXTERN __modslong_callee
    35                          	EXTERN __modslonglong
    36                          	EXTERN __modslonglong_callee
    37                          	EXTERN __modsuchar
    38                          	EXTERN __modsuchar_callee
    39                          	EXTERN __moduchar
    40                          	EXTERN __moduchar_callee
    41                          	EXTERN __moduint
    42                          	EXTERN __moduint_callee
    43                          	EXTERN __modulong
    44                          	EXTERN __modulong_callee
    45                          	EXTERN __modulonglong
    46                          	EXTERN __modulonglong_callee
    47                          	EXTERN __moduschar
    48                          	EXTERN __moduschar_callee
    49                          	EXTERN __mulint
    50                          	EXTERN __mulint_callee
    51                          	EXTERN __mullong
    52                          	EXTERN __mullong_callee
    53                          	EXTERN __mullonglong
    54                          	EXTERN __mullonglong_callee
    55                          	EXTERN __mulschar
    56                          	EXTERN __mulschar_callee
    57                          	EXTERN __mulsuchar
    58                          	EXTERN __mulsuchar_callee
    59                          	EXTERN __muluchar
    60                          	EXTERN __muluchar_callee
    61                          	EXTERN __muluschar
    62                          	EXTERN __muluschar_callee
    63                          	EXTERN __rlslonglong
    64                          	EXTERN __rlslonglong_callee
    65                          	EXTERN __rlulonglong
    66                          	EXTERN __rlulonglong_callee
    67                          	EXTERN __rrslonglong
    68                          	EXTERN __rrslonglong_callee
    69                          	EXTERN __rrulonglong
    70                          	EXTERN __rrulonglong_callee
    71                          	EXTERN ___mulsint2slong
    72                          	EXTERN ___mulsint2slong_callee
    73                          	EXTERN ___muluint2ulong
    74                          	EXTERN ___muluint2ulong_callee
    75                          	EXTERN ___sdcc_call_hl
    76                          	EXTERN ___sdcc_call_iy
    77                          	EXTERN ___sdcc_enter_ix
    78                          	EXTERN banked_call
    79                          	EXTERN _banked_ret
    80                          	EXTERN ___fs2schar
    81                          	EXTERN ___fs2schar_callee
    82                          	EXTERN ___fs2sint
    83                          	EXTERN ___fs2sint_callee
    84                          	EXTERN ___fs2slong
    85                          	EXTERN ___fs2slong_callee
    86                          	EXTERN ___fs2slonglong
    87                          	EXTERN ___fs2slonglong_callee
    88                          	EXTERN ___fs2uchar
    89                          	EXTERN ___fs2uchar_callee
    90                          	EXTERN ___fs2uint
    91                          	EXTERN ___fs2uint_callee
    92                          	EXTERN ___fs2ulong
    93                          	EXTERN ___fs2ulong_callee
    94                          	EXTERN ___fs2ulonglong
    95                          	EXTERN ___fs2ulonglong_callee
    96                          	EXTERN ___fsadd
    97                          	EXTERN ___fsadd_callee
    98                          	EXTERN ___fsdiv
    99                          	EXTERN ___fsdiv_callee
   100                          	EXTERN ___fseq
   101                          	EXTERN ___fseq_callee
   102                          	EXTERN ___fsgt
   103                          	EXTERN ___fsgt_callee
   104                          	EXTERN ___fslt
   105                          	EXTERN ___fslt_callee
   106                          	EXTERN ___fsmul
   107                          	EXTERN ___fsmul_callee
   108                          	EXTERN ___fsneq
   109                          	EXTERN ___fsneq_callee
   110                          	EXTERN ___fssub
   111                          	EXTERN ___fssub_callee
   112                          	EXTERN ___schar2fs
   113                          	EXTERN ___schar2fs_callee
   114                          	EXTERN ___sint2fs
   115                          	EXTERN ___sint2fs_callee
   116                          	EXTERN ___slong2fs
   117                          	EXTERN ___slong2fs_callee
   118                          	EXTERN ___slonglong2fs
   119                          	EXTERN ___slonglong2fs_callee
   120                          	EXTERN ___uchar2fs
   121                          	EXTERN ___uchar2fs_callee
   122                          	EXTERN ___uint2fs
   123                          	EXTERN ___uint2fs_callee
   124                          	EXTERN ___ulong2fs
   125                          	EXTERN ___ulong2fs_callee
   126                          	EXTERN ___ulonglong2fs
   127                          	EXTERN ___ulonglong2fs_callee
   128                          	EXTERN ____sdcc_2_copy_src_mhl_dst_deix
   129                          	EXTERN ____sdcc_2_copy_src_mhl_dst_bcix
   130                          	EXTERN ____sdcc_4_copy_src_mhl_dst_deix
   131                          	EXTERN ____sdcc_4_copy_src_mhl_dst_bcix
   132                          	EXTERN ____sdcc_4_copy_src_mhl_dst_mbc
   133                          	EXTERN ____sdcc_4_ldi_nosave_bc
   134                          	EXTERN ____sdcc_4_ldi_save_bc
   135                          	EXTERN ____sdcc_4_push_hlix
   136                          	EXTERN ____sdcc_4_push_mhl
   137                          	EXTERN ____sdcc_lib_setmem_hl
   138                          	EXTERN ____sdcc_ll_add_de_bc_hl
   139                          	EXTERN ____sdcc_ll_add_de_bc_hlix
   140                          	EXTERN ____sdcc_ll_add_de_hlix_bc
   141                          	EXTERN ____sdcc_ll_add_de_hlix_bcix
   142                          	EXTERN ____sdcc_ll_add_deix_bc_hl
   143                          	EXTERN ____sdcc_ll_add_deix_hlix
   144                          	EXTERN ____sdcc_ll_add_hlix_bc_deix
   145                          	EXTERN ____sdcc_ll_add_hlix_deix_bc
   146                          	EXTERN ____sdcc_ll_add_hlix_deix_bcix
   147                          	EXTERN ____sdcc_ll_asr_hlix_a
   148                          	EXTERN ____sdcc_ll_asr_mbc_a
   149                          	EXTERN ____sdcc_ll_copy_src_de_dst_hlix
   150                          	EXTERN ____sdcc_ll_copy_src_de_dst_hlsp
   151                          	EXTERN ____sdcc_ll_copy_src_deix_dst_hl
   152                          	EXTERN ____sdcc_ll_copy_src_deix_dst_hlix
   153                          	EXTERN ____sdcc_ll_copy_src_deixm_dst_hlsp
   154                          	EXTERN ____sdcc_ll_copy_src_desp_dst_hlsp
   155                          	EXTERN ____sdcc_ll_copy_src_hl_dst_de
   156                          	EXTERN ____sdcc_ll_copy_src_hlsp_dst_de
   157                          	EXTERN ____sdcc_ll_copy_src_hlsp_dst_deixm
   158                          	EXTERN ____sdcc_ll_lsl_hlix_a
   159                          	EXTERN ____sdcc_ll_lsl_mbc_a
   160                          	EXTERN ____sdcc_ll_lsr_hlix_a
   161                          	EXTERN ____sdcc_ll_lsr_mbc_a
   162                          	EXTERN ____sdcc_ll_push_hlix
   163                          	EXTERN ____sdcc_ll_push_mhl
   164                          	EXTERN ____sdcc_ll_sub_de_bc_hl
   165                          	EXTERN ____sdcc_ll_sub_de_bc_hlix
   166                          	EXTERN ____sdcc_ll_sub_de_hlix_bc
   167                          	EXTERN ____sdcc_ll_sub_de_hlix_bcix
   168                          	EXTERN ____sdcc_ll_sub_deix_bc_hl
   169                          	EXTERN ____sdcc_ll_sub_deix_hlix
   170                          	EXTERN ____sdcc_ll_sub_hlix_bc_deix
   171                          	EXTERN ____sdcc_ll_sub_hlix_deix_bc
   172                          	EXTERN ____sdcc_ll_sub_hlix_deix_bcix
   173                          	EXTERN ____sdcc_load_debc_deix
   174                          	EXTERN ____sdcc_load_dehl_deix
   175                          	EXTERN ____sdcc_load_debc_mhl
   176                          	EXTERN ____sdcc_load_hlde_mhl
   177                          	EXTERN ____sdcc_store_dehl_bcix
   178                          	EXTERN ____sdcc_store_debc_hlix
   179                          	EXTERN ____sdcc_store_debc_mhl
   180                          	EXTERN ____sdcc_cpu_pop_ei
   181                          	EXTERN ____sdcc_cpu_pop_ei_jp
   182                          	EXTERN ____sdcc_cpu_push_di
   183                          	EXTERN ____sdcc_outi
   184                          	EXTERN ____sdcc_outi_128
   185                          	EXTERN ____sdcc_outi_256
   186                          	EXTERN ____sdcc_ldi
   187                          	EXTERN ____sdcc_ldi_128
   188                          	EXTERN ____sdcc_ldi_256
   189                          	EXTERN ____sdcc_4_copy_srcd_hlix_dst_deix
   190                          	EXTERN ____sdcc_4_and_src_mbc_mhl_dst_deix
   191                          	EXTERN ____sdcc_4_or_src_mbc_mhl_dst_deix
   192                          	EXTERN ____sdcc_4_xor_src_mbc_mhl_dst_deix
   193                          	EXTERN ____sdcc_4_or_src_dehl_dst_bcix
   194                          	EXTERN ____sdcc_4_xor_src_dehl_dst_bcix
   195                          	EXTERN ____sdcc_4_and_src_dehl_dst_bcix
   196                          	EXTERN ____sdcc_4_xor_src_mbc_mhl_dst_debc
   197                          	EXTERN ____sdcc_4_or_src_mbc_mhl_dst_debc
   198                          	EXTERN ____sdcc_4_and_src_mbc_mhl_dst_debc
   199                          	EXTERN ____sdcc_4_cpl_src_mhl_dst_debc
   200                          	EXTERN ____sdcc_4_xor_src_debc_mhl_dst_debc
   201                          	EXTERN ____sdcc_4_or_src_debc_mhl_dst_debc
   202                          	EXTERN ____sdcc_4_and_src_debc_mhl_dst_debc
   203                          	EXTERN ____sdcc_4_and_src_debc_hlix_dst_debc
   204                          	EXTERN ____sdcc_4_or_src_debc_hlix_dst_debc
   205                          	EXTERN ____sdcc_4_xor_src_debc_hlix_dst_debc
   206                          
   207                          ;--------------------------------------------------------
   208                          ; Public variables in this module
   209                          ;--------------------------------------------------------
   210                          	GLOBAL _in_stick_keyboard2
   211                          	GLOBAL _in_stick_keyboard1
   212                          	GLOBAL _init_controls
   213                          ;--------------------------------------------------------
   214                          ; Externals used
   215                          ;--------------------------------------------------------
   216                          	GLOBAL _valid_area
   217                          	GLOBAL _service_area
   218                          	GLOBAL _get_serving_player
   219                          	GLOBAL _is_ad_service
   220                          	GLOBAL _start_match
   221                          	GLOBAL _event_player_touch
   222                          	GLOBAL _event_net_touched
   223                          	GLOBAL _event_player_hit
   224                          	GLOBAL _event_ball_bounced
   225                          	GLOBAL _update_entities
   226                          	GLOBAL _xy_in_boundary
   227                          	GLOBAL _point_in_boundary
   228                          	GLOBAL _x_projection
   229                          	GLOBAL _closest_type_of_hit
   230                          	GLOBAL _ball_at_reach
   231                          	GLOBAL _set_player_status
   232                          	GLOBAL _get_player
   233                          	GLOBAL _update_players
   234                          	GLOBAL _restart_computer_controls
   235                          	GLOBAL _read_computer_control
   236                          	GLOBAL _diplay_profile
   237                          	GLOBAL _in_mouse_kempston_wheel_delta
   238                          	GLOBAL _in_mouse_kempston_wheel
   239                          	GLOBAL _in_mouse_kempston_callee
   240                          	GLOBAL _in_mouse_kempston
   241                          	GLOBAL _in_mouse_kempston_setpos_callee
   242                          	GLOBAL _in_mouse_kempston_setpos
   243                          	GLOBAL _in_mouse_kempston_reset
   244                          	GLOBAL _in_mouse_kempston_init
   245                          	GLOBAL _in_mouse_amx_wheel_delta
   246                          	GLOBAL _in_mouse_amx_wheel
   247                          	GLOBAL _in_mouse_amx_callee
   248                          	GLOBAL _in_mouse_amx
   249                          	GLOBAL _in_mouse_amx_setpos_callee
   250                          	GLOBAL _in_mouse_amx_setpos
   251                          	GLOBAL _in_mouse_amx_reset
   252                          	GLOBAL _in_mouse_amx_init_callee
   253                          	GLOBAL _in_mouse_amx_init
   254                          	GLOBAL _in_stick_sinclair2
   255                          	GLOBAL _in_stick_sinclair1
   256                          	GLOBAL _in_stick_kempston
   257                          	GLOBAL _in_stick_fuller
   258                          	GLOBAL _in_stick_cursor
   259                          	GLOBAL _in_stick_keyboard_fastcall
   260                          	GLOBAL _in_stick_keyboard
   261                          	GLOBAL _in_wait_nokey
   262                          	GLOBAL _in_wait_key
   263                          	GLOBAL _in_test_key
   264                          	GLOBAL _in_pause_fastcall
   265                          	GLOBAL _in_pause
   266                          	GLOBAL _in_key_scancode_fastcall
   267                          	GLOBAL _in_key_scancode
   268                          	GLOBAL _in_key_pressed_fastcall
   269                          	GLOBAL _in_key_pressed
   270                          	GLOBAL _in_inkey
   271                          	GLOBAL _game_state
   272                          	GLOBAL _match_type
   273                          	GLOBAL _score
   274                          	GLOBAL _player_bottom
   275                          	GLOBAL _player_top
   276                          	GLOBAL _game_settings
   277                          	GLOBAL _ppponent_profile
   278                          	GLOBAL _court_boundaries
   279                          ;--------------------------------------------------------
   280                          ; special function registers
   281                          ;--------------------------------------------------------
   282                          ;--------------------------------------------------------
   283                          ; ram data
   284                          ;--------------------------------------------------------
   285                          	SECTION bss_compiler
   286                          _user_defined_keys1:
   287  0000  0000              	DEFS 2
   288                          _user_defined_keys2:
   289  0002  0000              	DEFS 2
   290                          ;--------------------------------------------------------
   291                          ; ram data
   292                          ;--------------------------------------------------------
   293                          
   294                          IF 0
   295                          
   296                          ; .area _INITIALIZED removed by z88dk
   297                          
   298                          _control_menu_table:
   299                          	DEFS 8
   300                          
   301                          ENDIF
   302                          
   303                          ;--------------------------------------------------------
   304                          ; absolute external ram data
   305                          ;--------------------------------------------------------
   306                          	SECTION IGNORE
   307                          ;--------------------------------------------------------
   308                          ; global & static initialisations
   309                          ;--------------------------------------------------------
   310                          	SECTION code_crt_init
   311                          ;--------------------------------------------------------
   312                          ; Home
   313                          ;--------------------------------------------------------
   314                          	SECTION IGNORE
   315                          ;--------------------------------------------------------
   316                          ; code
   317                          ;--------------------------------------------------------
   318                          	SECTION code_compiler
   319                          ;controls.c:11: ControlInput in_stick_keyboard1(uint8_t player_id)
   320                          ;	---------------------------------
   321                          ; Function in_stick_keyboard1
   322                          ; ---------------------------------
   323                          _in_stick_keyboard1:
   324  0000  cd0000            	call	___sdcc_enter_ix
   325                          ;controls.c:14: return in_stick_keyboard(user_defined_keys1);
   326  0003  2a0000            	ld	hl, (_user_defined_keys1)
   327                          ;controls.c:15: }
   328  0006  dde1              	pop	ix
   329  0008  c30000            	jp	_in_stick_keyboard_fastcall
   330                          	SECTION code_compiler
   331                          ;controls.c:17: ControlInput in_stick_keyboard2(uint8_t player_id)
   332                          ;	---------------------------------
   333                          ; Function in_stick_keyboard2
   334                          ; ---------------------------------
   335                          _in_stick_keyboard2:
   336  000b  cd0000            	call	___sdcc_enter_ix
   337                          ;controls.c:20: return in_stick_keyboard(user_defined_keys2);
   338  000e  2a0200            	ld	hl, (_user_defined_keys2)
   339                          ;controls.c:21: }
   340  0011  dde1              	pop	ix
   341  0013  c30000            	jp	_in_stick_keyboard_fastcall
   342                          ;controls.c:26: static ControlInput in_stick_joystick1(uint8_t player_id)
   343                          ;	---------------------------------
   344                          ; Function in_stick_joystick1
   345                          ; ---------------------------------
   346                          _in_stick_joystick1:
   347  0016  cd0000            	call	___sdcc_enter_ix
   348                          ;controls.c:29: return in_stick_cursor();
   349                          ;controls.c:30: }
   350  0019  dde1              	pop	ix
   351  001b  c30000            	jp	_in_stick_cursor
   352                          ;controls.c:32: static ControlInput in_stick_joystick2(uint8_t player_id)
   353                          ;	---------------------------------
   354                          ; Function in_stick_joystick2
   355                          ; ---------------------------------
   356                          _in_stick_joystick2:
   357  001e  cd0000            	call	___sdcc_enter_ix
   358                          ;controls.c:35: return in_stick_kempston();
   359                          ;controls.c:36: }
   360  0021  dde1              	pop	ix
   361  0023  c30000            	jp	_in_stick_kempston
   362                          ;controls.c:49: void init_controls(void)
   363                          ;	---------------------------------
   364                          ; Function init_controls
   365                          ; ---------------------------------
   366                          _init_controls:
   367                          ;controls.c:51: user_defined_keys1 = (udk_t *)&game_settings.user_defined_keys[0].user_defined_keys;
   368  0026  210300            	ld	hl,_game_settings + 3
   369  0029  220000            	ld	(_user_defined_keys1), hl
   370                          ;controls.c:52: user_defined_keys2 = (udk_t *)&game_settings.user_defined_keys[1].user_defined_keys;
   371  002c  210d00            	ld	hl,_game_settings + 13
   372  002f  220200            	ld	(_user_defined_keys2), hl
   373                          ;controls.c:55: player_bottom.control_fn = control_menu_table[game_settings.user_control_type[0]];
   374  0032  010000            	ld	bc,_control_menu_table+0
   375  0035  3a0100            	ld	a, (_game_settings + 1)
   376  0038  2600              	ld	h,0x00
   377  003a  6f                	ld	l, a
   378  003b  29                	add	hl, hl
   379  003c  09                	add	hl, bc
   380  003d  5e                	ld	e, (hl)
   381  003e  23                	inc	hl
   382  003f  56                	ld	d, (hl)
   383  0040  ed530700          	ld	(_player_bottom + 7),de
   384                          ;controls.c:56: player_top.control_fn = control_menu_table[game_settings.user_control_type[1]];
   385  0044  3a0200            	ld	a, (_game_settings + 2)
   386  0047  2600              	ld	h,0x00
   387  0049  6f                	ld	l, a
   388  004a  29                	add	hl, hl
   389  004b  09                	add	hl, bc
   390  004c  4e                	ld	c, (hl)
   391  004d  23                	inc	hl
   392  004e  46                	ld	b, (hl)
   393  004f  ed430700          	ld	(_player_top + 7),bc
   394                          ;controls.c:58: switch (game_settings.game_type)
   395  0053  3a0000            	ld	a,(_game_settings)
   396  0056  b7                	or	a, a
   397  0057  280a              	jr	Z,l_init_controls_00101
   398  0059  fe01              	cp	a,0x01
   399  005b  2817              	jr	Z,l_init_controls_00105
   400  005d  d602              	sub	a,0x02
   401  005f  280a              	jr	Z,l_init_controls_00103
   402  0061  1811              	jr	l_init_controls_00105
   403                          ;controls.c:60: case GAME_TYPE_SINGLE_PLAYER:
   404                          l_init_controls_00101:
   405                          ;controls.c:61: player_top.control_fn = read_computer_control;
   406  0063  210000            	ld	hl,_read_computer_control
   407  0066  220700            	ld	(_player_top + 7),hl
   408                          ;controls.c:62: break;
   409  0069  1809              	jr	l_init_controls_00105
   410                          ;controls.c:65: case GAME_TYPE_DEMO:
   411                          l_init_controls_00103:
   412                          ;controls.c:66: player_top.control_fn = read_computer_control;
   413  006b  210000            	ld	hl,_read_computer_control
   414  006e  220700            	ld	(_player_top + 7),hl
   415                          ;controls.c:67: player_bottom.control_fn = read_computer_control;
   416  0071  220700            	ld	(_player_bottom + 7),hl
   417                          ;controls.c:70: }
   418                          l_init_controls_00105:
   419                          ;controls.c:71: }
   420  0074  c9                	ret
   421                          	SECTION data_compiler
   422                          _control_menu_table:
   423  0000  0000              	DEFW _in_stick_keyboard1
   424  0002  1600              	DEFW _in_stick_joystick1
   425  0004  0b00              	DEFW _in_stick_keyboard2
   426  0006  1e00              	DEFW _in_stick_joystick2
   427                          	SECTION IGNORE
   428                          
