/tmp/tmpfpeHnJzX.asm:
     1                          MODULE fadeout_effect_asm
     2                          LINE 0, "fadeout_effect.asm"
fadeout_effect.asm:
                                
     1                          
     2                          SECTION code_user
     3                          
     4                          include "macros.inc"
macros.inc:
     1                          #define READ_NEXTREG(REG) \
     2                              push bc : \
     3                              ld a, REG :\
     4                              ld bc, $243b :\
     5                              out (c), a :\
     6                              inc b :\
     7                              in a, (c) :\
     8                              pop bc
     9                          
    10                          
    11                          defc CTC0 = 0x183B ; CTC channel 0 port
    12                          defc CTC1 = 0x193B ; CTC channel 1 port
    13                          defc CTC2 = 0x1A3B ; CTC channel 2 port
    14                          defc CTC3 = 0x1B3B ; CTC channel 3 port
    15                          
    16                          defc IO_DAC_L0 = 0x0f
    17                          defc IO_DAC_L1 = 0x1f
    18                          defc IO_DAC_R0 = 0x4f
    19                          defc IO_DAC_R1 = 0x5f
    20                          defc IO_DAC_M0 = 0xdf
    21                          
    22                          defc INTERRUPT_STATUS_CTC = $C9
    23                          
    24                          defc REG_MMU6 = 0x56
    25                          
    26                          defc AY_REG = 0xFFFD ;   // AY register select port
    27                          defc AY_DATA = 0xBFFD ; // AY register data port
    28                          
    29                          defc AY_TONE_A_LO = 0x00 ; // R0 fine tune A
    30                          defc AY_TONE_A_HI = 0x01 ; // R1 coarse tune A
    31                          defc AY_TONE_B_LO = 0x02 ; // R2 fine tune B
    32                          defc AY_TONE_B_HI = 0x03 ; // R3 coarse tune B
    33                          defc AY_TONE_C_LO = 0x04 ; // R4 fine tune C
    34                          defc AY_TONE_C_HI = 0x05 ; // R5 coarse tune C
    35                          defc AY_NOISE = 0x06 ; // R6 noise period
    36                          defc AY_MIXER = 0x07 ; // R7 mixer register
    37                          defc AY_VOLUME_A = 0x08 ; // R8 volume A
    38                          defc AY_VOLUME_B = 0x09 ; // R9 volume B
    39                          defc AY_VOLUME_C = 0x0A ; // R10 volume C
    40                          defc AY_ENV_LO = 0x0B ; // R11 envelope low
    41                          defc AY_ENV_HI = 0x0C ; // R12 envelope high
    42                          defc AY_ENV_SHAPE = 0x0D ; // R13 envelope shape
    43                          
fadeout_effect.asm:
     5                          
     6                          PUBLIC _effects_handler, _remaining_effect_length, _start_effect, _init_effects
     7                          
     8                          
     9                          defc FADEOUT_EFFECT_DATA_PAGE = 98
    10                          
    11                          _effects_handler:
    12  0000  ed910000              nextreg INTERRUPT_STATUS_CTC, 2
    13  0004  f5                    push af
    14  0005  e5                    push hl
    15                          
    16  0006  2a0000                ld hl, (_remaining_effect_length)
    17  0009  7c                    ld a, h
    18  000a  b5                    or l
    19  000b  c40000                call nz, _effects_step
    20  000e  e1                    pop hl
    21  000f  f1                    pop af
    22  0010  fb                    ei
    23  0011  ed4d                  reti
    24                          
    25                          _effects_step:
    26                          
    27                              ; HL receives the remaining length, assumed to be different than 0
    28                              ; Any register, other than HL and A should be saved
    29                              ; Saves the current page in MMU 6
    30  0013  d5                    push de
    31  0014  2b                    dec hl
    32  0015  2b                    dec hl
    33  0016  220000                ld (_remaining_effect_length), hl
    34                          
    35                              ; Bank switch
    36  0019  c53e00010000ed79      READ_NEXTREG(REG_MMU6)
              04ed78c1          
    37  0025  f5                    push af
    38  0026  ed910000              nextreg REG_MMU6, FADEOUT_EFFECT_DATA_PAGE
    39                          
    40  002a  110000                ld de, effects_address
    41  002d  19                    add hl, de
    42  002e  5e                    ld e, (hl)
    43  002f  23                    inc hl
    44  0030  56                    ld d, (hl)
    45                          
    46  0031  3a0000                ld a, (_effect_char_attr)
    47  0034  12                    ld (de), a
    48  0035  13                    inc de
    49  0036  3a0000                ld a, (_effect_char_attr + 1)
    50  0039  12                    ld (de), a
    51                          
    52                              ; Restores bank
    53  003a  f1                    pop af
    54  003b  ed9200                nextreg REG_MMU6, a
    55                          
    56  003e  d1                    pop de
    57  003f  c9                    ret
    58                          
    59                              ; HL received the character (L) and attribute (H) to be used in the effect
    60                          _start_effect:
    61  0040  220000                ld (_effect_char_attr), hl
    62  0043  210000                ld hl, effects_length
    63  0046  220000                ld (_remaining_effect_length), hl
    64  0049  c9                    ret
    65                          
    66                          _remaining_effect_length:
    67  004a  0000                  defw 0
    68                          _effect_char_attr:
    69  004c  0000                  defw 0
    70                          
    71                          
    72                          _init_effects:
    73                          ; ifndef does not seem to work... DISABLE_EFFECTS does not seem to be defined in the assembler
    74                          #ifndef DISABLE_EFFECTS
    75                          
    76                              ; Clock frequency = CPU frequency / ( 16 * ( 1 + time constant ) )
    77  004e  2600                  ld h, 10100101b  ; No interrupt follows vector
    78                                              ; 7: Enable (1) / disable (0) interrupt
    79                                              ; 6: Counter mode (1) / timer mode (0)
    80                                              ; 5: Prescaler 256 (1) / 16 (0)
    81                                              ; 4: Edge selection: 0 = falling, 1 = rising
    82                                              ; 3: Timer trigger: 0 = automatic trigger when time constant is loaded, 1 = clk starts timer
    83                                              ; 2: Time constant: 0 = no time constant follows, 1 = time constant follows
    84                                              ; 1: Reset: 0 = continue operation / 1 = software reset
    85                                              ; 0: Vector (0) / control word (1)
    86                              ;ld l, 218      ; 217 : 8kHz = 28MHz / (16 * (1 + 218))
    87                          
    88  0050  2e00                  ld l, 50     ; 16kHz = 28MHz / (16 * (1 + 109))
    89  0052  010000                ld	bc,CTC1		; Channel 0 port
    90  0055  ed61              	out	(c),h		; Control word
    91  0057  ed69              	out	(c),l
    92                          #endif
    93  0059  c9                    ret
    94                          
    95                          
    96                          
    97                          
    98                          SECTION PAGE_98
    99                          
   100                              ORG $C000
   101                          
   102                          effects_address:
   103  0000  fe49ba4d3441904f      incbin "../assets/fade_pixel_order.bin"
              3c50104d384b9a40  
              d650d45046498e40  
              9a4a764232468a45  
              c2415e47d041ea44  
              72421c43b850584e  
              ba43344910486c51  
              4e537c47f449dc4b  
              5e49ec493e507e45  
              2e4b2e503a536642  
              a4436e4572408440  
              704fae4160515053  
              6a47784a0e502650  
              a64dfa4c94450852  
              6c4f0252e049024d  
              0052bc504c537a47  
              2046ee4e8240604c  
              7a423c4ba4526e4f  
              fc51b24314501e4b  
              304b6c402c46ea4e  
              1448a848784f7a4f  
              1641944f7a4ca243  
              f244b446824fce49  
              3841864d1a50c050  
              424e6a4004431843  
              224996488c4a1e46  
              9043e453f44ef647  
              d84b8e529c48624f  
              44491e525a4e2c4e  
              fa517c408a40be50  
              704ace445c4c824a  
              1a5330509240c253  
              de42b043804d4047  
              3044f853504ede4b  
              1c535e44aa43e04c  
              c0448c480a500041  
              bc52d853ee4cfa42  
              18535653fe4c6447  
              0a43324bde443e4e  
              8448f25110501c41  
              3644ac486e4a5a42  
              f04e704c0a485047  
              ac4b18482c4bbe4d  
              5c49d249ee448245  
              98525251684c9645  
              4453a44da8439248  
              a64bfa4952494653  
              9c4fb450f651ec4c  
              dc49144906486651  
              a04186457c459241  
              3e5348518a48124b  
              e2535a4908431c44  
              744f0050c449ac50  
              184d844fd64e6e42  
              30416840fe42a84b  
              de46fc447c4a1241  
              7c52fe4e604ad242  
              9a50f8515c4a4247  
              8a4f0a52404c9e45  
              b444ba44d047b448  
              744a7c4fb6539c4b  
              744736539252fc4f  
              1252984a9443924b  
              bc48c650be4e4a49  
              be4bf84cf2537640  
              d04e6c47ee408445  
              74405c40d6468c52  
              9243624c924a2e49  
              f240aa500a4b964b  
              b644ac4990482450  
              3053da42984f4a44  
              76451c46a250504f  
              90506c422e53f44a  
              fc4e6445da443e47  
              305180486a4d8c43  
              7643de47b652564e  
              0c4dde41aa463842  
              b44b3c530e46dc44  
              b0416a52da473e4c  
              18504844b241a44b  
              fa4534533042ec44  
              ae466a51ec4ec841  
              cc4b0e52ec51ea4c  
              4c51fa4e0243bc4b  
              7c4ce4474647fa4f  
              b248544e5049f644  
              584a5647784d7e4c  
              9452484c3650da49  
              9a45b453cc474051  
              124d6e4c52401a4e  
              0c443049f640ce47  
              3c4e7a4d2244f24e  
              dc426845a4416851  
              de51bc43e24c2e47  
              205372485e511e4e  
              32500848d44e7251  
              50428848464c7a43  
              264cf8450449f24c  
              0a415e40ca464a4c  
              a05224514e4f8a43  
              684a9e4a7a40a04d  
              d6420c4806538646  
              b0486640c642d844  
              6c485a53c251c64e  
              c24c8e45c0465a4c  
              7048cc4e1452a048  
              0e445c429e412841  
              c2503e423850d651  
              6e475045c44c6240  
              ca44904656511250  
              9e520a4eb844ea47  
              8e46724dc053f842  
              9e4ba4539e40f24f  
              2c49c451fa531c48  
              bc448e4b544ae245  
              4a407e51544c8e4a  
              cc462e4132415645  
              ce41484f24499e43  
              86409c52dc41a04b  
              5244fe4a8e4d664a  
              304e444a1e4d344c  
              ea403c442a41a249  
              9640b4523e4b9c43  
              80468650fe44c442  
              944d3a49f645c644  
              7c51fc4c004dde53  
              4c4cca41e651ca4b  
              ae4b584254452047  
              284ec84cf64f7a52  
              b244ea49f0511a41  
              864aaa532e42524e  
              8c450c4eb2468250  
              aa486e4daa4d9643  
              364e0a46c0495051  
              5e4e764a18443249  
              6a42de4c0e4d0646  
              be490c4bd84cb843  
              fe4304526248f64a  
              a0464a45084b7651  
              fa479440da4bfa40  
              20500850aa499448  
              e653f8447e523c40  
              604f105342443e51  
              78473e40584c6047  
              2e442442d2447a51  
              5c4eac4e724c964d  
              38471a488043f053  
              1a43f642884d4e42  
              1a4de0448e4f6c4c  
              3641a44e3e498e48  
              cc5198457a4a5a52  
              16439843704d4c4e  
              9246dc4a3c472c47  
              14446247bc4c944a  
              ee42d24b4e47c850  
              504c44443853da46  
              9e534044b44e9a43  
              3e4ab04d9c4d1c52  
              d0533446ac522a4c  
              8c413c4c3c513e44  
              0c53b6484c4a9650  
              02500246c4509250  
              28473a4f46458c40  
              66472a51d049c047  
              d24164408c4f584f  
              1253144dbe46c844  
              7e47fc53b8461a49  
              b853844ada51f84a  
              24446040d64b1e44  
              1852cc5010525c44  
              024b404f104bfa43  
              7851fc4d264ea043  
              ea452a42a8496c4a  
              7848e4499c40344b  
              ba489c4e644df04f  
              1e532846284bf849  
              18415a4fba466045  
              844dbc42c8470652  
              ea536048e8538843  
              da4f5c479045284c  
              78457e426442be51  
              6e40904dba42d446  
              1652664cb6436a4f  
              b8529e46a24dd64f  
              1a52804540420649  
              38466a4ade50d04b  
              e847f44f2851ba49  
              fc432c51684dc651  
              0643b24910440044  
              324e6645604d5640  
              9450d4440c43244b  
              204e984d68427647  
              cc499848d8412e46  
              0e41ae487c4b4a42  
              524c2a441e422241  
              964a64489e4df245  
              aa41c04ef64c0253  
              fc4a6e434a534e4a  
              8443884f76488a46  
              2a4b0453fc49424a  
              225086432a50a253  
              12462646a6469a48  
              e649b04ecc42844b  
              ea4f7045f2472649  
              2051d84eb6411049  
              f84720495c48f648  
              da4ed453ee45bc4d  
              54400c41b04b5040  
              1447164d3840c042  
              a0495c459c410e4e  
              96441847b84e4445  
              e4403a505840ae49  
              464e9c452044bc51  
              c04b4c477e4a6e48  
              344a74452647e442  
              9052744d36511650  
              b44df44718426e52  
              d6414a4efe475449  
              1443c247044dba50  
              1e498252aa4b6847  
              384fe040e44f224b  
              204ba244364c7a46  
              ae50e242ce51dc40  
              e2479a4172500048  
              96523a425a40be52  
              384cee530846a650  
              3c42a84da6412c4c  
              784ca0440448ee47  
              9a4b98499444d250  
              7e409c49ce50564f  
              dc4c064bec454c40  
              7e503c4644517652  
              4a470644b64ba841  
              b050344254529c50  
              1653b24c924f5e53  
              b2502c53d0462447  
              e0479a4ef6492850  
              b848325328491648  
              3a402641ea51d24e  
              c44eae44ce469646  
              bc47124390403244  
              a450fe4030468c50  
              d451884a42531e50  
              88400a4dd2531644  
              724a3a4480508845  
              0a531446e844864f  
              184b5a476c457c42  
              904e7246664d6e51  
              b443664fa2527c48  
              f840f64e5844c244  
              245392442a4e2441  
              3451a2415a516a4c  
              dc465845a04e2446  
              ac41f04246404c49  
              d4423c4930453c41  
              fc42f040324cf04c  
              60428040a248d44a  
              f4518446904a4e4e  
              cc41c24eda402844  
              d44b72450446064d  
              7a45584950529a46  
              764bce4f5044ca51  
              ba4e3e4f1846d04f  
              38452a492653ac44  
              f453fe528e49be41  
              d0445e4ae8420a49  
              1e4386528e503444  
              f24aee517a48c444  
              3a4e4242d0421c42  
              b64d1e481251ec4f  
              a643d051364b1c4e  
              f452564cd2511e4c  
              344eac46ca503445  
              c44bb64e4e49fa44  
              ca497c43b24bb052  
              764cd647b24d424c  
              e24ae84c9e4eb84c  
              4e511e47e451dc50  
              b646684354441247  
              5048224c5a437451  
              1e41b044904bce4e  
              2e4e3646e244ec53  
              9853484202484849  
              164c5248c84b1043  
              5e42364278529249  
              764d3e41124e5853  
              e84ea4487e4fc84e  
              a649c851ee485e4c  
              484e5243324a1a4b  
              4a4a744b3251304f  
              f84df049fe485451  
              aa52ca42084de64c  
              70510841de40a050  
              1c505043644c724f  
              9e486c529a498e41  
              08498a4bcc4c2642  
              9c4ac6497c4d7e41  
              dc453a4b0e4b2c45  
              7442ec47e6446e4b  
              644aae4cb0424c44  
              7040fe53e04eae4e  
              ec52ea4a90448c4d  
              d4476a45d050da53  
              5c53ee4f7843444c  
              e84a3a46144b9840  
              4e4cba4bc441d246  
              ce40f2481242ac42  
              7e430c46a4445a44  
              5442fc529253be47  
              8a501849e0517043  
              2e4c4c42e0534440  
              0e439a4f224e5447  
              4e44504a64521e51  
              0241264bf2495453  
              ec42f445c646da50  
              b44c345074439e44  
              be485a45f04d8241  
              e44c2c50564d4040  
              624512448a4a4e43  
              7841bc4e064eba52  
              e2498a44ae52ee49  
              74522853f8528c44  
              924556442a53d850  
              bc41de4f3a41d24c  
              e042ce4b6a48404e  
              164ec84640450249  
              684f52474053bc53  
              c04c3047d6490450  
              1249d441e6475443  
              0444b2523247fe51  
              46449e4f7247ac51  
              ca4e6a43c4466242  
              944ee64ee24e4847  
              9449b84b72525848  
              ee430441c453964f  
              d44c0c471c4d5851  
              52539846744c2a46  
              e8491248f24dbe53  
              ec4a3645c24bc246  
              e64290415a48464a  
              444eb049024e3649  
              464fda41004bd846  
              c44710471a46a652  
              d449cc44c6411c47  
              c041aa440c525e45  
              1a4c66438450f444  
              42519c5320417042  
              aa4ee045de4ea846  
              e6402e51804af653  
              e44e78420e482651  
              384928422253d851  
              0c51f2421451be43  
              7840ac4d5c51f652  
              9a52884982436e50  
              ae4dd842bc498852  
              be44ca530043e445  
              70470a44dc53f643  
              b046044b9641fc47  
              b251f84e40494e45  
              4845ba41f442624a  
              c64b3e4658478052  
              0c4ca8521041944b  
              4c4f084e5e488a53  
              ce53e4444a51f044  
              8a4db650ba534c45  
              4249204cd0454652  
              b841e840b253d245  
              2c415649384e104c  
              764fb84dd6443640  
              6c506251504d0847  
              ae43bc461046ce4c  
              0641a64882482246  
              ac43ae531646524a  
              48532c42b447a850  
              fc40ac53544fd849  
              da4cb449824d804f  
              164b385132424651  
              ea4d384498504642  
              004e4848fc451442  
              f443645114417448  
              2042984bde49e648  
              3c4a1a47dc4e9653  
              7243a6421c4bec40  
              9a4de845c8538648  
              7a4b06505e4d5c4d  
              26440c50a842f64d  
              8e43cc53a24b6652  
              fc48304c4447624d  
              6c415642c849d653  
              ce425c437641924d  
              a446004652421453  
              e2405c5286445e4f  
              2a45b4414e402251  
              8a52f047d2472c44  
              3a4a3a51f44ca64c  
              66485a4ab053a84e  
              9c444a4fc249c445  
              c6532c4acc45ec4d  
              664bc842ea425c4f  
              e64384522242e851  
              644f0e494442b24e  
              144eb8470447ee4a  
              60524a43ae47244e  
              9e505448564ac647  
              56525e52424f7e4d  
              444fb2429c46d64c  
              fe4f3a4cbe42f045  
              3647a64eca4c1c4c  
              944100534c4de452  
              76501649fa487e48  
              3240a246f043fa4a  
              8a41e04f084c7c50  
              384a964e70419649  
              e251fe451a44d44f  
              1851ca456c4d3447  
              8041f04ab651c44f  
              864bda4ad84a3a47  
              724bca47dc472445  
              5843184efa4dd847  
              46431c49b849c051  
              ba47de45dc514e52  
              aa4cb842d04c9841  
              0c49524f024c0e53  
              8253e64a344fa651  
              584d9446f84f5245  
              2247d4452e45e24f  
              8c4b824b844ef440  
              62439e493a45b649  
              8850c640104ec64c  
              0244ce4a4245704b  
              064c885342403040  
              6252884ea24e364f  
              f048a451c8408453  
              0e4256436043be4c  
              d64a74413c4f2a47  
              1642b64c08444a4d  
              de4ac240ac47c645  
              7e46705210512c4f  
              f44df2527e4ba844  
              0049884b68522e4a  
              a449c24244486850  
              a6530651d24a0853  
              7850624b7a41f243  
              d6458e4eaa42b442  
              c24a484064438a49  
              ca40264a6c438c46  
              e84ffe4de24de248  
              244c524d7a509453  
              484aca4f88410a42  
              004c924e5a4d8641  
              8246b04ca8538846  
              a6448c5368466450  
              044e8c4e3c458844  
              5252684862501e4f  
              ba4cd84fd6408441  
              d840c845e645b451  
              e44abe457446e64f  
              7c41a851f052824e  
              fa5256481a519a53  
              0647144ce04aa053  
              ee4d04427046f843  
              f8482e40804bd04a  
              d24f8649124c1647  
              404ada45a4425852  
              8249b64226454043  
              c84a8a4e6646ec48  
              e4480e51e2528c49  
              e043fe509a44184c  
              5e43ce451c513440  
              3e45644bb647dc48  
              6841dc4fe048c24f  
              d8452045a84c364a  
              984e90537c467050  
              f448e84d1c450a51  
              9c47784b80496c46  
              ea4824400e47b851  
              ba511a423245de43  
              ae51fa46cc40d240  
              764678461651324f  
              b2479c516a50e848  
              4052e852e052c040  
              8e443e4d304a9844  
              e443ea43cc4a0047  
              9e472a4f1a4fde48  
              7241d440c84f424d  
              ec434843fa410c42  
              0a4c6c4b48523a43  
              74506a462e4f9049  
              184f6446264f544d  
              4e48e6520a474648  
              084284441042a44c  
              1e408053b047444d  
              4e4d4c482240284f  
              484dee526a41de4d  
              2c408653aa51ba45  
              44524c52d8484048  
              ea52184a9842464d  
              1a4a164ab0512a40  
              7644b64a1c4f804e  
              be400e4c0051fc41  
              764e7653f64baa47  
              8e532040f6414248  
              d0407e49cc4f2a4a  
              7e53da48fc466e46  
              6e415c4ba042e243  
              de5206421e45ae42  
              e843a047c64a4a48  
              fa4b624694515641  
              a447fc4bc64f0242  
              1c40bc45ac4c6650  
              4c436046d448a847  
              78493452ca4a224a  
              7e444a52bc4f3852  
              ba4f6a4b3e52c045  
              da4d3c48e44dd84d  
              2245d4523a52584b  
              fe417649a24c8449  
              3a48244a42439e51  
              664142525e50a647  
              98515c412840c245  
              44433e43f24b1a40  
              0851b6406241864e  
              26406441b44ad643  
              3e48d6523c43ba40  
              1840124af241284a  
              224fc04ab24f7a4e  
              7449684b5c50e64d  
              28457a490247d852  
              044cc44a6050b845  
              9c4cba4aa2475841  
              a0517a441640b240  
              94475446bc4af841  
              d64d0251fa506041  
              244fbe4a9a4c3c4d  
              9e4cc440b645f850  
              00423652404d5c46  
              3043544b56467c53  
              58460451524b5450  
              92423a4d9247da52  
              da433243724ea04c  
              f0507c49d44d604b  
              b040a2511645204a  
              e04d1845c04f3c52  
              d248a242dc43fe4b  
              8244124f7c4e5e41  
              dc527e4e9047784e  
              144aae4f164f1440  
              3048f650d0437853  
              204f9651f44b5e4b  
              fe46fc509a421c4a  
              80440e4038487253  
              5441dc4d984c3443  
              1a459a471e4a9642  
              7c445e469a511445  
              5650f250be4f3843  
              5a4b5250b04f9e42  
              b4407453564bac4f  
              2c526c4eb84af446  
              7a534c417244f04b  
              ae455a50f84b9c42  
              f441bc409442b44f  
              3252d048b445ae4a  
              ce52304d104a2c43  
              5a4174445246f846  
              6e53ce438c4cd648  
              5a46f450ec419647  
              7844724992513052  
              d4432e4d4a46b64f  
              ea4bce482a4dd24d  
              6e445850f0460c45  
              12458e42344d6e4e  
              2e43ee46904cd252  
              4a41384db8405241  
              964c98475041b84f  
              2a48944c4a50f646  
              d84336431040f246  
              a84f8c47704ed04d  
              0a4a36486e49a84a  
              2e52b245e84b144f  
              364d70530c4f3448  
              1045924cec50744e  
              ee418e479042ec4b  
              ea50ca48084f7049  
              12404e50b24ad052  
              0e45cc4d4846a845  
              2852104fac458c51  
              50508e51324dc64d  
              ce4d26523248c843  
              6a53b0454850c84d  
              70444c460c40d243  
              8651c6436c444e4b  
              ca4d504be6415046  
              e650cc434c4bf041  
              4e462c486c49e841  
              8e4cb04a86426849  
              8842ea46cc526a49  
              064a2e48684e4841  
              ee4b90514650ac40  
              c848ca436a4eea41  
              6a440e4fc448e846  
              ec460e4a84424c50  
              8c42464608454e41  
              6c53ae40ee500a40  
              02402448484b8647  
              8447c44368446453  
              a24f26430640824c  
              0a4f8a47ac4a8a4c  
              cc48664484514a4b  
              2c4dc45222488851  
              084aa24a6653864c  
              0c4a044f8a420840  
              aa4f2452444b8a51  
              064f8242c2520a45  
              62536444aa45aa4a  
              204d224daa402a43  
              20482a52284dc648  
              ca52c85260532043  
              e44626486249a840  
              004004408251e250  
              a640664e8047a245  
              464be64b42468247  
              6044284888476853  
              424b2843a440264d  
              445024432052a44a  
              e850804c4241c04d  
              6649024ac248a240  
              884ca64fc652644e  
              244d004f844ca04a  
              6449a64ae450a04f  
              4641c04804456244  
              e04b8051e0504046  
              a040a64506454250  
              044ae646e441c243  
              a4454441e44b024f  
              c44d6049e046e241  
              4041a045a44f2252  
              4446c04380424050  
              604e624ee246e24b  
              c24d02452243004a  
              e0410045404bc052  
   104                          defc effects_length = $ - effects_address
   105                          
   106                          
