/tmp/tmp82yZQ4xa.asm:
     1                          MODULE gfx_c
     2                          LINE 0, "gfx.c"
gfx.c:
                                
     1                          ;--------------------------------------------------------
     2                          ; File Created by SDCC : free open source ISO C Compiler
     3                          ; Version 4.3.0 #14210 (Mac OS X ppc)
     4                          ;--------------------------------------------------------
     5                          	.zxn
     6                          ; Processed by Z88DK
     7                          ;--------------------------------------------------------
     8                          
     9                          	EXTERN __divschar
    10                          	EXTERN __divschar_callee
    11                          	EXTERN __divsint
    12                          	EXTERN __divsint_callee
    13                          	EXTERN __divslong
    14                          	EXTERN __divslong_callee
    15                          	EXTERN __divslonglong
    16                          	EXTERN __divslonglong_callee
    17                          	EXTERN __divsuchar
    18                          	EXTERN __divsuchar_callee
    19                          	EXTERN __divuchar
    20                          	EXTERN __divuchar_callee
    21                          	EXTERN __divuint
    22                          	EXTERN __divuint_callee
    23                          	EXTERN __divulong
    24                          	EXTERN __divulong_callee
    25                          	EXTERN __divulonglong
    26                          	EXTERN __divulonglong_callee
    27                          	EXTERN __divuschar
    28                          	EXTERN __divuschar_callee
    29                          	EXTERN __modschar
    30                          	EXTERN __modschar_callee
    31                          	EXTERN __modsint
    32                          	EXTERN __modsint_callee
    33                          	EXTERN __modslong
    34                          	EXTERN __modslong_callee
    35                          	EXTERN __modslonglong
    36                          	EXTERN __modslonglong_callee
    37                          	EXTERN __modsuchar
    38                          	EXTERN __modsuchar_callee
    39                          	EXTERN __moduchar
    40                          	EXTERN __moduchar_callee
    41                          	EXTERN __moduint
    42                          	EXTERN __moduint_callee
    43                          	EXTERN __modulong
    44                          	EXTERN __modulong_callee
    45                          	EXTERN __modulonglong
    46                          	EXTERN __modulonglong_callee
    47                          	EXTERN __moduschar
    48                          	EXTERN __moduschar_callee
    49                          	EXTERN __mulint
    50                          	EXTERN __mulint_callee
    51                          	EXTERN __mullong
    52                          	EXTERN __mullong_callee
    53                          	EXTERN __mullonglong
    54                          	EXTERN __mullonglong_callee
    55                          	EXTERN __mulschar
    56                          	EXTERN __mulschar_callee
    57                          	EXTERN __mulsuchar
    58                          	EXTERN __mulsuchar_callee
    59                          	EXTERN __muluchar
    60                          	EXTERN __muluchar_callee
    61                          	EXTERN __muluschar
    62                          	EXTERN __muluschar_callee
    63                          	EXTERN __rlslonglong
    64                          	EXTERN __rlslonglong_callee
    65                          	EXTERN __rlulonglong
    66                          	EXTERN __rlulonglong_callee
    67                          	EXTERN __rrslonglong
    68                          	EXTERN __rrslonglong_callee
    69                          	EXTERN __rrulonglong
    70                          	EXTERN __rrulonglong_callee
    71                          	EXTERN ___mulsint2slong
    72                          	EXTERN ___mulsint2slong_callee
    73                          	EXTERN ___muluint2ulong
    74                          	EXTERN ___muluint2ulong_callee
    75                          	EXTERN ___sdcc_call_hl
    76                          	EXTERN ___sdcc_call_iy
    77                          	EXTERN ___sdcc_enter_ix
    78                          	EXTERN banked_call
    79                          	EXTERN _banked_ret
    80                          	EXTERN ___fs2schar
    81                          	EXTERN ___fs2schar_callee
    82                          	EXTERN ___fs2sint
    83                          	EXTERN ___fs2sint_callee
    84                          	EXTERN ___fs2slong
    85                          	EXTERN ___fs2slong_callee
    86                          	EXTERN ___fs2slonglong
    87                          	EXTERN ___fs2slonglong_callee
    88                          	EXTERN ___fs2uchar
    89                          	EXTERN ___fs2uchar_callee
    90                          	EXTERN ___fs2uint
    91                          	EXTERN ___fs2uint_callee
    92                          	EXTERN ___fs2ulong
    93                          	EXTERN ___fs2ulong_callee
    94                          	EXTERN ___fs2ulonglong
    95                          	EXTERN ___fs2ulonglong_callee
    96                          	EXTERN ___fsadd
    97                          	EXTERN ___fsadd_callee
    98                          	EXTERN ___fsdiv
    99                          	EXTERN ___fsdiv_callee
   100                          	EXTERN ___fseq
   101                          	EXTERN ___fseq_callee
   102                          	EXTERN ___fsgt
   103                          	EXTERN ___fsgt_callee
   104                          	EXTERN ___fslt
   105                          	EXTERN ___fslt_callee
   106                          	EXTERN ___fsmul
   107                          	EXTERN ___fsmul_callee
   108                          	EXTERN ___fsneq
   109                          	EXTERN ___fsneq_callee
   110                          	EXTERN ___fssub
   111                          	EXTERN ___fssub_callee
   112                          	EXTERN ___schar2fs
   113                          	EXTERN ___schar2fs_callee
   114                          	EXTERN ___sint2fs
   115                          	EXTERN ___sint2fs_callee
   116                          	EXTERN ___slong2fs
   117                          	EXTERN ___slong2fs_callee
   118                          	EXTERN ___slonglong2fs
   119                          	EXTERN ___slonglong2fs_callee
   120                          	EXTERN ___uchar2fs
   121                          	EXTERN ___uchar2fs_callee
   122                          	EXTERN ___uint2fs
   123                          	EXTERN ___uint2fs_callee
   124                          	EXTERN ___ulong2fs
   125                          	EXTERN ___ulong2fs_callee
   126                          	EXTERN ___ulonglong2fs
   127                          	EXTERN ___ulonglong2fs_callee
   128                          	EXTERN ____sdcc_2_copy_src_mhl_dst_deix
   129                          	EXTERN ____sdcc_2_copy_src_mhl_dst_bcix
   130                          	EXTERN ____sdcc_4_copy_src_mhl_dst_deix
   131                          	EXTERN ____sdcc_4_copy_src_mhl_dst_bcix
   132                          	EXTERN ____sdcc_4_copy_src_mhl_dst_mbc
   133                          	EXTERN ____sdcc_4_ldi_nosave_bc
   134                          	EXTERN ____sdcc_4_ldi_save_bc
   135                          	EXTERN ____sdcc_4_push_hlix
   136                          	EXTERN ____sdcc_4_push_mhl
   137                          	EXTERN ____sdcc_lib_setmem_hl
   138                          	EXTERN ____sdcc_ll_add_de_bc_hl
   139                          	EXTERN ____sdcc_ll_add_de_bc_hlix
   140                          	EXTERN ____sdcc_ll_add_de_hlix_bc
   141                          	EXTERN ____sdcc_ll_add_de_hlix_bcix
   142                          	EXTERN ____sdcc_ll_add_deix_bc_hl
   143                          	EXTERN ____sdcc_ll_add_deix_hlix
   144                          	EXTERN ____sdcc_ll_add_hlix_bc_deix
   145                          	EXTERN ____sdcc_ll_add_hlix_deix_bc
   146                          	EXTERN ____sdcc_ll_add_hlix_deix_bcix
   147                          	EXTERN ____sdcc_ll_asr_hlix_a
   148                          	EXTERN ____sdcc_ll_asr_mbc_a
   149                          	EXTERN ____sdcc_ll_copy_src_de_dst_hlix
   150                          	EXTERN ____sdcc_ll_copy_src_de_dst_hlsp
   151                          	EXTERN ____sdcc_ll_copy_src_deix_dst_hl
   152                          	EXTERN ____sdcc_ll_copy_src_deix_dst_hlix
   153                          	EXTERN ____sdcc_ll_copy_src_deixm_dst_hlsp
   154                          	EXTERN ____sdcc_ll_copy_src_desp_dst_hlsp
   155                          	EXTERN ____sdcc_ll_copy_src_hl_dst_de
   156                          	EXTERN ____sdcc_ll_copy_src_hlsp_dst_de
   157                          	EXTERN ____sdcc_ll_copy_src_hlsp_dst_deixm
   158                          	EXTERN ____sdcc_ll_lsl_hlix_a
   159                          	EXTERN ____sdcc_ll_lsl_mbc_a
   160                          	EXTERN ____sdcc_ll_lsr_hlix_a
   161                          	EXTERN ____sdcc_ll_lsr_mbc_a
   162                          	EXTERN ____sdcc_ll_push_hlix
   163                          	EXTERN ____sdcc_ll_push_mhl
   164                          	EXTERN ____sdcc_ll_sub_de_bc_hl
   165                          	EXTERN ____sdcc_ll_sub_de_bc_hlix
   166                          	EXTERN ____sdcc_ll_sub_de_hlix_bc
   167                          	EXTERN ____sdcc_ll_sub_de_hlix_bcix
   168                          	EXTERN ____sdcc_ll_sub_deix_bc_hl
   169                          	EXTERN ____sdcc_ll_sub_deix_hlix
   170                          	EXTERN ____sdcc_ll_sub_hlix_bc_deix
   171                          	EXTERN ____sdcc_ll_sub_hlix_deix_bc
   172                          	EXTERN ____sdcc_ll_sub_hlix_deix_bcix
   173                          	EXTERN ____sdcc_load_debc_deix
   174                          	EXTERN ____sdcc_load_dehl_deix
   175                          	EXTERN ____sdcc_load_debc_mhl
   176                          	EXTERN ____sdcc_load_hlde_mhl
   177                          	EXTERN ____sdcc_store_dehl_bcix
   178                          	EXTERN ____sdcc_store_debc_hlix
   179                          	EXTERN ____sdcc_store_debc_mhl
   180                          	EXTERN ____sdcc_cpu_pop_ei
   181                          	EXTERN ____sdcc_cpu_pop_ei_jp
   182                          	EXTERN ____sdcc_cpu_push_di
   183                          	EXTERN ____sdcc_outi
   184                          	EXTERN ____sdcc_outi_128
   185                          	EXTERN ____sdcc_outi_256
   186                          	EXTERN ____sdcc_ldi
   187                          	EXTERN ____sdcc_ldi_128
   188                          	EXTERN ____sdcc_ldi_256
   189                          	EXTERN ____sdcc_4_copy_srcd_hlix_dst_deix
   190                          	EXTERN ____sdcc_4_and_src_mbc_mhl_dst_deix
   191                          	EXTERN ____sdcc_4_or_src_mbc_mhl_dst_deix
   192                          	EXTERN ____sdcc_4_xor_src_mbc_mhl_dst_deix
   193                          	EXTERN ____sdcc_4_or_src_dehl_dst_bcix
   194                          	EXTERN ____sdcc_4_xor_src_dehl_dst_bcix
   195                          	EXTERN ____sdcc_4_and_src_dehl_dst_bcix
   196                          	EXTERN ____sdcc_4_xor_src_mbc_mhl_dst_debc
   197                          	EXTERN ____sdcc_4_or_src_mbc_mhl_dst_debc
   198                          	EXTERN ____sdcc_4_and_src_mbc_mhl_dst_debc
   199                          	EXTERN ____sdcc_4_cpl_src_mhl_dst_debc
   200                          	EXTERN ____sdcc_4_xor_src_debc_mhl_dst_debc
   201                          	EXTERN ____sdcc_4_or_src_debc_mhl_dst_debc
   202                          	EXTERN ____sdcc_4_and_src_debc_mhl_dst_debc
   203                          	EXTERN ____sdcc_4_and_src_debc_hlix_dst_debc
   204                          	EXTERN ____sdcc_4_or_src_debc_hlix_dst_debc
   205                          	EXTERN ____sdcc_4_xor_src_debc_hlix_dst_debc
   206                          
   207                          ;--------------------------------------------------------
   208                          ; Public variables in this module
   209                          ;--------------------------------------------------------
   210                          	GLOBAL _init_hardware
   211                          	GLOBAL _init_layer2
   212                          	GLOBAL _video_timing
   213                          	GLOBAL _set_sprites_visibility
   214                          ;--------------------------------------------------------
   215                          ; Externals used
   216                          ;--------------------------------------------------------
   217                          	GLOBAL _clear_tilemap
   218                          	GLOBAL _select_tilemap
   219                          	GLOBAL _ffsll_callee
   220                          	GLOBAL _ffsll
   221                          	GLOBAL _strxfrm_callee
   222                          	GLOBAL _strxfrm
   223                          	GLOBAL _strupr_fastcall
   224                          	GLOBAL _strupr
   225                          	GLOBAL _strtok_r_callee
   226                          	GLOBAL _strtok_r
   227                          	GLOBAL _strtok_callee
   228                          	GLOBAL _strtok
   229                          	GLOBAL _strstrip_fastcall
   230                          	GLOBAL _strstrip
   231                          	GLOBAL _strstr_callee
   232                          	GLOBAL _strstr
   233                          	GLOBAL _strspn_callee
   234                          	GLOBAL _strspn
   235                          	GLOBAL _strsep_callee
   236                          	GLOBAL _strsep
   237                          	GLOBAL _strrstrip_fastcall
   238                          	GLOBAL _strrstrip
   239                          	GLOBAL _strrstr_callee
   240                          	GLOBAL _strrstr
   241                          	GLOBAL _strrspn_callee
   242                          	GLOBAL _strrspn
   243                          	GLOBAL _strrev_fastcall
   244                          	GLOBAL _strrev
   245                          	GLOBAL _strrcspn_callee
   246                          	GLOBAL _strrcspn
   247                          	GLOBAL _strrchr_callee
   248                          	GLOBAL _strrchr
   249                          	GLOBAL _strpbrk_callee
   250                          	GLOBAL _strpbrk
   251                          	GLOBAL _strnlen_callee
   252                          	GLOBAL _strnlen
   253                          	GLOBAL _strnicmp_callee
   254                          	GLOBAL _strnicmp
   255                          	GLOBAL _strndup_callee
   256                          	GLOBAL _strndup
   257                          	GLOBAL _strncpy_callee
   258                          	GLOBAL _strncpy
   259                          	GLOBAL _strncmp_callee
   260                          	GLOBAL _strncmp
   261                          	GLOBAL _strnchr_callee
   262                          	GLOBAL _strnchr
   263                          	GLOBAL _strncat_callee
   264                          	GLOBAL _strncat
   265                          	GLOBAL _strncasecmp_callee
   266                          	GLOBAL _strncasecmp
   267                          	GLOBAL _strlwr_fastcall
   268                          	GLOBAL _strlwr
   269                          	GLOBAL _strlen_fastcall
   270                          	GLOBAL _strlen
   271                          	GLOBAL _strlcpy_callee
   272                          	GLOBAL _strlcpy
   273                          	GLOBAL _strlcat_callee
   274                          	GLOBAL _strlcat
   275                          	GLOBAL _stricmp_callee
   276                          	GLOBAL _stricmp
   277                          	GLOBAL _strerror_fastcall
   278                          	GLOBAL _strerror
   279                          	GLOBAL _strdup_fastcall
   280                          	GLOBAL _strdup
   281                          	GLOBAL _strcspn_callee
   282                          	GLOBAL _strcspn
   283                          	GLOBAL _strcpy_callee
   284                          	GLOBAL _strcpy
   285                          	GLOBAL _strcoll_callee
   286                          	GLOBAL _strcoll
   287                          	GLOBAL _strcmp_callee
   288                          	GLOBAL _strcmp
   289                          	GLOBAL _strchrnul_callee
   290                          	GLOBAL _strchrnul
   291                          	GLOBAL _strchr_callee
   292                          	GLOBAL _strchr
   293                          	GLOBAL _strcat_callee
   294                          	GLOBAL _strcat
   295                          	GLOBAL _strcasecmp_callee
   296                          	GLOBAL _strcasecmp
   297                          	GLOBAL _stpncpy_callee
   298                          	GLOBAL _stpncpy
   299                          	GLOBAL _stpcpy_callee
   300                          	GLOBAL _stpcpy
   301                          	GLOBAL _memswap_callee
   302                          	GLOBAL _memswap
   303                          	GLOBAL _memset_wr_callee
   304                          	GLOBAL _memset_wr
   305                          	GLOBAL _memset_callee
   306                          	GLOBAL _memset
   307                          	GLOBAL _memrchr_callee
   308                          	GLOBAL _memrchr
   309                          	GLOBAL _memmove_callee
   310                          	GLOBAL _memmove
   311                          	GLOBAL _memmem_callee
   312                          	GLOBAL _memmem
   313                          	GLOBAL _memcpy_callee
   314                          	GLOBAL _memcpy
   315                          	GLOBAL _memcmp_callee
   316                          	GLOBAL _memcmp
   317                          	GLOBAL _memchr_callee
   318                          	GLOBAL _memchr
   319                          	GLOBAL _memccpy_callee
   320                          	GLOBAL _memccpy
   321                          	GLOBAL _ffsl_fastcall
   322                          	GLOBAL _ffsl
   323                          	GLOBAL _ffs_fastcall
   324                          	GLOBAL _ffs
   325                          	GLOBAL __strrstrip__fastcall
   326                          	GLOBAL __strrstrip_
   327                          	GLOBAL __memupr__callee
   328                          	GLOBAL __memupr_
   329                          	GLOBAL __memstrcpy__callee
   330                          	GLOBAL __memstrcpy_
   331                          	GLOBAL __memlwr__callee
   332                          	GLOBAL __memlwr_
   333                          	GLOBAL _rawmemchr_callee
   334                          	GLOBAL _rawmemchr
   335                          	GLOBAL _strnset_callee
   336                          	GLOBAL _strnset
   337                          	GLOBAL _strset_callee
   338                          	GLOBAL _strset
   339                          	GLOBAL _rindex_callee
   340                          	GLOBAL _rindex
   341                          	GLOBAL _index_callee
   342                          	GLOBAL _index
   343                          	GLOBAL _bzero_callee
   344                          	GLOBAL _bzero
   345                          	GLOBAL _bcopy_callee
   346                          	GLOBAL _bcopy
   347                          	GLOBAL _bcmp_callee
   348                          	GLOBAL _bcmp
   349                          	GLOBAL _clip_sprites_window
   350                          	GLOBAL _setup_relative_sprite
   351                          	GLOBAL _setup_unified_sprite
   352                          	GLOBAL _set_sprite_index
   353                          	GLOBAL _set_tilemap_offset
   354                          	GLOBAL _clip_tilemap_window
   355                          	GLOBAL _set_layer2_offset
   356                          	GLOBAL _clip_layer2_window
   357                          	GLOBAL _ZXN_NEXTREG_UPDATE
   358                          	GLOBAL _zx_pattern_fill_callee
   359                          	GLOBAL _zx_pattern_fill
   360                          	GLOBAL _tshr_saddrpup_fastcall
   361                          	GLOBAL _tshr_saddrpup
   362                          	GLOBAL _tshr_saddrpright_callee
   363                          	GLOBAL _tshr_saddrpright
   364                          	GLOBAL _tshr_saddrpleft_callee
   365                          	GLOBAL _tshr_saddrpleft
   366                          	GLOBAL _tshr_saddrpdown_fastcall
   367                          	GLOBAL _tshr_saddrpdown
   368                          	GLOBAL _tshr_saddrcup_fastcall
   369                          	GLOBAL _tshr_saddrcup
   370                          	GLOBAL _tshr_saddrcright_fastcall
   371                          	GLOBAL _tshr_saddrcright
   372                          	GLOBAL _tshr_saddrcleft_fastcall
   373                          	GLOBAL _tshr_saddrcleft
   374                          	GLOBAL _tshr_saddrcdown_fastcall
   375                          	GLOBAL _tshr_saddrcdown
   376                          	GLOBAL _tshr_saddr2py_fastcall
   377                          	GLOBAL _tshr_saddr2py
   378                          	GLOBAL _tshr_saddr2px_fastcall
   379                          	GLOBAL _tshr_saddr2px
   380                          	GLOBAL _tshr_saddr2cy_fastcall
   381                          	GLOBAL _tshr_saddr2cy
   382                          	GLOBAL _tshr_saddr2cx_fastcall
   383                          	GLOBAL _tshr_saddr2cx
   384                          	GLOBAL _tshr_py2saddr_fastcall
   385                          	GLOBAL _tshr_py2saddr
   386                          	GLOBAL _tshr_pxy2saddr_callee
   387                          	GLOBAL _tshr_pxy2saddr
   388                          	GLOBAL _tshr_px2bitmask_fastcall
   389                          	GLOBAL _tshr_px2bitmask
   390                          	GLOBAL _tshr_cy2saddr_fastcall
   391                          	GLOBAL _tshr_cy2saddr
   392                          	GLOBAL _tshr_cxy2saddr_callee
   393                          	GLOBAL _tshr_cxy2saddr
   394                          	GLOBAL _tshr_bitmask2px_fastcall
   395                          	GLOBAL _tshr_bitmask2px
   396                          	GLOBAL _tshc_saddrpup_fastcall
   397                          	GLOBAL _tshc_saddrpup
   398                          	GLOBAL _tshc_saddrpright_callee
   399                          	GLOBAL _tshc_saddrpright
   400                          	GLOBAL _tshc_saddrpleft_callee
   401                          	GLOBAL _tshc_saddrpleft
   402                          	GLOBAL _tshc_saddrpdown_fastcall
   403                          	GLOBAL _tshc_saddrpdown
   404                          	GLOBAL _tshc_saddrcup_fastcall
   405                          	GLOBAL _tshc_saddrcup
   406                          	GLOBAL _tshc_saddrcright_fastcall
   407                          	GLOBAL _tshc_saddrcright
   408                          	GLOBAL _tshc_saddrcleft_fastcall
   409                          	GLOBAL _tshc_saddrcleft
   410                          	GLOBAL _tshc_saddrcdown_fastcall
   411                          	GLOBAL _tshc_saddrcdown
   412                          	GLOBAL _tshc_saddr2py_fastcall
   413                          	GLOBAL _tshc_saddr2py
   414                          	GLOBAL _tshc_saddr2px_fastcall
   415                          	GLOBAL _tshc_saddr2px
   416                          	GLOBAL _tshc_saddr2cy_fastcall
   417                          	GLOBAL _tshc_saddr2cy
   418                          	GLOBAL _tshc_saddr2cx_fastcall
   419                          	GLOBAL _tshc_saddr2cx
   420                          	GLOBAL _tshc_saddr2aaddr_fastcall
   421                          	GLOBAL _tshc_saddr2aaddr
   422                          	GLOBAL _tshc_py2saddr_fastcall
   423                          	GLOBAL _tshc_py2saddr
   424                          	GLOBAL _tshc_py2aaddr_fastcall
   425                          	GLOBAL _tshc_py2aaddr
   426                          	GLOBAL _tshc_pxy2saddr_callee
   427                          	GLOBAL _tshc_pxy2saddr
   428                          	GLOBAL _tshc_pxy2aaddr_callee
   429                          	GLOBAL _tshc_pxy2aaddr
   430                          	GLOBAL _tshc_px2bitmask_fastcall
   431                          	GLOBAL _tshc_px2bitmask
   432                          	GLOBAL _tshc_cy2saddr_fastcall
   433                          	GLOBAL _tshc_cy2saddr
   434                          	GLOBAL _tshc_cy2aaddr_fastcall
   435                          	GLOBAL _tshc_cy2aaddr
   436                          	GLOBAL _tshc_cxy2saddr_callee
   437                          	GLOBAL _tshc_cxy2saddr
   438                          	GLOBAL _tshc_cxy2aaddr_callee
   439                          	GLOBAL _tshc_cxy2aaddr
   440                          	GLOBAL _tshc_bitmask2px_fastcall
   441                          	GLOBAL _tshc_bitmask2px
   442                          	GLOBAL _tshc_aaddrpup_fastcall
   443                          	GLOBAL _tshc_aaddrpup
   444                          	GLOBAL _tshc_aaddrpright_callee
   445                          	GLOBAL _tshc_aaddrpright
   446                          	GLOBAL _tshc_aaddrpleft_callee
   447                          	GLOBAL _tshc_aaddrpleft
   448                          	GLOBAL _tshc_aaddrpdown_fastcall
   449                          	GLOBAL _tshc_aaddrpdown
   450                          	GLOBAL _tshc_aaddrcup_fastcall
   451                          	GLOBAL _tshc_aaddrcup
   452                          	GLOBAL _tshc_aaddrcright_fastcall
   453                          	GLOBAL _tshc_aaddrcright
   454                          	GLOBAL _tshc_aaddrcleft_fastcall
   455                          	GLOBAL _tshc_aaddrcleft
   456                          	GLOBAL _tshc_aaddrcdown_fastcall
   457                          	GLOBAL _tshc_aaddrcdown
   458                          	GLOBAL _tshc_aaddr2saddr_fastcall
   459                          	GLOBAL _tshc_aaddr2saddr
   460                          	GLOBAL _tshc_aaddr2py_fastcall
   461                          	GLOBAL _tshc_aaddr2py
   462                          	GLOBAL _tshc_aaddr2px_fastcall
   463                          	GLOBAL _tshc_aaddr2px
   464                          	GLOBAL _tshc_aaddr2cy_fastcall
   465                          	GLOBAL _tshc_aaddr2cy
   466                          	GLOBAL _tshc_aaddr2cx_fastcall
   467                          	GLOBAL _tshc_aaddr2cx
   468                          	GLOBAL _zx_saddrpup_fastcall
   469                          	GLOBAL _zx_saddrpup
   470                          	GLOBAL _zx_saddrpright_callee
   471                          	GLOBAL _zx_saddrpright
   472                          	GLOBAL _zx_saddrpleft_callee
   473                          	GLOBAL _zx_saddrpleft
   474                          	GLOBAL _zx_saddrpdown_fastcall
   475                          	GLOBAL _zx_saddrpdown
   476                          	GLOBAL _zx_saddrcup_fastcall
   477                          	GLOBAL _zx_saddrcup
   478                          	GLOBAL _zx_saddrcright_fastcall
   479                          	GLOBAL _zx_saddrcright
   480                          	GLOBAL _zx_saddrcleft_fastcall
   481                          	GLOBAL _zx_saddrcleft
   482                          	GLOBAL _zx_saddrcdown_fastcall
   483                          	GLOBAL _zx_saddrcdown
   484                          	GLOBAL _zx_saddr2py_fastcall
   485                          	GLOBAL _zx_saddr2py
   486                          	GLOBAL _zx_saddr2px_fastcall
   487                          	GLOBAL _zx_saddr2px
   488                          	GLOBAL _zx_saddr2cy_fastcall
   489                          	GLOBAL _zx_saddr2cy
   490                          	GLOBAL _zx_saddr2cx_fastcall
   491                          	GLOBAL _zx_saddr2cx
   492                          	GLOBAL _zx_saddr2aaddr_fastcall
   493                          	GLOBAL _zx_saddr2aaddr
   494                          	GLOBAL _zx_py2saddr_fastcall
   495                          	GLOBAL _zx_py2saddr
   496                          	GLOBAL _zx_py2aaddr_fastcall
   497                          	GLOBAL _zx_py2aaddr
   498                          	GLOBAL _zx_pxy2saddr_callee
   499                          	GLOBAL _zx_pxy2saddr
   500                          	GLOBAL _zx_pxy2aaddr_callee
   501                          	GLOBAL _zx_pxy2aaddr
   502                          	GLOBAL _zx_px2bitmask_fastcall
   503                          	GLOBAL _zx_px2bitmask
   504                          	GLOBAL _zx_cy2saddr_fastcall
   505                          	GLOBAL _zx_cy2saddr
   506                          	GLOBAL _zx_cy2aaddr_fastcall
   507                          	GLOBAL _zx_cy2aaddr
   508                          	GLOBAL _zx_cxy2saddr_callee
   509                          	GLOBAL _zx_cxy2saddr
   510                          	GLOBAL _zx_cxy2aaddr_callee
   511                          	GLOBAL _zx_cxy2aaddr
   512                          	GLOBAL _zx_bitmask2px_fastcall
   513                          	GLOBAL _zx_bitmask2px
   514                          	GLOBAL _zx_aaddrcup_fastcall
   515                          	GLOBAL _zx_aaddrcup
   516                          	GLOBAL _zx_aaddrcright_fastcall
   517                          	GLOBAL _zx_aaddrcright
   518                          	GLOBAL _zx_aaddrcleft_fastcall
   519                          	GLOBAL _zx_aaddrcleft
   520                          	GLOBAL _zx_aaddrcdown_fastcall
   521                          	GLOBAL _zx_aaddrcdown
   522                          	GLOBAL _zx_aaddr2saddr_fastcall
   523                          	GLOBAL _zx_aaddr2saddr
   524                          	GLOBAL _zx_aaddr2py_fastcall
   525                          	GLOBAL _zx_aaddr2py
   526                          	GLOBAL _zx_aaddr2px_fastcall
   527                          	GLOBAL _zx_aaddr2px
   528                          	GLOBAL _zx_aaddr2cy_fastcall
   529                          	GLOBAL _zx_aaddr2cy
   530                          	GLOBAL _zx_aaddr2cx_fastcall
   531                          	GLOBAL _zx_aaddr2cx
   532                          	GLOBAL _tshr_visit_wc_pix_callee
   533                          	GLOBAL _tshr_visit_wc_pix
   534                          	GLOBAL _tshr_scroll_wc_up_pix_callee
   535                          	GLOBAL _tshr_scroll_wc_up_pix
   536                          	GLOBAL _tshr_scroll_up_pix_callee
   537                          	GLOBAL _tshr_scroll_up_pix
   538                          	GLOBAL _tshr_scroll_up_callee
   539                          	GLOBAL _tshr_scroll_up
   540                          	GLOBAL _tshr_cls_wc_pix_callee
   541                          	GLOBAL _tshr_cls_wc_pix
   542                          	GLOBAL _tshr_cls_pix_fastcall
   543                          	GLOBAL _tshr_cls_pix
   544                          	GLOBAL _tshr_cls_attr_fastcall
   545                          	GLOBAL _tshr_cls_attr
   546                          	GLOBAL _tshr_cls_fastcall
   547                          	GLOBAL _tshr_cls
   548                          	GLOBAL _tshc_visit_wc_pix_callee
   549                          	GLOBAL _tshc_visit_wc_pix
   550                          	GLOBAL _tshc_visit_wc_attr_callee
   551                          	GLOBAL _tshc_visit_wc_attr
   552                          	GLOBAL _tshc_scroll_wc_up_pix_callee
   553                          	GLOBAL _tshc_scroll_wc_up_pix
   554                          	GLOBAL _tshc_scroll_wc_up_attr_callee
   555                          	GLOBAL _tshc_scroll_wc_up_attr
   556                          	GLOBAL _tshc_scroll_wc_up_callee
   557                          	GLOBAL _tshc_scroll_wc_up
   558                          	GLOBAL _tshc_scroll_up_pix_callee
   559                          	GLOBAL _tshc_scroll_up_pix
   560                          	GLOBAL _tshc_scroll_up_attr_callee
   561                          	GLOBAL _tshc_scroll_up_attr
   562                          	GLOBAL _tshc_scroll_up_callee
   563                          	GLOBAL _tshc_scroll_up
   564                          	GLOBAL _tshc_cls_wc_pix_callee
   565                          	GLOBAL _tshc_cls_wc_pix
   566                          	GLOBAL _tshc_cls_wc_attr_callee
   567                          	GLOBAL _tshc_cls_wc_attr
   568                          	GLOBAL _tshc_cls_wc_callee
   569                          	GLOBAL _tshc_cls_wc
   570                          	GLOBAL _tshc_cls_pix_fastcall
   571                          	GLOBAL _tshc_cls_pix
   572                          	GLOBAL _tshc_cls_attr_fastcall
   573                          	GLOBAL _tshc_cls_attr
   574                          	GLOBAL _tshc_cls_fastcall
   575                          	GLOBAL _tshc_cls
   576                          	GLOBAL _zx_visit_wc_pix_callee
   577                          	GLOBAL _zx_visit_wc_pix
   578                          	GLOBAL _zx_visit_wc_attr_callee
   579                          	GLOBAL _zx_visit_wc_attr
   580                          	GLOBAL _zx_scroll_wc_up_pix_callee
   581                          	GLOBAL _zx_scroll_wc_up_pix
   582                          	GLOBAL _zx_scroll_wc_up_attr_callee
   583                          	GLOBAL _zx_scroll_wc_up_attr
   584                          	GLOBAL _zx_scroll_wc_up_callee
   585                          	GLOBAL _zx_scroll_wc_up
   586                          	GLOBAL _zx_scroll_up_pix_callee
   587                          	GLOBAL _zx_scroll_up_pix
   588                          	GLOBAL _zx_scroll_up_attr_callee
   589                          	GLOBAL _zx_scroll_up_attr
   590                          	GLOBAL _zx_scroll_up_callee
   591                          	GLOBAL _zx_scroll_up
   592                          	GLOBAL _zx_cls_wc_pix_callee
   593                          	GLOBAL _zx_cls_wc_pix
   594                          	GLOBAL _zx_cls_wc_attr_callee
   595                          	GLOBAL _zx_cls_wc_attr
   596                          	GLOBAL _zx_cls_wc_callee
   597                          	GLOBAL _zx_cls_wc
   598                          	GLOBAL _zx_cls_pix_fastcall
   599                          	GLOBAL _zx_cls_pix
   600                          	GLOBAL _zx_cls_attr_fastcall
   601                          	GLOBAL _zx_cls_attr
   602                          	GLOBAL _zx_cls_fastcall
   603                          	GLOBAL _zx_cls
   604                          	GLOBAL _zx_border_fastcall
   605                          	GLOBAL _zx_border
   606                          	GLOBAL _ts_vmod_fastcall
   607                          	GLOBAL _ts_vmod
   608                          	GLOBAL _zx_tape_verify_block_callee
   609                          	GLOBAL _zx_tape_verify_block
   610                          	GLOBAL _zx_tape_save_block_callee
   611                          	GLOBAL _zx_tape_save_block
   612                          	GLOBAL _zx_tape_load_block_callee
   613                          	GLOBAL _zx_tape_load_block
   614                          	GLOBAL _check_version_nextzxos_fastcall
   615                          	GLOBAL _check_version_nextzxos
   616                          	GLOBAL _check_version_esxdos_fastcall
   617                          	GLOBAL _check_version_esxdos
   618                          	GLOBAL _check_version_core_fastcall
   619                          	GLOBAL _check_version_core
   620                          	GLOBAL _zxn_mangle_bank_state_fastcall
   621                          	GLOBAL _zxn_mangle_bank_state
   622                          	GLOBAL _zxn_write_sysvar_bank_state_fastcall
   623                          	GLOBAL _zxn_write_sysvar_bank_state
   624                          	GLOBAL _zxn_read_sysvar_bank_state
   625                          	GLOBAL _zxn_write_bank_state_fastcall
   626                          	GLOBAL _zxn_write_bank_state
   627                          	GLOBAL _zxn_write_mmu_state_fastcall
   628                          	GLOBAL _zxn_write_mmu_state
   629                          	GLOBAL _zxn_read_mmu_state_fastcall
   630                          	GLOBAL _zxn_read_mmu_state
   631                          	GLOBAL _zxn_page_from_addr_fastcall
   632                          	GLOBAL _zxn_page_from_addr
   633                          	GLOBAL _zxn_addr_from_page_fastcall
   634                          	GLOBAL _zxn_addr_from_page
   635                          	GLOBAL _zxn_addr_in_mmu_callee
   636                          	GLOBAL _zxn_addr_in_mmu
   637                          	GLOBAL _zxn_mmu_from_addr_fastcall
   638                          	GLOBAL _zxn_mmu_from_addr
   639                          	GLOBAL _zxn_addr_from_mmu_fastcall
   640                          	GLOBAL _zxn_addr_from_mmu
   641                          	GLOBAL _ZXN_WRITE_MMU7_fastcall
   642                          	GLOBAL _ZXN_WRITE_MMU7
   643                          	GLOBAL _ZXN_WRITE_MMU6_fastcall
   644                          	GLOBAL _ZXN_WRITE_MMU6
   645                          	GLOBAL _ZXN_WRITE_MMU5_fastcall
   646                          	GLOBAL _ZXN_WRITE_MMU5
   647                          	GLOBAL _ZXN_WRITE_MMU4_fastcall
   648                          	GLOBAL _ZXN_WRITE_MMU4
   649                          	GLOBAL _ZXN_WRITE_MMU3_fastcall
   650                          	GLOBAL _ZXN_WRITE_MMU3
   651                          	GLOBAL _ZXN_WRITE_MMU2_fastcall
   652                          	GLOBAL _ZXN_WRITE_MMU2
   653                          	GLOBAL _ZXN_WRITE_MMU1_fastcall
   654                          	GLOBAL _ZXN_WRITE_MMU1
   655                          	GLOBAL _ZXN_WRITE_MMU0_fastcall
   656                          	GLOBAL _ZXN_WRITE_MMU0
   657                          	GLOBAL _ZXN_READ_MMU7
   658                          	GLOBAL _ZXN_READ_MMU6
   659                          	GLOBAL _ZXN_READ_MMU5
   660                          	GLOBAL _ZXN_READ_MMU4
   661                          	GLOBAL _ZXN_READ_MMU3
   662                          	GLOBAL _ZXN_READ_MMU2
   663                          	GLOBAL _ZXN_READ_MMU1
   664                          	GLOBAL _ZXN_READ_MMU0
   665                          	GLOBAL _ZXN_WRITE_REG_callee
   666                          	GLOBAL _ZXN_WRITE_REG
   667                          	GLOBAL _ZXN_READ_REG_fastcall
   668                          	GLOBAL _ZXN_READ_REG
   669                          	GLOBAL _tilemap
   670                          	GLOBAL _balloon_tilemap
   671                          	GLOBAL _menu_palette_end
   672                          	GLOBAL _menu_palette
   673                          	GLOBAL _menu_patterns
   674                          	GLOBAL _game_palette_end
   675                          	GLOBAL _game_palette
   676                          	GLOBAL _game_patterns
   677                          	GLOBAL _tiles
   678                          	GLOBAL _GLOBAL_ZXN_PORT_DFFD
   679                          	GLOBAL _GLOBAL_ZXN_PORT_7FFD
   680                          	GLOBAL _GLOBAL_ZXN_PORT_1FFD
   681                          	GLOBAL _GLOBAL_ZXN_PORT_FE
   682                          	GLOBAL _GLOBAL_TS_PORT_FE
   683                          	GLOBAL _GLOBAL_ZX_PORT_7FFD
   684                          	GLOBAL _GLOBAL_ZX_PORT_1FFD
   685                          	GLOBAL _GLOBAL_ZX_PORT_FE
   686                          ;--------------------------------------------------------
   687                          ; special function registers
   688                          ;--------------------------------------------------------
   689                          defc _IO_FE	=	0x00fe
   690                          defc _IO_FF	=	0x00ff
   691                          defc _IO_TIMEX_VIDEO_MODE	=	0x00ff
   692                          defc _IO_1FFD	=	0x1ffd
   693                          defc _IO_7FFD	=	0x7ffd
   694                          defc _IO_DFFD	=	0xdffd
   695                          defc _IO_0F	=	0x000f
   696                          defc _IO_DAC_L0	=	0x000f
   697                          defc _IO_1F	=	0x001f
   698                          defc _IO_DAC_L1	=	0x001f
   699                          defc _IO_4F	=	0x004f
   700                          defc _IO_DAC_R0	=	0x004f
   701                          defc _IO_5F	=	0x005f
   702                          defc _IO_DAC_R1	=	0x005f
   703                          defc _IO_DF	=	0x00df
   704                          defc _IO_DAC_M0	=	0x00df
   705                          defc _IO_FFFD	=	0xfffd
   706                          defc _IO_TURBOSOUND	=	0xfffd
   707                          defc _IO_AY_REG	=	0xfffd
   708                          defc _IO_BFFD	=	0xbffd
   709                          defc _IO_AY_DAT	=	0xbffd
   710                          defc _IO_123B	=	0x123b
   711                          defc _IO_LAYER_2_CONFIG	=	0x123b
   712                          defc _IO_303B	=	0x303b
   713                          defc _IO_SPRITE_SLOT	=	0x303b
   714                          defc _IO_SPRITE_FLAGS	=	0x303b
   715                          defc _IO_57	=	0x0057
   716                          defc _IO_SPRITE_ATTRIBUTE	=	0x0057
   717                          defc _IO_5B	=	0x005b
   718                          defc _IO_SPRITE_PATTERN	=	0x005b
   719                          defc _IO_143B	=	0x143b
   720                          defc _IO_UART_RX	=	0x143b
   721                          defc _IO_UART_BAUD_RATE	=	0x143b
   722                          defc _IO_133B	=	0x133b
   723                          defc _IO_UART_TX	=	0x133b
   724                          defc _IO_UART_STATUS	=	0x133b
   725                          defc _IO_6B	=	0x006b
   726                          defc _IO_DMA	=	0x006b
   727                          defc _IO_E3	=	0x00e3
   728                          defc _IO_DIVIDE_CONTROL	=	0x00e3
   729                          defc _IO_E7	=	0x00e7
   730                          defc _IO_SPI_CONTROL	=	0x00e7
   731                          defc _IO_SPI_STATUS	=	0x00e7
   732                          defc _IO_EB	=	0x00eb
   733                          defc _IO_SPI_DATA	=	0x00eb
   734                          defc _IO_103B	=	0x103b
   735                          defc _IO_I2C_SCL	=	0x103b
   736                          defc _IO_113B	=	0x113b
   737                          defc _IO_I2C_SDA	=	0x113b
   738                          defc _IO_LED_L	=	0x103b
   739                          defc _IO_243B	=	0x243b
   740                          defc _IO_NEXTREG_REG	=	0x243b
   741                          defc _IO_253B	=	0x253b
   742                          defc _IO_NEXTREG_DAT	=	0x253b
   743                          ;--------------------------------------------------------
   744                          ; ram data
   745                          ;--------------------------------------------------------
   746                          	SECTION bss_compiler
   747                          ;--------------------------------------------------------
   748                          ; ram data
   749                          ;--------------------------------------------------------
   750                          
   751                          IF 0
   752                          
   753                          ; .area _INITIALIZED removed by z88dk
   754                          
   755                          
   756                          ENDIF
   757                          
   758                          ;--------------------------------------------------------
   759                          ; absolute external ram data
   760                          ;--------------------------------------------------------
   761                          	SECTION IGNORE
   762                          ;--------------------------------------------------------
   763                          ; global & static initialisations
   764                          ;--------------------------------------------------------
   765                          	SECTION code_crt_init
   766                          ;--------------------------------------------------------
   767                          ; Home
   768                          ;--------------------------------------------------------
   769                          	SECTION IGNORE
   770                          ;--------------------------------------------------------
   771                          ; code
   772                          ;--------------------------------------------------------
   773                          	SECTION code_compiler
   774                          ;gfx.c:15: void init_hardware(void)
   775                          ;	---------------------------------
   776                          ; Function init_hardware
   777                          ; ---------------------------------
   778                          _init_hardware:
   779                          ;gfx.c:18: ZXN_NEXTREG(REG_TURBO_MODE, RTM_28MHZ);
   780  0000  ed910703          	nextreg	7,0x03
   781                          ;gfx.c:22: const uint8_t reg_periph_1 = ZXN_READ_REG(REG_PERIPHERAL_1) & 0b00000101;
   782  0004  2e05              	ld	l,0x05
   783  0006  013b24            	ld	bc,0x243b
   784  0009  ed69              	out	(c),l
   785  000b  04                	inc	b
   786  000c  ed68              	in	l,(c)
   787  000e  7d                	ld	a, l
   788  000f  e605              	and	a,0x05
   789                          ;gfx.c:23: ZXN_NEXTREGA(REG_PERIPHERAL_1, reg_periph_1 | RP1_JOY1_CURSOR | RP1_JOY2_KEMPSTON_1);
   790  0011  f690              	or	a,0x90
   791  0013  6f                	ld	l, a
   792  0014  7d                	ld	a,l
   793  0015  ed9205            	nextreg	5,a
   794                          ;gfx.c:27: ZXN_NEXTREGA(REG_PERIPHERAL_2, RP2_PS2_KEYBOARD | 0x1);
   795  0018  2e01              	ld	l,0x01
   796  001a  7d                	ld	a,l
   797  001b  ed9206            	nextreg	6,a
   798                          ;gfx.c:30: ZXN_NEXTREGA(REG_PERIPHERAL_3, ZXN_READ_REG(REG_PERIPHERAL_3) | RP3_DISABLE_CONTENTION);
   799  001e  2e08              	ld	l,0x08
   800  0020  013b24            	ld	bc,0x243b
   801  0023  ed69              	out	(c),l
   802  0025  04                	inc	b
   803  0026  ed68              	in	l,(c)
   804  0028  cbf5              	set	6, l
   805                          ;gfx.c:31: }
   806  002a  7d                	ld	a,l
   807  002b  ed9208            	nextreg	8,a
   808  002e  c9                	ret
   809                          ;gfx.c:36: void init_layer2(void)
   810                          ;	---------------------------------
   811                          ; Function init_layer2
   812                          ; ---------------------------------
   813                          _init_layer2:
   814                          ;gfx.c:39: ZXN_NEXTREG(REG_DISPLAY_CONTROL, RDP_ENABLE_LAYER_2);
   815  002f  ed916980          	nextreg	0x69,0x80
   816                          ;gfx.c:41: ZXN_NEXTREG(REG_LAYER_2_CONTROL, RL2C_RESOLUTION_320x256);
   817  0033  ed917010          	nextreg	0x70,0x10
   818                          ;gfx.c:44: ZXN_NEXTREGA(REG_LAYER_2_RAM_BANK, LAYER2_RAM_BANK);
   819  0037  2e09              	ld	l,0x09
   820  0039  7d                	ld	a,l
   821  003a  ed9212            	nextreg	18,a
   822                          ;gfx.c:47: clip_layer2_window(0, SCREEN_EXT_WIDTH / 2 - 1, 0, SCREEN_EXT_HEIGHT - 1);
   823  003d  3eff              	ld	a,0xff
   824  003f  f5                	push	af
   825  0040  33                	inc	sp
   826  0041  af                	xor	a, a
   827  0042  57                	ld	d,a
   828  0043  1e9f              	ld	e,0x9f
   829  0045  d5                	push	de
   830  0046  af                	xor	a, a
   831  0047  f5                	push	af
   832  0048  33                	inc	sp
   833  0049  cd0000            	call	_clip_layer2_window
   834  004c  f1                	pop	af
   835                          ;gfx.c:48: clip_sprites_window(0, SCREEN_EXT_WIDTH / 2 - 1, 0, SCREEN_EXT_HEIGHT - 1);
   836  004d  26ff              	ld	h,0xff
   837  004f  e3                	ex	(sp),hl
   838  0050  33                	inc	sp
   839  0051  af                	xor	a, a
   840  0052  57                	ld	d,a
   841  0053  1e9f              	ld	e,0x9f
   842  0055  d5                	push	de
   843  0056  af                	xor	a, a
   844  0057  f5                	push	af
   845  0058  33                	inc	sp
   846  0059  cd0000            	call	_clip_sprites_window
   847  005c  f1                	pop	af
   848  005d  f1                	pop	af
   849                          ;gfx.c:49: }
   850  005e  c9                	ret
   851                          ;gfx.c:54: uint8_t video_timing(void)
   852                          ;	---------------------------------
   853                          ; Function video_timing
   854                          ; ---------------------------------
   855                          _video_timing:
   856                          ;gfx.c:56: return (ZXN_READ_REG(REG_PERIPHERAL_1) & RP1_RATE_60) ? 60 : 50;
   857  005f  2e05              	ld	l,0x05
   858  0061  013b24            	ld	bc,0x243b
   859  0064  ed69              	out	(c),l
   860  0066  04                	inc	b
   861  0067  ed68              	in	l,(c)
   862  0069  cb55              	bit	2, l
   863  006b  2805              	jr	Z,l_video_timing_00103
   864  006d  213c00            	ld	hl,0x003c
   865  0070  1803              	jr	l_video_timing_00104
   866                          l_video_timing_00103:
   867  0072  213200            	ld	hl,0x0032
   868                          l_video_timing_00104:
   869                          ;gfx.c:57: }
   870  0075  c9                	ret
   871                          ;gfx.c:59: void set_sprites_visibility(bool enable)
   872                          ;	---------------------------------
   873                          ; Function set_sprites_visibility
   874                          ; ---------------------------------
   875                          _set_sprites_visibility:
   876  0076  cd0000            	call	___sdcc_enter_ix
   877                          ;gfx.c:61: ZXN_NEXTREGA(REG_SPRITE_LAYER_SYSTEM, (enable ? RSLS_SPRITES_VISIBLE : 0) | RSLS_LAYER_PRIORITY_USL | RSLS_SPRITES_OVER_BORDER | RSLS_ENABLE_SPRITES_CLIPING_OVER_BORDER);
   878  0079  ddcb0446          	bit	0,(ix+4)
   879  007d  2804              	jr	Z,l_set_sprites_visibility_00103
   880  007f  3e01              	ld	a,0x01
   881  0081  1801              	jr	l_set_sprites_visibility_00104
   882                          l_set_sprites_visibility_00103:
   883  0083  af                	xor	a, a
   884                          l_set_sprites_visibility_00104:
   885  0084  f632              	or	a,0x32
   886  0086  6f                	ld	l, a
   887                          ;gfx.c:62: }
   888  0087  dde1              	pop	ix
   889  0089  7d                	ld	a,l
   890  008a  ed9215            	nextreg	21,a
   891  008d  c9                	ret
   892                          	SECTION IGNORE
   893                          
