/tmp/tmp3yZgrFQM.asm:
     1                          MODULE main_c
     2                          LINE 0, "main.c"
main.c:
                                
     1                          ;--------------------------------------------------------
     2                          ; File Created by SDCC : free open source ISO C Compiler
     3                          ; Version 4.3.0 #14210 (Mac OS X ppc)
     4                          ;--------------------------------------------------------
     5                          	.zxn
     6                          ; Processed by Z88DK
     7                          ;--------------------------------------------------------
     8                          
     9                          	EXTERN __divschar
    10                          	EXTERN __divschar_callee
    11                          	EXTERN __divsint
    12                          	EXTERN __divsint_callee
    13                          	EXTERN __divslong
    14                          	EXTERN __divslong_callee
    15                          	EXTERN __divslonglong
    16                          	EXTERN __divslonglong_callee
    17                          	EXTERN __divsuchar
    18                          	EXTERN __divsuchar_callee
    19                          	EXTERN __divuchar
    20                          	EXTERN __divuchar_callee
    21                          	EXTERN __divuint
    22                          	EXTERN __divuint_callee
    23                          	EXTERN __divulong
    24                          	EXTERN __divulong_callee
    25                          	EXTERN __divulonglong
    26                          	EXTERN __divulonglong_callee
    27                          	EXTERN __divuschar
    28                          	EXTERN __divuschar_callee
    29                          	EXTERN __modschar
    30                          	EXTERN __modschar_callee
    31                          	EXTERN __modsint
    32                          	EXTERN __modsint_callee
    33                          	EXTERN __modslong
    34                          	EXTERN __modslong_callee
    35                          	EXTERN __modslonglong
    36                          	EXTERN __modslonglong_callee
    37                          	EXTERN __modsuchar
    38                          	EXTERN __modsuchar_callee
    39                          	EXTERN __moduchar
    40                          	EXTERN __moduchar_callee
    41                          	EXTERN __moduint
    42                          	EXTERN __moduint_callee
    43                          	EXTERN __modulong
    44                          	EXTERN __modulong_callee
    45                          	EXTERN __modulonglong
    46                          	EXTERN __modulonglong_callee
    47                          	EXTERN __moduschar
    48                          	EXTERN __moduschar_callee
    49                          	EXTERN __mulint
    50                          	EXTERN __mulint_callee
    51                          	EXTERN __mullong
    52                          	EXTERN __mullong_callee
    53                          	EXTERN __mullonglong
    54                          	EXTERN __mullonglong_callee
    55                          	EXTERN __mulschar
    56                          	EXTERN __mulschar_callee
    57                          	EXTERN __mulsuchar
    58                          	EXTERN __mulsuchar_callee
    59                          	EXTERN __muluchar
    60                          	EXTERN __muluchar_callee
    61                          	EXTERN __muluschar
    62                          	EXTERN __muluschar_callee
    63                          	EXTERN __rlslonglong
    64                          	EXTERN __rlslonglong_callee
    65                          	EXTERN __rlulonglong
    66                          	EXTERN __rlulonglong_callee
    67                          	EXTERN __rrslonglong
    68                          	EXTERN __rrslonglong_callee
    69                          	EXTERN __rrulonglong
    70                          	EXTERN __rrulonglong_callee
    71                          	EXTERN ___mulsint2slong
    72                          	EXTERN ___mulsint2slong_callee
    73                          	EXTERN ___muluint2ulong
    74                          	EXTERN ___muluint2ulong_callee
    75                          	EXTERN ___sdcc_call_hl
    76                          	EXTERN ___sdcc_call_iy
    77                          	EXTERN ___sdcc_enter_ix
    78                          	EXTERN banked_call
    79                          	EXTERN _banked_ret
    80                          	EXTERN ___fs2schar
    81                          	EXTERN ___fs2schar_callee
    82                          	EXTERN ___fs2sint
    83                          	EXTERN ___fs2sint_callee
    84                          	EXTERN ___fs2slong
    85                          	EXTERN ___fs2slong_callee
    86                          	EXTERN ___fs2slonglong
    87                          	EXTERN ___fs2slonglong_callee
    88                          	EXTERN ___fs2uchar
    89                          	EXTERN ___fs2uchar_callee
    90                          	EXTERN ___fs2uint
    91                          	EXTERN ___fs2uint_callee
    92                          	EXTERN ___fs2ulong
    93                          	EXTERN ___fs2ulong_callee
    94                          	EXTERN ___fs2ulonglong
    95                          	EXTERN ___fs2ulonglong_callee
    96                          	EXTERN ___fsadd
    97                          	EXTERN ___fsadd_callee
    98                          	EXTERN ___fsdiv
    99                          	EXTERN ___fsdiv_callee
   100                          	EXTERN ___fseq
   101                          	EXTERN ___fseq_callee
   102                          	EXTERN ___fsgt
   103                          	EXTERN ___fsgt_callee
   104                          	EXTERN ___fslt
   105                          	EXTERN ___fslt_callee
   106                          	EXTERN ___fsmul
   107                          	EXTERN ___fsmul_callee
   108                          	EXTERN ___fsneq
   109                          	EXTERN ___fsneq_callee
   110                          	EXTERN ___fssub
   111                          	EXTERN ___fssub_callee
   112                          	EXTERN ___schar2fs
   113                          	EXTERN ___schar2fs_callee
   114                          	EXTERN ___sint2fs
   115                          	EXTERN ___sint2fs_callee
   116                          	EXTERN ___slong2fs
   117                          	EXTERN ___slong2fs_callee
   118                          	EXTERN ___slonglong2fs
   119                          	EXTERN ___slonglong2fs_callee
   120                          	EXTERN ___uchar2fs
   121                          	EXTERN ___uchar2fs_callee
   122                          	EXTERN ___uint2fs
   123                          	EXTERN ___uint2fs_callee
   124                          	EXTERN ___ulong2fs
   125                          	EXTERN ___ulong2fs_callee
   126                          	EXTERN ___ulonglong2fs
   127                          	EXTERN ___ulonglong2fs_callee
   128                          	EXTERN ____sdcc_2_copy_src_mhl_dst_deix
   129                          	EXTERN ____sdcc_2_copy_src_mhl_dst_bcix
   130                          	EXTERN ____sdcc_4_copy_src_mhl_dst_deix
   131                          	EXTERN ____sdcc_4_copy_src_mhl_dst_bcix
   132                          	EXTERN ____sdcc_4_copy_src_mhl_dst_mbc
   133                          	EXTERN ____sdcc_4_ldi_nosave_bc
   134                          	EXTERN ____sdcc_4_ldi_save_bc
   135                          	EXTERN ____sdcc_4_push_hlix
   136                          	EXTERN ____sdcc_4_push_mhl
   137                          	EXTERN ____sdcc_lib_setmem_hl
   138                          	EXTERN ____sdcc_ll_add_de_bc_hl
   139                          	EXTERN ____sdcc_ll_add_de_bc_hlix
   140                          	EXTERN ____sdcc_ll_add_de_hlix_bc
   141                          	EXTERN ____sdcc_ll_add_de_hlix_bcix
   142                          	EXTERN ____sdcc_ll_add_deix_bc_hl
   143                          	EXTERN ____sdcc_ll_add_deix_hlix
   144                          	EXTERN ____sdcc_ll_add_hlix_bc_deix
   145                          	EXTERN ____sdcc_ll_add_hlix_deix_bc
   146                          	EXTERN ____sdcc_ll_add_hlix_deix_bcix
   147                          	EXTERN ____sdcc_ll_asr_hlix_a
   148                          	EXTERN ____sdcc_ll_asr_mbc_a
   149                          	EXTERN ____sdcc_ll_copy_src_de_dst_hlix
   150                          	EXTERN ____sdcc_ll_copy_src_de_dst_hlsp
   151                          	EXTERN ____sdcc_ll_copy_src_deix_dst_hl
   152                          	EXTERN ____sdcc_ll_copy_src_deix_dst_hlix
   153                          	EXTERN ____sdcc_ll_copy_src_deixm_dst_hlsp
   154                          	EXTERN ____sdcc_ll_copy_src_desp_dst_hlsp
   155                          	EXTERN ____sdcc_ll_copy_src_hl_dst_de
   156                          	EXTERN ____sdcc_ll_copy_src_hlsp_dst_de
   157                          	EXTERN ____sdcc_ll_copy_src_hlsp_dst_deixm
   158                          	EXTERN ____sdcc_ll_lsl_hlix_a
   159                          	EXTERN ____sdcc_ll_lsl_mbc_a
   160                          	EXTERN ____sdcc_ll_lsr_hlix_a
   161                          	EXTERN ____sdcc_ll_lsr_mbc_a
   162                          	EXTERN ____sdcc_ll_push_hlix
   163                          	EXTERN ____sdcc_ll_push_mhl
   164                          	EXTERN ____sdcc_ll_sub_de_bc_hl
   165                          	EXTERN ____sdcc_ll_sub_de_bc_hlix
   166                          	EXTERN ____sdcc_ll_sub_de_hlix_bc
   167                          	EXTERN ____sdcc_ll_sub_de_hlix_bcix
   168                          	EXTERN ____sdcc_ll_sub_deix_bc_hl
   169                          	EXTERN ____sdcc_ll_sub_deix_hlix
   170                          	EXTERN ____sdcc_ll_sub_hlix_bc_deix
   171                          	EXTERN ____sdcc_ll_sub_hlix_deix_bc
   172                          	EXTERN ____sdcc_ll_sub_hlix_deix_bcix
   173                          	EXTERN ____sdcc_load_debc_deix
   174                          	EXTERN ____sdcc_load_dehl_deix
   175                          	EXTERN ____sdcc_load_debc_mhl
   176                          	EXTERN ____sdcc_load_hlde_mhl
   177                          	EXTERN ____sdcc_store_dehl_bcix
   178                          	EXTERN ____sdcc_store_debc_hlix
   179                          	EXTERN ____sdcc_store_debc_mhl
   180                          	EXTERN ____sdcc_cpu_pop_ei
   181                          	EXTERN ____sdcc_cpu_pop_ei_jp
   182                          	EXTERN ____sdcc_cpu_push_di
   183                          	EXTERN ____sdcc_outi
   184                          	EXTERN ____sdcc_outi_128
   185                          	EXTERN ____sdcc_outi_256
   186                          	EXTERN ____sdcc_ldi
   187                          	EXTERN ____sdcc_ldi_128
   188                          	EXTERN ____sdcc_ldi_256
   189                          	EXTERN ____sdcc_4_copy_srcd_hlix_dst_deix
   190                          	EXTERN ____sdcc_4_and_src_mbc_mhl_dst_deix
   191                          	EXTERN ____sdcc_4_or_src_mbc_mhl_dst_deix
   192                          	EXTERN ____sdcc_4_xor_src_mbc_mhl_dst_deix
   193                          	EXTERN ____sdcc_4_or_src_dehl_dst_bcix
   194                          	EXTERN ____sdcc_4_xor_src_dehl_dst_bcix
   195                          	EXTERN ____sdcc_4_and_src_dehl_dst_bcix
   196                          	EXTERN ____sdcc_4_xor_src_mbc_mhl_dst_debc
   197                          	EXTERN ____sdcc_4_or_src_mbc_mhl_dst_debc
   198                          	EXTERN ____sdcc_4_and_src_mbc_mhl_dst_debc
   199                          	EXTERN ____sdcc_4_cpl_src_mhl_dst_debc
   200                          	EXTERN ____sdcc_4_xor_src_debc_mhl_dst_debc
   201                          	EXTERN ____sdcc_4_or_src_debc_mhl_dst_debc
   202                          	EXTERN ____sdcc_4_and_src_debc_mhl_dst_debc
   203                          	EXTERN ____sdcc_4_and_src_debc_hlix_dst_debc
   204                          	EXTERN ____sdcc_4_or_src_debc_hlix_dst_debc
   205                          	EXTERN ____sdcc_4_xor_src_debc_hlix_dst_debc
   206                          
   207                          ;--------------------------------------------------------
   208                          ; Public variables in this module
   209                          ;--------------------------------------------------------
   210                          	GLOBAL _main
   211                          	GLOBAL _init
   212                          ;--------------------------------------------------------
   213                          ; Externals used
   214                          ;--------------------------------------------------------
   215                          	GLOBAL _sfx_play_sync
   216                          	GLOBAL _sfx_init
   217                          	GLOBAL _wait_for_effect
   218                          	GLOBAL _fadein_effect
   219                          	GLOBAL _fadeout_effect
   220                          	GLOBAL _init_effects
   221                          	GLOBAL _float_to_string
   222                          	GLOBAL _game_loop
   223                          	GLOBAL _restart_computer_controls
   224                          	GLOBAL _read_computer_control
   225                          	GLOBAL _lfont_set_palette
   226                          	GLOBAL _lfont_clear_remaining_line
   227                          	GLOBAL _lfont_write_text
   228                          	GLOBAL _lfont_write_char
   229                          	GLOBAL _lfont_set_position
   230                          	GLOBAL _umpire_call_touch
   231                          	GLOBAL _umpire_call_match_point
   232                          	GLOBAL _umpire_call_set_point
   233                          	GLOBAL _umpire_call_game_point
   234                          	GLOBAL _umpire_call_match_for_player
   235                          	GLOBAL _umpire_call_set_for_player
   236                          	GLOBAL _umpire_call_game_for_player
   237                          	GLOBAL _umpire_call_score
   238                          	GLOBAL _umpire_call_service
   239                          	GLOBAL _umpire_call_second_service
   240                          	GLOBAL _umpire_call_out
   241                          	GLOBAL _umpire_call_let
   242                          	GLOBAL _umpire_call_first_service
   243                          	GLOBAL _umpire_call_fault
   244                          	GLOBAL _umpire_call_double_fault
   245                          	GLOBAL _umpire_call_ace
   246                          	GLOBAL _update_umpire
   247                          	GLOBAL _init_umpire
   248                          	GLOBAL _random_seed
   249                          	GLOBAL _clear_tilemap
   250                          	GLOBAL _select_tilemap
   251                          	GLOBAL _swap_layer2_screen
   252                          	GLOBAL _load_layer2_shadow_screen
   253                          	GLOBAL _load_layer2_screen
   254                          	GLOBAL _reset_ticks
   255                          	GLOBAL _wait_for_ticks
   256                          	GLOBAL _hardware_interrupt_mode
   257                          	GLOBAL _channel_b_remaining_length
   258                          	GLOBAL _is_sound_playing_channel_b
   259                          	GLOBAL _is_sound_playing
   260                          	GLOBAL _play_sound_channel_b
   261                          	GLOBAL _play_sound
   262                          	GLOBAL _sound_interrupt_handler
   263                          	GLOBAL _init_sound
   264                          	GLOBAL _ball_future_x_and_height
   265                          	GLOBAL _set_ball_velocity_net_height
   266                          	GLOBAL _set_lob_ball_velocity
   267                          	GLOBAL _update_ball
   268                          	GLOBAL _setup_court
   269                          	GLOBAL _update_messages
   270                          	GLOBAL _send_message
   271                          	GLOBAL _start_main_menu
   272                          	GLOBAL _set_sprites_visibility
   273                          	GLOBAL _video_timing
   274                          	GLOBAL _init_layer2
   275                          	GLOBAL _init_hardware
   276                          	GLOBAL _prepare_sprite_slots
   277                          	GLOBAL _change_sprite_visibility
   278                          	GLOBAL _show_sprite
   279                          	GLOBAL _hide_sprite
   280                          	GLOBAL _move_sprite
   281                          	GLOBAL _loadAttrsAndPatterns
   282                          	GLOBAL _loadSpriteFrame
   283                          	GLOBAL _init_sprite_slots
   284                          	GLOBAL _hide_ball
   285                          	GLOBAL _update_screen
   286                          	GLOBAL _clip_sprites_window
   287                          	GLOBAL _setup_relative_sprite
   288                          	GLOBAL _setup_unified_sprite
   289                          	GLOBAL _set_sprite_index
   290                          	GLOBAL _set_tilemap_offset
   291                          	GLOBAL _clip_tilemap_window
   292                          	GLOBAL _set_layer2_offset
   293                          	GLOBAL _clip_layer2_window
   294                          	GLOBAL _ZXN_NEXTREG_UPDATE
   295                          	GLOBAL _zx_pattern_fill_callee
   296                          	GLOBAL _zx_pattern_fill
   297                          	GLOBAL _tshr_saddrpup_fastcall
   298                          	GLOBAL _tshr_saddrpup
   299                          	GLOBAL _tshr_saddrpright_callee
   300                          	GLOBAL _tshr_saddrpright
   301                          	GLOBAL _tshr_saddrpleft_callee
   302                          	GLOBAL _tshr_saddrpleft
   303                          	GLOBAL _tshr_saddrpdown_fastcall
   304                          	GLOBAL _tshr_saddrpdown
   305                          	GLOBAL _tshr_saddrcup_fastcall
   306                          	GLOBAL _tshr_saddrcup
   307                          	GLOBAL _tshr_saddrcright_fastcall
   308                          	GLOBAL _tshr_saddrcright
   309                          	GLOBAL _tshr_saddrcleft_fastcall
   310                          	GLOBAL _tshr_saddrcleft
   311                          	GLOBAL _tshr_saddrcdown_fastcall
   312                          	GLOBAL _tshr_saddrcdown
   313                          	GLOBAL _tshr_saddr2py_fastcall
   314                          	GLOBAL _tshr_saddr2py
   315                          	GLOBAL _tshr_saddr2px_fastcall
   316                          	GLOBAL _tshr_saddr2px
   317                          	GLOBAL _tshr_saddr2cy_fastcall
   318                          	GLOBAL _tshr_saddr2cy
   319                          	GLOBAL _tshr_saddr2cx_fastcall
   320                          	GLOBAL _tshr_saddr2cx
   321                          	GLOBAL _tshr_py2saddr_fastcall
   322                          	GLOBAL _tshr_py2saddr
   323                          	GLOBAL _tshr_pxy2saddr_callee
   324                          	GLOBAL _tshr_pxy2saddr
   325                          	GLOBAL _tshr_px2bitmask_fastcall
   326                          	GLOBAL _tshr_px2bitmask
   327                          	GLOBAL _tshr_cy2saddr_fastcall
   328                          	GLOBAL _tshr_cy2saddr
   329                          	GLOBAL _tshr_cxy2saddr_callee
   330                          	GLOBAL _tshr_cxy2saddr
   331                          	GLOBAL _tshr_bitmask2px_fastcall
   332                          	GLOBAL _tshr_bitmask2px
   333                          	GLOBAL _tshc_saddrpup_fastcall
   334                          	GLOBAL _tshc_saddrpup
   335                          	GLOBAL _tshc_saddrpright_callee
   336                          	GLOBAL _tshc_saddrpright
   337                          	GLOBAL _tshc_saddrpleft_callee
   338                          	GLOBAL _tshc_saddrpleft
   339                          	GLOBAL _tshc_saddrpdown_fastcall
   340                          	GLOBAL _tshc_saddrpdown
   341                          	GLOBAL _tshc_saddrcup_fastcall
   342                          	GLOBAL _tshc_saddrcup
   343                          	GLOBAL _tshc_saddrcright_fastcall
   344                          	GLOBAL _tshc_saddrcright
   345                          	GLOBAL _tshc_saddrcleft_fastcall
   346                          	GLOBAL _tshc_saddrcleft
   347                          	GLOBAL _tshc_saddrcdown_fastcall
   348                          	GLOBAL _tshc_saddrcdown
   349                          	GLOBAL _tshc_saddr2py_fastcall
   350                          	GLOBAL _tshc_saddr2py
   351                          	GLOBAL _tshc_saddr2px_fastcall
   352                          	GLOBAL _tshc_saddr2px
   353                          	GLOBAL _tshc_saddr2cy_fastcall
   354                          	GLOBAL _tshc_saddr2cy
   355                          	GLOBAL _tshc_saddr2cx_fastcall
   356                          	GLOBAL _tshc_saddr2cx
   357                          	GLOBAL _tshc_saddr2aaddr_fastcall
   358                          	GLOBAL _tshc_saddr2aaddr
   359                          	GLOBAL _tshc_py2saddr_fastcall
   360                          	GLOBAL _tshc_py2saddr
   361                          	GLOBAL _tshc_py2aaddr_fastcall
   362                          	GLOBAL _tshc_py2aaddr
   363                          	GLOBAL _tshc_pxy2saddr_callee
   364                          	GLOBAL _tshc_pxy2saddr
   365                          	GLOBAL _tshc_pxy2aaddr_callee
   366                          	GLOBAL _tshc_pxy2aaddr
   367                          	GLOBAL _tshc_px2bitmask_fastcall
   368                          	GLOBAL _tshc_px2bitmask
   369                          	GLOBAL _tshc_cy2saddr_fastcall
   370                          	GLOBAL _tshc_cy2saddr
   371                          	GLOBAL _tshc_cy2aaddr_fastcall
   372                          	GLOBAL _tshc_cy2aaddr
   373                          	GLOBAL _tshc_cxy2saddr_callee
   374                          	GLOBAL _tshc_cxy2saddr
   375                          	GLOBAL _tshc_cxy2aaddr_callee
   376                          	GLOBAL _tshc_cxy2aaddr
   377                          	GLOBAL _tshc_bitmask2px_fastcall
   378                          	GLOBAL _tshc_bitmask2px
   379                          	GLOBAL _tshc_aaddrpup_fastcall
   380                          	GLOBAL _tshc_aaddrpup
   381                          	GLOBAL _tshc_aaddrpright_callee
   382                          	GLOBAL _tshc_aaddrpright
   383                          	GLOBAL _tshc_aaddrpleft_callee
   384                          	GLOBAL _tshc_aaddrpleft
   385                          	GLOBAL _tshc_aaddrpdown_fastcall
   386                          	GLOBAL _tshc_aaddrpdown
   387                          	GLOBAL _tshc_aaddrcup_fastcall
   388                          	GLOBAL _tshc_aaddrcup
   389                          	GLOBAL _tshc_aaddrcright_fastcall
   390                          	GLOBAL _tshc_aaddrcright
   391                          	GLOBAL _tshc_aaddrcleft_fastcall
   392                          	GLOBAL _tshc_aaddrcleft
   393                          	GLOBAL _tshc_aaddrcdown_fastcall
   394                          	GLOBAL _tshc_aaddrcdown
   395                          	GLOBAL _tshc_aaddr2saddr_fastcall
   396                          	GLOBAL _tshc_aaddr2saddr
   397                          	GLOBAL _tshc_aaddr2py_fastcall
   398                          	GLOBAL _tshc_aaddr2py
   399                          	GLOBAL _tshc_aaddr2px_fastcall
   400                          	GLOBAL _tshc_aaddr2px
   401                          	GLOBAL _tshc_aaddr2cy_fastcall
   402                          	GLOBAL _tshc_aaddr2cy
   403                          	GLOBAL _tshc_aaddr2cx_fastcall
   404                          	GLOBAL _tshc_aaddr2cx
   405                          	GLOBAL _zx_saddrpup_fastcall
   406                          	GLOBAL _zx_saddrpup
   407                          	GLOBAL _zx_saddrpright_callee
   408                          	GLOBAL _zx_saddrpright
   409                          	GLOBAL _zx_saddrpleft_callee
   410                          	GLOBAL _zx_saddrpleft
   411                          	GLOBAL _zx_saddrpdown_fastcall
   412                          	GLOBAL _zx_saddrpdown
   413                          	GLOBAL _zx_saddrcup_fastcall
   414                          	GLOBAL _zx_saddrcup
   415                          	GLOBAL _zx_saddrcright_fastcall
   416                          	GLOBAL _zx_saddrcright
   417                          	GLOBAL _zx_saddrcleft_fastcall
   418                          	GLOBAL _zx_saddrcleft
   419                          	GLOBAL _zx_saddrcdown_fastcall
   420                          	GLOBAL _zx_saddrcdown
   421                          	GLOBAL _zx_saddr2py_fastcall
   422                          	GLOBAL _zx_saddr2py
   423                          	GLOBAL _zx_saddr2px_fastcall
   424                          	GLOBAL _zx_saddr2px
   425                          	GLOBAL _zx_saddr2cy_fastcall
   426                          	GLOBAL _zx_saddr2cy
   427                          	GLOBAL _zx_saddr2cx_fastcall
   428                          	GLOBAL _zx_saddr2cx
   429                          	GLOBAL _zx_saddr2aaddr_fastcall
   430                          	GLOBAL _zx_saddr2aaddr
   431                          	GLOBAL _zx_py2saddr_fastcall
   432                          	GLOBAL _zx_py2saddr
   433                          	GLOBAL _zx_py2aaddr_fastcall
   434                          	GLOBAL _zx_py2aaddr
   435                          	GLOBAL _zx_pxy2saddr_callee
   436                          	GLOBAL _zx_pxy2saddr
   437                          	GLOBAL _zx_pxy2aaddr_callee
   438                          	GLOBAL _zx_pxy2aaddr
   439                          	GLOBAL _zx_px2bitmask_fastcall
   440                          	GLOBAL _zx_px2bitmask
   441                          	GLOBAL _zx_cy2saddr_fastcall
   442                          	GLOBAL _zx_cy2saddr
   443                          	GLOBAL _zx_cy2aaddr_fastcall
   444                          	GLOBAL _zx_cy2aaddr
   445                          	GLOBAL _zx_cxy2saddr_callee
   446                          	GLOBAL _zx_cxy2saddr
   447                          	GLOBAL _zx_cxy2aaddr_callee
   448                          	GLOBAL _zx_cxy2aaddr
   449                          	GLOBAL _zx_bitmask2px_fastcall
   450                          	GLOBAL _zx_bitmask2px
   451                          	GLOBAL _zx_aaddrcup_fastcall
   452                          	GLOBAL _zx_aaddrcup
   453                          	GLOBAL _zx_aaddrcright_fastcall
   454                          	GLOBAL _zx_aaddrcright
   455                          	GLOBAL _zx_aaddrcleft_fastcall
   456                          	GLOBAL _zx_aaddrcleft
   457                          	GLOBAL _zx_aaddrcdown_fastcall
   458                          	GLOBAL _zx_aaddrcdown
   459                          	GLOBAL _zx_aaddr2saddr_fastcall
   460                          	GLOBAL _zx_aaddr2saddr
   461                          	GLOBAL _zx_aaddr2py_fastcall
   462                          	GLOBAL _zx_aaddr2py
   463                          	GLOBAL _zx_aaddr2px_fastcall
   464                          	GLOBAL _zx_aaddr2px
   465                          	GLOBAL _zx_aaddr2cy_fastcall
   466                          	GLOBAL _zx_aaddr2cy
   467                          	GLOBAL _zx_aaddr2cx_fastcall
   468                          	GLOBAL _zx_aaddr2cx
   469                          	GLOBAL _tshr_visit_wc_pix_callee
   470                          	GLOBAL _tshr_visit_wc_pix
   471                          	GLOBAL _tshr_scroll_wc_up_pix_callee
   472                          	GLOBAL _tshr_scroll_wc_up_pix
   473                          	GLOBAL _tshr_scroll_up_pix_callee
   474                          	GLOBAL _tshr_scroll_up_pix
   475                          	GLOBAL _tshr_scroll_up_callee
   476                          	GLOBAL _tshr_scroll_up
   477                          	GLOBAL _tshr_cls_wc_pix_callee
   478                          	GLOBAL _tshr_cls_wc_pix
   479                          	GLOBAL _tshr_cls_pix_fastcall
   480                          	GLOBAL _tshr_cls_pix
   481                          	GLOBAL _tshr_cls_attr_fastcall
   482                          	GLOBAL _tshr_cls_attr
   483                          	GLOBAL _tshr_cls_fastcall
   484                          	GLOBAL _tshr_cls
   485                          	GLOBAL _tshc_visit_wc_pix_callee
   486                          	GLOBAL _tshc_visit_wc_pix
   487                          	GLOBAL _tshc_visit_wc_attr_callee
   488                          	GLOBAL _tshc_visit_wc_attr
   489                          	GLOBAL _tshc_scroll_wc_up_pix_callee
   490                          	GLOBAL _tshc_scroll_wc_up_pix
   491                          	GLOBAL _tshc_scroll_wc_up_attr_callee
   492                          	GLOBAL _tshc_scroll_wc_up_attr
   493                          	GLOBAL _tshc_scroll_wc_up_callee
   494                          	GLOBAL _tshc_scroll_wc_up
   495                          	GLOBAL _tshc_scroll_up_pix_callee
   496                          	GLOBAL _tshc_scroll_up_pix
   497                          	GLOBAL _tshc_scroll_up_attr_callee
   498                          	GLOBAL _tshc_scroll_up_attr
   499                          	GLOBAL _tshc_scroll_up_callee
   500                          	GLOBAL _tshc_scroll_up
   501                          	GLOBAL _tshc_cls_wc_pix_callee
   502                          	GLOBAL _tshc_cls_wc_pix
   503                          	GLOBAL _tshc_cls_wc_attr_callee
   504                          	GLOBAL _tshc_cls_wc_attr
   505                          	GLOBAL _tshc_cls_wc_callee
   506                          	GLOBAL _tshc_cls_wc
   507                          	GLOBAL _tshc_cls_pix_fastcall
   508                          	GLOBAL _tshc_cls_pix
   509                          	GLOBAL _tshc_cls_attr_fastcall
   510                          	GLOBAL _tshc_cls_attr
   511                          	GLOBAL _tshc_cls_fastcall
   512                          	GLOBAL _tshc_cls
   513                          	GLOBAL _zx_visit_wc_pix_callee
   514                          	GLOBAL _zx_visit_wc_pix
   515                          	GLOBAL _zx_visit_wc_attr_callee
   516                          	GLOBAL _zx_visit_wc_attr
   517                          	GLOBAL _zx_scroll_wc_up_pix_callee
   518                          	GLOBAL _zx_scroll_wc_up_pix
   519                          	GLOBAL _zx_scroll_wc_up_attr_callee
   520                          	GLOBAL _zx_scroll_wc_up_attr
   521                          	GLOBAL _zx_scroll_wc_up_callee
   522                          	GLOBAL _zx_scroll_wc_up
   523                          	GLOBAL _zx_scroll_up_pix_callee
   524                          	GLOBAL _zx_scroll_up_pix
   525                          	GLOBAL _zx_scroll_up_attr_callee
   526                          	GLOBAL _zx_scroll_up_attr
   527                          	GLOBAL _zx_scroll_up_callee
   528                          	GLOBAL _zx_scroll_up
   529                          	GLOBAL _zx_cls_wc_pix_callee
   530                          	GLOBAL _zx_cls_wc_pix
   531                          	GLOBAL _zx_cls_wc_attr_callee
   532                          	GLOBAL _zx_cls_wc_attr
   533                          	GLOBAL _zx_cls_wc_callee
   534                          	GLOBAL _zx_cls_wc
   535                          	GLOBAL _zx_cls_pix_fastcall
   536                          	GLOBAL _zx_cls_pix
   537                          	GLOBAL _zx_cls_attr_fastcall
   538                          	GLOBAL _zx_cls_attr
   539                          	GLOBAL _zx_cls_fastcall
   540                          	GLOBAL _zx_cls
   541                          	GLOBAL _zx_border_fastcall
   542                          	GLOBAL _zx_border
   543                          	GLOBAL _ts_vmod_fastcall
   544                          	GLOBAL _ts_vmod
   545                          	GLOBAL _zx_tape_verify_block_callee
   546                          	GLOBAL _zx_tape_verify_block
   547                          	GLOBAL _zx_tape_save_block_callee
   548                          	GLOBAL _zx_tape_save_block
   549                          	GLOBAL _zx_tape_load_block_callee
   550                          	GLOBAL _zx_tape_load_block
   551                          	GLOBAL _check_version_nextzxos_fastcall
   552                          	GLOBAL _check_version_nextzxos
   553                          	GLOBAL _check_version_esxdos_fastcall
   554                          	GLOBAL _check_version_esxdos
   555                          	GLOBAL _check_version_core_fastcall
   556                          	GLOBAL _check_version_core
   557                          	GLOBAL _zxn_mangle_bank_state_fastcall
   558                          	GLOBAL _zxn_mangle_bank_state
   559                          	GLOBAL _zxn_write_sysvar_bank_state_fastcall
   560                          	GLOBAL _zxn_write_sysvar_bank_state
   561                          	GLOBAL _zxn_read_sysvar_bank_state
   562                          	GLOBAL _zxn_write_bank_state_fastcall
   563                          	GLOBAL _zxn_write_bank_state
   564                          	GLOBAL _zxn_write_mmu_state_fastcall
   565                          	GLOBAL _zxn_write_mmu_state
   566                          	GLOBAL _zxn_read_mmu_state_fastcall
   567                          	GLOBAL _zxn_read_mmu_state
   568                          	GLOBAL _zxn_page_from_addr_fastcall
   569                          	GLOBAL _zxn_page_from_addr
   570                          	GLOBAL _zxn_addr_from_page_fastcall
   571                          	GLOBAL _zxn_addr_from_page
   572                          	GLOBAL _zxn_addr_in_mmu_callee
   573                          	GLOBAL _zxn_addr_in_mmu
   574                          	GLOBAL _zxn_mmu_from_addr_fastcall
   575                          	GLOBAL _zxn_mmu_from_addr
   576                          	GLOBAL _zxn_addr_from_mmu_fastcall
   577                          	GLOBAL _zxn_addr_from_mmu
   578                          	GLOBAL _ZXN_WRITE_MMU7_fastcall
   579                          	GLOBAL _ZXN_WRITE_MMU7
   580                          	GLOBAL _ZXN_WRITE_MMU6_fastcall
   581                          	GLOBAL _ZXN_WRITE_MMU6
   582                          	GLOBAL _ZXN_WRITE_MMU5_fastcall
   583                          	GLOBAL _ZXN_WRITE_MMU5
   584                          	GLOBAL _ZXN_WRITE_MMU4_fastcall
   585                          	GLOBAL _ZXN_WRITE_MMU4
   586                          	GLOBAL _ZXN_WRITE_MMU3_fastcall
   587                          	GLOBAL _ZXN_WRITE_MMU3
   588                          	GLOBAL _ZXN_WRITE_MMU2_fastcall
   589                          	GLOBAL _ZXN_WRITE_MMU2
   590                          	GLOBAL _ZXN_WRITE_MMU1_fastcall
   591                          	GLOBAL _ZXN_WRITE_MMU1
   592                          	GLOBAL _ZXN_WRITE_MMU0_fastcall
   593                          	GLOBAL _ZXN_WRITE_MMU0
   594                          	GLOBAL _ZXN_READ_MMU7
   595                          	GLOBAL _ZXN_READ_MMU6
   596                          	GLOBAL _ZXN_READ_MMU5
   597                          	GLOBAL _ZXN_READ_MMU4
   598                          	GLOBAL _ZXN_READ_MMU3
   599                          	GLOBAL _ZXN_READ_MMU2
   600                          	GLOBAL _ZXN_READ_MMU1
   601                          	GLOBAL _ZXN_READ_MMU0
   602                          	GLOBAL _ZXN_WRITE_REG_callee
   603                          	GLOBAL _ZXN_WRITE_REG
   604                          	GLOBAL _ZXN_READ_REG_fastcall
   605                          	GLOBAL _ZXN_READ_REG
   606                          	GLOBAL _valid_area
   607                          	GLOBAL _service_area
   608                          	GLOBAL _get_serving_player
   609                          	GLOBAL _is_ad_service
   610                          	GLOBAL _start_match
   611                          	GLOBAL _event_player_touch
   612                          	GLOBAL _event_net_touched
   613                          	GLOBAL _event_player_hit
   614                          	GLOBAL _event_ball_bounced
   615                          	GLOBAL _update_entities
   616                          	GLOBAL _xy_in_boundary
   617                          	GLOBAL _point_in_boundary
   618                          	GLOBAL _x_projection
   619                          	GLOBAL _closest_type_of_hit
   620                          	GLOBAL _ball_at_reach
   621                          	GLOBAL _set_player_status
   622                          	GLOBAL _get_player
   623                          	GLOBAL _update_players
   624                          	GLOBAL _init_controls
   625                          	GLOBAL _diplay_profile
   626                          	GLOBAL _env_getenv_callee
   627                          	GLOBAL _env_getenv
   628                          	GLOBAL _getenv_ex_callee
   629                          	GLOBAL _getenv_ex
   630                          	GLOBAL _getenv_fastcall
   631                          	GLOBAL _getenv
   632                          	GLOBAL _mkstemp_ex_fastcall
   633                          	GLOBAL _mkstemp_ex
   634                          	GLOBAL _ulltoa_callee
   635                          	GLOBAL _ulltoa
   636                          	GLOBAL _strtoull_callee
   637                          	GLOBAL _strtoull
   638                          	GLOBAL _strtoll_callee
   639                          	GLOBAL _strtoll
   640                          	GLOBAL _lltoa_callee
   641                          	GLOBAL _lltoa
   642                          	GLOBAL _llabs_callee
   643                          	GLOBAL _llabs
   644                          	GLOBAL __lldivu__callee
   645                          	GLOBAL __lldivu_
   646                          	GLOBAL __lldiv__callee
   647                          	GLOBAL __lldiv_
   648                          	GLOBAL _atoll_callee
   649                          	GLOBAL _atoll
   650                          	GLOBAL _realloc_unlocked_callee
   651                          	GLOBAL _realloc_unlocked
   652                          	GLOBAL _malloc_unlocked_fastcall
   653                          	GLOBAL _malloc_unlocked
   654                          	GLOBAL _free_unlocked_fastcall
   655                          	GLOBAL _free_unlocked
   656                          	GLOBAL _calloc_unlocked_callee
   657                          	GLOBAL _calloc_unlocked
   658                          	GLOBAL _aligned_alloc_unlocked_callee
   659                          	GLOBAL _aligned_alloc_unlocked
   660                          	GLOBAL _realloc_callee
   661                          	GLOBAL _realloc
   662                          	GLOBAL _malloc_fastcall
   663                          	GLOBAL _malloc
   664                          	GLOBAL _free_fastcall
   665                          	GLOBAL _free
   666                          	GLOBAL _calloc_callee
   667                          	GLOBAL _calloc
   668                          	GLOBAL _aligned_alloc_callee
   669                          	GLOBAL _aligned_alloc
   670                          	GLOBAL _utoa_callee
   671                          	GLOBAL _utoa
   672                          	GLOBAL _ultoa_callee
   673                          	GLOBAL _ultoa
   674                          	GLOBAL _system_fastcall
   675                          	GLOBAL _system
   676                          	GLOBAL _strtoul_callee
   677                          	GLOBAL _strtoul
   678                          	GLOBAL _strtol_callee
   679                          	GLOBAL _strtol
   680                          	GLOBAL _strtof_callee
   681                          	GLOBAL _strtof
   682                          	GLOBAL _strtod_callee
   683                          	GLOBAL _strtod
   684                          	GLOBAL _srand_fastcall
   685                          	GLOBAL _srand
   686                          	GLOBAL _rand
   687                          	GLOBAL _quick_exit_fastcall
   688                          	GLOBAL _quick_exit
   689                          	GLOBAL _qsort_callee
   690                          	GLOBAL _qsort
   691                          	GLOBAL _ltoa_callee
   692                          	GLOBAL _ltoa
   693                          	GLOBAL _labs_fastcall
   694                          	GLOBAL _labs
   695                          	GLOBAL _itoa_callee
   696                          	GLOBAL _itoa
   697                          	GLOBAL _ftoh_callee
   698                          	GLOBAL _ftoh
   699                          	GLOBAL _ftog_callee
   700                          	GLOBAL _ftog
   701                          	GLOBAL _ftoe_callee
   702                          	GLOBAL _ftoe
   703                          	GLOBAL _ftoa_callee
   704                          	GLOBAL _ftoa
   705                          	GLOBAL _exit_fastcall
   706                          	GLOBAL _exit
   707                          	GLOBAL _dtoh_callee
   708                          	GLOBAL _dtoh
   709                          	GLOBAL _dtog_callee
   710                          	GLOBAL _dtog
   711                          	GLOBAL _dtoe_callee
   712                          	GLOBAL _dtoe
   713                          	GLOBAL _dtoa_callee
   714                          	GLOBAL _dtoa
   715                          	GLOBAL _bsearch_callee
   716                          	GLOBAL _bsearch
   717                          	GLOBAL _atol_fastcall
   718                          	GLOBAL _atol
   719                          	GLOBAL _atoi_fastcall
   720                          	GLOBAL _atoi
   721                          	GLOBAL _atof_fastcall
   722                          	GLOBAL _atof
   723                          	GLOBAL _atexit_fastcall
   724                          	GLOBAL _atexit
   725                          	GLOBAL _at_quick_exit_fastcall
   726                          	GLOBAL _at_quick_exit
   727                          	GLOBAL _abs_fastcall
   728                          	GLOBAL _abs
   729                          	GLOBAL _abort
   730                          	GLOBAL __strtou__callee
   731                          	GLOBAL __strtou_
   732                          	GLOBAL __strtoi__callee
   733                          	GLOBAL __strtoi_
   734                          	GLOBAL __random_uniform_xor_8__fastcall
   735                          	GLOBAL __random_uniform_xor_8_
   736                          	GLOBAL __random_uniform_xor_32__fastcall
   737                          	GLOBAL __random_uniform_xor_32_
   738                          	GLOBAL __random_uniform_cmwc_8__fastcall
   739                          	GLOBAL __random_uniform_cmwc_8_
   740                          	GLOBAL __shellsort__callee
   741                          	GLOBAL __shellsort_
   742                          	GLOBAL __quicksort__callee
   743                          	GLOBAL __quicksort_
   744                          	GLOBAL __insertion_sort__callee
   745                          	GLOBAL __insertion_sort_
   746                          	GLOBAL __ldivu__callee
   747                          	GLOBAL __ldivu_
   748                          	GLOBAL __ldiv__callee
   749                          	GLOBAL __ldiv_
   750                          	GLOBAL __divu__callee
   751                          	GLOBAL __divu_
   752                          	GLOBAL __div__callee
   753                          	GLOBAL __div_
   754                          	GLOBAL _in_mouse_kempston_wheel_delta
   755                          	GLOBAL _in_mouse_kempston_wheel
   756                          	GLOBAL _in_mouse_kempston_callee
   757                          	GLOBAL _in_mouse_kempston
   758                          	GLOBAL _in_mouse_kempston_setpos_callee
   759                          	GLOBAL _in_mouse_kempston_setpos
   760                          	GLOBAL _in_mouse_kempston_reset
   761                          	GLOBAL _in_mouse_kempston_init
   762                          	GLOBAL _in_mouse_amx_wheel_delta
   763                          	GLOBAL _in_mouse_amx_wheel
   764                          	GLOBAL _in_mouse_amx_callee
   765                          	GLOBAL _in_mouse_amx
   766                          	GLOBAL _in_mouse_amx_setpos_callee
   767                          	GLOBAL _in_mouse_amx_setpos
   768                          	GLOBAL _in_mouse_amx_reset
   769                          	GLOBAL _in_mouse_amx_init_callee
   770                          	GLOBAL _in_mouse_amx_init
   771                          	GLOBAL _in_stick_sinclair2
   772                          	GLOBAL _in_stick_sinclair1
   773                          	GLOBAL _in_stick_kempston
   774                          	GLOBAL _in_stick_fuller
   775                          	GLOBAL _in_stick_cursor
   776                          	GLOBAL _in_stick_keyboard_fastcall
   777                          	GLOBAL _in_stick_keyboard
   778                          	GLOBAL _in_wait_nokey
   779                          	GLOBAL _in_wait_key
   780                          	GLOBAL _in_test_key
   781                          	GLOBAL _in_pause_fastcall
   782                          	GLOBAL _in_pause
   783                          	GLOBAL _in_key_scancode_fastcall
   784                          	GLOBAL _in_key_scancode
   785                          	GLOBAL _in_key_pressed_fastcall
   786                          	GLOBAL _in_key_pressed
   787                          	GLOBAL _in_inkey
   788                          	GLOBAL _game_frame_speed
   789                          	GLOBAL _next_iteration_delta
   790                          	GLOBAL _umpire_frame
   791                          	GLOBAL _tilemap
   792                          	GLOBAL _balloon_tilemap
   793                          	GLOBAL _menu_palette_end
   794                          	GLOBAL _menu_palette
   795                          	GLOBAL _menu_patterns
   796                          	GLOBAL _game_palette_end
   797                          	GLOBAL _game_palette
   798                          	GLOBAL _game_patterns
   799                          	GLOBAL _tiles
   800                          	GLOBAL _ly2_player_selection
   801                          	GLOBAL _ly2_intro_screen
   802                          	GLOBAL _ly2_court_sidney
   803                          	GLOBAL _ly2_court_madrid
   804                          	GLOBAL _ly2_court_london
   805                          	GLOBAL _interrupt_vector_table
   806                          	GLOBAL _ball
   807                          	GLOBAL _spriteSlots
   808                          	GLOBAL _GLOBAL_ZXN_PORT_DFFD
   809                          	GLOBAL _GLOBAL_ZXN_PORT_7FFD
   810                          	GLOBAL _GLOBAL_ZXN_PORT_1FFD
   811                          	GLOBAL _GLOBAL_ZXN_PORT_FE
   812                          	GLOBAL _GLOBAL_TS_PORT_FE
   813                          	GLOBAL _GLOBAL_ZX_PORT_7FFD
   814                          	GLOBAL _GLOBAL_ZX_PORT_1FFD
   815                          	GLOBAL _GLOBAL_ZX_PORT_FE
   816                          	GLOBAL _game_state
   817                          	GLOBAL _match_type
   818                          	GLOBAL _score
   819                          	GLOBAL _player_bottom
   820                          	GLOBAL _player_top
   821                          	GLOBAL _game_settings
   822                          	GLOBAL _ppponent_profile
   823                          	GLOBAL _court_boundaries
   824                          ;--------------------------------------------------------
   825                          ; special function registers
   826                          ;--------------------------------------------------------
   827                          defc _IO_FE	=	0x00fe
   828                          defc _IO_FF	=	0x00ff
   829                          defc _IO_TIMEX_VIDEO_MODE	=	0x00ff
   830                          defc _IO_1FFD	=	0x1ffd
   831                          defc _IO_7FFD	=	0x7ffd
   832                          defc _IO_DFFD	=	0xdffd
   833                          defc _IO_0F	=	0x000f
   834                          defc _IO_DAC_L0	=	0x000f
   835                          defc _IO_1F	=	0x001f
   836                          defc _IO_DAC_L1	=	0x001f
   837                          defc _IO_4F	=	0x004f
   838                          defc _IO_DAC_R0	=	0x004f
   839                          defc _IO_5F	=	0x005f
   840                          defc _IO_DAC_R1	=	0x005f
   841                          defc _IO_DF	=	0x00df
   842                          defc _IO_DAC_M0	=	0x00df
   843                          defc _IO_FFFD	=	0xfffd
   844                          defc _IO_TURBOSOUND	=	0xfffd
   845                          defc _IO_AY_REG	=	0xfffd
   846                          defc _IO_BFFD	=	0xbffd
   847                          defc _IO_AY_DAT	=	0xbffd
   848                          defc _IO_123B	=	0x123b
   849                          defc _IO_LAYER_2_CONFIG	=	0x123b
   850                          defc _IO_303B	=	0x303b
   851                          defc _IO_SPRITE_SLOT	=	0x303b
   852                          defc _IO_SPRITE_FLAGS	=	0x303b
   853                          defc _IO_57	=	0x0057
   854                          defc _IO_SPRITE_ATTRIBUTE	=	0x0057
   855                          defc _IO_5B	=	0x005b
   856                          defc _IO_SPRITE_PATTERN	=	0x005b
   857                          defc _IO_143B	=	0x143b
   858                          defc _IO_UART_RX	=	0x143b
   859                          defc _IO_UART_BAUD_RATE	=	0x143b
   860                          defc _IO_133B	=	0x133b
   861                          defc _IO_UART_TX	=	0x133b
   862                          defc _IO_UART_STATUS	=	0x133b
   863                          defc _IO_6B	=	0x006b
   864                          defc _IO_DMA	=	0x006b
   865                          defc _IO_E3	=	0x00e3
   866                          defc _IO_DIVIDE_CONTROL	=	0x00e3
   867                          defc _IO_E7	=	0x00e7
   868                          defc _IO_SPI_CONTROL	=	0x00e7
   869                          defc _IO_SPI_STATUS	=	0x00e7
   870                          defc _IO_EB	=	0x00eb
   871                          defc _IO_SPI_DATA	=	0x00eb
   872                          defc _IO_103B	=	0x103b
   873                          defc _IO_I2C_SCL	=	0x103b
   874                          defc _IO_113B	=	0x113b
   875                          defc _IO_I2C_SDA	=	0x113b
   876                          defc _IO_LED_L	=	0x103b
   877                          defc _IO_243B	=	0x243b
   878                          defc _IO_NEXTREG_REG	=	0x243b
   879                          defc _IO_253B	=	0x253b
   880                          defc _IO_NEXTREG_DAT	=	0x253b
   881                          ;--------------------------------------------------------
   882                          ; ram data
   883                          ;--------------------------------------------------------
   884                          	SECTION bss_compiler
   885                          ;--------------------------------------------------------
   886                          ; ram data
   887                          ;--------------------------------------------------------
   888                          
   889                          IF 0
   890                          
   891                          ; .area _INITIALIZED removed by z88dk
   892                          
   893                          
   894                          ENDIF
   895                          
   896                          ;--------------------------------------------------------
   897                          ; absolute external ram data
   898                          ;--------------------------------------------------------
   899                          	SECTION IGNORE
   900                          ;--------------------------------------------------------
   901                          ; global & static initialisations
   902                          ;--------------------------------------------------------
   903                          	SECTION code_crt_init
   904                          ;--------------------------------------------------------
   905                          ; Home
   906                          ;--------------------------------------------------------
   907                          	SECTION IGNORE
   908                          ;--------------------------------------------------------
   909                          ; code
   910                          ;--------------------------------------------------------
   911                          	SECTION code_compiler
   912                          ;main.c:37: void init(void)
   913                          ;	---------------------------------
   914                          ; Function init
   915                          ; ---------------------------------
   916                          _init:
   917                          ;main.c:40: init_hardware();
   918  0000  cd0000            	call	_init_hardware
   919                          ;main.c:41: hardware_interrupt_mode();
   920  0003  cd0000            	call	_hardware_interrupt_mode
   921                          ;main.c:43: ZXN_WRITE_MMU0(16);
   922  0006  2e10              	ld	l,0x10
   923  0008  7d                	ld	a,l
   924  0009  ed9250            	mmu0	a
   925                          ;main.c:44: ZXN_WRITE_MMU1(17);
   926  000c  2e11              	ld	l,0x11
   927  000e  7d                	ld	a,l
   928  000f  ed9251            	mmu1	a
   929                          ;main.c:46: set_sprites_visibility(false);
   930  0012  af                	xor	a, a
   931  0013  f5                	push	af
   932  0014  33                	inc	sp
   933  0015  cd0000            	call	_set_sprites_visibility
   934  0018  33                	inc	sp
   935                          ;main.c:48: init_effects();
   936  0019  cd0000            	call	_init_effects
   937                          ;main.c:49: init_sound();
   938  001c  cd0000            	call	_init_sound
   939                          ;main.c:50: sfx_init();
   940  001f  cd0000            	call	_sfx_init
   941                          ;main.c:52: init_layer2();
   942  0022  cd0000            	call	_init_layer2
   943                          ;main.c:54: prepare_sprite_slots();
   944  0025  cd0000            	call	_prepare_sprite_slots
   945                          ;main.c:57: srand(random_seed());
   946  0028  cd0000            	call	_random_seed
   947                          ;main.c:58: }
   948  002b  c30000            	jp	_srand_fastcall
   949                          	SECTION code_compiler
   950                          ;main.c:60: int main(void)
   951                          ;	---------------------------------
   952                          ; Function main
   953                          ; ---------------------------------
   954                          _main:
   955                          ;main.c:62: init();
   956  002e  cd0000            	call	_init
   957                          ;main.c:65: while (true)
   958                          l_main_00102:
   959                          ;main.c:67: set_sprites_visibility(false);
   960  0031  af                	xor	a, a
   961  0032  f5                	push	af
   962  0033  33                	inc	sp
   963  0034  cd0000            	call	_set_sprites_visibility
   964  0037  33                	inc	sp
   965                          ;main.c:68: select_tilemap(TILEMAP_GAME);
   966  0038  af                	xor	a, a
   967  0039  f5                	push	af
   968  003a  33                	inc	sp
   969  003b  cd0000            	call	_select_tilemap
   970  003e  33                	inc	sp
   971                          ;main.c:70: start_main_menu();
   972  003f  cd0000            	call	_start_main_menu
   973                          ;main.c:72: setup_court();
   974  0042  cd0000            	call	_setup_court
   975                          ;main.c:74: game_loop();
   976  0045  cd0000            	call	_game_loop
   977                          ;main.c:76: }
   978  0048  18e7              	jr	l_main_00102
   979                          	SECTION IGNORE
   980                          
