/tmp/tmp8gOksvAr.asm:
     1                          MODULE menu_controls_c
     2                          LINE 0, "menu_controls.c"
menu_controls.c:
                                
     1                          ;--------------------------------------------------------
     2                          ; File Created by SDCC : free open source ISO C Compiler
     3                          ; Version 4.3.0 #14210 (Mac OS X ppc)
     4                          ;--------------------------------------------------------
     5                          	.zxn
     6                          ; Processed by Z88DK
     7                          ;--------------------------------------------------------
     8                          
     9                          	EXTERN __divschar
    10                          	EXTERN __divschar_callee
    11                          	EXTERN __divsint
    12                          	EXTERN __divsint_callee
    13                          	EXTERN __divslong
    14                          	EXTERN __divslong_callee
    15                          	EXTERN __divslonglong
    16                          	EXTERN __divslonglong_callee
    17                          	EXTERN __divsuchar
    18                          	EXTERN __divsuchar_callee
    19                          	EXTERN __divuchar
    20                          	EXTERN __divuchar_callee
    21                          	EXTERN __divuint
    22                          	EXTERN __divuint_callee
    23                          	EXTERN __divulong
    24                          	EXTERN __divulong_callee
    25                          	EXTERN __divulonglong
    26                          	EXTERN __divulonglong_callee
    27                          	EXTERN __divuschar
    28                          	EXTERN __divuschar_callee
    29                          	EXTERN __modschar
    30                          	EXTERN __modschar_callee
    31                          	EXTERN __modsint
    32                          	EXTERN __modsint_callee
    33                          	EXTERN __modslong
    34                          	EXTERN __modslong_callee
    35                          	EXTERN __modslonglong
    36                          	EXTERN __modslonglong_callee
    37                          	EXTERN __modsuchar
    38                          	EXTERN __modsuchar_callee
    39                          	EXTERN __moduchar
    40                          	EXTERN __moduchar_callee
    41                          	EXTERN __moduint
    42                          	EXTERN __moduint_callee
    43                          	EXTERN __modulong
    44                          	EXTERN __modulong_callee
    45                          	EXTERN __modulonglong
    46                          	EXTERN __modulonglong_callee
    47                          	EXTERN __moduschar
    48                          	EXTERN __moduschar_callee
    49                          	EXTERN __mulint
    50                          	EXTERN __mulint_callee
    51                          	EXTERN __mullong
    52                          	EXTERN __mullong_callee
    53                          	EXTERN __mullonglong
    54                          	EXTERN __mullonglong_callee
    55                          	EXTERN __mulschar
    56                          	EXTERN __mulschar_callee
    57                          	EXTERN __mulsuchar
    58                          	EXTERN __mulsuchar_callee
    59                          	EXTERN __muluchar
    60                          	EXTERN __muluchar_callee
    61                          	EXTERN __muluschar
    62                          	EXTERN __muluschar_callee
    63                          	EXTERN __rlslonglong
    64                          	EXTERN __rlslonglong_callee
    65                          	EXTERN __rlulonglong
    66                          	EXTERN __rlulonglong_callee
    67                          	EXTERN __rrslonglong
    68                          	EXTERN __rrslonglong_callee
    69                          	EXTERN __rrulonglong
    70                          	EXTERN __rrulonglong_callee
    71                          	EXTERN ___mulsint2slong
    72                          	EXTERN ___mulsint2slong_callee
    73                          	EXTERN ___muluint2ulong
    74                          	EXTERN ___muluint2ulong_callee
    75                          	EXTERN ___sdcc_call_hl
    76                          	EXTERN ___sdcc_call_iy
    77                          	EXTERN ___sdcc_enter_ix
    78                          	EXTERN banked_call
    79                          	EXTERN _banked_ret
    80                          	EXTERN ___fs2schar
    81                          	EXTERN ___fs2schar_callee
    82                          	EXTERN ___fs2sint
    83                          	EXTERN ___fs2sint_callee
    84                          	EXTERN ___fs2slong
    85                          	EXTERN ___fs2slong_callee
    86                          	EXTERN ___fs2slonglong
    87                          	EXTERN ___fs2slonglong_callee
    88                          	EXTERN ___fs2uchar
    89                          	EXTERN ___fs2uchar_callee
    90                          	EXTERN ___fs2uint
    91                          	EXTERN ___fs2uint_callee
    92                          	EXTERN ___fs2ulong
    93                          	EXTERN ___fs2ulong_callee
    94                          	EXTERN ___fs2ulonglong
    95                          	EXTERN ___fs2ulonglong_callee
    96                          	EXTERN ___fsadd
    97                          	EXTERN ___fsadd_callee
    98                          	EXTERN ___fsdiv
    99                          	EXTERN ___fsdiv_callee
   100                          	EXTERN ___fseq
   101                          	EXTERN ___fseq_callee
   102                          	EXTERN ___fsgt
   103                          	EXTERN ___fsgt_callee
   104                          	EXTERN ___fslt
   105                          	EXTERN ___fslt_callee
   106                          	EXTERN ___fsmul
   107                          	EXTERN ___fsmul_callee
   108                          	EXTERN ___fsneq
   109                          	EXTERN ___fsneq_callee
   110                          	EXTERN ___fssub
   111                          	EXTERN ___fssub_callee
   112                          	EXTERN ___schar2fs
   113                          	EXTERN ___schar2fs_callee
   114                          	EXTERN ___sint2fs
   115                          	EXTERN ___sint2fs_callee
   116                          	EXTERN ___slong2fs
   117                          	EXTERN ___slong2fs_callee
   118                          	EXTERN ___slonglong2fs
   119                          	EXTERN ___slonglong2fs_callee
   120                          	EXTERN ___uchar2fs
   121                          	EXTERN ___uchar2fs_callee
   122                          	EXTERN ___uint2fs
   123                          	EXTERN ___uint2fs_callee
   124                          	EXTERN ___ulong2fs
   125                          	EXTERN ___ulong2fs_callee
   126                          	EXTERN ___ulonglong2fs
   127                          	EXTERN ___ulonglong2fs_callee
   128                          	EXTERN ____sdcc_2_copy_src_mhl_dst_deix
   129                          	EXTERN ____sdcc_2_copy_src_mhl_dst_bcix
   130                          	EXTERN ____sdcc_4_copy_src_mhl_dst_deix
   131                          	EXTERN ____sdcc_4_copy_src_mhl_dst_bcix
   132                          	EXTERN ____sdcc_4_copy_src_mhl_dst_mbc
   133                          	EXTERN ____sdcc_4_ldi_nosave_bc
   134                          	EXTERN ____sdcc_4_ldi_save_bc
   135                          	EXTERN ____sdcc_4_push_hlix
   136                          	EXTERN ____sdcc_4_push_mhl
   137                          	EXTERN ____sdcc_lib_setmem_hl
   138                          	EXTERN ____sdcc_ll_add_de_bc_hl
   139                          	EXTERN ____sdcc_ll_add_de_bc_hlix
   140                          	EXTERN ____sdcc_ll_add_de_hlix_bc
   141                          	EXTERN ____sdcc_ll_add_de_hlix_bcix
   142                          	EXTERN ____sdcc_ll_add_deix_bc_hl
   143                          	EXTERN ____sdcc_ll_add_deix_hlix
   144                          	EXTERN ____sdcc_ll_add_hlix_bc_deix
   145                          	EXTERN ____sdcc_ll_add_hlix_deix_bc
   146                          	EXTERN ____sdcc_ll_add_hlix_deix_bcix
   147                          	EXTERN ____sdcc_ll_asr_hlix_a
   148                          	EXTERN ____sdcc_ll_asr_mbc_a
   149                          	EXTERN ____sdcc_ll_copy_src_de_dst_hlix
   150                          	EXTERN ____sdcc_ll_copy_src_de_dst_hlsp
   151                          	EXTERN ____sdcc_ll_copy_src_deix_dst_hl
   152                          	EXTERN ____sdcc_ll_copy_src_deix_dst_hlix
   153                          	EXTERN ____sdcc_ll_copy_src_deixm_dst_hlsp
   154                          	EXTERN ____sdcc_ll_copy_src_desp_dst_hlsp
   155                          	EXTERN ____sdcc_ll_copy_src_hl_dst_de
   156                          	EXTERN ____sdcc_ll_copy_src_hlsp_dst_de
   157                          	EXTERN ____sdcc_ll_copy_src_hlsp_dst_deixm
   158                          	EXTERN ____sdcc_ll_lsl_hlix_a
   159                          	EXTERN ____sdcc_ll_lsl_mbc_a
   160                          	EXTERN ____sdcc_ll_lsr_hlix_a
   161                          	EXTERN ____sdcc_ll_lsr_mbc_a
   162                          	EXTERN ____sdcc_ll_push_hlix
   163                          	EXTERN ____sdcc_ll_push_mhl
   164                          	EXTERN ____sdcc_ll_sub_de_bc_hl
   165                          	EXTERN ____sdcc_ll_sub_de_bc_hlix
   166                          	EXTERN ____sdcc_ll_sub_de_hlix_bc
   167                          	EXTERN ____sdcc_ll_sub_de_hlix_bcix
   168                          	EXTERN ____sdcc_ll_sub_deix_bc_hl
   169                          	EXTERN ____sdcc_ll_sub_deix_hlix
   170                          	EXTERN ____sdcc_ll_sub_hlix_bc_deix
   171                          	EXTERN ____sdcc_ll_sub_hlix_deix_bc
   172                          	EXTERN ____sdcc_ll_sub_hlix_deix_bcix
   173                          	EXTERN ____sdcc_load_debc_deix
   174                          	EXTERN ____sdcc_load_dehl_deix
   175                          	EXTERN ____sdcc_load_debc_mhl
   176                          	EXTERN ____sdcc_load_hlde_mhl
   177                          	EXTERN ____sdcc_store_dehl_bcix
   178                          	EXTERN ____sdcc_store_debc_hlix
   179                          	EXTERN ____sdcc_store_debc_mhl
   180                          	EXTERN ____sdcc_cpu_pop_ei
   181                          	EXTERN ____sdcc_cpu_pop_ei_jp
   182                          	EXTERN ____sdcc_cpu_push_di
   183                          	EXTERN ____sdcc_outi
   184                          	EXTERN ____sdcc_outi_128
   185                          	EXTERN ____sdcc_outi_256
   186                          	EXTERN ____sdcc_ldi
   187                          	EXTERN ____sdcc_ldi_128
   188                          	EXTERN ____sdcc_ldi_256
   189                          	EXTERN ____sdcc_4_copy_srcd_hlix_dst_deix
   190                          	EXTERN ____sdcc_4_and_src_mbc_mhl_dst_deix
   191                          	EXTERN ____sdcc_4_or_src_mbc_mhl_dst_deix
   192                          	EXTERN ____sdcc_4_xor_src_mbc_mhl_dst_deix
   193                          	EXTERN ____sdcc_4_or_src_dehl_dst_bcix
   194                          	EXTERN ____sdcc_4_xor_src_dehl_dst_bcix
   195                          	EXTERN ____sdcc_4_and_src_dehl_dst_bcix
   196                          	EXTERN ____sdcc_4_xor_src_mbc_mhl_dst_debc
   197                          	EXTERN ____sdcc_4_or_src_mbc_mhl_dst_debc
   198                          	EXTERN ____sdcc_4_and_src_mbc_mhl_dst_debc
   199                          	EXTERN ____sdcc_4_cpl_src_mhl_dst_debc
   200                          	EXTERN ____sdcc_4_xor_src_debc_mhl_dst_debc
   201                          	EXTERN ____sdcc_4_or_src_debc_mhl_dst_debc
   202                          	EXTERN ____sdcc_4_and_src_debc_mhl_dst_debc
   203                          	EXTERN ____sdcc_4_and_src_debc_hlix_dst_debc
   204                          	EXTERN ____sdcc_4_or_src_debc_hlix_dst_debc
   205                          	EXTERN ____sdcc_4_xor_src_debc_hlix_dst_debc
   206                          
   207                          ;--------------------------------------------------------
   208                          ; Public variables in this module
   209                          ;--------------------------------------------------------
   210                          	GLOBAL _display_user_control_type
   211                          	GLOBAL _change_user_control_type
   212                          	GLOBAL _start_controls_menu
   213                          ;--------------------------------------------------------
   214                          ; Externals used
   215                          ;--------------------------------------------------------
   216                          	GLOBAL _redefine_keys_menu
   217                          	GLOBAL _menu_go_back
   218                          	GLOBAL _handle_std_menu
   219                          	GLOBAL _read_menu_input
   220                          	GLOBAL _diplay_profile
   221                          	GLOBAL _lfont_set_palette
   222                          	GLOBAL _lfont_clear_remaining_line
   223                          	GLOBAL _lfont_write_text
   224                          	GLOBAL _lfont_write_char
   225                          	GLOBAL _lfont_set_position
   226                          	GLOBAL _game_settings
   227                          	GLOBAL _ppponent_profile
   228                          ;--------------------------------------------------------
   229                          ; special function registers
   230                          ;--------------------------------------------------------
   231                          ;--------------------------------------------------------
   232                          ; ram data
   233                          ;--------------------------------------------------------
   234                          	SECTION bss_compiler
   235                          ;--------------------------------------------------------
   236                          ; ram data
   237                          ;--------------------------------------------------------
   238                          
   239                          IF 0
   240                          
   241                          ; .area _INITIALIZED removed by z88dk
   242                          
   243                          _user_control_names:
   244                          	DEFS 8
   245                          _user_control_menu:
   246                          	DEFS 30
   247                          
   248                          ENDIF
   249                          
   250                          ;--------------------------------------------------------
   251                          ; absolute external ram data
   252                          ;--------------------------------------------------------
   253                          	SECTION IGNORE
   254                          ;--------------------------------------------------------
   255                          ; global & static initialisations
   256                          ;--------------------------------------------------------
   257                          	SECTION code_crt_init
   258                          ;--------------------------------------------------------
   259                          ; Home
   260                          ;--------------------------------------------------------
   261                          	SECTION IGNORE
   262                          ;--------------------------------------------------------
   263                          ; code
   264                          ;--------------------------------------------------------
   265                          	SECTION BANK_8
   266                          ;menu_controls.c:24: game_settings.user_control_type[entry] = (game_settings.user_control_type[entry] + 1) % SURFACE_TYPE_COUNT;
   267                          ;	---------------------------------
   268                          ; Function change_user_control_type
   269                          ; ---------------------------------
   270                          _change_user_control_type:
   271  0000  cd0000            	call	___sdcc_enter_ix
   272                          ;menu_controls.c:26: }
   273  0003  dd4e00            	ld	c,(ix+4)
   274  0006  0600              	ld	b,0x00
   275  0008  210000            	ld	hl,+(_game_settings + 1)
   276  000b  09                	add	hl, bc
   277  000c  4e                	ld	c, (hl)
   278  000d  0600              	ld	b,0x00
   279  000f  03                	inc	bc
   280  0010  e5                	push	hl
   281  0011  110000            	ld	de,0x0004
   282  0014  d5                	push	de
   283  0015  c5                	push	bc
   284  0016  cd0000            	call	__modsint_callee
   285  0019  eb                	ex	de, hl
   286  001a  e1                	pop	hl
   287  001b  73                	ld	(hl), e
   288                          ;menu_controls.c:27:
   289  001c  2e00              	ld	l,0xff
   290                          ;menu_controls.c:28: void display_user_control_type(int8_t entry)
   291  001e  dde1              	pop	ix
   292  0020  c9                	ret
   293                          ;menu_controls.c:30: lfont_write_text(user_control_names[game_settings.user_control_type[entry]]);
   294                          ;	---------------------------------
   295                          ; Function display_user_control_type
   296                          ; ---------------------------------
   297                          _display_user_control_type:
   298  0021  cd0000            	call	___sdcc_enter_ix
   299                          ;menu_controls.c:32: }
   300  0024  010000            	ld	bc,_user_control_names+0
   301  0027  dd5e00            	ld	e,(ix+4)
   302  002a  1600              	ld	d,0x00
   303  002c  210000            	ld	hl,+(_game_settings + 1)
   304  002f  19                	add	hl, de
   305  0030  6e                	ld	l, (hl)
   306  0031  2600              	ld	h,0x00
   307  0033  29                	add	hl, hl
   308  0034  09                	add	hl, bc
   309  0035  4e                	ld	c, (hl)
   310  0036  23                	inc	hl
   311  0037  46                	ld	b, (hl)
   312  0038  c5                	push	bc
   313  0039  cd0000            	call	_lfont_write_text
   314  003c  f1                	pop	af
   315                          ;menu_controls.c:33:
   316                          ;menu_controls.c:34: static MenuEntry user_control_menu[] = {
   317  003d  dde1              	pop	ix
   318  003f  c30000            	jp	_lfont_clear_remaining_line
   319                          ;menu_controls.c:43: (void)entry;
   320                          ;	---------------------------------
   321                          ; Function start_controls_menu
   322                          ; ---------------------------------
   323                          _start_controls_menu:
   324  0042  cd0000            	call	___sdcc_enter_ix
   325                          ;menu_controls.c:46: ERROR: no line number 46 in file menu_controls.c
   326  0045  af                	xor	a, a
   327  0046  57                	ld	d,a
   328  0047  1e00              	ld	e,0x17
   329  0049  d5                	push	de
   330  004a  3e00              	ld	a,0x05
   331  004c  f5                	push	af
   332  004d  33                	inc	sp
   333  004e  210000            	ld	hl,_user_control_menu
   334  0051  e5                	push	hl
   335  0052  cd0000            	call	_handle_std_menu
   336  0055  f1                	pop	af
   337  0056  f1                	pop	af
   338  0057  33                	inc	sp
   339                          ;menu_controls.c:47: ERROR: no line number 47 in file menu_controls.c
   340  0058  dde1              	pop	ix
   341  005a  c9                	ret
   342                          	SECTION rodata_compiler
   343                          ___str_0:
   344  0000  4b45595345542031  	DEFM "KEYSET 1"
   345  0008  00                	DEFB 0x00
   346                          	SECTION rodata_compiler
   347                          ___str_1:
   348  0009  4a4f59535449434b  	DEFM "JOYSTICK 1"
              2031              
   349  0013  00                	DEFB 0x00
   350                          	SECTION rodata_compiler
   351                          ___str_2:
   352  0014  4b45595345542032  	DEFM "KEYSET 2"
   353  001c  00                	DEFB 0x00
   354                          	SECTION rodata_compiler
   355                          ___str_3:
   356  001d  4a4f59535449434b  	DEFM "JOYSTICK 2"
              2000              
   357  0027  00                	DEFB 0x00
   358                          	SECTION rodata_compiler
   359                          ___str_4:
   360  0028  5004410045010031  	DEFM "PLAYER 1: "
              3a20              
   361  0032  00                	DEFB 0x00
   362                          	SECTION rodata_compiler
   363                          ___str_5:
   364  0033  504c415945522000  	DEFM "PLAYER 2: "
              0020              
   365  003d  00                	DEFB 0x00
   366                          	SECTION rodata_compiler
   367                          ___str_6:
   368  003e  5245000046000045  	DEFM "REDEFINE KEYSET 1"
              204b175953055420  
              31                
   369  004f  00                	DEFB 0x00
   370                          	SECTION rodata_compiler
   371                          ___str_7:
   372  0050  0045440000494e45  	DEFM "REDEFINE KEYSET 2"
              204b455953455420  
              32                
   373  0061  00                	DEFB 0x00
   374                          	SECTION rodata_compiler
   375                          ___str_8:
   376  0062  4241434b          	DEFM "BACK"
   377  0066  00                	DEFB 0x00
   378                          	SECTION data_compiler
   379                          _user_control_names:
   380  0000  0000              	DEFW ___str_0
   381  0002  0900              	DEFW ___str_1
   382  0004  1400              	DEFW ___str_2
   383  0006  1d00              	DEFW ___str_3
   384                          _user_control_menu:
   385  0008  2800              	DEFW ___str_4
   386  000a  0000              	DEFW _change_user_control_type
   387  000c  2100              	DEFW _display_user_control_type
   388  000e  3300              	DEFW ___str_5
   389  0010  0000              	DEFW _change_user_control_type
   390  0012  2100              	DEFW _display_user_control_type
   391  0014  3e00              	DEFW ___str_6
   392  0016  0000              	DEFW _redefine_keys_menu
   393  0018  0000              	DEFW +0x0000
   394  001a  5000              	DEFW ___str_7
   395  001c  0000              	DEFW _redefine_keys_menu
   396  001e  0000              	DEFW +0x0000
   397  0020  6200              	DEFW ___str_8
   398  0022  0000              	DEFW _menu_go_back
   399  0024  0000              	DEFW +0x0000
   400                          	SECTION IGNORE
   401                          
