/tmp/tmpBUhCKPpL.asm:
     1                          MODULE menu_main_c
     2                          LINE 0, "menu_main.c"
menu_main.c:
                                
     1                          ;--------------------------------------------------------
     2                          ; File Created by SDCC : free open source ISO C Compiler
     3                          ; Version 4.3.0 #14210 (Mac OS X ppc)
     4                          ;--------------------------------------------------------
     5                          	.zxn
     6                          ; Processed by Z88DK
     7                          ;--------------------------------------------------------
     8                          
     9                          	EXTERN __divschar
    10                          	EXTERN __divschar_callee
    11                          	EXTERN __divsint
    12                          	EXTERN __divsint_callee
    13                          	EXTERN __divslong
    14                          	EXTERN __divslong_callee
    15                          	EXTERN __divslonglong
    16                          	EXTERN __divslonglong_callee
    17                          	EXTERN __divsuchar
    18                          	EXTERN __divsuchar_callee
    19                          	EXTERN __divuchar
    20                          	EXTERN __divuchar_callee
    21                          	EXTERN __divuint
    22                          	EXTERN __divuint_callee
    23                          	EXTERN __divulong
    24                          	EXTERN __divulong_callee
    25                          	EXTERN __divulonglong
    26                          	EXTERN __divulonglong_callee
    27                          	EXTERN __divuschar
    28                          	EXTERN __divuschar_callee
    29                          	EXTERN __modschar
    30                          	EXTERN __modschar_callee
    31                          	EXTERN __modsint
    32                          	EXTERN __modsint_callee
    33                          	EXTERN __modslong
    34                          	EXTERN __modslong_callee
    35                          	EXTERN __modslonglong
    36                          	EXTERN __modslonglong_callee
    37                          	EXTERN __modsuchar
    38                          	EXTERN __modsuchar_callee
    39                          	EXTERN __moduchar
    40                          	EXTERN __moduchar_callee
    41                          	EXTERN __moduint
    42                          	EXTERN __moduint_callee
    43                          	EXTERN __modulong
    44                          	EXTERN __modulong_callee
    45                          	EXTERN __modulonglong
    46                          	EXTERN __modulonglong_callee
    47                          	EXTERN __moduschar
    48                          	EXTERN __moduschar_callee
    49                          	EXTERN __mulint
    50                          	EXTERN __mulint_callee
    51                          	EXTERN __mullong
    52                          	EXTERN __mullong_callee
    53                          	EXTERN __mullonglong
    54                          	EXTERN __mullonglong_callee
    55                          	EXTERN __mulschar
    56                          	EXTERN __mulschar_callee
    57                          	EXTERN __mulsuchar
    58                          	EXTERN __mulsuchar_callee
    59                          	EXTERN __muluchar
    60                          	EXTERN __muluchar_callee
    61                          	EXTERN __muluschar
    62                          	EXTERN __muluschar_callee
    63                          	EXTERN __rlslonglong
    64                          	EXTERN __rlslonglong_callee
    65                          	EXTERN __rlulonglong
    66                          	EXTERN __rlulonglong_callee
    67                          	EXTERN __rrslonglong
    68                          	EXTERN __rrslonglong_callee
    69                          	EXTERN __rrulonglong
    70                          	EXTERN __rrulonglong_callee
    71                          	EXTERN ___mulsint2slong
    72                          	EXTERN ___mulsint2slong_callee
    73                          	EXTERN ___muluint2ulong
    74                          	EXTERN ___muluint2ulong_callee
    75                          	EXTERN ___sdcc_call_hl
    76                          	EXTERN ___sdcc_call_iy
    77                          	EXTERN ___sdcc_enter_ix
    78                          	EXTERN banked_call
    79                          	EXTERN _banked_ret
    80                          	EXTERN ___fs2schar
    81                          	EXTERN ___fs2schar_callee
    82                          	EXTERN ___fs2sint
    83                          	EXTERN ___fs2sint_callee
    84                          	EXTERN ___fs2slong
    85                          	EXTERN ___fs2slong_callee
    86                          	EXTERN ___fs2slonglong
    87                          	EXTERN ___fs2slonglong_callee
    88                          	EXTERN ___fs2uchar
    89                          	EXTERN ___fs2uchar_callee
    90                          	EXTERN ___fs2uint
    91                          	EXTERN ___fs2uint_callee
    92                          	EXTERN ___fs2ulong
    93                          	EXTERN ___fs2ulong_callee
    94                          	EXTERN ___fs2ulonglong
    95                          	EXTERN ___fs2ulonglong_callee
    96                          	EXTERN ___fsadd
    97                          	EXTERN ___fsadd_callee
    98                          	EXTERN ___fsdiv
    99                          	EXTERN ___fsdiv_callee
   100                          	EXTERN ___fseq
   101                          	EXTERN ___fseq_callee
   102                          	EXTERN ___fsgt
   103                          	EXTERN ___fsgt_callee
   104                          	EXTERN ___fslt
   105                          	EXTERN ___fslt_callee
   106                          	EXTERN ___fsmul
   107                          	EXTERN ___fsmul_callee
   108                          	EXTERN ___fsneq
   109                          	EXTERN ___fsneq_callee
   110                          	EXTERN ___fssub
   111                          	EXTERN ___fssub_callee
   112                          	EXTERN ___schar2fs
   113                          	EXTERN ___schar2fs_callee
   114                          	EXTERN ___sint2fs
   115                          	EXTERN ___sint2fs_callee
   116                          	EXTERN ___slong2fs
   117                          	EXTERN ___slong2fs_callee
   118                          	EXTERN ___slonglong2fs
   119                          	EXTERN ___slonglong2fs_callee
   120                          	EXTERN ___uchar2fs
   121                          	EXTERN ___uchar2fs_callee
   122                          	EXTERN ___uint2fs
   123                          	EXTERN ___uint2fs_callee
   124                          	EXTERN ___ulong2fs
   125                          	EXTERN ___ulong2fs_callee
   126                          	EXTERN ___ulonglong2fs
   127                          	EXTERN ___ulonglong2fs_callee
   128                          	EXTERN ____sdcc_2_copy_src_mhl_dst_deix
   129                          	EXTERN ____sdcc_2_copy_src_mhl_dst_bcix
   130                          	EXTERN ____sdcc_4_copy_src_mhl_dst_deix
   131                          	EXTERN ____sdcc_4_copy_src_mhl_dst_bcix
   132                          	EXTERN ____sdcc_4_copy_src_mhl_dst_mbc
   133                          	EXTERN ____sdcc_4_ldi_nosave_bc
   134                          	EXTERN ____sdcc_4_ldi_save_bc
   135                          	EXTERN ____sdcc_4_push_hlix
   136                          	EXTERN ____sdcc_4_push_mhl
   137                          	EXTERN ____sdcc_lib_setmem_hl
   138                          	EXTERN ____sdcc_ll_add_de_bc_hl
   139                          	EXTERN ____sdcc_ll_add_de_bc_hlix
   140                          	EXTERN ____sdcc_ll_add_de_hlix_bc
   141                          	EXTERN ____sdcc_ll_add_de_hlix_bcix
   142                          	EXTERN ____sdcc_ll_add_deix_bc_hl
   143                          	EXTERN ____sdcc_ll_add_deix_hlix
   144                          	EXTERN ____sdcc_ll_add_hlix_bc_deix
   145                          	EXTERN ____sdcc_ll_add_hlix_deix_bc
   146                          	EXTERN ____sdcc_ll_add_hlix_deix_bcix
   147                          	EXTERN ____sdcc_ll_asr_hlix_a
   148                          	EXTERN ____sdcc_ll_asr_mbc_a
   149                          	EXTERN ____sdcc_ll_copy_src_de_dst_hlix
   150                          	EXTERN ____sdcc_ll_copy_src_de_dst_hlsp
   151                          	EXTERN ____sdcc_ll_copy_src_deix_dst_hl
   152                          	EXTERN ____sdcc_ll_copy_src_deix_dst_hlix
   153                          	EXTERN ____sdcc_ll_copy_src_deixm_dst_hlsp
   154                          	EXTERN ____sdcc_ll_copy_src_desp_dst_hlsp
   155                          	EXTERN ____sdcc_ll_copy_src_hl_dst_de
   156                          	EXTERN ____sdcc_ll_copy_src_hlsp_dst_de
   157                          	EXTERN ____sdcc_ll_copy_src_hlsp_dst_deixm
   158                          	EXTERN ____sdcc_ll_lsl_hlix_a
   159                          	EXTERN ____sdcc_ll_lsl_mbc_a
   160                          	EXTERN ____sdcc_ll_lsr_hlix_a
   161                          	EXTERN ____sdcc_ll_lsr_mbc_a
   162                          	EXTERN ____sdcc_ll_push_hlix
   163                          	EXTERN ____sdcc_ll_push_mhl
   164                          	EXTERN ____sdcc_ll_sub_de_bc_hl
   165                          	EXTERN ____sdcc_ll_sub_de_bc_hlix
   166                          	EXTERN ____sdcc_ll_sub_de_hlix_bc
   167                          	EXTERN ____sdcc_ll_sub_de_hlix_bcix
   168                          	EXTERN ____sdcc_ll_sub_deix_bc_hl
   169                          	EXTERN ____sdcc_ll_sub_deix_hlix
   170                          	EXTERN ____sdcc_ll_sub_hlix_bc_deix
   171                          	EXTERN ____sdcc_ll_sub_hlix_deix_bc
   172                          	EXTERN ____sdcc_ll_sub_hlix_deix_bcix
   173                          	EXTERN ____sdcc_load_debc_deix
   174                          	EXTERN ____sdcc_load_dehl_deix
   175                          	EXTERN ____sdcc_load_debc_mhl
   176                          	EXTERN ____sdcc_load_hlde_mhl
   177                          	EXTERN ____sdcc_store_dehl_bcix
   178                          	EXTERN ____sdcc_store_debc_hlix
   179                          	EXTERN ____sdcc_store_debc_mhl
   180                          	EXTERN ____sdcc_cpu_pop_ei
   181                          	EXTERN ____sdcc_cpu_pop_ei_jp
   182                          	EXTERN ____sdcc_cpu_push_di
   183                          	EXTERN ____sdcc_outi
   184                          	EXTERN ____sdcc_outi_128
   185                          	EXTERN ____sdcc_outi_256
   186                          	EXTERN ____sdcc_ldi
   187                          	EXTERN ____sdcc_ldi_128
   188                          	EXTERN ____sdcc_ldi_256
   189                          	EXTERN ____sdcc_4_copy_srcd_hlix_dst_deix
   190                          	EXTERN ____sdcc_4_and_src_mbc_mhl_dst_deix
   191                          	EXTERN ____sdcc_4_or_src_mbc_mhl_dst_deix
   192                          	EXTERN ____sdcc_4_xor_src_mbc_mhl_dst_deix
   193                          	EXTERN ____sdcc_4_or_src_dehl_dst_bcix
   194                          	EXTERN ____sdcc_4_xor_src_dehl_dst_bcix
   195                          	EXTERN ____sdcc_4_and_src_dehl_dst_bcix
   196                          	EXTERN ____sdcc_4_xor_src_mbc_mhl_dst_debc
   197                          	EXTERN ____sdcc_4_or_src_mbc_mhl_dst_debc
   198                          	EXTERN ____sdcc_4_and_src_mbc_mhl_dst_debc
   199                          	EXTERN ____sdcc_4_cpl_src_mhl_dst_debc
   200                          	EXTERN ____sdcc_4_xor_src_debc_mhl_dst_debc
   201                          	EXTERN ____sdcc_4_or_src_debc_mhl_dst_debc
   202                          	EXTERN ____sdcc_4_and_src_debc_mhl_dst_debc
   203                          	EXTERN ____sdcc_4_and_src_debc_hlix_dst_debc
   204                          	EXTERN ____sdcc_4_or_src_debc_hlix_dst_debc
   205                          	EXTERN ____sdcc_4_xor_src_debc_hlix_dst_debc
   206                          
   207                          ;--------------------------------------------------------
   208                          ; Public variables in this module
   209                          ;--------------------------------------------------------
   210                          	GLOBAL _simple_action
   211                          	GLOBAL _start_main_menu
   212                          ;--------------------------------------------------------
   213                          ; Externals used
   214                          ;--------------------------------------------------------
   215                          	GLOBAL _clear_tilemap
   216                          	GLOBAL _select_tilemap
   217                          	GLOBAL _player_choice_menu
   218                          	GLOBAL _swap_layer2_screen
   219                          	GLOBAL _load_layer2_shadow_screen
   220                          	GLOBAL _load_layer2_screen
   221                          	GLOBAL _diplay_profile
   222                          	GLOBAL _start_controls_menu
   223                          	GLOBAL _start_options_menu
   224                          	GLOBAL _menu_go_back
   225                          	GLOBAL _handle_std_menu
   226                          	GLOBAL _read_menu_input
   227                          	GLOBAL _tilemap
   228                          	GLOBAL _balloon_tilemap
   229                          	GLOBAL _menu_palette_end
   230                          	GLOBAL _menu_palette
   231                          	GLOBAL _menu_patterns
   232                          	GLOBAL _game_palette_end
   233                          	GLOBAL _game_palette
   234                          	GLOBAL _game_patterns
   235                          	GLOBAL _tiles
   236                          	GLOBAL _ly2_player_selection
   237                          	GLOBAL _ly2_intro_screen
   238                          	GLOBAL _ly2_court_sidney
   239                          	GLOBAL _ly2_court_madrid
   240                          	GLOBAL _ly2_court_london
   241                          	GLOBAL _game_settings
   242                          	GLOBAL _ppponent_profile
   243                          ;--------------------------------------------------------
   244                          ; special function registers
   245                          ;--------------------------------------------------------
   246                          ;--------------------------------------------------------
   247                          ; ram data
   248                          ;--------------------------------------------------------
   249                          	SECTION bss_compiler
   250                          ;--------------------------------------------------------
   251                          ; ram data
   252                          ;--------------------------------------------------------
   253                          
   254                          IF 0
   255                          
   256                          ; .area _INITIALIZED removed by z88dk
   257                          
   258                          _main_menu:
   259                          	DEFS 36
   260                          
   261                          ENDIF
   262                          
   263                          ;--------------------------------------------------------
   264                          ; absolute external ram data
   265                          ;--------------------------------------------------------
   266                          	SECTION IGNORE
   267                          ;--------------------------------------------------------
   268                          ; global & static initialisations
   269                          ;--------------------------------------------------------
   270                          	SECTION code_crt_init
   271                          ;--------------------------------------------------------
   272                          ; Home
   273                          ;--------------------------------------------------------
   274                          	SECTION IGNORE
   275                          ;--------------------------------------------------------
   276                          ; code
   277                          ;--------------------------------------------------------
   278                          	SECTION BANK_8
   279                          ;menu_main.c:23: return entry;
   280                          ;	---------------------------------
   281                          ; Function simple_action
   282                          ; ---------------------------------
   283                          _simple_action:
   284  0000  cd0000            	call	___sdcc_enter_ix
   285                          ;menu_main.c:25:
   286  0003  dd6e00            	ld	l,(ix+4)
   287                          ;menu_main.c:26: static MenuEntry main_menu[] = {
   288  0006  dde1              	pop	ix
   289  0008  c9                	ret
   290                          ;menu_main.c:36: select_tilemap(TILEMAP_MENU);
   291                          ;	---------------------------------
   292                          ; Function start_main_menu
   293                          ; ---------------------------------
   294                          _start_main_menu:
   295                          ;menu_main.c:38: game_settings.game_type = handle_std_menu(&main_menu, sizeof(main_menu) / sizeof(MenuEntry), MAIN_MENU_LEFT_COLUMN, true);
   296  0009  3e00              	ld	a,0x01
   297  000b  f5                	push	af
   298  000c  33                	inc	sp
   299  000d  cd0000            	call	_select_tilemap
   300  0010  33                	inc	sp
   301                          ;menu_main.c:39: // if (game_settings.game_type == GAME_TYPE_SINGLE_PLAYER)
   302  0011  210000            	ld	hl,0xc65b
   303  0014  e5                	push	hl
   304  0015  3e00              	ld	a,0x4a
   305  0017  f5                	push	af
   306  0018  33                	inc	sp
   307  0019  cd0000            	call	_load_layer2_screen
   308  001c  f1                	pop	af
   309  001d  33                	inc	sp
   310                          ;menu_main.c:40: // {
   311  001e  110000            	ld	de,0x011d
   312  0021  d5                	push	de
   313  0022  3e00              	ld	a,0x06
   314  0024  f5                	push	af
   315  0025  33                	inc	sp
   316  0026  210000            	ld	hl,_main_menu
   317  0029  e5                	push	hl
   318  002a  cd0000            	call	_handle_std_menu
   319  002d  f1                	pop	af
   320  002e  f1                	pop	af
   321  002f  33                	inc	sp
   322  0030  7d                	ld	a, l
   323  0031  320000            	ld	(_game_settings),a
   324                          ;menu_main.c:45: ERROR: no line number 45 in file menu_main.c
   325  0034  c9                	ret
   326                          	SECTION rodata_compiler
   327                          ___str_0:
   328  0000  4f4e4520504c4159  	DEFM "ONE PLAYER"
              4552              
   329  000a  00                	DEFB 0x00
   330                          	SECTION rodata_compiler
   331                          ___str_1:
   332  000b  54574f20504c4159  	DEFM "TWO PLAYERS"
              455253            
   333  0016  00                	DEFB 0x00
   334                          	SECTION rodata_compiler
   335                          ___str_2:
   336  0017  44454d4f          	DEFM "DEMO"
   337  001b  00                	DEFB 0x00
   338                          	SECTION rodata_compiler
   339                          ___str_3:
   340  001c  434f4e54524f4c53  	DEFM "CONTROLS"
   341  0024  00                	DEFB 0x00
   342                          	SECTION rodata_compiler
   343                          ___str_4:
   344  0025  4f5000004f4e00    	DEFM "OPTIONS"
   345  002c  00                	DEFB 0x00
   346                          	SECTION rodata_compiler
   347                          ___str_5:
   348  002d  43524544490000    	DEFM "CREDITS"
   349  0034  00                	DEFB 0x00
   350                          	SECTION data_compiler
   351                          _main_menu:
   352  0000  0000              	DEFW ___str_0
   353  0002  0000              	DEFW _player_choice_menu
   354  0004  0000              	DEFW +0x0000
   355  0006  0b00              	DEFW ___str_1
   356  0008  0000              	DEFW _simple_action
   357  000a  0000              	DEFW +0x0000
   358  000c  1700              	DEFW ___str_2
   359  000e  0000              	DEFW _simple_action
   360  0010  0000              	DEFW +0x0000
   361  0012  1c00              	DEFW ___str_3
   362  0014  0000              	DEFW _start_controls_menu
   363  0016  0000              	DEFW +0x0000
   364  0018  2500              	DEFW ___str_4
   365  001a  0000              	DEFW _start_options_menu
   366  001c  0000              	DEFW +0x0000
   367  001e  2d00              	DEFW ___str_5
   368  0020  0000              	DEFW +0x0000
   369  0022  0000              	DEFW +0x0000
   370                          	SECTION IGNORE
   371                          
