/tmp/tmpVJ9EBmvq.asm:
     1                          MODULE messages_c
     2                          LINE 0, "messages.c"
messages.c:
                                
     1                          ;--------------------------------------------------------
     2                          ; File Created by SDCC : free open source ISO C Compiler
     3                          ; Version 4.3.0 #14210 (Mac OS X ppc)
     4                          ;--------------------------------------------------------
     5                          	.zxn
     6                          ; Processed by Z88DK
     7                          ;--------------------------------------------------------
     8                          
     9                          	EXTERN __divschar
    10                          	EXTERN __divschar_callee
    11                          	EXTERN __divsint
    12                          	EXTERN __divsint_callee
    13                          	EXTERN __divslong
    14                          	EXTERN __divslong_callee
    15                          	EXTERN __divslonglong
    16                          	EXTERN __divslonglong_callee
    17                          	EXTERN __divsuchar
    18                          	EXTERN __divsuchar_callee
    19                          	EXTERN __divuchar
    20                          	EXTERN __divuchar_callee
    21                          	EXTERN __divuint
    22                          	EXTERN __divuint_callee
    23                          	EXTERN __divulong
    24                          	EXTERN __divulong_callee
    25                          	EXTERN __divulonglong
    26                          	EXTERN __divulonglong_callee
    27                          	EXTERN __divuschar
    28                          	EXTERN __divuschar_callee
    29                          	EXTERN __modschar
    30                          	EXTERN __modschar_callee
    31                          	EXTERN __modsint
    32                          	EXTERN __modsint_callee
    33                          	EXTERN __modslong
    34                          	EXTERN __modslong_callee
    35                          	EXTERN __modslonglong
    36                          	EXTERN __modslonglong_callee
    37                          	EXTERN __modsuchar
    38                          	EXTERN __modsuchar_callee
    39                          	EXTERN __moduchar
    40                          	EXTERN __moduchar_callee
    41                          	EXTERN __moduint
    42                          	EXTERN __moduint_callee
    43                          	EXTERN __modulong
    44                          	EXTERN __modulong_callee
    45                          	EXTERN __modulonglong
    46                          	EXTERN __modulonglong_callee
    47                          	EXTERN __moduschar
    48                          	EXTERN __moduschar_callee
    49                          	EXTERN __mulint
    50                          	EXTERN __mulint_callee
    51                          	EXTERN __mullong
    52                          	EXTERN __mullong_callee
    53                          	EXTERN __mullonglong
    54                          	EXTERN __mullonglong_callee
    55                          	EXTERN __mulschar
    56                          	EXTERN __mulschar_callee
    57                          	EXTERN __mulsuchar
    58                          	EXTERN __mulsuchar_callee
    59                          	EXTERN __muluchar
    60                          	EXTERN __muluchar_callee
    61                          	EXTERN __muluschar
    62                          	EXTERN __muluschar_callee
    63                          	EXTERN __rlslonglong
    64                          	EXTERN __rlslonglong_callee
    65                          	EXTERN __rlulonglong
    66                          	EXTERN __rlulonglong_callee
    67                          	EXTERN __rrslonglong
    68                          	EXTERN __rrslonglong_callee
    69                          	EXTERN __rrulonglong
    70                          	EXTERN __rrulonglong_callee
    71                          	EXTERN ___mulsint2slong
    72                          	EXTERN ___mulsint2slong_callee
    73                          	EXTERN ___muluint2ulong
    74                          	EXTERN ___muluint2ulong_callee
    75                          	EXTERN ___sdcc_call_hl
    76                          	EXTERN ___sdcc_call_iy
    77                          	EXTERN ___sdcc_enter_ix
    78                          	EXTERN banked_call
    79                          	EXTERN _banked_ret
    80                          	EXTERN ___fs2schar
    81                          	EXTERN ___fs2schar_callee
    82                          	EXTERN ___fs2sint
    83                          	EXTERN ___fs2sint_callee
    84                          	EXTERN ___fs2slong
    85                          	EXTERN ___fs2slong_callee
    86                          	EXTERN ___fs2slonglong
    87                          	EXTERN ___fs2slonglong_callee
    88                          	EXTERN ___fs2uchar
    89                          	EXTERN ___fs2uchar_callee
    90                          	EXTERN ___fs2uint
    91                          	EXTERN ___fs2uint_callee
    92                          	EXTERN ___fs2ulong
    93                          	EXTERN ___fs2ulong_callee
    94                          	EXTERN ___fs2ulonglong
    95                          	EXTERN ___fs2ulonglong_callee
    96                          	EXTERN ___fsadd
    97                          	EXTERN ___fsadd_callee
    98                          	EXTERN ___fsdiv
    99                          	EXTERN ___fsdiv_callee
   100                          	EXTERN ___fseq
   101                          	EXTERN ___fseq_callee
   102                          	EXTERN ___fsgt
   103                          	EXTERN ___fsgt_callee
   104                          	EXTERN ___fslt
   105                          	EXTERN ___fslt_callee
   106                          	EXTERN ___fsmul
   107                          	EXTERN ___fsmul_callee
   108                          	EXTERN ___fsneq
   109                          	EXTERN ___fsneq_callee
   110                          	EXTERN ___fssub
   111                          	EXTERN ___fssub_callee
   112                          	EXTERN ___schar2fs
   113                          	EXTERN ___schar2fs_callee
   114                          	EXTERN ___sint2fs
   115                          	EXTERN ___sint2fs_callee
   116                          	EXTERN ___slong2fs
   117                          	EXTERN ___slong2fs_callee
   118                          	EXTERN ___slonglong2fs
   119                          	EXTERN ___slonglong2fs_callee
   120                          	EXTERN ___uchar2fs
   121                          	EXTERN ___uchar2fs_callee
   122                          	EXTERN ___uint2fs
   123                          	EXTERN ___uint2fs_callee
   124                          	EXTERN ___ulong2fs
   125                          	EXTERN ___ulong2fs_callee
   126                          	EXTERN ___ulonglong2fs
   127                          	EXTERN ___ulonglong2fs_callee
   128                          	EXTERN ____sdcc_2_copy_src_mhl_dst_deix
   129                          	EXTERN ____sdcc_2_copy_src_mhl_dst_bcix
   130                          	EXTERN ____sdcc_4_copy_src_mhl_dst_deix
   131                          	EXTERN ____sdcc_4_copy_src_mhl_dst_bcix
   132                          	EXTERN ____sdcc_4_copy_src_mhl_dst_mbc
   133                          	EXTERN ____sdcc_4_ldi_nosave_bc
   134                          	EXTERN ____sdcc_4_ldi_save_bc
   135                          	EXTERN ____sdcc_4_push_hlix
   136                          	EXTERN ____sdcc_4_push_mhl
   137                          	EXTERN ____sdcc_lib_setmem_hl
   138                          	EXTERN ____sdcc_ll_add_de_bc_hl
   139                          	EXTERN ____sdcc_ll_add_de_bc_hlix
   140                          	EXTERN ____sdcc_ll_add_de_hlix_bc
   141                          	EXTERN ____sdcc_ll_add_de_hlix_bcix
   142                          	EXTERN ____sdcc_ll_add_deix_bc_hl
   143                          	EXTERN ____sdcc_ll_add_deix_hlix
   144                          	EXTERN ____sdcc_ll_add_hlix_bc_deix
   145                          	EXTERN ____sdcc_ll_add_hlix_deix_bc
   146                          	EXTERN ____sdcc_ll_add_hlix_deix_bcix
   147                          	EXTERN ____sdcc_ll_asr_hlix_a
   148                          	EXTERN ____sdcc_ll_asr_mbc_a
   149                          	EXTERN ____sdcc_ll_copy_src_de_dst_hlix
   150                          	EXTERN ____sdcc_ll_copy_src_de_dst_hlsp
   151                          	EXTERN ____sdcc_ll_copy_src_deix_dst_hl
   152                          	EXTERN ____sdcc_ll_copy_src_deix_dst_hlix
   153                          	EXTERN ____sdcc_ll_copy_src_deixm_dst_hlsp
   154                          	EXTERN ____sdcc_ll_copy_src_desp_dst_hlsp
   155                          	EXTERN ____sdcc_ll_copy_src_hl_dst_de
   156                          	EXTERN ____sdcc_ll_copy_src_hlsp_dst_de
   157                          	EXTERN ____sdcc_ll_copy_src_hlsp_dst_deixm
   158                          	EXTERN ____sdcc_ll_lsl_hlix_a
   159                          	EXTERN ____sdcc_ll_lsl_mbc_a
   160                          	EXTERN ____sdcc_ll_lsr_hlix_a
   161                          	EXTERN ____sdcc_ll_lsr_mbc_a
   162                          	EXTERN ____sdcc_ll_push_hlix
   163                          	EXTERN ____sdcc_ll_push_mhl
   164                          	EXTERN ____sdcc_ll_sub_de_bc_hl
   165                          	EXTERN ____sdcc_ll_sub_de_bc_hlix
   166                          	EXTERN ____sdcc_ll_sub_de_hlix_bc
   167                          	EXTERN ____sdcc_ll_sub_de_hlix_bcix
   168                          	EXTERN ____sdcc_ll_sub_deix_bc_hl
   169                          	EXTERN ____sdcc_ll_sub_deix_hlix
   170                          	EXTERN ____sdcc_ll_sub_hlix_bc_deix
   171                          	EXTERN ____sdcc_ll_sub_hlix_deix_bc
   172                          	EXTERN ____sdcc_ll_sub_hlix_deix_bcix
   173                          	EXTERN ____sdcc_load_debc_deix
   174                          	EXTERN ____sdcc_load_dehl_deix
   175                          	EXTERN ____sdcc_load_debc_mhl
   176                          	EXTERN ____sdcc_load_hlde_mhl
   177                          	EXTERN ____sdcc_store_dehl_bcix
   178                          	EXTERN ____sdcc_store_debc_hlix
   179                          	EXTERN ____sdcc_store_debc_mhl
   180                          	EXTERN ____sdcc_cpu_pop_ei
   181                          	EXTERN ____sdcc_cpu_pop_ei_jp
   182                          	EXTERN ____sdcc_cpu_push_di
   183                          	EXTERN ____sdcc_outi
   184                          	EXTERN ____sdcc_outi_128
   185                          	EXTERN ____sdcc_outi_256
   186                          	EXTERN ____sdcc_ldi
   187                          	EXTERN ____sdcc_ldi_128
   188                          	EXTERN ____sdcc_ldi_256
   189                          	EXTERN ____sdcc_4_copy_srcd_hlix_dst_deix
   190                          	EXTERN ____sdcc_4_and_src_mbc_mhl_dst_deix
   191                          	EXTERN ____sdcc_4_or_src_mbc_mhl_dst_deix
   192                          	EXTERN ____sdcc_4_xor_src_mbc_mhl_dst_deix
   193                          	EXTERN ____sdcc_4_or_src_dehl_dst_bcix
   194                          	EXTERN ____sdcc_4_xor_src_dehl_dst_bcix
   195                          	EXTERN ____sdcc_4_and_src_dehl_dst_bcix
   196                          	EXTERN ____sdcc_4_xor_src_mbc_mhl_dst_debc
   197                          	EXTERN ____sdcc_4_or_src_mbc_mhl_dst_debc
   198                          	EXTERN ____sdcc_4_and_src_mbc_mhl_dst_debc
   199                          	EXTERN ____sdcc_4_cpl_src_mhl_dst_debc
   200                          	EXTERN ____sdcc_4_xor_src_debc_mhl_dst_debc
   201                          	EXTERN ____sdcc_4_or_src_debc_mhl_dst_debc
   202                          	EXTERN ____sdcc_4_and_src_debc_mhl_dst_debc
   203                          	EXTERN ____sdcc_4_and_src_debc_hlix_dst_debc
   204                          	EXTERN ____sdcc_4_or_src_debc_hlix_dst_debc
   205                          	EXTERN ____sdcc_4_xor_src_debc_hlix_dst_debc
   206                          
   207                          ;--------------------------------------------------------
   208                          ; Public variables in this module
   209                          ;--------------------------------------------------------
   210                          	GLOBAL _clean_message_area
   211                          	GLOBAL _count_down
   212                          	GLOBAL _send_message
   213                          	GLOBAL _update_messages
   214                          ;--------------------------------------------------------
   215                          ; Externals used
   216                          ;--------------------------------------------------------
   217                          	GLOBAL _float_to_string
   218                          	GLOBAL _xy_in_boundary
   219                          	GLOBAL _point_in_boundary
   220                          	GLOBAL _x_projection
   221                          	GLOBAL _clear_tilemap
   222                          	GLOBAL _select_tilemap
   223                          	GLOBAL _ffsll_callee
   224                          	GLOBAL _ffsll
   225                          	GLOBAL _strxfrm_callee
   226                          	GLOBAL _strxfrm
   227                          	GLOBAL _strupr_fastcall
   228                          	GLOBAL _strupr
   229                          	GLOBAL _strtok_r_callee
   230                          	GLOBAL _strtok_r
   231                          	GLOBAL _strtok_callee
   232                          	GLOBAL _strtok
   233                          	GLOBAL _strstrip_fastcall
   234                          	GLOBAL _strstrip
   235                          	GLOBAL _strstr_callee
   236                          	GLOBAL _strstr
   237                          	GLOBAL _strspn_callee
   238                          	GLOBAL _strspn
   239                          	GLOBAL _strsep_callee
   240                          	GLOBAL _strsep
   241                          	GLOBAL _strrstrip_fastcall
   242                          	GLOBAL _strrstrip
   243                          	GLOBAL _strrstr_callee
   244                          	GLOBAL _strrstr
   245                          	GLOBAL _strrspn_callee
   246                          	GLOBAL _strrspn
   247                          	GLOBAL _strrev_fastcall
   248                          	GLOBAL _strrev
   249                          	GLOBAL _strrcspn_callee
   250                          	GLOBAL _strrcspn
   251                          	GLOBAL _strrchr_callee
   252                          	GLOBAL _strrchr
   253                          	GLOBAL _strpbrk_callee
   254                          	GLOBAL _strpbrk
   255                          	GLOBAL _strnlen_callee
   256                          	GLOBAL _strnlen
   257                          	GLOBAL _strnicmp_callee
   258                          	GLOBAL _strnicmp
   259                          	GLOBAL _strndup_callee
   260                          	GLOBAL _strndup
   261                          	GLOBAL _strncpy_callee
   262                          	GLOBAL _strncpy
   263                          	GLOBAL _strncmp_callee
   264                          	GLOBAL _strncmp
   265                          	GLOBAL _strnchr_callee
   266                          	GLOBAL _strnchr
   267                          	GLOBAL _strncat_callee
   268                          	GLOBAL _strncat
   269                          	GLOBAL _strncasecmp_callee
   270                          	GLOBAL _strncasecmp
   271                          	GLOBAL _strlwr_fastcall
   272                          	GLOBAL _strlwr
   273                          	GLOBAL _strlen_fastcall
   274                          	GLOBAL _strlen
   275                          	GLOBAL _strlcpy_callee
   276                          	GLOBAL _strlcpy
   277                          	GLOBAL _strlcat_callee
   278                          	GLOBAL _strlcat
   279                          	GLOBAL _stricmp_callee
   280                          	GLOBAL _stricmp
   281                          	GLOBAL _strerror_fastcall
   282                          	GLOBAL _strerror
   283                          	GLOBAL _strdup_fastcall
   284                          	GLOBAL _strdup
   285                          	GLOBAL _strcspn_callee
   286                          	GLOBAL _strcspn
   287                          	GLOBAL _strcpy_callee
   288                          	GLOBAL _strcpy
   289                          	GLOBAL _strcoll_callee
   290                          	GLOBAL _strcoll
   291                          	GLOBAL _strcmp_callee
   292                          	GLOBAL _strcmp
   293                          	GLOBAL _strchrnul_callee
   294                          	GLOBAL _strchrnul
   295                          	GLOBAL _strchr_callee
   296                          	GLOBAL _strchr
   297                          	GLOBAL _strcat_callee
   298                          	GLOBAL _strcat
   299                          	GLOBAL _strcasecmp_callee
   300                          	GLOBAL _strcasecmp
   301                          	GLOBAL _stpncpy_callee
   302                          	GLOBAL _stpncpy
   303                          	GLOBAL _stpcpy_callee
   304                          	GLOBAL _stpcpy
   305                          	GLOBAL _memswap_callee
   306                          	GLOBAL _memswap
   307                          	GLOBAL _memset_wr_callee
   308                          	GLOBAL _memset_wr
   309                          	GLOBAL _memset_callee
   310                          	GLOBAL _memset
   311                          	GLOBAL _memrchr_callee
   312                          	GLOBAL _memrchr
   313                          	GLOBAL _memmove_callee
   314                          	GLOBAL _memmove
   315                          	GLOBAL _memmem_callee
   316                          	GLOBAL _memmem
   317                          	GLOBAL _memcpy_callee
   318                          	GLOBAL _memcpy
   319                          	GLOBAL _memcmp_callee
   320                          	GLOBAL _memcmp
   321                          	GLOBAL _memchr_callee
   322                          	GLOBAL _memchr
   323                          	GLOBAL _memccpy_callee
   324                          	GLOBAL _memccpy
   325                          	GLOBAL _ffsl_fastcall
   326                          	GLOBAL _ffsl
   327                          	GLOBAL _ffs_fastcall
   328                          	GLOBAL _ffs
   329                          	GLOBAL __strrstrip__fastcall
   330                          	GLOBAL __strrstrip_
   331                          	GLOBAL __memupr__callee
   332                          	GLOBAL __memupr_
   333                          	GLOBAL __memstrcpy__callee
   334                          	GLOBAL __memstrcpy_
   335                          	GLOBAL __memlwr__callee
   336                          	GLOBAL __memlwr_
   337                          	GLOBAL _rawmemchr_callee
   338                          	GLOBAL _rawmemchr
   339                          	GLOBAL _strnset_callee
   340                          	GLOBAL _strnset
   341                          	GLOBAL _strset_callee
   342                          	GLOBAL _strset
   343                          	GLOBAL _rindex_callee
   344                          	GLOBAL _rindex
   345                          	GLOBAL _index_callee
   346                          	GLOBAL _index
   347                          	GLOBAL _bzero_callee
   348                          	GLOBAL _bzero
   349                          	GLOBAL _bcopy_callee
   350                          	GLOBAL _bcopy
   351                          	GLOBAL _bcmp_callee
   352                          	GLOBAL _bcmp
   353                          	GLOBAL _tilemap
   354                          	GLOBAL _balloon_tilemap
   355                          	GLOBAL _menu_palette_end
   356                          	GLOBAL _menu_palette
   357                          	GLOBAL _menu_patterns
   358                          	GLOBAL _game_palette_end
   359                          	GLOBAL _game_palette
   360                          	GLOBAL _game_patterns
   361                          	GLOBAL _tiles
   362                          	GLOBAL _court_boundaries
   363                          ;--------------------------------------------------------
   364                          ; special function registers
   365                          ;--------------------------------------------------------
   366                          ;--------------------------------------------------------
   367                          ; ram data
   368                          ;--------------------------------------------------------
   369                          	SECTION bss_compiler
   370                          ;--------------------------------------------------------
   371                          ; ram data
   372                          ;--------------------------------------------------------
   373                          
   374                          IF 0
   375                          
   376                          ; .area _INITIALIZED removed by z88dk
   377                          
   378                          _count_down:
   379                          	DEFS 2
   380                          
   381                          ENDIF
   382                          
   383                          ;--------------------------------------------------------
   384                          ; absolute external ram data
   385                          ;--------------------------------------------------------
   386                          	SECTION IGNORE
   387                          ;--------------------------------------------------------
   388                          ; global & static initialisations
   389                          ;--------------------------------------------------------
   390                          	SECTION code_crt_init
   391                          ;--------------------------------------------------------
   392                          ; Home
   393                          ;--------------------------------------------------------
   394                          	SECTION IGNORE
   395                          ;--------------------------------------------------------
   396                          ; code
   397                          ;--------------------------------------------------------
   398                          	SECTION BANK_8
   399                          ;messages.c:18: for (uint8_t i = 0; i < MESSAGE_LENGTH; i++)
   400                          ;	---------------------------------
   401                          ; Function clean_message_area
   402                          ; ---------------------------------
   403                          _clean_message_area:
   404                          ;messages.c:20: tilemap[MESSAGE_LINE][MESSAGE_COL + i].character = 0x00;
   405  0000  010004            	ld	bc,_tilemap+1120
   406  0003  1e00              	ld	e,0x00
   407                          l_clean_message_area_00103:
   408  0005  7b                	ld	a, e
   409  0006  d63c              	sub	a,0x3c
   410  0008  d0                	ret	NC
   411                          ;messages.c:22: }
   412  0009  6b                	ld	l, e
   413  000a  2600              	ld	h,0x00
   414  000c  23                	inc	hl
   415  000d  23                	inc	hl
   416  000e  29                	add	hl, hl
   417  000f  09                	add	hl, bc
   418  0010  3600              	ld	(hl),0x00
   419                          ;messages.c:20: tilemap[MESSAGE_LINE][MESSAGE_COL + i].character = 0x00;
   420  0012  1c                	inc	e
   421                          ;messages.c:24: void send_message(const char *msg)
   422  0013  18f0              	jr	l_clean_message_area_00103
   423                          	SECTION BANK_8
   424                          ;messages.c:26: clean_message_area();
   425                          ;	---------------------------------
   426                          ; Function send_message
   427                          ; ---------------------------------
   428                          _send_message:
   429  0015  cd0000            	call	___sdcc_enter_ix
   430                          ;messages.c:28: {
   431  0018  cd0000            	call	_clean_message_area
   432                          ;messages.c:29: if (msg[i] == '\0')
   433  001b  016004            	ld	bc,_tilemap+1120
   434  001e  1e00              	ld	e,0x00
   435                          l_send_message_00105:
   436  0020  7b                	ld	a, e
   437  0021  d63c              	sub	a,0x3c
   438  0023  301b              	jr	NC,l_send_message_00103
   439                          ;messages.c:31:
   440  0025  dd7e04            	ld	a,(ix+4)
   441  0028  83                	add	a, e
   442  0029  6f                	ld	l, a
   443  002a  dd7e05            	ld	a,(ix+5)
   444  002d  ce00              	adc	a,0x00
   445  002f  67                	ld	h, a
   446  0030  7e                	ld	a,(hl)
   447  0031  57                	ld	d,a
   448  0032  b7                	or	a, a
   449  0033  280b              	jr	Z,l_send_message_00103
   450                          ;messages.c:34: }
   451  0035  6b                	ld	l, e
   452  0036  2600              	ld	h,0x00
   453  0038  23                	inc	hl
   454  0039  23                	inc	hl
   455  003a  29                	add	hl, hl
   456  003b  09                	add	hl, bc
   457  003c  72                	ld	(hl), d
   458                          ;messages.c:29: if (msg[i] == '\0')
   459  003d  1c                	inc	e
   460  003e  18e0              	jr	l_send_message_00105
   461                          l_send_message_00103:
   462                          ;messages.c:37:
   463  0040  210000            	ld	hl,_count_down
   464  0043  36fa              	ld	(hl),0xfa
   465  0045  af                	xor	a, a
   466  0046  23                	inc	hl
   467  0047  77                	ld	(hl), a
   468                          ;messages.c:38: void update_messages(void)
   469  0048  dde1              	pop	ix
   470  004a  c9                	ret
   471                          ;messages.c:40: if (count_down > 0)
   472                          ;	---------------------------------
   473                          ; Function update_messages
   474                          ; ---------------------------------
   475                          _update_messages:
   476                          ;messages.c:42: count_down--;
   477  004b  210100            	ld	hl,_count_down + 1
   478  004e  7e                	ld	a, (hl)
   479  004f  2b                	dec	hl
   480  0050  b6                	or	a, (hl)
   481  0051  c8                	ret	Z
   482                          ;messages.c:44: {
   483  0052  7e                	ld	a, (hl)
   484  0053  c6ff              	add	a,0xff
   485  0055  77                	ld	(hl), a
   486  0056  23                	inc	hl
   487  0057  7e                	ld	a, (hl)
   488  0058  ceff              	adc	a,0xff
   489                          ;messages.c:45: clean_message_area();
   490  005a  77                	ld	(hl),a
   491  005b  2b                	dec	hl
   492  005c  b6                	or	a, (hl)
   493                          ;messages.c:47: }
   494  005d  ca0000            	jp	Z,_clean_message_area
   495                          ;messages.c:50: ERROR: no line number 50 in file messages.c
   496  0060  c9                	ret
   497                          	SECTION data_compiler
   498                          _count_down:
   499  0000  0000              	DEFW +0x0000
   500                          	SECTION IGNORE
   501                          
