/tmp/tmpbpIfbslH.asm:
     1                          MODULE opponents_tramp_c
     2                          LINE 0, "opponents_tramp.c"
opponents_tramp.c:
                                
     1                          ;--------------------------------------------------------
     2                          ; File Created by SDCC : free open source ISO C Compiler
     3                          ; Version 4.3.0 #14210 (Mac OS X ppc)
     4                          ;--------------------------------------------------------
     5                          	.zxn
     6                          ; Processed by Z88DK
     7                          ;--------------------------------------------------------
     8                          
     9                          	EXTERN __divschar
    10                          	EXTERN __divschar_callee
    11                          	EXTERN __divsint
    12                          	EXTERN __divsint_callee
    13                          	EXTERN __divslong
    14                          	EXTERN __divslong_callee
    15                          	EXTERN __divslonglong
    16                          	EXTERN __divslonglong_callee
    17                          	EXTERN __divsuchar
    18                          	EXTERN __divsuchar_callee
    19                          	EXTERN __divuchar
    20                          	EXTERN __divuchar_callee
    21                          	EXTERN __divuint
    22                          	EXTERN __divuint_callee
    23                          	EXTERN __divulong
    24                          	EXTERN __divulong_callee
    25                          	EXTERN __divulonglong
    26                          	EXTERN __divulonglong_callee
    27                          	EXTERN __divuschar
    28                          	EXTERN __divuschar_callee
    29                          	EXTERN __modschar
    30                          	EXTERN __modschar_callee
    31                          	EXTERN __modsint
    32                          	EXTERN __modsint_callee
    33                          	EXTERN __modslong
    34                          	EXTERN __modslong_callee
    35                          	EXTERN __modslonglong
    36                          	EXTERN __modslonglong_callee
    37                          	EXTERN __modsuchar
    38                          	EXTERN __modsuchar_callee
    39                          	EXTERN __moduchar
    40                          	EXTERN __moduchar_callee
    41                          	EXTERN __moduint
    42                          	EXTERN __moduint_callee
    43                          	EXTERN __modulong
    44                          	EXTERN __modulong_callee
    45                          	EXTERN __modulonglong
    46                          	EXTERN __modulonglong_callee
    47                          	EXTERN __moduschar
    48                          	EXTERN __moduschar_callee
    49                          	EXTERN __mulint
    50                          	EXTERN __mulint_callee
    51                          	EXTERN __mullong
    52                          	EXTERN __mullong_callee
    53                          	EXTERN __mullonglong
    54                          	EXTERN __mullonglong_callee
    55                          	EXTERN __mulschar
    56                          	EXTERN __mulschar_callee
    57                          	EXTERN __mulsuchar
    58                          	EXTERN __mulsuchar_callee
    59                          	EXTERN __muluchar
    60                          	EXTERN __muluchar_callee
    61                          	EXTERN __muluschar
    62                          	EXTERN __muluschar_callee
    63                          	EXTERN __rlslonglong
    64                          	EXTERN __rlslonglong_callee
    65                          	EXTERN __rlulonglong
    66                          	EXTERN __rlulonglong_callee
    67                          	EXTERN __rrslonglong
    68                          	EXTERN __rrslonglong_callee
    69                          	EXTERN __rrulonglong
    70                          	EXTERN __rrulonglong_callee
    71                          	EXTERN ___mulsint2slong
    72                          	EXTERN ___mulsint2slong_callee
    73                          	EXTERN ___muluint2ulong
    74                          	EXTERN ___muluint2ulong_callee
    75                          	EXTERN ___sdcc_call_hl
    76                          	EXTERN ___sdcc_call_iy
    77                          	EXTERN ___sdcc_enter_ix
    78                          	EXTERN banked_call
    79                          	EXTERN _banked_ret
    80                          	EXTERN ___fs2schar
    81                          	EXTERN ___fs2schar_callee
    82                          	EXTERN ___fs2sint
    83                          	EXTERN ___fs2sint_callee
    84                          	EXTERN ___fs2slong
    85                          	EXTERN ___fs2slong_callee
    86                          	EXTERN ___fs2slonglong
    87                          	EXTERN ___fs2slonglong_callee
    88                          	EXTERN ___fs2uchar
    89                          	EXTERN ___fs2uchar_callee
    90                          	EXTERN ___fs2uint
    91                          	EXTERN ___fs2uint_callee
    92                          	EXTERN ___fs2ulong
    93                          	EXTERN ___fs2ulong_callee
    94                          	EXTERN ___fs2ulonglong
    95                          	EXTERN ___fs2ulonglong_callee
    96                          	EXTERN ___fsadd
    97                          	EXTERN ___fsadd_callee
    98                          	EXTERN ___fsdiv
    99                          	EXTERN ___fsdiv_callee
   100                          	EXTERN ___fseq
   101                          	EXTERN ___fseq_callee
   102                          	EXTERN ___fsgt
   103                          	EXTERN ___fsgt_callee
   104                          	EXTERN ___fslt
   105                          	EXTERN ___fslt_callee
   106                          	EXTERN ___fsmul
   107                          	EXTERN ___fsmul_callee
   108                          	EXTERN ___fsneq
   109                          	EXTERN ___fsneq_callee
   110                          	EXTERN ___fssub
   111                          	EXTERN ___fssub_callee
   112                          	EXTERN ___schar2fs
   113                          	EXTERN ___schar2fs_callee
   114                          	EXTERN ___sint2fs
   115                          	EXTERN ___sint2fs_callee
   116                          	EXTERN ___slong2fs
   117                          	EXTERN ___slong2fs_callee
   118                          	EXTERN ___slonglong2fs
   119                          	EXTERN ___slonglong2fs_callee
   120                          	EXTERN ___uchar2fs
   121                          	EXTERN ___uchar2fs_callee
   122                          	EXTERN ___uint2fs
   123                          	EXTERN ___uint2fs_callee
   124                          	EXTERN ___ulong2fs
   125                          	EXTERN ___ulong2fs_callee
   126                          	EXTERN ___ulonglong2fs
   127                          	EXTERN ___ulonglong2fs_callee
   128                          	EXTERN ____sdcc_2_copy_src_mhl_dst_deix
   129                          	EXTERN ____sdcc_2_copy_src_mhl_dst_bcix
   130                          	EXTERN ____sdcc_4_copy_src_mhl_dst_deix
   131                          	EXTERN ____sdcc_4_copy_src_mhl_dst_bcix
   132                          	EXTERN ____sdcc_4_copy_src_mhl_dst_mbc
   133                          	EXTERN ____sdcc_4_ldi_nosave_bc
   134                          	EXTERN ____sdcc_4_ldi_save_bc
   135                          	EXTERN ____sdcc_4_push_hlix
   136                          	EXTERN ____sdcc_4_push_mhl
   137                          	EXTERN ____sdcc_lib_setmem_hl
   138                          	EXTERN ____sdcc_ll_add_de_bc_hl
   139                          	EXTERN ____sdcc_ll_add_de_bc_hlix
   140                          	EXTERN ____sdcc_ll_add_de_hlix_bc
   141                          	EXTERN ____sdcc_ll_add_de_hlix_bcix
   142                          	EXTERN ____sdcc_ll_add_deix_bc_hl
   143                          	EXTERN ____sdcc_ll_add_deix_hlix
   144                          	EXTERN ____sdcc_ll_add_hlix_bc_deix
   145                          	EXTERN ____sdcc_ll_add_hlix_deix_bc
   146                          	EXTERN ____sdcc_ll_add_hlix_deix_bcix
   147                          	EXTERN ____sdcc_ll_asr_hlix_a
   148                          	EXTERN ____sdcc_ll_asr_mbc_a
   149                          	EXTERN ____sdcc_ll_copy_src_de_dst_hlix
   150                          	EXTERN ____sdcc_ll_copy_src_de_dst_hlsp
   151                          	EXTERN ____sdcc_ll_copy_src_deix_dst_hl
   152                          	EXTERN ____sdcc_ll_copy_src_deix_dst_hlix
   153                          	EXTERN ____sdcc_ll_copy_src_deixm_dst_hlsp
   154                          	EXTERN ____sdcc_ll_copy_src_desp_dst_hlsp
   155                          	EXTERN ____sdcc_ll_copy_src_hl_dst_de
   156                          	EXTERN ____sdcc_ll_copy_src_hlsp_dst_de
   157                          	EXTERN ____sdcc_ll_copy_src_hlsp_dst_deixm
   158                          	EXTERN ____sdcc_ll_lsl_hlix_a
   159                          	EXTERN ____sdcc_ll_lsl_mbc_a
   160                          	EXTERN ____sdcc_ll_lsr_hlix_a
   161                          	EXTERN ____sdcc_ll_lsr_mbc_a
   162                          	EXTERN ____sdcc_ll_push_hlix
   163                          	EXTERN ____sdcc_ll_push_mhl
   164                          	EXTERN ____sdcc_ll_sub_de_bc_hl
   165                          	EXTERN ____sdcc_ll_sub_de_bc_hlix
   166                          	EXTERN ____sdcc_ll_sub_de_hlix_bc
   167                          	EXTERN ____sdcc_ll_sub_de_hlix_bcix
   168                          	EXTERN ____sdcc_ll_sub_deix_bc_hl
   169                          	EXTERN ____sdcc_ll_sub_deix_hlix
   170                          	EXTERN ____sdcc_ll_sub_hlix_bc_deix
   171                          	EXTERN ____sdcc_ll_sub_hlix_deix_bc
   172                          	EXTERN ____sdcc_ll_sub_hlix_deix_bcix
   173                          	EXTERN ____sdcc_load_debc_deix
   174                          	EXTERN ____sdcc_load_dehl_deix
   175                          	EXTERN ____sdcc_load_debc_mhl
   176                          	EXTERN ____sdcc_load_hlde_mhl
   177                          	EXTERN ____sdcc_store_dehl_bcix
   178                          	EXTERN ____sdcc_store_debc_hlix
   179                          	EXTERN ____sdcc_store_debc_mhl
   180                          	EXTERN ____sdcc_cpu_pop_ei
   181                          	EXTERN ____sdcc_cpu_pop_ei_jp
   182                          	EXTERN ____sdcc_cpu_push_di
   183                          	EXTERN ____sdcc_outi
   184                          	EXTERN ____sdcc_outi_128
   185                          	EXTERN ____sdcc_outi_256
   186                          	EXTERN ____sdcc_ldi
   187                          	EXTERN ____sdcc_ldi_128
   188                          	EXTERN ____sdcc_ldi_256
   189                          	EXTERN ____sdcc_4_copy_srcd_hlix_dst_deix
   190                          	EXTERN ____sdcc_4_and_src_mbc_mhl_dst_deix
   191                          	EXTERN ____sdcc_4_or_src_mbc_mhl_dst_deix
   192                          	EXTERN ____sdcc_4_xor_src_mbc_mhl_dst_deix
   193                          	EXTERN ____sdcc_4_or_src_dehl_dst_bcix
   194                          	EXTERN ____sdcc_4_xor_src_dehl_dst_bcix
   195                          	EXTERN ____sdcc_4_and_src_dehl_dst_bcix
   196                          	EXTERN ____sdcc_4_xor_src_mbc_mhl_dst_debc
   197                          	EXTERN ____sdcc_4_or_src_mbc_mhl_dst_debc
   198                          	EXTERN ____sdcc_4_and_src_mbc_mhl_dst_debc
   199                          	EXTERN ____sdcc_4_cpl_src_mhl_dst_debc
   200                          	EXTERN ____sdcc_4_xor_src_debc_mhl_dst_debc
   201                          	EXTERN ____sdcc_4_or_src_debc_mhl_dst_debc
   202                          	EXTERN ____sdcc_4_and_src_debc_mhl_dst_debc
   203                          	EXTERN ____sdcc_4_and_src_debc_hlix_dst_debc
   204                          	EXTERN ____sdcc_4_or_src_debc_hlix_dst_debc
   205                          	EXTERN ____sdcc_4_xor_src_debc_hlix_dst_debc
   206                          
   207                          ;--------------------------------------------------------
   208                          ; Public variables in this module
   209                          ;--------------------------------------------------------
   210                          	GLOBAL _diplay_profile
   211                          ;--------------------------------------------------------
   212                          ; Externals used
   213                          ;--------------------------------------------------------
   214                          	GLOBAL __diplay_profile
   215                          	GLOBAL _clip_sprites_window
   216                          	GLOBAL _setup_relative_sprite
   217                          	GLOBAL _setup_unified_sprite
   218                          	GLOBAL _set_sprite_index
   219                          	GLOBAL _set_tilemap_offset
   220                          	GLOBAL _clip_tilemap_window
   221                          	GLOBAL _set_layer2_offset
   222                          	GLOBAL _clip_layer2_window
   223                          	GLOBAL _ZXN_NEXTREG_UPDATE
   224                          	GLOBAL _zx_pattern_fill_callee
   225                          	GLOBAL _zx_pattern_fill
   226                          	GLOBAL _tshr_saddrpup_fastcall
   227                          	GLOBAL _tshr_saddrpup
   228                          	GLOBAL _tshr_saddrpright_callee
   229                          	GLOBAL _tshr_saddrpright
   230                          	GLOBAL _tshr_saddrpleft_callee
   231                          	GLOBAL _tshr_saddrpleft
   232                          	GLOBAL _tshr_saddrpdown_fastcall
   233                          	GLOBAL _tshr_saddrpdown
   234                          	GLOBAL _tshr_saddrcup_fastcall
   235                          	GLOBAL _tshr_saddrcup
   236                          	GLOBAL _tshr_saddrcright_fastcall
   237                          	GLOBAL _tshr_saddrcright
   238                          	GLOBAL _tshr_saddrcleft_fastcall
   239                          	GLOBAL _tshr_saddrcleft
   240                          	GLOBAL _tshr_saddrcdown_fastcall
   241                          	GLOBAL _tshr_saddrcdown
   242                          	GLOBAL _tshr_saddr2py_fastcall
   243                          	GLOBAL _tshr_saddr2py
   244                          	GLOBAL _tshr_saddr2px_fastcall
   245                          	GLOBAL _tshr_saddr2px
   246                          	GLOBAL _tshr_saddr2cy_fastcall
   247                          	GLOBAL _tshr_saddr2cy
   248                          	GLOBAL _tshr_saddr2cx_fastcall
   249                          	GLOBAL _tshr_saddr2cx
   250                          	GLOBAL _tshr_py2saddr_fastcall
   251                          	GLOBAL _tshr_py2saddr
   252                          	GLOBAL _tshr_pxy2saddr_callee
   253                          	GLOBAL _tshr_pxy2saddr
   254                          	GLOBAL _tshr_px2bitmask_fastcall
   255                          	GLOBAL _tshr_px2bitmask
   256                          	GLOBAL _tshr_cy2saddr_fastcall
   257                          	GLOBAL _tshr_cy2saddr
   258                          	GLOBAL _tshr_cxy2saddr_callee
   259                          	GLOBAL _tshr_cxy2saddr
   260                          	GLOBAL _tshr_bitmask2px_fastcall
   261                          	GLOBAL _tshr_bitmask2px
   262                          	GLOBAL _tshc_saddrpup_fastcall
   263                          	GLOBAL _tshc_saddrpup
   264                          	GLOBAL _tshc_saddrpright_callee
   265                          	GLOBAL _tshc_saddrpright
   266                          	GLOBAL _tshc_saddrpleft_callee
   267                          	GLOBAL _tshc_saddrpleft
   268                          	GLOBAL _tshc_saddrpdown_fastcall
   269                          	GLOBAL _tshc_saddrpdown
   270                          	GLOBAL _tshc_saddrcup_fastcall
   271                          	GLOBAL _tshc_saddrcup
   272                          	GLOBAL _tshc_saddrcright_fastcall
   273                          	GLOBAL _tshc_saddrcright
   274                          	GLOBAL _tshc_saddrcleft_fastcall
   275                          	GLOBAL _tshc_saddrcleft
   276                          	GLOBAL _tshc_saddrcdown_fastcall
   277                          	GLOBAL _tshc_saddrcdown
   278                          	GLOBAL _tshc_saddr2py_fastcall
   279                          	GLOBAL _tshc_saddr2py
   280                          	GLOBAL _tshc_saddr2px_fastcall
   281                          	GLOBAL _tshc_saddr2px
   282                          	GLOBAL _tshc_saddr2cy_fastcall
   283                          	GLOBAL _tshc_saddr2cy
   284                          	GLOBAL _tshc_saddr2cx_fastcall
   285                          	GLOBAL _tshc_saddr2cx
   286                          	GLOBAL _tshc_saddr2aaddr_fastcall
   287                          	GLOBAL _tshc_saddr2aaddr
   288                          	GLOBAL _tshc_py2saddr_fastcall
   289                          	GLOBAL _tshc_py2saddr
   290                          	GLOBAL _tshc_py2aaddr_fastcall
   291                          	GLOBAL _tshc_py2aaddr
   292                          	GLOBAL _tshc_pxy2saddr_callee
   293                          	GLOBAL _tshc_pxy2saddr
   294                          	GLOBAL _tshc_pxy2aaddr_callee
   295                          	GLOBAL _tshc_pxy2aaddr
   296                          	GLOBAL _tshc_px2bitmask_fastcall
   297                          	GLOBAL _tshc_px2bitmask
   298                          	GLOBAL _tshc_cy2saddr_fastcall
   299                          	GLOBAL _tshc_cy2saddr
   300                          	GLOBAL _tshc_cy2aaddr_fastcall
   301                          	GLOBAL _tshc_cy2aaddr
   302                          	GLOBAL _tshc_cxy2saddr_callee
   303                          	GLOBAL _tshc_cxy2saddr
   304                          	GLOBAL _tshc_cxy2aaddr_callee
   305                          	GLOBAL _tshc_cxy2aaddr
   306                          	GLOBAL _tshc_bitmask2px_fastcall
   307                          	GLOBAL _tshc_bitmask2px
   308                          	GLOBAL _tshc_aaddrpup_fastcall
   309                          	GLOBAL _tshc_aaddrpup
   310                          	GLOBAL _tshc_aaddrpright_callee
   311                          	GLOBAL _tshc_aaddrpright
   312                          	GLOBAL _tshc_aaddrpleft_callee
   313                          	GLOBAL _tshc_aaddrpleft
   314                          	GLOBAL _tshc_aaddrpdown_fastcall
   315                          	GLOBAL _tshc_aaddrpdown
   316                          	GLOBAL _tshc_aaddrcup_fastcall
   317                          	GLOBAL _tshc_aaddrcup
   318                          	GLOBAL _tshc_aaddrcright_fastcall
   319                          	GLOBAL _tshc_aaddrcright
   320                          	GLOBAL _tshc_aaddrcleft_fastcall
   321                          	GLOBAL _tshc_aaddrcleft
   322                          	GLOBAL _tshc_aaddrcdown_fastcall
   323                          	GLOBAL _tshc_aaddrcdown
   324                          	GLOBAL _tshc_aaddr2saddr_fastcall
   325                          	GLOBAL _tshc_aaddr2saddr
   326                          	GLOBAL _tshc_aaddr2py_fastcall
   327                          	GLOBAL _tshc_aaddr2py
   328                          	GLOBAL _tshc_aaddr2px_fastcall
   329                          	GLOBAL _tshc_aaddr2px
   330                          	GLOBAL _tshc_aaddr2cy_fastcall
   331                          	GLOBAL _tshc_aaddr2cy
   332                          	GLOBAL _tshc_aaddr2cx_fastcall
   333                          	GLOBAL _tshc_aaddr2cx
   334                          	GLOBAL _zx_saddrpup_fastcall
   335                          	GLOBAL _zx_saddrpup
   336                          	GLOBAL _zx_saddrpright_callee
   337                          	GLOBAL _zx_saddrpright
   338                          	GLOBAL _zx_saddrpleft_callee
   339                          	GLOBAL _zx_saddrpleft
   340                          	GLOBAL _zx_saddrpdown_fastcall
   341                          	GLOBAL _zx_saddrpdown
   342                          	GLOBAL _zx_saddrcup_fastcall
   343                          	GLOBAL _zx_saddrcup
   344                          	GLOBAL _zx_saddrcright_fastcall
   345                          	GLOBAL _zx_saddrcright
   346                          	GLOBAL _zx_saddrcleft_fastcall
   347                          	GLOBAL _zx_saddrcleft
   348                          	GLOBAL _zx_saddrcdown_fastcall
   349                          	GLOBAL _zx_saddrcdown
   350                          	GLOBAL _zx_saddr2py_fastcall
   351                          	GLOBAL _zx_saddr2py
   352                          	GLOBAL _zx_saddr2px_fastcall
   353                          	GLOBAL _zx_saddr2px
   354                          	GLOBAL _zx_saddr2cy_fastcall
   355                          	GLOBAL _zx_saddr2cy
   356                          	GLOBAL _zx_saddr2cx_fastcall
   357                          	GLOBAL _zx_saddr2cx
   358                          	GLOBAL _zx_saddr2aaddr_fastcall
   359                          	GLOBAL _zx_saddr2aaddr
   360                          	GLOBAL _zx_py2saddr_fastcall
   361                          	GLOBAL _zx_py2saddr
   362                          	GLOBAL _zx_py2aaddr_fastcall
   363                          	GLOBAL _zx_py2aaddr
   364                          	GLOBAL _zx_pxy2saddr_callee
   365                          	GLOBAL _zx_pxy2saddr
   366                          	GLOBAL _zx_pxy2aaddr_callee
   367                          	GLOBAL _zx_pxy2aaddr
   368                          	GLOBAL _zx_px2bitmask_fastcall
   369                          	GLOBAL _zx_px2bitmask
   370                          	GLOBAL _zx_cy2saddr_fastcall
   371                          	GLOBAL _zx_cy2saddr
   372                          	GLOBAL _zx_cy2aaddr_fastcall
   373                          	GLOBAL _zx_cy2aaddr
   374                          	GLOBAL _zx_cxy2saddr_callee
   375                          	GLOBAL _zx_cxy2saddr
   376                          	GLOBAL _zx_cxy2aaddr_callee
   377                          	GLOBAL _zx_cxy2aaddr
   378                          	GLOBAL _zx_bitmask2px_fastcall
   379                          	GLOBAL _zx_bitmask2px
   380                          	GLOBAL _zx_aaddrcup_fastcall
   381                          	GLOBAL _zx_aaddrcup
   382                          	GLOBAL _zx_aaddrcright_fastcall
   383                          	GLOBAL _zx_aaddrcright
   384                          	GLOBAL _zx_aaddrcleft_fastcall
   385                          	GLOBAL _zx_aaddrcleft
   386                          	GLOBAL _zx_aaddrcdown_fastcall
   387                          	GLOBAL _zx_aaddrcdown
   388                          	GLOBAL _zx_aaddr2saddr_fastcall
   389                          	GLOBAL _zx_aaddr2saddr
   390                          	GLOBAL _zx_aaddr2py_fastcall
   391                          	GLOBAL _zx_aaddr2py
   392                          	GLOBAL _zx_aaddr2px_fastcall
   393                          	GLOBAL _zx_aaddr2px
   394                          	GLOBAL _zx_aaddr2cy_fastcall
   395                          	GLOBAL _zx_aaddr2cy
   396                          	GLOBAL _zx_aaddr2cx_fastcall
   397                          	GLOBAL _zx_aaddr2cx
   398                          	GLOBAL _tshr_visit_wc_pix_callee
   399                          	GLOBAL _tshr_visit_wc_pix
   400                          	GLOBAL _tshr_scroll_wc_up_pix_callee
   401                          	GLOBAL _tshr_scroll_wc_up_pix
   402                          	GLOBAL _tshr_scroll_up_pix_callee
   403                          	GLOBAL _tshr_scroll_up_pix
   404                          	GLOBAL _tshr_scroll_up_callee
   405                          	GLOBAL _tshr_scroll_up
   406                          	GLOBAL _tshr_cls_wc_pix_callee
   407                          	GLOBAL _tshr_cls_wc_pix
   408                          	GLOBAL _tshr_cls_pix_fastcall
   409                          	GLOBAL _tshr_cls_pix
   410                          	GLOBAL _tshr_cls_attr_fastcall
   411                          	GLOBAL _tshr_cls_attr
   412                          	GLOBAL _tshr_cls_fastcall
   413                          	GLOBAL _tshr_cls
   414                          	GLOBAL _tshc_visit_wc_pix_callee
   415                          	GLOBAL _tshc_visit_wc_pix
   416                          	GLOBAL _tshc_visit_wc_attr_callee
   417                          	GLOBAL _tshc_visit_wc_attr
   418                          	GLOBAL _tshc_scroll_wc_up_pix_callee
   419                          	GLOBAL _tshc_scroll_wc_up_pix
   420                          	GLOBAL _tshc_scroll_wc_up_attr_callee
   421                          	GLOBAL _tshc_scroll_wc_up_attr
   422                          	GLOBAL _tshc_scroll_wc_up_callee
   423                          	GLOBAL _tshc_scroll_wc_up
   424                          	GLOBAL _tshc_scroll_up_pix_callee
   425                          	GLOBAL _tshc_scroll_up_pix
   426                          	GLOBAL _tshc_scroll_up_attr_callee
   427                          	GLOBAL _tshc_scroll_up_attr
   428                          	GLOBAL _tshc_scroll_up_callee
   429                          	GLOBAL _tshc_scroll_up
   430                          	GLOBAL _tshc_cls_wc_pix_callee
   431                          	GLOBAL _tshc_cls_wc_pix
   432                          	GLOBAL _tshc_cls_wc_attr_callee
   433                          	GLOBAL _tshc_cls_wc_attr
   434                          	GLOBAL _tshc_cls_wc_callee
   435                          	GLOBAL _tshc_cls_wc
   436                          	GLOBAL _tshc_cls_pix_fastcall
   437                          	GLOBAL _tshc_cls_pix
   438                          	GLOBAL _tshc_cls_attr_fastcall
   439                          	GLOBAL _tshc_cls_attr
   440                          	GLOBAL _tshc_cls_fastcall
   441                          	GLOBAL _tshc_cls
   442                          	GLOBAL _zx_visit_wc_pix_callee
   443                          	GLOBAL _zx_visit_wc_pix
   444                          	GLOBAL _zx_visit_wc_attr_callee
   445                          	GLOBAL _zx_visit_wc_attr
   446                          	GLOBAL _zx_scroll_wc_up_pix_callee
   447                          	GLOBAL _zx_scroll_wc_up_pix
   448                          	GLOBAL _zx_scroll_wc_up_attr_callee
   449                          	GLOBAL _zx_scroll_wc_up_attr
   450                          	GLOBAL _zx_scroll_wc_up_callee
   451                          	GLOBAL _zx_scroll_wc_up
   452                          	GLOBAL _zx_scroll_up_pix_callee
   453                          	GLOBAL _zx_scroll_up_pix
   454                          	GLOBAL _zx_scroll_up_attr_callee
   455                          	GLOBAL _zx_scroll_up_attr
   456                          	GLOBAL _zx_scroll_up_callee
   457                          	GLOBAL _zx_scroll_up
   458                          	GLOBAL _zx_cls_wc_pix_callee
   459                          	GLOBAL _zx_cls_wc_pix
   460                          	GLOBAL _zx_cls_wc_attr_callee
   461                          	GLOBAL _zx_cls_wc_attr
   462                          	GLOBAL _zx_cls_wc_callee
   463                          	GLOBAL _zx_cls_wc
   464                          	GLOBAL _zx_cls_pix_fastcall
   465                          	GLOBAL _zx_cls_pix
   466                          	GLOBAL _zx_cls_attr_fastcall
   467                          	GLOBAL _zx_cls_attr
   468                          	GLOBAL _zx_cls_fastcall
   469                          	GLOBAL _zx_cls
   470                          	GLOBAL _zx_border_fastcall
   471                          	GLOBAL _zx_border
   472                          	GLOBAL _ts_vmod_fastcall
   473                          	GLOBAL _ts_vmod
   474                          	GLOBAL _zx_tape_verify_block_callee
   475                          	GLOBAL _zx_tape_verify_block
   476                          	GLOBAL _zx_tape_save_block_callee
   477                          	GLOBAL _zx_tape_save_block
   478                          	GLOBAL _zx_tape_load_block_callee
   479                          	GLOBAL _zx_tape_load_block
   480                          	GLOBAL _check_version_nextzxos_fastcall
   481                          	GLOBAL _check_version_nextzxos
   482                          	GLOBAL _check_version_esxdos_fastcall
   483                          	GLOBAL _check_version_esxdos
   484                          	GLOBAL _check_version_core_fastcall
   485                          	GLOBAL _check_version_core
   486                          	GLOBAL _zxn_mangle_bank_state_fastcall
   487                          	GLOBAL _zxn_mangle_bank_state
   488                          	GLOBAL _zxn_write_sysvar_bank_state_fastcall
   489                          	GLOBAL _zxn_write_sysvar_bank_state
   490                          	GLOBAL _zxn_read_sysvar_bank_state
   491                          	GLOBAL _zxn_write_bank_state_fastcall
   492                          	GLOBAL _zxn_write_bank_state
   493                          	GLOBAL _zxn_write_mmu_state_fastcall
   494                          	GLOBAL _zxn_write_mmu_state
   495                          	GLOBAL _zxn_read_mmu_state_fastcall
   496                          	GLOBAL _zxn_read_mmu_state
   497                          	GLOBAL _zxn_page_from_addr_fastcall
   498                          	GLOBAL _zxn_page_from_addr
   499                          	GLOBAL _zxn_addr_from_page_fastcall
   500                          	GLOBAL _zxn_addr_from_page
   501                          	GLOBAL _zxn_addr_in_mmu_callee
   502                          	GLOBAL _zxn_addr_in_mmu
   503                          	GLOBAL _zxn_mmu_from_addr_fastcall
   504                          	GLOBAL _zxn_mmu_from_addr
   505                          	GLOBAL _zxn_addr_from_mmu_fastcall
   506                          	GLOBAL _zxn_addr_from_mmu
   507                          	GLOBAL _ZXN_WRITE_MMU7_fastcall
   508                          	GLOBAL _ZXN_WRITE_MMU7
   509                          	GLOBAL _ZXN_WRITE_MMU6_fastcall
   510                          	GLOBAL _ZXN_WRITE_MMU6
   511                          	GLOBAL _ZXN_WRITE_MMU5_fastcall
   512                          	GLOBAL _ZXN_WRITE_MMU5
   513                          	GLOBAL _ZXN_WRITE_MMU4_fastcall
   514                          	GLOBAL _ZXN_WRITE_MMU4
   515                          	GLOBAL _ZXN_WRITE_MMU3_fastcall
   516                          	GLOBAL _ZXN_WRITE_MMU3
   517                          	GLOBAL _ZXN_WRITE_MMU2_fastcall
   518                          	GLOBAL _ZXN_WRITE_MMU2
   519                          	GLOBAL _ZXN_WRITE_MMU1_fastcall
   520                          	GLOBAL _ZXN_WRITE_MMU1
   521                          	GLOBAL _ZXN_WRITE_MMU0_fastcall
   522                          	GLOBAL _ZXN_WRITE_MMU0
   523                          	GLOBAL _ZXN_READ_MMU7
   524                          	GLOBAL _ZXN_READ_MMU6
   525                          	GLOBAL _ZXN_READ_MMU5
   526                          	GLOBAL _ZXN_READ_MMU4
   527                          	GLOBAL _ZXN_READ_MMU3
   528                          	GLOBAL _ZXN_READ_MMU2
   529                          	GLOBAL _ZXN_READ_MMU1
   530                          	GLOBAL _ZXN_READ_MMU0
   531                          	GLOBAL _ZXN_WRITE_REG_callee
   532                          	GLOBAL _ZXN_WRITE_REG
   533                          	GLOBAL _ZXN_READ_REG_fastcall
   534                          	GLOBAL _ZXN_READ_REG
   535                          	GLOBAL _GLOBAL_ZXN_PORT_DFFD
   536                          	GLOBAL _GLOBAL_ZXN_PORT_7FFD
   537                          	GLOBAL _GLOBAL_ZXN_PORT_1FFD
   538                          	GLOBAL _GLOBAL_ZXN_PORT_FE
   539                          	GLOBAL _GLOBAL_TS_PORT_FE
   540                          	GLOBAL _GLOBAL_ZX_PORT_7FFD
   541                          	GLOBAL _GLOBAL_ZX_PORT_1FFD
   542                          	GLOBAL _GLOBAL_ZX_PORT_FE
   543                          	GLOBAL _ppponent_profile
   544                          ;--------------------------------------------------------
   545                          ; special function registers
   546                          ;--------------------------------------------------------
   547                          defc _IO_FE	=	0x00fe
   548                          defc _IO_FF	=	0x00ff
   549                          defc _IO_TIMEX_VIDEO_MODE	=	0x00ff
   550                          defc _IO_1FFD	=	0x1ffd
   551                          defc _IO_7FFD	=	0x7ffd
   552                          defc _IO_DFFD	=	0xdffd
   553                          defc _IO_0F	=	0x000f
   554                          defc _IO_DAC_L0	=	0x000f
   555                          defc _IO_1F	=	0x001f
   556                          defc _IO_DAC_L1	=	0x001f
   557                          defc _IO_4F	=	0x004f
   558                          defc _IO_DAC_R0	=	0x004f
   559                          defc _IO_5F	=	0x005f
   560                          defc _IO_DAC_R1	=	0x005f
   561                          defc _IO_DF	=	0x00df
   562                          defc _IO_DAC_M0	=	0x00df
   563                          defc _IO_FFFD	=	0xfffd
   564                          defc _IO_TURBOSOUND	=	0xfffd
   565                          defc _IO_AY_REG	=	0xfffd
   566                          defc _IO_BFFD	=	0xbffd
   567                          defc _IO_AY_DAT	=	0xbffd
   568                          defc _IO_123B	=	0x123b
   569                          defc _IO_LAYER_2_CONFIG	=	0x123b
   570                          defc _IO_303B	=	0x303b
   571                          defc _IO_SPRITE_SLOT	=	0x303b
   572                          defc _IO_SPRITE_FLAGS	=	0x303b
   573                          defc _IO_57	=	0x0057
   574                          defc _IO_SPRITE_ATTRIBUTE	=	0x0057
   575                          defc _IO_5B	=	0x005b
   576                          defc _IO_SPRITE_PATTERN	=	0x005b
   577                          defc _IO_143B	=	0x143b
   578                          defc _IO_UART_RX	=	0x143b
   579                          defc _IO_UART_BAUD_RATE	=	0x143b
   580                          defc _IO_133B	=	0x133b
   581                          defc _IO_UART_TX	=	0x133b
   582                          defc _IO_UART_STATUS	=	0x133b
   583                          defc _IO_6B	=	0x006b
   584                          defc _IO_DMA	=	0x006b
   585                          defc _IO_E3	=	0x00e3
   586                          defc _IO_DIVIDE_CONTROL	=	0x00e3
   587                          defc _IO_E7	=	0x00e7
   588                          defc _IO_SPI_CONTROL	=	0x00e7
   589                          defc _IO_SPI_STATUS	=	0x00e7
   590                          defc _IO_EB	=	0x00eb
   591                          defc _IO_SPI_DATA	=	0x00eb
   592                          defc _IO_103B	=	0x103b
   593                          defc _IO_I2C_SCL	=	0x103b
   594                          defc _IO_113B	=	0x113b
   595                          defc _IO_I2C_SDA	=	0x113b
   596                          defc _IO_LED_L	=	0x103b
   597                          defc _IO_243B	=	0x243b
   598                          defc _IO_NEXTREG_REG	=	0x243b
   599                          defc _IO_253B	=	0x253b
   600                          defc _IO_NEXTREG_DAT	=	0x253b
   601                          ;--------------------------------------------------------
   602                          ; ram data
   603                          ;--------------------------------------------------------
   604                          	SECTION bss_compiler
   605                          ;--------------------------------------------------------
   606                          ; ram data
   607                          ;--------------------------------------------------------
   608                          
   609                          IF 0
   610                          
   611                          ; .area _INITIALIZED removed by z88dk
   612                          
   613                          
   614                          ENDIF
   615                          
   616                          ;--------------------------------------------------------
   617                          ; absolute external ram data
   618                          ;--------------------------------------------------------
   619                          	SECTION IGNORE
   620                          ;--------------------------------------------------------
   621                          ; global & static initialisations
   622                          ;--------------------------------------------------------
   623                          	SECTION code_crt_init
   624                          ;--------------------------------------------------------
   625                          ; Home
   626                          ;--------------------------------------------------------
   627                          	SECTION IGNORE
   628                          ;--------------------------------------------------------
   629                          ; code
   630                          ;--------------------------------------------------------
   631                          	SECTION code_compiler
   632                          ;opponents_tramp.c:8: void diplay_profile(Opponent opponent)
   633                          ;	---------------------------------
   634                          ; Function diplay_profile
   635                          ; ---------------------------------
   636                          _diplay_profile:
   637  0000  cd0000            	call	___sdcc_enter_ix
   638                          ;opponents_tramp.c:10: uint8_t saved_page = ZXN_READ_MMU6();
   639  0003  013b24            	ld	bc,0x243b
   640  0006  3e56              	ld	a,0x50+6
   641  0008  ed79              	out	(c),a
   642  000a  04                	inc	b
   643  000b  ed68              	in	l,(c)
   644  000d  4d                	ld	c, l
   645                          ;opponents_tramp.c:11: ZXN_WRITE_MMU6(DISPLAY_PROFILE_PAGE);
   646  000e  2e61              	ld	l,0x61
   647  0010  7d                	ld	a,l
   648  0011  ed9256            	mmu6	a
   649                          ;opponents_tramp.c:13: _diplay_profile(opponent);
   650  0014  c5                	push	bc
   651  0015  dd7e04            	ld	a,(ix+4)
   652  0018  f5                	push	af
   653  0019  33                	inc	sp
   654  001a  cd0000            	call	__diplay_profile
   655  001d  33                	inc	sp
   656  001e  c1                	pop	bc
   657                          ;opponents_tramp.c:15: ZXN_WRITE_MMU6(saved_page);
   658  001f  69                	ld	l, c
   659                          ;opponents_tramp.c:16: }
   660  0020  dde1              	pop	ix
   661  0022  7d                	ld	a,l
   662  0023  ed9256            	mmu6	a
   663  0026  c9                	ret
   664                          	SECTION IGNORE
   665                          
