/tmp/tmpN5gY8f4y.asm:
     1                          MODULE skins_c
     2                          LINE 0, "skins.c"
skins.c:
                                
     1                          ;--------------------------------------------------------
     2                          ; File Created by SDCC : free open source ISO C Compiler
     3                          ; Version 4.3.0 #14210 (Mac OS X ppc)
     4                          ;--------------------------------------------------------
     5                          	.zxn
     6                          ; Processed by Z88DK
     7                          ;--------------------------------------------------------
     8                          
     9                          	EXTERN __divschar
    10                          	EXTERN __divschar_callee
    11                          	EXTERN __divsint
    12                          	EXTERN __divsint_callee
    13                          	EXTERN __divslong
    14                          	EXTERN __divslong_callee
    15                          	EXTERN __divslonglong
    16                          	EXTERN __divslonglong_callee
    17                          	EXTERN __divsuchar
    18                          	EXTERN __divsuchar_callee
    19                          	EXTERN __divuchar
    20                          	EXTERN __divuchar_callee
    21                          	EXTERN __divuint
    22                          	EXTERN __divuint_callee
    23                          	EXTERN __divulong
    24                          	EXTERN __divulong_callee
    25                          	EXTERN __divulonglong
    26                          	EXTERN __divulonglong_callee
    27                          	EXTERN __divuschar
    28                          	EXTERN __divuschar_callee
    29                          	EXTERN __modschar
    30                          	EXTERN __modschar_callee
    31                          	EXTERN __modsint
    32                          	EXTERN __modsint_callee
    33                          	EXTERN __modslong
    34                          	EXTERN __modslong_callee
    35                          	EXTERN __modslonglong
    36                          	EXTERN __modslonglong_callee
    37                          	EXTERN __modsuchar
    38                          	EXTERN __modsuchar_callee
    39                          	EXTERN __moduchar
    40                          	EXTERN __moduchar_callee
    41                          	EXTERN __moduint
    42                          	EXTERN __moduint_callee
    43                          	EXTERN __modulong
    44                          	EXTERN __modulong_callee
    45                          	EXTERN __modulonglong
    46                          	EXTERN __modulonglong_callee
    47                          	EXTERN __moduschar
    48                          	EXTERN __moduschar_callee
    49                          	EXTERN __mulint
    50                          	EXTERN __mulint_callee
    51                          	EXTERN __mullong
    52                          	EXTERN __mullong_callee
    53                          	EXTERN __mullonglong
    54                          	EXTERN __mullonglong_callee
    55                          	EXTERN __mulschar
    56                          	EXTERN __mulschar_callee
    57                          	EXTERN __mulsuchar
    58                          	EXTERN __mulsuchar_callee
    59                          	EXTERN __muluchar
    60                          	EXTERN __muluchar_callee
    61                          	EXTERN __muluschar
    62                          	EXTERN __muluschar_callee
    63                          	EXTERN __rlslonglong
    64                          	EXTERN __rlslonglong_callee
    65                          	EXTERN __rlulonglong
    66                          	EXTERN __rlulonglong_callee
    67                          	EXTERN __rrslonglong
    68                          	EXTERN __rrslonglong_callee
    69                          	EXTERN __rrulonglong
    70                          	EXTERN __rrulonglong_callee
    71                          	EXTERN ___mulsint2slong
    72                          	EXTERN ___mulsint2slong_callee
    73                          	EXTERN ___muluint2ulong
    74                          	EXTERN ___muluint2ulong_callee
    75                          	EXTERN ___sdcc_call_hl
    76                          	EXTERN ___sdcc_call_iy
    77                          	EXTERN ___sdcc_enter_ix
    78                          	EXTERN banked_call
    79                          	EXTERN _banked_ret
    80                          	EXTERN ___fs2schar
    81                          	EXTERN ___fs2schar_callee
    82                          	EXTERN ___fs2sint
    83                          	EXTERN ___fs2sint_callee
    84                          	EXTERN ___fs2slong
    85                          	EXTERN ___fs2slong_callee
    86                          	EXTERN ___fs2slonglong
    87                          	EXTERN ___fs2slonglong_callee
    88                          	EXTERN ___fs2uchar
    89                          	EXTERN ___fs2uchar_callee
    90                          	EXTERN ___fs2uint
    91                          	EXTERN ___fs2uint_callee
    92                          	EXTERN ___fs2ulong
    93                          	EXTERN ___fs2ulong_callee
    94                          	EXTERN ___fs2ulonglong
    95                          	EXTERN ___fs2ulonglong_callee
    96                          	EXTERN ___fsadd
    97                          	EXTERN ___fsadd_callee
    98                          	EXTERN ___fsdiv
    99                          	EXTERN ___fsdiv_callee
   100                          	EXTERN ___fseq
   101                          	EXTERN ___fseq_callee
   102                          	EXTERN ___fsgt
   103                          	EXTERN ___fsgt_callee
   104                          	EXTERN ___fslt
   105                          	EXTERN ___fslt_callee
   106                          	EXTERN ___fsmul
   107                          	EXTERN ___fsmul_callee
   108                          	EXTERN ___fsneq
   109                          	EXTERN ___fsneq_callee
   110                          	EXTERN ___fssub
   111                          	EXTERN ___fssub_callee
   112                          	EXTERN ___schar2fs
   113                          	EXTERN ___schar2fs_callee
   114                          	EXTERN ___sint2fs
   115                          	EXTERN ___sint2fs_callee
   116                          	EXTERN ___slong2fs
   117                          	EXTERN ___slong2fs_callee
   118                          	EXTERN ___slonglong2fs
   119                          	EXTERN ___slonglong2fs_callee
   120                          	EXTERN ___uchar2fs
   121                          	EXTERN ___uchar2fs_callee
   122                          	EXTERN ___uint2fs
   123                          	EXTERN ___uint2fs_callee
   124                          	EXTERN ___ulong2fs
   125                          	EXTERN ___ulong2fs_callee
   126                          	EXTERN ___ulonglong2fs
   127                          	EXTERN ___ulonglong2fs_callee
   128                          	EXTERN ____sdcc_2_copy_src_mhl_dst_deix
   129                          	EXTERN ____sdcc_2_copy_src_mhl_dst_bcix
   130                          	EXTERN ____sdcc_4_copy_src_mhl_dst_deix
   131                          	EXTERN ____sdcc_4_copy_src_mhl_dst_bcix
   132                          	EXTERN ____sdcc_4_copy_src_mhl_dst_mbc
   133                          	EXTERN ____sdcc_4_ldi_nosave_bc
   134                          	EXTERN ____sdcc_4_ldi_save_bc
   135                          	EXTERN ____sdcc_4_push_hlix
   136                          	EXTERN ____sdcc_4_push_mhl
   137                          	EXTERN ____sdcc_lib_setmem_hl
   138                          	EXTERN ____sdcc_ll_add_de_bc_hl
   139                          	EXTERN ____sdcc_ll_add_de_bc_hlix
   140                          	EXTERN ____sdcc_ll_add_de_hlix_bc
   141                          	EXTERN ____sdcc_ll_add_de_hlix_bcix
   142                          	EXTERN ____sdcc_ll_add_deix_bc_hl
   143                          	EXTERN ____sdcc_ll_add_deix_hlix
   144                          	EXTERN ____sdcc_ll_add_hlix_bc_deix
   145                          	EXTERN ____sdcc_ll_add_hlix_deix_bc
   146                          	EXTERN ____sdcc_ll_add_hlix_deix_bcix
   147                          	EXTERN ____sdcc_ll_asr_hlix_a
   148                          	EXTERN ____sdcc_ll_asr_mbc_a
   149                          	EXTERN ____sdcc_ll_copy_src_de_dst_hlix
   150                          	EXTERN ____sdcc_ll_copy_src_de_dst_hlsp
   151                          	EXTERN ____sdcc_ll_copy_src_deix_dst_hl
   152                          	EXTERN ____sdcc_ll_copy_src_deix_dst_hlix
   153                          	EXTERN ____sdcc_ll_copy_src_deixm_dst_hlsp
   154                          	EXTERN ____sdcc_ll_copy_src_desp_dst_hlsp
   155                          	EXTERN ____sdcc_ll_copy_src_hl_dst_de
   156                          	EXTERN ____sdcc_ll_copy_src_hlsp_dst_de
   157                          	EXTERN ____sdcc_ll_copy_src_hlsp_dst_deixm
   158                          	EXTERN ____sdcc_ll_lsl_hlix_a
   159                          	EXTERN ____sdcc_ll_lsl_mbc_a
   160                          	EXTERN ____sdcc_ll_lsr_hlix_a
   161                          	EXTERN ____sdcc_ll_lsr_mbc_a
   162                          	EXTERN ____sdcc_ll_push_hlix
   163                          	EXTERN ____sdcc_ll_push_mhl
   164                          	EXTERN ____sdcc_ll_sub_de_bc_hl
   165                          	EXTERN ____sdcc_ll_sub_de_bc_hlix
   166                          	EXTERN ____sdcc_ll_sub_de_hlix_bc
   167                          	EXTERN ____sdcc_ll_sub_de_hlix_bcix
   168                          	EXTERN ____sdcc_ll_sub_deix_bc_hl
   169                          	EXTERN ____sdcc_ll_sub_deix_hlix
   170                          	EXTERN ____sdcc_ll_sub_hlix_bc_deix
   171                          	EXTERN ____sdcc_ll_sub_hlix_deix_bc
   172                          	EXTERN ____sdcc_ll_sub_hlix_deix_bcix
   173                          	EXTERN ____sdcc_load_debc_deix
   174                          	EXTERN ____sdcc_load_dehl_deix
   175                          	EXTERN ____sdcc_load_debc_mhl
   176                          	EXTERN ____sdcc_load_hlde_mhl
   177                          	EXTERN ____sdcc_store_dehl_bcix
   178                          	EXTERN ____sdcc_store_debc_hlix
   179                          	EXTERN ____sdcc_store_debc_mhl
   180                          	EXTERN ____sdcc_cpu_pop_ei
   181                          	EXTERN ____sdcc_cpu_pop_ei_jp
   182                          	EXTERN ____sdcc_cpu_push_di
   183                          	EXTERN ____sdcc_outi
   184                          	EXTERN ____sdcc_outi_128
   185                          	EXTERN ____sdcc_outi_256
   186                          	EXTERN ____sdcc_ldi
   187                          	EXTERN ____sdcc_ldi_128
   188                          	EXTERN ____sdcc_ldi_256
   189                          	EXTERN ____sdcc_4_copy_srcd_hlix_dst_deix
   190                          	EXTERN ____sdcc_4_and_src_mbc_mhl_dst_deix
   191                          	EXTERN ____sdcc_4_or_src_mbc_mhl_dst_deix
   192                          	EXTERN ____sdcc_4_xor_src_mbc_mhl_dst_deix
   193                          	EXTERN ____sdcc_4_or_src_dehl_dst_bcix
   194                          	EXTERN ____sdcc_4_xor_src_dehl_dst_bcix
   195                          	EXTERN ____sdcc_4_and_src_dehl_dst_bcix
   196                          	EXTERN ____sdcc_4_xor_src_mbc_mhl_dst_debc
   197                          	EXTERN ____sdcc_4_or_src_mbc_mhl_dst_debc
   198                          	EXTERN ____sdcc_4_and_src_mbc_mhl_dst_debc
   199                          	EXTERN ____sdcc_4_cpl_src_mhl_dst_debc
   200                          	EXTERN ____sdcc_4_xor_src_debc_mhl_dst_debc
   201                          	EXTERN ____sdcc_4_or_src_debc_mhl_dst_debc
   202                          	EXTERN ____sdcc_4_and_src_debc_mhl_dst_debc
   203                          	EXTERN ____sdcc_4_and_src_debc_hlix_dst_debc
   204                          	EXTERN ____sdcc_4_or_src_debc_hlix_dst_debc
   205                          	EXTERN ____sdcc_4_xor_src_debc_hlix_dst_debc
   206                          
   207                          ;--------------------------------------------------------
   208                          ; Public variables in this module
   209                          ;--------------------------------------------------------
   210                          	GLOBAL _skin_umpire_chair
   211                          	GLOBAL _skin_player_front_a
   212                          	GLOBAL _skin_umpire_head
   213                          	GLOBAL _skin_player_back_a
   214                          	GLOBAL _skin_net
   215                          	GLOBAL _skin_ball
   216                          	GLOBAL _skin_ball_shadow
   217                          ;--------------------------------------------------------
   218                          ; Externals used
   219                          ;--------------------------------------------------------
   220                          	GLOBAL _sprite_umpire_chair
   221                          	GLOBAL _sprite_player_front_a_20
   222                          	GLOBAL _sprite_player_front_a_19
   223                          	GLOBAL _sprite_player_front_a_18
   224                          	GLOBAL _sprite_player_front_a_17
   225                          	GLOBAL _sprite_player_front_a_16
   226                          	GLOBAL _sprite_player_front_a_15
   227                          	GLOBAL _sprite_player_front_a_14
   228                          	GLOBAL _sprite_player_front_a_13
   229                          	GLOBAL _sprite_player_front_a_12
   230                          	GLOBAL _sprite_player_front_a_10
   231                          	GLOBAL _sprite_player_front_a_09
   232                          	GLOBAL _sprite_player_front_a_08
   233                          	GLOBAL _sprite_player_front_a_07
   234                          	GLOBAL _sprite_player_front_a_06
   235                          	GLOBAL _sprite_player_front_a_05
   236                          	GLOBAL _sprite_player_front_a_11
   237                          	GLOBAL _sprite_player_front_a_04
   238                          	GLOBAL _sprite_player_front_a_03
   239                          	GLOBAL _sprite_player_front_a_02
   240                          	GLOBAL _sprite_player_front_a_00
   241                          	GLOBAL _sprite_player_back_a_20
   242                          	GLOBAL _sprite_player_back_a_19
   243                          	GLOBAL _sprite_player_back_a_18
   244                          	GLOBAL _sprite_player_back_a_17
   245                          	GLOBAL _sprite_player_back_a_16
   246                          	GLOBAL _sprite_player_front_a_01
   247                          	GLOBAL _sprite_player_back_a_15
   248                          	GLOBAL _sprite_player_back_a_14
   249                          	GLOBAL _sprite_player_back_a_13
   250                          	GLOBAL _sprite_player_back_a_11
   251                          	GLOBAL _sprite_player_back_a_12
   252                          	GLOBAL _sprite_player_back_a_10
   253                          	GLOBAL _sprite_player_back_a_09
   254                          	GLOBAL _sprite_player_back_a_08
   255                          	GLOBAL _sprite_player_back_a_07
   256                          	GLOBAL _sprite_player_back_a_06
   257                          	GLOBAL _sprite_player_back_a_05
   258                          	GLOBAL _sprite_player_back_a_04
   259                          	GLOBAL _sprite_player_back_a_03
   260                          	GLOBAL _sprite_player_back_a_02
   261                          	GLOBAL _sprite_umpire_head_03
   262                          	GLOBAL _sprite_umpire_head_02
   263                          	GLOBAL _sprite_umpire_head_01
   264                          	GLOBAL _sprite_umpire_head_00
   265                          	GLOBAL _sprite_player_back_a_01
   266                          	GLOBAL _sprite_player_back_a_00
   267                          	GLOBAL _sprite_net
   268                          	GLOBAL _sprite_ball
   269                          	GLOBAL _sprite_ball_shadow
   270                          	GLOBAL _change_sprite_visibility
   271                          	GLOBAL _show_sprite
   272                          	GLOBAL _hide_sprite
   273                          	GLOBAL _move_sprite
   274                          	GLOBAL _loadAttrsAndPatterns
   275                          	GLOBAL _loadSpriteFrame
   276                          	GLOBAL _init_sprite_slots
   277                          ;--------------------------------------------------------
   278                          ; special function registers
   279                          ;--------------------------------------------------------
   280                          ;--------------------------------------------------------
   281                          ; ram data
   282                          ;--------------------------------------------------------
   283                          	SECTION bss_compiler
   284                          ;--------------------------------------------------------
   285                          ; ram data
   286                          ;--------------------------------------------------------
   287                          
   288                          IF 0
   289                          
   290                          ; .area _INITIALIZED removed by z88dk
   291                          
   292                          
   293                          ENDIF
   294                          
   295                          ;--------------------------------------------------------
   296                          ; absolute external ram data
   297                          ;--------------------------------------------------------
   298                          	SECTION IGNORE
   299                          ;--------------------------------------------------------
   300                          ; global & static initialisations
   301                          ;--------------------------------------------------------
   302                          	SECTION code_crt_init
   303                          ;--------------------------------------------------------
   304                          ; Home
   305                          ;--------------------------------------------------------
   306                          	SECTION IGNORE
   307                          ;--------------------------------------------------------
   308                          ; code
   309                          ;--------------------------------------------------------
   310                          	SECTION rodata_compiler
   311                          _skin_ball_shadow:
   312  0000  00                	DEFB +0x00
   313  0001  01                	DEFB +0x01
   314  0002  01                	DEFB +0x01
   315  0003  01                	DEFB +0x01
   316  0004  26                	DEFB +0x26
   317  0005  0000              	DEFW _sprite_ball_shadow
   318                          _skin_ball:
   319  0007  00                	DEFB +0x00
   320  0008  01                	DEFB +0x01
   321  0009  01                	DEFB +0x01
   322  000a  01                	DEFB +0x01
   323  000b  26                	DEFB +0x26
   324  000c  0000              	DEFW _sprite_ball
   325                          _skin_net:
   326  000e  00                	DEFB +0x00
   327  000f  16                	DEFB +0x16
   328  0010  0d                	DEFB +0x0d
   329  0011  01                	DEFB +0x01
   330  0012  26                	DEFB +0x26
   331  0013  0000              	DEFW _sprite_net
   332                          _skin_player_back_a:
   333  0015  00                	DEFB +0x00
   334  0016  08                	DEFB +0x08
   335  0017  08                	DEFB +0x08
   336  0018  15                	DEFB +0x15
   337  0019  26                	DEFB +0x26
   338  001a  0000              	DEFW _sprite_player_back_a_00
   339  001c  26                	DEFB +0x26
   340  001d  0000              	DEFW _sprite_player_back_a_01
   341  001f  27                	DEFB +0x27
   342  0020  0000              	DEFW _sprite_player_back_a_02
   343  0022  27                	DEFB +0x27
   344  0023  0000              	DEFW _sprite_player_back_a_03
   345  0025  27                	DEFB +0x27
   346  0026  0000              	DEFW _sprite_player_back_a_04
   347  0028  27                	DEFB +0x27
   348  0029  0000              	DEFW _sprite_player_back_a_05
   349  002b  27                	DEFB +0x27
   350  002c  0000              	DEFW _sprite_player_back_a_06
   351  002e  28                	DEFB +0x28
   352  002f  0000              	DEFW _sprite_player_back_a_07
   353  0031  28                	DEFB +0x28
   354  0032  0000              	DEFW _sprite_player_back_a_08
   355  0034  28                	DEFB +0x28
   356  0035  0000              	DEFW _sprite_player_back_a_09
   357  0037  28                	DEFB +0x28
   358  0038  0000              	DEFW _sprite_player_back_a_10
   359  003a  29                	DEFB +0x29
   360  003b  0000              	DEFW _sprite_player_back_a_11
   361  003d  28                	DEFB +0x28
   362  003e  0000              	DEFW _sprite_player_back_a_12
   363  0040  29                	DEFB +0x29
   364  0041  0000              	DEFW _sprite_player_back_a_13
   365  0043  29                	DEFB +0x29
   366  0044  0000              	DEFW _sprite_player_back_a_14
   367  0046  29                	DEFB +0x29
   368  0047  0000              	DEFW _sprite_player_back_a_15
   369  0049  2a                	DEFB +0x2a
   370  004a  0000              	DEFW _sprite_player_back_a_16
   371  004c  2a                	DEFB +0x2a
   372  004d  0000              	DEFW _sprite_player_back_a_17
   373  004f  2a                	DEFB +0x2a
   374  0050  0000              	DEFW _sprite_player_back_a_18
   375  0052  2a                	DEFB +0x2a
   376  0053  0000              	DEFW _sprite_player_back_a_19
   377  0055  2a                	DEFB +0x2a
   378  0056  0000              	DEFW _sprite_player_back_a_20
   379                          _skin_umpire_head:
   380  0058  00                	DEFB +0x00
   381  0059  01                	DEFB +0x01
   382  005a  01                	DEFB +0x01
   383  005b  04                	DEFB +0x04
   384  005c  26                	DEFB +0x26
   385  005d  0000              	DEFW _sprite_umpire_head_00
   386  005f  26                	DEFB +0x26
   387  0060  0000              	DEFW _sprite_umpire_head_01
   388  0062  26                	DEFB +0x26
   389  0063  0000              	DEFW _sprite_umpire_head_02
   390  0065  26                	DEFB +0x26
   391  0066  0000              	DEFW _sprite_umpire_head_03
   392                          _skin_player_front_a:
   393  0068  00                	DEFB +0x00
   394  0069  08                	DEFB +0x08
   395  006a  08                	DEFB +0x08
   396  006b  15                	DEFB +0x15
   397  006c  2b                	DEFB +0x2b
   398  006d  0000              	DEFW _sprite_player_front_a_00
   399  006f  29                	DEFB +0x29
   400  0070  0000              	DEFW _sprite_player_front_a_01
   401  0072  2b                	DEFB +0x2b
   402  0073  0000              	DEFW _sprite_player_front_a_02
   403  0075  2b                	DEFB +0x2b
   404  0076  0000              	DEFW _sprite_player_front_a_03
   405  0078  2b                	DEFB +0x2b
   406  0079  0000              	DEFW _sprite_player_front_a_04
   407  007b  2c                	DEFB +0x2c
   408  007c  0000              	DEFW _sprite_player_front_a_05
   409  007e  2c                	DEFB +0x2c
   410  007f  0000              	DEFW _sprite_player_front_a_06
   411  0081  2c                	DEFB +0x2c
   412  0082  0000              	DEFW _sprite_player_front_a_07
   413  0084  2c                	DEFB +0x2c
   414  0085  0000              	DEFW _sprite_player_front_a_08
   415  0087  2d                	DEFB +0x2d
   416  0088  0000              	DEFW _sprite_player_front_a_09
   417  008a  2d                	DEFB +0x2d
   418  008b  0000              	DEFW _sprite_player_front_a_10
   419  008d  2b                	DEFB +0x2b
   420  008e  0000              	DEFW _sprite_player_front_a_11
   421  0090  2d                	DEFB +0x2d
   422  0091  0000              	DEFW _sprite_player_front_a_12
   423  0093  2d                	DEFB +0x2d
   424  0094  0000              	DEFW _sprite_player_front_a_13
   425  0096  2d                	DEFB +0x2d
   426  0097  0000              	DEFW _sprite_player_front_a_14
   427  0099  2e                	DEFB +0x2e
   428  009a  0000              	DEFW _sprite_player_front_a_15
   429  009c  2e                	DEFB +0x2e
   430  009d  0000              	DEFW _sprite_player_front_a_16
   431  009f  2e                	DEFB +0x2e
   432  00a0  0000              	DEFW _sprite_player_front_a_17
   433  00a2  2e                	DEFB +0x2e
   434  00a3  0000              	DEFW _sprite_player_front_a_18
   435  00a5  2e                	DEFB +0x2e
   436  00a6  0000              	DEFW _sprite_player_front_a_19
   437  00a8  2f                	DEFB +0x2f
   438  00a9  0000              	DEFW _sprite_player_front_a_20
   439                          _skin_umpire_chair:
   440  00ab  00                	DEFB +0x00
   441  00ac  08                	DEFB +0x08
   442  00ad  08                	DEFB +0x08
   443  00ae  01                	DEFB +0x01
   444  00af  2f                	DEFB +0x2f
   445  00b0  0000              	DEFW _sprite_umpire_chair
   446                          	SECTION IGNORE
   447                          
