/tmp/tmpKaBr9pRT.asm:
     1                          MODULE sprites_page_45_asm
     2                          LINE 0, "sprites_page_45.asm"
sprites_page_45.asm:
                                
     1                          	SECTION PAGE_45
     2                          
     3                          	PUBLIC _sprite_player_front_a_09, _sprite_player_front_a_10, _sprite_player_front_a_12, _sprite_player_front_a_13, _sprite_player_front_a_14
     4                          
     5                          _sprite_player_front_a_09:
     6  0000  06ebd9            	db 0x06, 0xeb, 0xd9
     7  0003  000000c020100001  	incbin "../assets/sprite_player_front_a_09.bin"
              c141001001c24110  
              1001c341102001c4  
              41202001c5410000  
              0040000000004000  
              e3e3e3e3e3e3e3e3  
              e3e3e3e3e3e3e3e3  
              e3e3e3e3e3e3e3e3  
              e3e3e3e3e3e3e3e3  
              e3e3e3e3e3e3e3e3  
              e3e3e3e3e3e3e3e3  
              e3e3e3e3e3e3e3e3  
              e3e3e3e3e3e3e3e3  
              e3e3e3e3e3e3e3e3  
              e3e3e3e3e3e3e3e3  
              e3e3e3e3e3e3e3e3  
              e3e3e3e3e3e3e3e3  
              e3e3e3e3e3e3e3e3  
              e3e3e3e3e3e3e3e3  
              e3e3e3e3e3e3e3e3  
              e3e3e3e3e3e3e3e3  
              e3e3e3e3e3e3e3e3  
              e3e3e3e3e3e3e3e3  
              e3e3e3e3e3e3e3e3  
              e3e3e3e3e3e3e3e3  
              e3e3e3e3e3e3e3e3  
              e3e3e3e3e3e3e3e3  
              e3e3e3e3e3e3e3e3  
              e3e3e3e3e3e3e3e3  
              e3e3e3e3e3e3e3e3  
              e3e3e3e3e3e3e3e3  
              e3e3e3e3e3e3e3e3  
              e3e3e3e3e3e3e353  
              e3e3e3e3e3e3e3e3  
              e3e3e3e3e3e3e34e  
              e3e3e3e3e3e3e3e3  
              e3e3e3e3e3e3e389  
              e3e3458989ad89e3  
              e3e3e3e3e3e3e3e3  
              e345adadad89ad89  
              e3e3e3e3e3e3e3e3  
              e345895757574e89  
              45e3e3e3e3e3e3e3  
              e34eb7dfdfdfb74e  
              45e3e3e3e3e3e3e3  
              e3b7dfadcdcd89b7  
              45e3e3e3e3e3e3e3  
              e389f645f6f64589  
              89e3e3e3e3e3e3e3  
              e3adfafafafaf6ad  
              89e3e3e3e3e3e3e3  
              e3e3adfafafaf689  
              45e3e3e3e3e3e3e3  
              e3e392adf6f68992  
              454ee3e3e3e3e3e3  
              e34eb789898989b7  
              b74e4ae3e3e3e3e3  
              535753b7ad89db53  
              5757574ae3e3e3e3  
              535757dfb7b7df57  
              57575753e3e3e3e3  
              5357575757575757  
              535757574ae3e3e3  
              5753535757575753  
              4e57575753e3e3e3  
              4e4e4e57cdfaf653  
              4a92f6cd89e3e3e3  
              cdcd4a53f6fafadf  
              cdfafaf64ae3e3e3  
              e3e3e3e3e3e3e3e3  
              e3e3e3e3e3e3e389  
              e3e3e3e3e3e3e3e3  
              e3e3e3e3e3e3fafa  
              e3e3e3e3e3e3e3e3  
              e3e3e3e3e3e3f6fa  
              e3e3e3e3e3e3e3e3  
              e3e3e3f6f6dffacd  
              e3e3e3e3e3e3e3e3  
              e3e3e3f688f6dfe3  
              e3e3e3e3e3e3e3e3  
              e3e3e3f620cde3e3  
              e3e3e3a0802020e3  
              e3e380b6e3e3e3e3  
              e3e380a071718080  
              40e320e3e3e3e3e3  
              e372e390e390e380  
              e340e3e3e3e3e3e3  
              80e390e390e39480  
              8020e3e3e3e3e3e3  
              4090e390e394e390  
              8020e3e3e3e3e3e3  
              75e390e390e390e3  
              80e3e3e3e3e3e3e3  
              6090e390e390e390  
              80e3e3e3e3e3e3e3  
              202090e390e39080  
              e3e3e3e3e3e3e3e3  
              e3607590e39071e3  
              e3e3e3e3e3e3e3e3  
              e3e3e3408072e3e3  
              e3e3e3e3e3e3e3e3  
              f6f6cd4aadf6f6df  
              f6fafaf689e3e3e3  
              f6cde3e34a92addf  
              cdf6f6cd4ee3e3e3  
              faf6e3e3e34a4a4a  
              4a4e4a4eb74ae3e3  
              cde3e3e3e3e34a4a  
              4e4e4eb7b7dfe3e3  
              e3e3e3e3e3b792b7  
              dfdfb7b7b7dfb7e3  
              e3e3e3e3e3e392b7  
              b7b7dfdfdfdfb7e3  
              e3e3e3e3ad929292  
              92b7b7dfdfdfb7e3  
              e3e3e3adf6cdb7b7  
              e3b7cdb7b7b792e3  
              e3e3e3fafafaf6b7  
              e3cdf6fafacde3e3  
              e3e3f6fafaf6f689  
              e3cdfafafae3e3e3  
              e3e3f6fafaf689e3  
              e3cdfafacde3e3e3  
              e3e3f6faf689e3e3  
              e3f6faf6f6e3e3e3  
              e3e389adade3e3e3  
              e389f6f6cde3e3e3  
              e3e389adcdcde3e3  
              e389adadade3e3e3  
              e3e3e389cdcde3e3  
              e3e38989cdcde3e3  
              e3e3e389cd89e3e3  
              e3e3e389cdcd89e3  
              e3e3e3e39289e3e3  
              e3e3e3e389cd8992  
              e3e3e3e3dbb7dfe3  
              e3e3e3e3e3e3b7db  
              e3e3e392b792b7e3  
              e3e3e3e3e3e392b7  
              e3e3dfdfb7b792e3  
              e3e3e3e3e3e3dfdb  
              e3dfdfdfdfdf6de3  
              e3e3e3e3e3b7b7b7  
              e36de36de36de36d  
              e36de36de3dfdfb7  
              e3e3e3e36de36de3  
              6de36de36de36de3  
              e3e3e3e3e3e3e3e3  
              e3e3e3e3e3e3e3e3  
              e3e3e3e3e3e3e3e3  
              e3e3e3e3e3e3e3e3  
              e3e3e3e3e3e3e3e3  
              e3e3e3e3e3e3e3e3  
              e3e3e3e3e3e3e3e3  
              e3e3e3e3e3e3e3e3  
              e3e3e3e3e3e3e3e3  
              e3e3e3e3e3e3e3e3  
              e3e3e3e3e3e3e3e3  
              e3e3e3e3e3e3e3e3  
              e3e3e3e3e3e3e3e3  
              e3e3e3e3e3e3e3e3  
              e3e3e3e3e3e3e3e3  
              e3e3e3e3e3e3e3e3  
              e3e3e3e3e3e3e3e3  
              e3e3e3e3e3e3e3e3  
              e3e3e3e3e3e3e3e3  
              e3e3e3e3e3e3e3e3  
              e3e3e3e3e3e3e3e3  
              e3e3e3e3e3e3e3e3  
              dfe3e3e3e3e3e3e3  
              e3e3e3e3e3e3e3e3  
              b7e3e3e3e3e3e3e3  
              e3e3e3e3e3e3e3e3  
              92e3e3e3e3e3e3e3  
              e3e3e3e3e3e3e3e3  
              e3e3e3e3e3e3e3e3  
              e3e3e3e3e3e3e3e3  
              6de3e3e3e3e3e3e3  
              e3e3e3e3e3e3e3e3  
              e3e3e3e3e3e3e3e3  
              e3e3e3e3e3e3e3e3  
              e3e3e3e3e3e3e3e3  
              e3e3e3e3e3e3e3e3  
              e3e3e3e3e3e3e3e3  
              e3e3e3e3e3e3e3e3  
              e3e3e3e3e3e3e3e3  
              e3e3e3e3e3e3e3e3  
              e3e3e3e3e3e3e3e3  
              e3e3e3e3e3e3e3e3  
              e3e3e3e3e3e3e3e3  
              e3e3e3e3e3e3e3e3  
              e3e3e3e3e3e3e3e3  
              e3e3e3e3e3e3e3e3  
              e3e3e3e3e3e3e3e3  
              e3e3e3e3e3e3e3e3  
              e3e3e3e3e3e3e3e3  
              e3e3e3e3e3e3e3e3  
     8                          
     9                          _sprite_player_front_a_10:
    10  062b  06fad7            	db 0x06, 0xfa, 0xd7
    11  062e  000000c020100001  	incbin "../assets/sprite_player_front_a_10.bin"
              c141001001c24110  
              1001c341002001c4  
              41102001c5410000  
              0040000000004000  
              e3e3e3e3e3e389ad  
              898945e3e3e3e3e3  
              e3e3e3e3e389ad89  
              adadad45e3e3e3e3  
              e3e3e3e345894a57  
              57578945e3e3e3e3  
              e3e3e3e3454eb7df  
              dfdfb74ee3e3e3e3  
              e3e3e3e345b789cd  
              cdcddbb7e3e3e3e3  
              e3e3e345898945f6  
              f645f6ade3e3e3e3  
              e3e3e34589adf6fa  
              fafafaade3e3e3e3  
              e3e3e3e34589f6fa  
              fafaade3e3e3e3e3  
              e3e3e3e3459289f6  
              f6ad92b74e4ee3e3  
              e3e3e353b7b78980  
              2089b753575753e3  
              e34e535753b7cd20  
              8980535757575753  
              e353575757df20b7  
              9020575753575753  
              5353575357578090  
              578057574e535753  
              8953535357572057  
              942057534a53cdfa  
              89cdf64e53578094  
              20f6f64a4a89fafa  
              cdf6cd4a4a209457  
              80fafacddfb7f6fa  
              e3e3e3e3e3e3e3e3  
              e3e3e3e3e3e3e3e3  
              e3e3e3e3e3e3e3e3  
              e3e3e3e3e3e3e3e3  
              e3e3e3e3e3e3e3e3  
              e3e3e3e3e3e3e3e3  
              e3e3e3e3e3e3e3e3  
              e3e3e3e3e3e3e3e3  
              e3e3e3e3e3e3e3e3  
              e3e3e3e3e3e3e3e3  
              e3e3e3e3e3e3e3e3  
              e3e3e3e3e3e3e3e3  
              e3e3e3e3e3e3e3e3  
              e3e3e3e3e3e3e3e3  
              e3e3e3e3e3e3e3e3  
              e3e3e3e3e3e3e3e3  
              e3e3e3e3e3e3e3e3  
              e3e3e3e3e3e3e3e3  
              e3e3e3e3e3e3e3e3  
              e3e3e3e3e3e3e3e3  
              e3e3e3e3e3e3e3e3  
              e3e3e3e3e3e3e3e3  
              e3e3e3e3e3e3e3e3  
              e3e3e3e3e3e3e3e3  
              53e3e3e3e3e3e3e3  
              e3e3e3e3e3e3e3e3  
              89e3e3e3e3e3e3e3  
              e3e3e3e3e3e3e3e3  
              f6e3e3e3e3e3e3e3  
              e3e3e3e3e3e3e3e3  
              fae3e3e3e3e3e3e3  
              e3e3e3e3e3e3e3e3  
              cdf6cde34a805320  
              f6fafaf6dfdbf6fa  
              cdf6cde3e3202080  
              89f6f6adb7b789cd  
              dbdb89e3e380204e  
              4a89cd4a4e4ee3e3  
              f6cdfacd20804a4e  
              4e4e4a4a4e4ee3e3  
              e3f6faf620e392b7  
              dfdfdfb7b7b792e3  
              e3cdf6cde392dfdf  
              dfdfdfdfdfdfb7e3  
              e3e3e3e3b7b7dfdf  
              dfb7dfdfdfdfb7e3  
              e3e3e3e3cdf6b7df  
              92b7cddfb7b7b7e3  
              e3e3e3f6faf6cddf  
              b7cdf6cdcdb7e3e3  
              e3e3cdfafaf6f692  
              89f6fafaf689e3e3  
              e3e3f6fafaf6f692  
              89f6fafaf689e3e3  
              e3e3f6faf6ade3e3  
              e3f6faf6ade3e3e3  
              e3e3cdfaf6cdcde3  
              e3f6faf6f6cde3e3  
              e3e3e38989cdcde3  
              e389f6f6cdcde3e3  
              e3e3e3e389cdad89  
              e3e389cdcdcde3e3  
              e3e3e3e3e389cd89  
              e3e3e389cdcd89e3  
              fae3e3e3e3e3e3e3  
              e3e3e3e3e3e3e3e3  
              e3e3e3e3e3e3e3e3  
              e3e3e3e3e3e3e3e3  
              e3e3e3e3e3e3e3e3  
              e3e3e3e3e3e3e3e3  
              e3e3e3e3e3e3e3e3  
              e3e3e3e3e3e3e3e3  
              e3e3e3e3e3e3e3e3  
              e3e3e3e3e3e3e3e3  
              e3e3e3e3e3e3e3e3  
              e3e3e3e3e3e3e3e3  
              e3e3e3e3e3e3e3e3  
              e3e3e3e3e3e3e3e3  
              e3e3e3e3e3e3e3e3  
              e3e3e3e3e3e3e3e3  
              e3e3e3e3e3e3e3e3  
              e3e3e3e3e3e3e3e3  
              e3e3e3e3e3e3e3e3  
              e3e3e3e3e3e3e3e3  
              e3e3e3e3e3e3e3e3  
              e3e3e3e3e3e3e3e3  
              e3e3e3e3e3e3e3e3  
              e3e3e3e3e3e3e3e3  
              e3e3e3e3e3e3e3e3  
              e3e3e3e3e3e3e3e3  
              e3e3e3e3e3e3e3e3  
              e3e3e3e3e3e3e3e3  
              e3e3e3e3e3e3e3e3  
              e3e3e3e3e3e3e3e3  
              e3e3e3e3e3e3e3e3  
              e3e3e3e3e3e3e3e3  
              e3e3e3e3e389cd89  
              e3e3e389cdcd89e3  
              e3e3e3e3e3e38992  
              e3e3e3e3898992e3  
              e3e3e3e3e3e3b7db  
              b7e3e3e3e3b7dfdf  
              e3e3e3e3e3e39292  
              92b7e3e3e3b7db92  
              e3e3e3e3e39292db  
              b7b7e3e3e39292df  
              e3e3e3e3b7b7dfb7  
              b7b7e3e3e3b7b7db  
              e3e3e3dfdfdfb76d  
              e3e3e3e3e3b7b7df  
              e3e3e3e36de36de3  
              6de36de36ddfdfb7  
              e3e3e3e3e3e3e36d  
              e36de36de36de36d  
              e3e3e3e3e3e3e3e3  
              e3e3e3e3e3e3e3e3  
              e3e3e3e3e3e3e3e3  
              e3e3e3e3e3e3e3e3  
              e3e3e3e3e3e3e3e3  
              e3e3e3e3e3e3e3e3  
              e3e3e3e3e3e3e3e3  
              e3e3e3e3e3e3e3e3  
              e3e3e3e3e3e3e3e3  
              e3e3e3e3e3e3e3e3  
              e3e3e3e3e3e3e3e3  
              e3e3e3e3e3e3e3e3  
              e3e3e3e3e3e3e3e3  
              e3e3e3e3e3e3e3e3  
              e3e3e3e3e3e3e3e3  
              e3e3e3e3e3e3e3e3  
              e3e3e3e3e3e3e3e3  
              e3e3e3e3e3e3e3e3  
              e3e3e3e3e3e3e3e3  
              e3e3e3e3e3e3e3e3  
              dfe3e3e3e3e3e3e3  
              e3e3e3e3e3e3e3e3  
              dfe3e3e3e3e3e3e3  
              e3e3e3e3e3e3e3e3  
              e3e3e3e3e3e3e3e3  
              e3e3e3e3e3e3e3e3  
              e3e3e3e3e3e3e3e3  
              e3e3e3e3e3e3e3e3  
              e3e3e3e3e3e3e3e3  
              e3e3e3e3e3e3e3e3  
              e3e3e3e3e3e3e3e3  
              e3e3e3e3e3e3e3e3  
              e3e3e3e3e3e3e3e3  
              e3e3e3e3e3e3e3e3  
              e3e3e3e3e3e3e3e3  
              e3e3e3e3e3e3e3e3  
              e3e3e3e3e3e3e3e3  
              e3e3e3e3e3e3e3e3  
              e3e3e3e3e3e3e3e3  
              e3e3e3e3e3e3e3e3  
              e3e3e3e3e3e3e3e3  
              e3e3e3e3e3e3e3e3  
              e3e3e3e3e3e3e3e3  
              e3e3e3e3e3e3e3e3  
              e3e3e3e3e3e3e3e3  
              e3e3e3e3e3e3e3e3  
    12                          
    13                          _sprite_player_front_a_12:
    14  0c56  06f7d8            	db 0x06, 0xf7, 0xd8
    15  0c59  000000c020100001  	incbin "../assets/sprite_player_front_a_12.bin"
              c141001001c24110  
              1001c341002001c4  
              41102001c5410000  
              0040000000004000  
              e3e3e3e3e3e3e3e3  
              e3e3e389ad898945  
              e3e3e3e3e3e3e3e3  
              e3e389ad89adadad  
              e3e3e3e3e3e3e3e3  
              e345894e57535789  
              e3e3e3e3e3e3e3e3  
              e3454eb6dfdfdfb7  
              e3e3e3e3e3e3e3e3  
              e345b789cdcdcddf  
              e3e3e3e3e3e3e3e3  
              45898945f6f645f6  
              e3e3e3e3e3e3e3e3  
              4589adf6fafafafa  
              e3e3e3e3e3e3e3e3  
              e34589f6fafafaad  
              e3e3e3e3e3e3e3e3  
              e34ab689f6f6cd20  
              e3e3e3e3e3e3e34e  
              535757578989894e  
              e3e3e3e3e3e35357  
              575757575753cdb6  
              e3e3e3e3e3e35357  
              575757575753b64e  
              e3e3e3e3e3535757  
              5353535753cdf64e  
              e3e3e3e3e3535353  
              4a5353adfafafaf6  
              e3e3e3e353535353  
              4a4a89f6f6fafaf6  
              e3e3e35353535353  
              4e4a4aadf6f6f6fa  
              e3e3e3e3e3e3e3e3  
              e3e3e3e3e3e3e3e3  
              45e3e3e3e3e3e3e3  
              e3e3e3e3e3e3e3e3  
              45e3e3e3e3e3e3e3  
              e3e3e3e3e3e3e3e3  
              4ee3e3e3e3e3e3e3  
              e3e3e3e3e3e3e3e3  
              b7e3e3e3e3e3e3e3  
              e3e3e3e3e3e3e3e3  
              ad20e3e3e3e3e3e3  
              e3e3e3e3e3e3e3e3  
              ad80e3e3e3e3e3e3  
              e3e3e3e3e3e3e3e3  
              e320e3e3e3e3e3e3  
              e3e3e3e3e3e3e3e3  
              9480e3e3e3e3e3e3  
              e3e3e3e3e3e3e3e3  
              e39420e3e3e3e3e3  
              e3e3e3e3e3e3e3e3  
              53e380e3e3e3e3e3  
              e3e3e3e3e3e3e3e3  
              532020e3e3e3e3e3  
              e3e3e3e3e3e3e3e3  
              e32080e3e3e3e3e3  
              e3e3e3e3e3e3e3e3  
              e3e320e3e3e3e3e3  
              e3e3e3e3e3e3e3e3  
              f6e320e3e3e3e3e3  
              e3e3e3e3e3e3e3e3  
              faf6e320e3e3e3e3  
              e3e3e3e3e3e3e3e3  
              e3e3e34a53534e4e  
              4a4a4a4ae3cdf6f6  
              e3e3e35353534a4a  
              4a4a4a4ae3e3e3ad  
              e3e3b6dfdfb64e4e  
              4e4e4ee3e3e3e3e3  
              e3e3dfdfdfdfdfdf  
              dbb7b6e3e3e3e3e3  
              e3e3dfdfdfdfdfdf  
              b6b6b7b7e3e3e3e3  
              e3e3b6b6dfdfdfb6  
              dfb6dbb792e3e3e3  
              e3e3b6dfcddfdfb6  
              92b6b7dbcdade3e3  
              e3e3e3cdf6cdcdcd  
              92b6b6cdcdf6e3e3  
              e3e3e3adf6fafaf6  
              92b6dfcdfafaf6e3  
              e3e3e3adf6fafaf6  
              e3e389f6fafafaf6  
              e3e3e3e3adf6faf6  
              e3e3e38989f6faf6  
              e3e3e3e3f6fafaf6  
              e3e3e3e389adad89  
              e3e3e3fafafaf689  
              e3e3e3e3cdadadcd  
              e3e3cdf6faf689e3  
              e3e3e3e389adcdcd  
              e3e3cdf6f689e3e3  
              e3e3e3e3e3cdcdcd  
              e3e3cdf68989e3e3  
              e3e3e3e3e389cd89  
              f6fab7fafacde3e3  
              e3e3e3e3e3e3e3e3  
              addb92f6faf6e3e3  
              e3e3e3e3e3e3e3e3  
              e3e3e3f6f6ade3e3  
              e3e3e3e3e3e3e3e3  
              e3e3e3e3e3e3e3e3  
              e3e3e3e3e3e3e3e3  
              e3e3e3e3e3e3e3e3  
              e3e3e3e3e3e3e3e3  
              e3e3e3e3e3e3e3e3  
              e3e3e3e3e3e3e3e3  
              e3e3e3e3e3e3e3e3  
              e3e3e3e3e3e3e3e3  
              e3e3e3e3e3e3e3e3  
              e3e3e3e3e3e3e3e3  
              e3e3e3e3e3e3e3e3  
              e3e3e3e3e3e3e3e3  
              e3e3e3e3e3e3e3e3  
              e3e3e3e3e3e3e3e3  
              e3e3e3e3e3e3e3e3  
              e3e3e3e3e3e3e3e3  
              e3e3e3e3e3e3e3e3  
              e3e3e3e3e3e3e3e3  
              e3e3e3e3e3e3e3e3  
              e3e3e3e3e3e3e3e3  
              e3e3e3e3e3e3e3e3  
              e3e3e3e3e3e3e3e3  
              e3e3e3e3e3e3e3e3  
              e3e3e3e3e3e3e3e3  
              e3e3e3e3e3e3e3e3  
              e3e3e3e3e3e3e3e3  
              e3e3cdf689e3e3e3  
              e3e3e3e3e3b689b6  
              e392cd89e3e3e3e3  
              e3e3e3e3e3dfb6df  
              e3dfdbe3e3e3e3e3  
              e3e3e3e3e3b6b6b6  
              b6b792e3e3e3e3e3  
              e3e3e3e36ddfb6b6  
              b692dbdf92e3e3e3  
              e36de36de36de36d  
              b6dfb6b6b6e36de3  
              6de36de36de36de3  
              e3b6dfdbb76de36d  
              e36de36de36de3e3  
              6de36de36de36de3  
              6de3e3e3e3e3e3e3  
              e3e3e3e3e3e3e3e3  
              e3e3e3e3e3e3e3e3  
              e3e3e3e3e3e3e3e3  
              e3e3e3e3e3e3e3e3  
              e3e3e3e3e3e3e3e3  
              e3e3e3e3e3e3e3e3  
              e3e3e3e3e3e3e3e3  
              e3e3e3e3e3e3e3e3  
              e3e3e3e3e3e3e3e3  
              e3e3e3e3e3e3e3e3  
              e3e3e3e3e3e3e3e3  
              e3e3e3e3e3e3e3e3  
              e3e3e3e3e3e3e3e3  
              e3e3e3e3e3e3e3e3  
              e3e3e3e3e3e3e3e3  
              e3e3e3e3e3e3e3e3  
              e3e3e3e3e3e3e3e3  
              e3e3e3e3e3e3e3e3  
              dbe3e3e3e3e3e3e3  
              e3e3e3e3e3e3e3e3  
              dfdbb7b7e3e3e3e3  
              e3e3e3e3e3e3e3e3  
              dbb6dfdfe3e3e3e3  
              e3e3e3e3e3e3e3e3  
              e36de36de3e3e3e3  
              e3e3e3e3e3e3e3e3  
              6de36de3e3e3e3e3  
              e3e3e3e3e3e3e3e3  
              e3e3e3e3e3e3e3e3  
              e3e3e3e3e3e3e3e3  
              e3e3e3e3e3e3e3e3  
              e3e3e3e3e3e3e3e3  
              e3e3e3e3e3e3e3e3  
              e3e3e3e3e3e3e3e3  
              e3e3e3e3e3e3e3e3  
              e3e3e3e3e3e3e3e3  
              e3e3e3e3e3e3e3e3  
              e3e3e3e3e3e3e3e3  
              e3e3e3e3e3e3e3e3  
              e3e3e3e3e3e3e3e3  
              e3e3e3e3e3e3e3e3  
              e3e3e3e3e3e3e3e3  
              e3e3e3e3e3e3e3e3  
              e3e3e3e3e3e3e3e3  
              e3e3e3e3e3e3e3e3  
              e3e3e3e3e3e3e3e3  
              e3e3e3e3e3e3e3e3  
              e3e3e3e3e3e3e3e3  
    16                          
    17                          _sprite_player_front_a_13:
    18  1281  06f6d6            	db 0x06, 0xf6, 0xd6
    19  1284  000000c020100001  	incbin "../assets/sprite_player_front_a_13.bin"
              c141001001c24110  
              1001c341002001c4  
              41102001c5410000  
              0040000000004000  
              e3e3e3e3e3e3e389  
              ad898945e3e3e3e3  
              e3e3e3e3e3e389ad  
              89adadad45e3e3e3  
              e3e3e3e3e345894e  
              5753578945e3e3e3  
              e3e3e3e3e3454eb6  
              dfdfdfb74ee3e3e3  
              e3e3e3e3e345b789  
              cdcdcddfb7e3e3e3  
              e3e3e3e345898945  
              f6f645f6ade3e3e3  
              e3e3e3e34589adf6  
              fafafafaade3e3e3  
              e3e3e3e3e34589f6  
              fafafaade3e3e3e3  
              e3e3e3e3e34ab689  
              f6f6cd5353e3e3e3  
              e3e3e3e35357b7ad  
              898989b7575353e3  
              e3e353575753b7cd  
              ad89b75357575753  
              e3e35757575757db  
              b6b7df5757535753  
              e3e3575753535757  
              57575757574e5353  
              e34e5353534e5757  
              57575757534a5353  
              e34e5353534e5357  
              575757574a4a53cd  
              e34acdf6f6cd4a57  
              575757534a4a89f6  
              e3e3e3e3e3e3e3e3  
              e3e3e3e3e3e3e3e3  
              e3e3e3e3e3e3e3e3  
              e3e3e3e3e3e3e3e3  
              e3e3e3e3e3e3e3e3  
              e3e3e3e3e3e3e3e3  
              e3e3e3e3e3e3e3e3  
              e3e3e3e3e3e3e3e3  
              e3e3e3e3e3e3e3e3  
              e3e3e3e3e3e3e3e3  
              e3e3e3e3e3e3e3e3  
              e3e3e3e3e3e3e3e3  
              e3e3e3e3e3e3e3e3  
              e3e3e3e3e3e3e3e3  
              e3e3e3e3e3e3e3e3  
              e3e3e3e3e3e3e3e3  
              e3e3e3e3e3e3e3e3  
              e3e3e3e3e3e3e3e3  
              e3e3e3e3e3e3e3e3  
              e3e3e3e3e3e3e3e3  
              e3e3e3e3e3e3e3e3  
              e3e3e3e3e3e3e3e3  
              e3e3e3e3e3e3e3e3  
              e3e3e3e3e3e3e3e3  
              53e3e3e3e3e3e3e3  
              e3e3e3e3e3e3e3e3  
              53e3e3e3e3e3e3e3  
              e3e3e3e3e3e3e3e3  
              89e3e3e3e3e3e3e3  
              e3e3e3e3e3e3e3e3  
              cde3e3e3e3e3e3e3  
              e3e3e3e3e3e3e3e3  
              e34aadf6faf64a4a  
              53534e4ae3e3cdfa  
              e34a4af6fafaf64a  
              53534e4ae3e3cdfa  
              e34e4e89f6fafafa  
              cd4e4ee3e3e3cdfa  
              e3dfb6b689f6f6f6  
              f6df53e3e3e3f0db  
              e3b6b6b6b689f6f6  
              dfdfdff6e3e30020  
              dfdfdfdfb6b69289  
              b6dffafafaadf6fa  
              dfb6dfdfdfb692b6  
              b6adf6fafaf6f6fa  
              e3b6dfcdcdcd92b6  
              b6df89f6f6cd89f6  
              e3b6cdfafafacdb6  
              b6dfcde3e3e3e3e3  
              e389f6fafafaf689  
              cdcdf6cde3e3e3e3  
              e3e389f6fafaf689  
              f6fafacde3e3e3e3  
              e3e3e3cdfafaf6e3  
              89f6faf6e3e3e3e3  
              e3e3e3fafafaf6e3  
              89f6faf689e3e3e3  
              e3e3cdf6faf689e3  
              e389ad8989e3e3e3  
              e3e3cdf6f689e3e3  
              e389adad89e3e3e3  
              e3e3cdf6cd89e3e3  
              e3e389ad89e3e3e3  
              f6e3e3e3e3e3e3e3  
              e3e3e3e3e3e3e3e3  
              f6e3e3e3e3e3e3e3  
              e3e3e3e3e3e3e3e3  
              f6e3e3e3e3e3e3e3  
              e3e3e3e3e3e3e3e3  
              92e3e3e3e3e3e3e3  
              e3e3e3e3e3e3e3e3  
              b6e3e3e3202080a0  
              80e3e3e3e3e3e3e3  
              0020e3408080e394  
              e38072e3e3e3e3e3  
              f6e380e380e394e3  
              94e39480e3e3e3e3  
              ade340808094e394  
              e390e340e3e3e3e3  
              e3e3208094e394e3  
              94e39475e3e3e3e3  
              e3e3e320e394e390  
              e394e360e3e3e3e3  
              e3e3e38071e394e3  
              90e39520e3e3e3e3  
              e3e3e3e3a094e394  
              e39460e3e3e3e3e3  
              e3e3e3e3e3807280  
              7160e3e3e3e3e3e3  
              e3e3e3e3e3e3e3e3  
              e3e3e3e3e3e3e3e3  
              e3e3e3e3e3e3e3e3  
              e3e3e3e3e3e3e3e3  
              e3e3e3e3e3e3e3e3  
              e3e3e3e3e3e3e3e3  
              e3e3cdcd89e3e3e3  
              e3e389ad89e3e3e3  
              e3e3cdcd89e3e3e3  
              e3e3e38992e3e3e3  
              e3e3cd89e3e3e3e3  
              e3e3e392b7dfe3e3  
              e3e3dbb6e3e3e3e3  
              e3e3e3e392dbe3e3  
              e3e3dfdbe3e3e3e3  
              e3e3e3dfb6dfdbe3  
              e3b6b792b6e3e3e3  
              e3e3e3b6b6b6dfdb  
              e3b692dbdf92e3e3  
              e3e36ddfb6b6dbb6  
              e3b6dfb6b6b6e36d  
              e36de36de36de36d  
              e3e3b6dfdbb76de3  
              6de36de36de36de3  
              e36de36de36de36d  
              e36de3e3e3e3e3e3  
              e3e3e3e3e3e3e3e3  
              e3e3e3e3e3e3e3e3  
              e3e3e3e3e3e3e3e3  
              e3e3e3e3e3e3e3e3  
              e3e3e3e3e3e3e3e3  
              e3e3e3e3e3e3e3e3  
              e3e3e3e3e3e3e3e3  
              e3e3e3e3e3e3e3e3  
              e3e3e3e3e3e3e3e3  
              e3e3e3e3e3e3e3e3  
              e3e3e3e3e3e3e3e3  
              e3e3e3e3e3e3e3e3  
              e3e3e3e3e3e3e3e3  
              e3e3e3e3e3e3e3e3  
              e3e3e3e3e3e3e3e3  
              e3e3e3e3e3e3e3e3  
              e3e3e3e3e3e3e3e3  
              e3e3e3e3e3e3e3e3  
              e3e3e3e3e3e3e3e3  
              e3e3e3e3e3e3e3e3  
              e3e3e3e3e3e3e3e3  
              e3e3e3e3e3e3e3e3  
              b7b7e3e3e3e3e3e3  
              e3e3e3e3e3e3e3e3  
              dfdfe3e3e3e3e3e3  
              e3e3e3e3e3e3e3e3  
              e36de3e3e3e3e3e3  
              e3e3e3e3e3e3e3e3  
              e3e3e3e3e3e3e3e3  
              e3e3e3e3e3e3e3e3  
              e3e3e3e3e3e3e3e3  
              e3e3e3e3e3e3e3e3  
              e3e3e3e3e3e3e3e3  
              e3e3e3e3e3e3e3e3  
              e3e3e3e3e3e3e3e3  
              e3e3e3e3e3e3e3e3  
              e3e3e3e3e3e3e3e3  
              e3e3e3e3e3e3e3e3  
              e3e3e3e3e3e3e3e3  
              e3e3e3e3e3e3e3e3  
              e3e3e3e3e3e3e3e3  
              e3e3e3e3e3e3e3e3  
              e3e3e3e3e3e3e3e3  
              e3e3e3e3e3e3e3e3  
    20                          
    21                          _sprite_player_front_a_14:
    22  18ac  06efd5            	db 0x06, 0xef, 0xd5
    23  18af  000000c020100001  	incbin "../assets/sprite_player_front_a_14.bin"
              c141001001c24110  
              1001c341002001c4  
              41102001c5410000  
              0040000000004000  
              e32080e3e3e3e3e3  
              e3e3e3e3e3e3e3e3  
              80e320e3e3e3e3e3  
              e3e3e3e3e3e3e3e3  
              2090e320e3e3e3e3  
              e3e3e389ad898945  
              80e39080e3e3e3e3  
              e3e389ad89adadad  
              2094e320e3e3e3e3  
              e345894e57535789  
              e3209480e3e3e3e3  
              e3454eb6dfdfdfb7  
              e380e39420e3e3e3  
              e345b789cdcdcddf  
              e3e320e380e3e3e3  
              45898945f6f645f6  
              e3e3802020e3e3e3  
              4589adf6fafafafa  
              e3e3e32080e3e3e3  
              e34589f6fafafaad  
              e3e3e3e38020e3e3  
              e34ab689f6f6cd53  
              e3e3e3e3e3205357  
              5357b7ad8989b757  
              e3e3e3faf689fafa  
              cd5353b6b6b65357  
              e3e3e3faf689fafa  
              fadffafafafa8957  
              e3e3e3facd89fafa  
              cddffafafafaf657  
              e3e3f6f689f68953  
              5353cdcdcdcdcd53  
              e3e3e3e3e3e3e3e3  
              e3e3e3e3e3e3e3e3  
              e3e3e3e3e3e3e3e3  
              e3e3e3e3e3e3e3e3  
              e3e3e3e3e3e3e3e3  
              e3e3e3e3e3e3e3e3  
              45e3e3e3e3e3e3e3  
              e3e3e3e3e3e3e3e3  
              45e3e3e3e3e3e3e3  
              e3e3e3e3e3e3e3e3  
              4ee3e3e3e3e3e3e3  
              e3e3e3e3e3e3e3e3  
              b7e3e3e3e3e3e3e3  
              e3e3e3e3e3e3e3e3  
              ade3e3e3e3e3e3e3  
              e3e3e3e3e3e3e3e3  
              ade3e3e3e3e3e3e3  
              e3e3e3e3e3e3e3e3  
              e3e3e3e3e3e3e3e3  
              e3e3e3e3e3e3e3e3  
              534ee3e3e3e3e3e3  
              e3e3e3e3e3e3e3e3  
              575753e3e3e3e3e3  
              e3e3e3e3e3e3e3e3  
              575757e3e3e3e3e3  
              e3e3e3e3e3e3e3e3  
              575753e3e3e3e3e3  
              e3e3e3e3e3e3e3e3  
              57534ee3e3e3e3e3  
              e3e3e3e3e3e3e3e3  
              534a4ae3e3e3e3e3  
              e3e3e3e3e3e3e3e3  
              e3e38989adf6ad4a  
              5757575757574a4a  
              e3e389f6f689894a  
              4a535353534e4a4a  
              e3e3e38989e3e34a  
              4a535353534e4a4a  
              e3e3e3e3e3e3e34a  
              4e4e4e4e4e4e4e4e  
              e3e3e3e3e3e3e34a  
              4a4e4a4a4a4e4a4a  
              e3e3e3e3e3e3e34a  
              4e4e4e4a4e4a4e4e  
              e3e3e3e3e3e3e392  
              92b7dfdfdfdfb792  
              e3e3e3e3e3e3e3b7  
              b7b7dfb7dfb7b7b7  
              e3e3e3e3e3e392b7  
              dfdfdfb7b7dfdfdf  
              e3e3e3e3e3e392b7  
              dfdfdf9292dfdfdf  
              e3e3e3e3e3e392df  
              dfdfdfb792b7dfb7  
              e3e3e3e3e3e392cd  
              dfb7b7e3e3b7b7df  
              e3e3e3e3e3e3cdf6  
              cdcdb7e3e3dfcdcd  
              e3e3e3e3e3e3e3f6  
              fafaf6e3e3fafaf6  
              e3e3e3e3e3e3e3cd  
              f6faf6e3e3f6fafa  
              e3e3e3e3e3e3e3cd  
              f6faf6e3e3f6fafa  
              4a4ae3e3e3e3e3e3  
              e3e3e3e3e3e3e3e3  
              4ae3e3e3e3e3e3e3  
              e3e3e3e3e3e3e3e3  
              4ae3e3e3e3e3e3e3  
              e3e3e3e3e3e3e3e3  
              4ae3e3e3e3e3e3e3  
              e3e3e3e3e3e3e3e3  
              4ae3e3e3e3e3e3e3  
              e3e3e3e3e3e3e3e3  
              4ae3e3e3e3e3e3e3  
              e3e3e3e3e3e3e3e3  
              e3e3e3e3e3e3e3e3  
              e3e3e3e3e3e3e3e3  
              92e3e3e3e3e3e3e3  
              e3e3e3e3e3e3e3e3  
              b7e3e3e3e3e3e3e3  
              e3e3e3e3e3e3e3e3  
              b7e3e3e3e3e3e3e3  
              e3e3e3e3e3e3e3e3  
              92e3e3e3e3e3e3e3  
              e3e3e3e3e3e3e3e3  
              cde3e3e3e3e3e3e3  
              e3e3e3e3e3e3e3e3  
              f6e3e3e3e3e3e3e3  
              e3e3e3e3e3e3e3e3  
              f6e3e3e3e3e3e3e3  
              e3e3e3e3e3e3e3e3  
              f6e3e3e3e3e3e3e3  
              e3e3e3e3e3e3e3e3  
              f6e3e3e3e3e3e3e3  
              e3e3e3e3e3e3e3e3  
              e3e3e3e3e3e3e3cd  
              f6f689e3e3e3faf6  
              e3e3e3e3e3e3e3cd  
              f6cd89e3e3e3e3cd  
              e3e3e3e3e3e3e3cd  
              cd89e3e3e3e3e3e3  
              e3e3e3e3e3e3e3cd  
              cd89e3e3e3e3e3e3  
              e3e3e3e3e3e3e392  
              89e3e3e3e3e3e3e3  
              e3e3e3e3e3e3e3df  
              b7e3e3e3e3e3e3e3  
              e3e3e3e3e3e3e3b6  
              92e3e3e3e3e3e3e3  
              e3e3e3e3e3e3b692  
              dbdfe3e3e3e3e3e3  
              e3e3e3e3e3e3b6df  
              b6b6b66de36de36d  
              e3e3e3e3e3e36db6  
              dfdbb7e36de36de3  
              e3e3e3e3e3e3e36d  
              e36de36de3e3e3e3  
              e3e3e3e3e3e3e3e3  
              e3e3e3e3e3e3e3e3  
              e3e3e3e3e3e3e3e3  
              e3e3e3e3e3e3e3e3  
              e3e3e3e3e3e3e3e3  
              e3e3e3e3e3e3e3e3  
              e3e3e3e3e3e3e3e3  
              e3e3e3e3e3e3e3e3  
              e3e3e3e3e3e3e3e3  
              e3e3e3e3e3e3e3e3  
              cdcde3e3e3e3e3e3  
              e3e3e3e3e3e3e3e3  
              cdcdcde3e3e3e3e3  
              e3e3e3e3e3e3e3e3  
              adadcdcdb6e3e3e3  
              e3e3e3e3e3e3e3e3  
              e3cdcd92dfdfe3e3  
              e3e3e3e3e3e3e3e3  
              e3e3e3dbb792e3e3  
              e3e3e3e3e3e3e3e3  
              e3e3e3b692b6e3e3  
              e3e3e3e3e3e3e3e3  
              e3e3b792b6dbe3e3  
              e3e3e3e3e3e3e3e3  
              6de3dfb6dfe3e3e3  
              e3e3e3e3e3e3e3e3  
              e36de36de36de3e3  
              e3e3e3e3e3e3e3e3  
              6de36de3e3e3e3e3  
              e3e3e3e3e3e3e3e3  
              e3e3e3e3e3e3e3e3  
              e3e3e3e3e3e3e3e3  
              e3e3e3e3e3e3e3e3  
              e3e3e3e3e3e3e3e3  
              e3e3e3e3e3e3e3e3  
              e3e3e3e3e3e3e3e3  
              e3e3e3e3e3e3e3e3  
              e3e3e3e3e3e3e3e3  
              e3e3e3e3e3e3e3e3  
              e3e3e3e3e3e3e3e3  
              e3e3e3e3e3e3e3e3  
              e3e3e3e3e3e3e3e3  
    24                          
    25                          
