/tmp/tmpYYBWIfCJ.asm:
     1                          MODULE sprites_page_43_asm
     2                          LINE 0, "sprites_page_43.asm"
sprites_page_43.asm:
                                
     1                          	SECTION PAGE_43
     2                          
     3                          	PUBLIC _sprite_player_front_a_00, _sprite_player_front_a_02, _sprite_player_front_a_03, _sprite_player_front_a_04, _sprite_player_front_a_11
     4                          
     5                          _sprite_player_front_a_00:
     6  0000  06f5d5            	db 0x06, 0xf5, 0xd5
     7  0003  000000c020100001  	incbin "../assets/sprite_player_front_a_00.bin"
              c141001001c24110  
              1001c341002001c4  
              41102001c5410000  
              0040000000004000  
              e3e3e3e3e3e3e3e3  
              e389ad898945e3e3  
              e3e3e3e3e3e3e3e3  
              89ad89adadad45e3  
              e3e3e3e3e3e3e345  
              894e5757578945e3  
              e3e3e3e3e3e3e345  
              4eb7dfdfdfb74ee3  
              e3e3e3e3e3e3e345  
              b789cdcdaddfb7e3  
              e3e3e3e3e3e34589  
              8945f6f645f689e3  
              e3e3e3e3e3e34589  
              adf6fafafafaade3  
              e3e3e3e3e3e3e345  
              89f6fafafaade3e3  
              e3e3e3e3e3e3e345  
              9289f6f6ad92e3e3  
              e3e3e3e3e3e34eb7  
              b789898989b74ee3  
              e3e3e3e353575753  
              b7cdad89b7535757  
              e3e3e35357575757  
              dfb7b7b7df575757  
              e3e3e35357575757  
              5757575757575753  
              e3e35353534e5357  
              575757575757534e  
              e3e389534e4e4a57  
              5757575757574e4a  
              e3e3f6cdcd4a4a53  
              5757575757534a4a  
              e3e3e3e3e3e3e3e3  
              e3e3e3e3e3e3e3e3  
              e3e3e3e3e3e3e3e3  
              e3e3e3e3e3e3e3e3  
              e3e3e3e3e3e3e3e3  
              e3e3e3e3e3e3e3e3  
              e3e3e3e3e3e3e3e3  
              e3e3e3e3e3e3e3e3  
              e3e3e3e3e3e3e3e3  
              e3e3e3e3e3e3e3e3  
              e3e3e3e3e3e3e3e3  
              e3e3e3e3e3e3e3e3  
              e3e3e3e3e3e3e3e3  
              e3e3e3e3e3e3e3e3  
              e3e3e3e3e3e3e3e3  
              e3e3e3e3e3e3e3e3  
              e3e3e3e3e3e3e3e3  
              e3e3e3e3e3e3e3e3  
              e3e3e3e3e3e3e3e3  
              e3e3e3e3e3e3e3e3  
              53e3e3e3e3e3e3e3  
              e3e3e3e3e3e3e3e3  
              5753e3e3e3e3e3e3  
              e3e3e3e3e3e3e3e3  
              5753e3e3e3e3e3e3  
              e3e3e3e3e3e3e3e3  
              535353e3e3e3e3e3  
              e3e3e3e3e3e3e3e3  
              535353e3e3e3e3e3  
              e3e3e3e3e3e3e3e3  
              53cd89e3e3e3e3e3  
              e3e3e3e3e3e3e3e3  
              e3e3f6f689e34a4a  
              4e5353534e4a4a4a  
              e3adf6f689e34a4a  
              4e5353534e4a4ae3  
              e3cdf6cde3e34a4e  
              4e4e4e4e4e4e4ae3  
              e3cdf6cde3e34a4a  
              4e4a4a4a80a08071  
              e3cdf6cde3e3e3b7  
              b7b7b7208071e391  
              e392db92e3e39292  
              b7df208090b790e3  
              e3cdf6dfe3e3b7b7  
              b7408071b794b790  
              fcf6faf6f020b680  
              20dfb78094df94b7  
              fccdfacd8800b7df  
              df408071df94df90  
              e3e3e3e3e392dfdf  
              dfdf208090df9092  
              e3e3e3e3e392cddf  
              b7b7e3207171df91  
              e3e3e3e3e3cdf6cd  
              cdb7e3e380a08071  
              e3e3e3e3e3cdfafa  
              f689e3e389f6fafa  
              e3e3e3e3e3cdfafa  
              f689e3e389f6fafa  
              e3e3e3e3e3fafaf6  
              89e3e3e3e389f6fa  
              e3e3e3e3cdf6faf6  
              89e3e3e3e389f6fa  
              89f6cde3e3e3e3e3  
              e3e3e3e3e3e3e3e3  
              cdfaf6e3e3e3e3e3  
              e3e3e3e3e3e3e3e3  
              cdfaf6e3e3e3e3e3  
              e3e3e3e3e3e3e3e3  
              7280f6e3e3e3e3e3  
              e3e3e3e3e3e3e3e3  
              927140e3e3e3e3e3  
              e3e3e3e3e3e3e3e3  
              90df7580e3e3e3e3  
              e3e3e3e3e3e3e3e3  
              f690cd60e3e3e3e3  
              e3e3e3e3e3e3e3e3  
              94fa9520e3e3e3e3  
              e3e3e3e3e3e3e3e3  
              8990ad60e3e3e3e3  
              e3e3e3e3e3e3e3e3  
              90e37580e3e3e3e3  
              e3e3e3e3e3e3e3e3  
              e37140e3e3e3e3e3  
              e3e3e3e3e3e3e3e3  
              7280e3e3e3e3e3e3  
              e3e3e3e3e3e3e3e3  
              cde3e3e3e3e3e3e3  
              e3e3e3e3e3e3e3e3  
              cde3e3e3e3e3e3e3  
              e3e3e3e3e3e3e3e3  
              f6e3e3e3e3e3e3e3  
              e3e3e3e3e3e3e3e3  
              f689e3e3e3e3e3e3  
              e3e3e3e3e3e3e3e3  
              e3e3e3e3cdf6f689  
              e3e3e3e3e3e389ad  
              e3e3e3e3cdf68989  
              e3e3e3e3e3e389ad  
              e3e3e3e3cdcd89e3  
              e3e3e3e3e3e3e389  
              e3e3e3e3cdcd89e3  
              e3e3e3e3e3e3e389  
              e3e3e3e3cd89e3e3  
              e3e3e3e3e3e3e3e3  
              e3e3e3e3dfb7e3e3  
              e3e3e3e3e3e3e3e3  
              e3e3e3e3b792e3e3  
              e3e3e3e3e3e3e3e3  
              e3e3e39292b7e3e3  
              e3e3e3e3e3e3e3e3  
              e3e3b7b7df92e36d  
              e36de36de36de36d  
              e3e3dfdfb7e36de3  
              6de36de36de36de3  
              e3e3e36de36de36d  
              e36de36de36de36d  
              e3e3e3e3e3e3e3e3  
              e3e3e3e3e3e3e3e3  
              e3e3e3e3e3e3e3e3  
              e3e3e3e3e3e3e3e3  
              e3e3e3e3e3e3e3e3  
              e3e3e3e3e3e3e3e3  
              e3e3e3e3e3e3e3e3  
              e3e3e3e3e3e3e3e3  
              e3e3e3e3e3e3e3e3  
              e3e3e3e3e3e3e3e3  
              ad89e3e3e3e3e3e3  
              e3e3e3e3e3e3e3e3  
              ad89e3e3e3e3e3e3  
              e3e3e3e3e3e3e3e3  
              cd89e3e3e3e3e3e3  
              e3e3e3e3e3e3e3e3  
              cd89e3e3e3e3e3e3  
              e3e3e3e3e3e3e3e3  
              8992e3e3e3e3e3e3  
              e3e3e3e3e3e3e3e3  
              b7dfe3e3e3e3e3e3  
              e3e3e3e3e3e3e3e3  
              92b7e3e3e3e3e3e3  
              e3e3e3e3e3e3e3e3  
              b79292e3e3e3e3e3  
              e3e3e3e3e3e3e3e3  
              92dfb7b7e3e3e3e3  
              e3e3e3e3e3e3e3e3  
              6db7dfdfe3e3e3e3  
              e3e3e3e3e3e3e3e3  
              e36de36de3e3e3e3  
              e3e3e3e3e3e3e3e3  
              e3e3e3e3e3e3e3e3  
              e3e3e3e3e3e3e3e3  
              e3e3e3e3e3e3e3e3  
              e3e3e3e3e3e3e3e3  
              e3e3e3e3e3e3e3e3  
              e3e3e3e3e3e3e3e3  
              e3e3e3e3e3e3e3e3  
              e3e3e3e3e3e3e3e3  
              e3e3e3e3e3e3e3e3  
              e3e3e3e3e3e3e3e3  
     8                          
     9                          _sprite_player_front_a_02:
    10  062b  06edd6            	db 0x06, 0xed, 0xd6
    11  062e  000000c020100001  	incbin "../assets/sprite_player_front_a_02.bin"
              c141001001c24110  
              1001c341002001c4  
              41102001c5410000  
              0040000000004000  
              e3e3e3e3e3e3e3e3  
              e3e3e3e3e3e3e3e3  
              e3e3e340e380e3e3  
              e3e3e3e3e3e3e3e3  
              e38094e394e340e3  
              e3e3e3e3e3e3e3e3  
              4075e395e3947180  
              e3e3e3e3e3e3e3e3  
              e3e394e394e390e3  
              72e3e3e3e3e3e3e3  
              8094e394e394e391  
              71e3d8fcd8e3e3e3  
              72e394e394e390e3  
              80d8fcfcffd8e3e3  
              4091e394e394e371  
              a0d8f6fcfcfce3e3  
              e38071e394e39490  
              7180cdfaf6cde3e3  
              e3a08090e394e380  
              20e3cdf689f6e3e3  
              e3e3208071808020  
              e3e3e389cdf6dfcd  
              e3e3e32080e3e340  
              e3e3e3e3b7dfb7f6  
              e3e3e3e3e34040e3  
              e3e3e3e3e3b7f6ad  
              e3e3e3e3e3e32040  
              e3e3e3e3e3e3e3e3  
              e3e3e3e3e3e38040  
              e3e3e3e3e3e3e3e3  
              e3e3e3e3e3e3e320  
              00e3e3e3e3e3e3cd  
              e3e3e3e3e345adad  
              e3e3e3e3e3e3e3e3  
              e3e3e345ad8989ad  
              89e3e3e3e3e3e3e3  
              e3e3e34a575757ad  
              adade3e3e3e3e3e3  
              e3e3e3dfdfdfdf57  
              8989e3e3e3e3e3e3  
              e3e345adadadadb7  
              574ee3e3e3e3e3e3  
              e3e34545f645addf  
              b7b7e3e3e3e3e3e3  
              e3e3e3fafafafaf6  
              adade3e3e3e3e3e3  
              e3e3e3adfafafafa  
              f6ade3e3e3e3e3e3  
              e3e3e3f6f6f645f6  
              45e3e3e3e3e3e3e3  
              e3e3e345ad895353  
              b7e3e3e3e3e3e3e3  
              fafae3b7db535757  
              53e3e3e3e3e3e3e3  
              fafafafa57575757  
              4e53e3e3e3e3e3e3  
              f6f6fafafa575753  
              5353e3e3e3e3e3e3  
              e3f6f6f6f6535353  
              534ee3e3e3e3e3e3  
              f6cdcd534a4a4a53  
              534ae3e3e3e3e3e3  
              cdcd4e4e4a535353  
              5353e3e3e3e3e3e3  
              e3e3e3e3e3e3e3f0  
              88e3e3b7dbdfcdad  
              e3e3e3e3e3e3e3e3  
              f6faf6dfb7db89cd  
              e3e3e3e3e3e3e3e3  
              f6fafab7b7e3e3e3  
              e3e3e3e3e3e3e3e3  
              adf6f6e3e3e3e3e3  
              e3e3e3e3e3e3e3e3  
              e3fcfce3e3e3e3e3  
              e3e3e3e3e3e3e3e3  
              e3e3e3e3e3e3e3e3  
              e3e3e3e3e3e3e3e3  
              e3e3e3e3e3e3e3e3  
              e3e3e3e3e3e3e3e3  
              e3e3e3e3e3e3e3e3  
              e3e3e3e3e3e3e3e3  
              e3e3e3e3e3e3e3e3  
              e3e3e3e3e3e3e3e3  
              e3e3e3e3e3e3e3e3  
              e3e3e3e3e3e3e3e3  
              e3e3e3e3e3e3e3e3  
              e3e3e3e3e3e3e3e3  
              e3e3e3e3e3e3e3e3  
              e3e3e3e3e3e3e3e3  
              e3e3e3e3e3e3e3e3  
              e3e3e3e3e3e3e3e3  
              e3e3e3e3e3e3e3e3  
              e3e3e3e3e3e3e3e3  
              e3e3e3e3e3e3e3e3  
              e3e3e3e3e3e3e3e3  
              e3e3e3e3e3e3e3e3  
              cd89ad4a53535353  
              53e3e3e3e3e3e3e3  
              89e3e34e4e4e5353  
              4ee3e3e3e3e3e3e3  
              e3e3e34a4a4e5353  
              53e3e3e3e3e3e3e3  
              e3e3e34a534e5353  
              4ee3e3e3e3e3e3e3  
              e3e3e34a4a4e5353  
              53e3e3e3e3e3e3e3  
              e3e3e34a4e53b7df  
              dfe3e3e3e3e3e3e3  
              e3e3e3b7b7b7dfdf  
              dfb7e3e3e3e3e3e3  
              e3e3e3b7b7dfdfdf  
              dfdfe3e3e3e3e3e3  
              e3e3e3b7dfdfdfdf  
              dfb7e3e3e3e3e3e3  
              e3e3e3b7dfdfdfdf  
              dfb7e3e3e3e3e3e3  
              e3e3e392cddfdfdf  
              b7dfe3e3e3e3e3e3  
              e3e3e3cdf6cdcddf  
              b7b7e3e3e3e3e3e3  
              e3e389cdf6faf6fa  
              8989e3e3e3e3e3e3  
              e389cdf6fafae389  
              f689e3e3e3e3e3e3  
              e3cdcdfafae389cd  
              89cde3e3e3e3e3e3  
              89cdf6f6fae389cd  
              cdf6e3e3e3e3e3e3  
              e3e3e3e3e3e3e3e3  
              e3e3e3e3e3e3e3e3  
              e3e3e3e3e3e3e3e3  
              e3e3e3e3e3e3e3e3  
              e3e3e3e3e3e3e3e3  
              e3e3e3e3e3e3e3e3  
              e3e3e3e3e3e3e3e3  
              e3e3e3e3e3e3e3e3  
              e3e3e3e3e3e3e3e3  
              e3e3e3e3e3e3e3e3  
              e3e3e3e3e3e3e3e3  
              e3e3e3e3e3e3e3e3  
              e3e3e3e3e3e3e3e3  
              e3e3e3e3e3e3e3e3  
              e3e3e3e3e3e3e3e3  
              e3e3e3e3e3e3dfdf  
              e3e3e3e3e3e3e3e3  
              e3e3e3e3e3dfdfdf  
              e3e3e3e3e3e3e3e3  
              e3e3e3e3e36de36d  
              e3e3e3e3e3e3e3e3  
              e3e3e3e3e3e3e3e3  
              e3e3e3e3e3e3e3e3  
              e3e3e3e3e3e3e3e3  
              e3e3e3e3e3e3e3e3  
              e3e3e3e3e3e3e3e3  
              e3e3e3e3e3e3e3e3  
              e3e3e3e3e3e3e3e3  
              e3e3e3e3e3e3e3e3  
              e3e3e3e3e3e3e3e3  
              e3e3e3e3e3e3e3e3  
              e3e3e3e3e3e3e3e3  
              cdf6f6fae3e389cd  
              f6e3e3e3e3e3e3e3  
              89f6fae3e3e3cdcd  
              cdf6e3e3e3e3e3e3  
              cdcdfae3e3e3e389  
              cdcde3e3e3e3e3e3  
              e3cdcde3e3e3e3e3  
              89cd89e3e3e3e3e3  
              e3cd89e3e3e3e3e3  
              cdcdcdb7e3e3e3e3  
              92dfb7e3e3e3e3e3  
              e392df92b7e3e3e3  
              dbb792b7e3e3e3e3  
              e3e3db9292e3e3e3  
              9292b76de36de36d  
              e3db9292dfe3e3e3  
              b7df92e36de36de3  
              dfdfdf9292e3e3e3  
              e36de36de36de36d  
              e36de36de3e3e3e3  
              e3e3e3e3e3e3e3e3  
              e3e3e3e3e3e3e3e3  
              e3e3e3e3e3e3e3e3  
              e3e3e3e3e3e3e3e3  
              e3e3e3e3e3e3e3e3  
              e3e3e3e3e3e3e3e3  
              e3e3e3e3e3e3e3e3  
              e3e3e3e3e3e3e3e3  
              e3e3e3e3e3e3e3e3  
              e3e3e3e3e3e3e3e3  
              e3e3e3e3e3e3e3e3  
              e3e3e3e3e3e3e3e3  
    12                          
    13                          _sprite_player_front_a_03:
    14  0c56  08f1cf            	db 0x08, 0xf1, 0xcf
    15  0c59  000000c020100001  	incbin "../assets/sprite_player_front_a_03.bin"
              c141001001c24110  
              1001c341002001c4  
              41102001c5410030  
              01c641103001c741  
              e3e3e3e380e340e3  
              e3e3e3e3e3e3e3e3  
              e3e3e340e394e394  
              80e3e3e3e3e3e3e3  
              e3e3807194e395e3  
              7540e3e3e3e3e3e3  
              e372e390e394e394  
              e3e3e3e3e3e3e3e3  
              e37191e394e394e3  
              9480e3e3e3e3e3e3  
              e380e390e394e394  
              e372e3e3e3e3e3e3  
              e3a071e394e394e3  
              9140e3e3f6e3e3e3  
              e3719094e394e371  
              80e3e3f6faf6e3e3  
              e32080e394e39080  
              a0e3f6fafaf6e3e3  
              e3e3208080718020  
              e3e3f6fafaf6e3e3  
              e3e340e3e38020e3  
              e3e3e3f6f6cde3e3  
              e3e3e34040e3e3e3  
              e3e3e3b7b7b7e3e3  
              e3e34020e3e3e3e3  
              e3e3e3dfdfb7e3e3  
              e3e34080e3e3e3e3  
              e3e3e3f6f6cde3e3  
              e30020e3e3e3e3e3  
              e3e3e3fafa89e34a  
              e388f0e3e3e3e3e3  
              e3e3e3fafa894545  
              e3e3e3e3e3e3e3e3  
              e3e3e3e3e3e3e3e3  
              e3e3e3e3e3e3e3e3  
              e3e3e3e3e3e3e3e3  
              e3e3e3e3e3e3e3e3  
              e3e3e3e3e3e3e3e3  
              e3e3e3e3e3e3e3e3  
              e3e3e3e3e3e3e3e3  
              e3e3e3e3e3e3e3e3  
              e3e3e3e3e3e3e3e3  
              e3e3e3e3e3e3e3e3  
              e3e3e3e3e3e3e3e3  
              e3e3e3e3e3e3e3e3  
              e3e3e3e3e3e3e3e3  
              e3e3e3e3e3e3e3e3  
              e3e3e3e3e3e3e3e3  
              e3e3e3e3e3e3e3e3  
              e3e3e3e3e3e3e3e3  
              e3e3e3e3e3e3e3e3  
              e3e3e3e3e3e3e3e3  
              e3e3e3e3e3e3e3e3  
              e3e3e3e3e3e3e3e3  
              e3e3e3e3e3e3e3e3  
              e3e3e3e3e3e3e3e3  
              e3e3e3e3e3e3e3e3  
              e3e3e3e3e3e3e3e3  
              e345898945e3e3e3  
              e3e3e3e3e3e3e3e3  
              dfdf89adad89e3e3  
              e3e3e3e3e3e3e3e3  
              addf57adadade3e3  
              e3e3e3e3e3e3e3e3  
              f6faf6e3e3e3e3e3  
              e3e389f6f645faf6  
              f6faf6ade3e3e3e3  
              e3e389f6f645fafa  
              adf6db92e3e3e3e3  
              e3e389f6faf689fa  
              fcfc92dbf6e3e3e3  
              e3e3e3cdfafa92fa  
              e3e3cdf6fae3e3e3  
              e353e389b7535745  
              e3e3adcdf6e3adf6  
              535789f6535753db  
              e3e3e3cdadf6fafa  
              53534e53535757b7  
              e3e3e389adf6f6f6  
              ad534e5357575757  
              e3e3e3e389cdf6e3  
              e34e4a4a53575757  
              e3e3e3e3e3e3e3e3  
              e3e3574a53575753  
              e3e3e3e3e3e3e3e3  
              e3e3534a53575757  
              e3e3e3e3e3e3e3e3  
              e3e34e4a534a4a53  
              e3e3e3e3e3e3e3e3  
              e3e34a5353535353  
              e3e3e3e3e3e3e3e3  
              e3e34a5353535353  
              e3e3e3e3e3e3e3e3  
              e3e34a4e53535353  
              e3e3e3e3e3e3e3e3  
              e3e34a4a53535353  
              f6ad5789ad89e3e3  
              e3e3e3e3e3e3e3e3  
              45ad574ead45e3e3  
              e3e3e3e3e3e3e3e3  
              faf6b74eadade3e3  
              e3e3e3e3e3e3e3e3  
              f6faad4a45e3e3e3  
              e3e3e3e3e3e3e3e3  
              f64545ade3e3e3e3  
              e3e3e3e3e3e3e3e3  
              b789e3e3e3e3e3e3  
              e3e3e3e3e3e3e3e3  
              b753e3e3e3e3e3e3  
              e3e3e3e3e3e3e3e3  
              5353e3e3e3e3e3e3  
              e3e3e3e3e3e3e3e3  
              5753e3e3e3e3e3e3  
              e3e3e3e3e3e3e3e3  
              5353e3e3e3e3e3e3  
              e3e3e3e3e3e3e3e3  
              5353e3e3e3e3e3e3  
              e3e3e3e3e3e3e3e3  
              53e3e3e3e3e3e3e3  
              e3e3e3e3e3e3e3e3  
              53e3e3e3e3e3e3e3  
              e3e3e3e3e3e3e3e3  
              53e3e3e3e3e3e3e3  
              e3e3e3e3e3e3e3e3  
              e3e3e3e3e3e3e3e3  
              e3e3e3e3e3e3e3e3  
              e3e3e3e3e3e3e3e3  
              e3e3e3e3e3e3e3e3  
              e3e3e3e3e3e3e3e3  
              e3e3b7b7b7dfb7b7  
              e3e3e3e3e3e3e3e3  
              e3b7b7b7dfdfdfb7  
              e3e3e3e3e3e3e3e3  
              b7dfdfb7dfdfb7b7  
              e3e3e3e3e3e3e3b7  
              dfdfdfdfdbdbb7b7  
              e3e3e3e3e3e3f6f6  
              cdb7dfdfdfb7b7e3  
              e3e3e3e3e3cdfa89  
              f68945b7b7b7e3e3  
              e3e3e3e389fa89fa  
              f6f6fa89b7e3e3e3  
              e3e3e3e389fa89fa  
              fafa8989e3e3e3e3  
              e3e3e3e3e38989fa  
              f6fa89cd89e3e3e3  
              e3e3e3e3e3e38989  
              cdcdf689cd89e3e3  
              e3e3e3e3e3e3e3e3  
              89cdf6cd89b7e3e3  
              e3e3e3e3e3e3e3e3  
              e38989db9292db92  
              e3e3e3e3e3e3e3e3  
              e3e3e3b7db92b7db  
              e3e3e3e3e3e3e3e3  
              e3e3e3dbb7dfe3b7  
              e3e3e3e3e36de36d  
              e3929292db9292db  
              e3e3e3e36de36de3  
              6ddfdfdb6de3df92  
              e3e3e3e3e3e3e3e3  
              e3e3e3e3e3e3e3e3  
              e3e3e3e3e3e3e3e3  
              e3e3e3e3e3e3e3e3  
              e3e3e3e3e3e3e3e3  
              e3e3e3e3e3e3e3e3  
              e3e3e3e3e3e3e3e3  
              e3e3e3e3e3e3e3e3  
              e3e3e3e3e3e3e3e3  
              e3e3e3e3e3e3e3e3  
              e3e3e3e3e3e3e3e3  
              e3e3e3e3e3e3e3e3  
              e3e3e3e3e3e3e3e3  
              e3e3e3e3e3e3e3e3  
              e3e3e3e3e3e3e3e3  
              e3e3e3e3e3e3e3e3  
              e3e3e3e3e3e3e3e3  
              e3e3e3e3e3e3e3e3  
              e3e3e3e3e3e3e3e3  
              e3e3e3e3e3e3e3e3  
              e3e3e3e3e3e3e3e3  
              e3e3e3e3e3e3e3e3  
              dfdfe3e3e3e3e3e3  
              e3e3e3e3e3e3e3e3  
              b7dfe3e3e3e3e3e3  
              e3e3e3e3e3e3e3e3  
              df92e3e3e3e3e3e3  
              e3e3e3e3e3e3e3e3  
              df6de36de3e3e3e3  
              e3e3e3e3e3e3e3e3  
              dfe36de36de3e3e3  
              e3e3e3e3e3e3e3e3  
              e3e3e3e3e36de36d  
              e36de36de3b7b7df  
              e3e3e3e3e3e3e3e3  
              e3e3e3e3e3e3e3e3  
              e3e3e3e3e3e3e3e3  
              e3e3e3e3e3e3e3e3  
              e3e3e3e3e3e3e3e3  
              e3e3e3e3e3e3e3e3  
              e3e3e3e3e3e3e3e3  
              e3e3e3e3e3e3e3e3  
              e3e3e3e3e3e3e3e3  
              e3e3e3e3e3e3e3e3  
              e3e3e3e3e3e3e3e3  
              e3e3e3e3e3e3e3e3  
              e3e3e3e3e3e3e3e3  
              e3e3e3e3e3e3e3e3  
              e3e3e3e3e3e3e3e3  
              e3e3e3e3e3e3e3e3  
              e3e3e3e3e3e3e3e3  
              e3e3e3e3e3e3e3e3  
              e3e3e3e3e3e3e3e3  
              e3e3e3e3e3e3e3e3  
              e3e3e3e3e3e3e3e3  
              e3e3e3e3e3e3e3e3  
              e3e3e3e3e3e3e3e3  
              e3e3e3e3e3e3e3e3  
              e3e3e3e3e3e3e3e3  
              e3e3e3e3e3e3e3e3  
              e3e3e3e3e3e3e3e3  
              e3e3e3e3e3e3e3e3  
              e3e3e3e3e3e3e3e3  
              e3e3e3e3e3e3e3e3  
              e36de36de3e3e3e3  
              e3e3e3e3e3e3e3e3  
              e3e3e3e3e3e3e3e3  
              e3e3e3e3e3e3e3e3  
              e3e3e3e3e3e3e3e3  
              e3e3e3e3e3e3e3e3  
              e3e3e3e3e3e3e3e3  
              e3e3e3e3e3e3e3e3  
              e3e3e3e3e3e3e3e3  
              e3e3e3e3e3e3e3e3  
              e3e3e3e3e3e3e3e3  
              e3e3e3e3e3e3e3e3  
              e3e3e3e3e3e3e3e3  
              e3e3e3e3e3e3e3e3  
              e3e3e3e3e3e3e3e3  
              e3e3e3e3e3e3e3e3  
              e3e3e3e3e3e3e3e3  
              e3e3e3e3e3e3e3e3  
              e3e3e3e3e3e3e3e3  
              e3e3e3e3e3e3e3e3  
              e3e3e3e3e3e3e3e3  
              e3e3e3e3e3e3e3e3  
              e3e3e3e3e3e3e3e3  
              e3e3e3e3e3e3e3e3  
              e3e3e3e3e3e3e3e3  
              e3e3e3e3e3e3e3e3  
              e3e3e3e3e3e3e3e3  
              e3e3e3e3e3e3e3e3  
              e3e3e3e3e3e3e3e3  
              e3e3e3e3e3e3e3e3  
              e3e3e3e3e3e3e3e3  
              e3e3e3e3e3e3e3e3  
    16                          
    17                          _sprite_player_front_a_04:
    18  1481  06f5d6            	db 0x06, 0xf5, 0xd6
    19  1484  000000c020100001  	incbin "../assets/sprite_player_front_a_04.bin"
              c141001001c24110  
              1001c341002001c4  
              41102001c5410000  
              0040000000004000  
              e3e3e3e3e3e3e3e3  
              e3e3e3e389ad8989  
              e3e3e3e3e3e3e3f6  
              f6e34589ad89adad  
              e3e3e3e3e3e3adfa  
              faf6454e57575757  
              e3e3e3e3e3e3adf6  
              f6f64adbdfdfdfdf  
              e3e3e3e3e3e3f6f6  
              f645b7adf6f6f6cd  
              e3e3e3e3e3e3adf6  
              cd8989f645fa45f6  
              e3e3e3e3e3e3cdf6  
              f645cdfafafafafa  
              e3e3e3e3e3e3cdf6  
              924589f6fafafafa  
              e3e3e3e3e3e3e353  
              5757b78989f6f6ad  
              e3e3e3e3e3e34e57  
              5353b7cdad8989e3  
              e3e3e3e3e3e34e57  
              5353b7cdad89e340  
              e3e3e3e3e3e34a53  
              5753b7b7b7dfdb53  
              e3e3e3e3e3e34e53  
              5757575757575757  
              e3e3e3e3e34a5357  
              5757575757575757  
              e3e3e3e3534a5753  
              57575757534e5757  
              e3e3e3e34a535357  
              57575757574ead57  
              e3e3e3e3e3e3e3e3  
              e3e3e3e3e3e3e3e3  
              ade3e3e3e3e3e3e3  
              e3e3e3e3e3e3e3e3  
              4e89e3e3e3e3e3e3  
              e3e3e3e3e3e3e3e3  
              b74ee3e3e3e3e3e3  
              e3e3e3e3e3e3e3e3  
              dbb7e3e3e3e3e3e3  
              e3e3e3e3e3e3e3e3  
              89ade3e3e3e3e3e3  
              e3e3e3e3e3e3e3e3  
              faade3e3e3e3e3e3  
              e3e3e3e3e3e3e3e3  
              ad89e3e3e3e3e3e3  
              e3e3e3e3e3e3e3e3  
              45e3e3e3e3e3e3e3  
              e3e3e3e3e3e3e3e3  
              2020e3e3e3e3e3e3  
              e3e3e3e3e3e3e3e3  
              e3808020e3e3e3e3  
              e3e3e3e3e3e3e3e3  
              4ee390e380e3e3e3  
              e3e3e3e3e3e3e3e3  
              5753e390e320e3e3  
              e3e3e3e3e3e3e3e3  
              575753e39172e3e3  
              e3e3e3e3e3e3e3e3  
              57575390e39080e3  
              e3e3e3e3e3e3e3e3  
              575753e3907120e3  
              e3e3e3e3e3e3e3e3  
              e3e3e35353535353  
              5757574e575389f6  
              e3e3b74a4a535353  
              53534e4a4e89fafa  
              e3e3b7dfb7534a53  
              534a4e4ecdfafafa  
              e3e3dfdfb7dfb7b7  
              cdf6924e92fafacd  
              e3dfdfdfb7dfb7f6  
              fafaf6dfdf92ade3  
              e3dfdfb7b7b7df89  
              f6faf6df92e3e3e3  
              dfdfdfb792b7dfb7  
              89cdcdade3e3e3e3  
              dfdfdfb792b7b7df  
              b7b7e3e3e3e3e3e3  
              addfb7b792b7cdcd  
              f6ade3e3e3e3e3e3  
              f6cdcddfb789f6fa  
              facde3e3e3e3e3e3  
              e3f6cd898989f6fa  
              facde3e3e3e3e3e3  
              e389adadade3f6fa  
              f6f6e3e3e3e3e3e3  
              e3adadad89e3f6fa  
              f6f6e3e3e3e3e3e3  
              e389adadade3f6fa  
              f6f6e3e3e3e3e3e3  
              e3e389cd89e389f6  
              f689e3e3e3e3e3e3  
              e3e3adcd89e389ad  
              ad89e3e3e3e3e3e3  
              faad4e94e375e3e3  
              e3e3e3e3e3e3e3e3  
              facd4ee39080e3e3  
              e3e3e3e3e3e3e3e3  
              cd4e759020e3e3e3  
              e3e3e3e3e3e3e3e3  
              ade34080e3e3e3e3  
              e3e3e3e3e3e3e3e3  
              e3e3e3e3e3e3e3e3  
              e3e3e3e3e3e3e3e3  
              e3e3e3e3e3e3e3e3  
              e3e3e3e3e3e3e3e3  
              e3e3e3e3e3e3e3e3  
              e3e3e3e3e3e3e3e3  
              e3e3e3e3e3e3e3e3  
              e3e3e3e3e3e3e3e3  
              e3e3e3e3e3e3e3e3  
              e3e3e3e3e3e3e3e3  
              e3e3e3e3e3e3e3e3  
              e3e3e3e3e3e3e3e3  
              e3e3e3e3e3e3e3e3  
              e3e3e3e3e3e3e3e3  
              e3e3e3e3e3e3e3e3  
              e3e3e3e3e3e3e3e3  
              e3e3e3e3e3e3e3e3  
              e3e3e3e3e3e3e3e3  
              e3e3e3e3e3e3e3e3  
              e3e3e3e3e3e3e3e3  
              e3e3e3e3e3e3e3e3  
              e3e3e3e3e3e3e3e3  
              e3e3e3e3e3e3e3e3  
              e3e3e3e3e3e3e3e3  
              e3e3e389dfe3e389  
              cdade3e3e3e3e3e3  
              e3e3e3dbdbb7e389  
              ad89e3e3e3e3e3e3  
              e3e3e392b7dbe3e3  
              89dfe3e3e3e3e3e3  
              e3e3e3e392b7dfe3  
              dbdbb7e3e3e3e3e3  
              e3e3e3e3db92b7e3  
              92b7dbe3e3e3e3e3  
              e3e3e3e392b792e3  
              e392b7dfe3e3e3e3  
              e3e3e3e3e392dbe3  
              e3db92b7e3e3e3e3  
              e36de36de3db926d  
              dfdbb76de36de36d  
              6de36de36de36de3  
              dfdf92e36de36de3  
              e36de36de36de36d  
              e36de36de36de36d  
              e3e3e3e3e3e3e3e3  
              e3e3e3e3e3e3e3e3  
              e3e3e3e3e3e3e3e3  
              e3e3e3e3e3e3e3e3  
              e3e3e3e3e3e3e3e3  
              e3e3e3e3e3e3e3e3  
              e3e3e3e3e3e3e3e3  
              e3e3e3e3e3e3e3e3  
              e3e3e3e3e3e3e3e3  
              e3e3e3e3e3e3e3e3  
              e3e3e3e3e3e3e3e3  
              e3e3e3e3e3e3e3e3  
              e3e3e3e3e3e3e3e3  
              e3e3e3e3e3e3e3e3  
              e3e3e3e3e3e3e3e3  
              e3e3e3e3e3e3e3e3  
              e3e3e3e3e3e3e3e3  
              e3e3e3e3e3e3e3e3  
              e3e3e3e3e3e3e3e3  
              e3e3e3e3e3e3e3e3  
              e3e3e3e3e3e3e3e3  
              e3e3e3e3e3e3e3e3  
              e3e3e3e3e3e3e3e3  
              e3e3e3e3e3e3e3e3  
              e3e3e3e3e3e3e3e3  
              e3e3e3e3e3e3e3e3  
              e3e3e3e3e3e3e3e3  
              e3e3e3e3e3e3e3e3  
              6de3e3e3e3e3e3e3  
              e3e3e3e3e3e3e3e3  
              e3e3e3e3e3e3e3e3  
              e3e3e3e3e3e3e3e3  
              e3e3e3e3e3e3e3e3  
              e3e3e3e3e3e3e3e3  
              e3e3e3e3e3e3e3e3  
              e3e3e3e3e3e3e3e3  
              e3e3e3e3e3e3e3e3  
              e3e3e3e3e3e3e3e3  
              e3e3e3e3e3e3e3e3  
              e3e3e3e3e3e3e3e3  
              e3e3e3e3e3e3e3e3  
              e3e3e3e3e3e3e3e3  
              e3e3e3e3e3e3e3e3  
              e3e3e3e3e3e3e3e3  
    20                          
    21                          _sprite_player_front_a_11:
    22  1aac  05fad6            	db 0x05, 0xfa, 0xd6
    23  1aaf  000000c020100001  	incbin "../assets/sprite_player_front_a_11.bin"
              c141001001c24110  
              1001c341002001c4  
              4100000040000000  
              0040000000004000  
              e3e3e3e3e3e3e389  
              ad898945e3e3e3e3  
              e3e3e3e3e3e389ad  
              89adadad45e3e3e3  
              e3e3e3e3e345894a  
              5757578945e3e3e3  
              e3e3e3e3e3454eb7  
              dfdfdfb74ee3e3e3  
              e3e3e3e3e345b789  
              cdcdcddbb7e3e3e3  
              e3e3e3e345898945  
              f6f645f6ade3e3e3  
              e3e3e3e34589adf6  
              fafafafaade3e380  
              e3e3e3e3e34589f6  
              fafafaad45e38090  
              e3e3e3e3e3459289  
              f6f6ad92b74a80e3  
              e3e3e3e34eb7b789  
              898989b753208090  
              e3e3e353575753db  
              ad8989db53208080  
              e3e34e57575757df  
              b7b7b7df57405780  
              e3e3575753575757  
              5757575720534080  
              e34e575753535757  
              fafacdb6804e5357  
              e3adf6cd894adffa  
              fafa2057534a4e92  
              e3adfafafacdcddb  
              f6f68889534e4afa  
              e3e3e3e3e3e3e3e3  
              e3e3e3e3e3e3e3e3  
              e3e3e3e3e3e3e3e3  
              e3e3e3e3e3e3e3e3  
              e3e3e3e3e3e3e3e3  
              e3e3e3e3e3e3e3e3  
              e3e3e3e3e3e3e3e3  
              e3e3e3e3e3e3e3e3  
              e3728040e3e3e3e3  
              e3e3e3e3e3e3e3e3  
              7190e3907560e3e3  
              e3e3e3e3e3e3e3e3  
              90e390e3902020e3  
              e3e3e3e3e3e3e3e3  
              e390e390e39060e3  
              e3e3e3e3e3e3e3e3  
              90e390e390e375e3  
              e3e3e3e3e3e3e3e3  
              e394e390e39040e3  
              e3e3e3e3e3e3e3e3  
              94e390e390e380e3  
              e3e3e3e3e3e3e3e3  
              5390e390e372e3e3  
              e3e3e3e3e3e3e3e3  
              807171a080e3e3e3  
              e3e3e3e3e3e3e3e3  
              202080a0e3e3e3e3  
              e3e3e3e3e3e3e3e3  
              f6ade3e3e3e3e3e3  
              e3e3e3e3e3e3e3e3  
              faf6ade3e3e3e3e3  
              e3e3e3e3e3e3e3e3  
              e3e3cdfafafaf6b7  
              b7cd89faf6cddff6  
              e3e3e3cdcdf6894e  
              4e89f6fafafadff6  
              e3e3e3e3e3e34a4e  
              4eadf6f6f6cddfcd  
              e3e3e3e3e3e34a4e  
              4e4e4e4e4a4a4ee3  
              e3e3e3e3e3e3b74e  
              4e4e4e4a4a4a4ee3  
              e3e3e3e3e3b7dfdf  
              b7dfdfdfb7b7b7e3  
              e3e3e3e3e3dfb7df  
              dfdfb7dfdfdfdfb7  
              e3e3e3e3adb7b7df  
              dfb7b7b7dfdfdfb7  
              e3e3e3f6faf6cddf  
              df92b7adb7b7b792  
              e3e3adfafafaf6b7  
              b7e3adf6fafaf6e3  
              e3e3fafafaf689e3  
              e3e3adfafafa89e3  
              e3adfafaf689e3e3  
              e3e3adfafaf689e3  
              e3adfaf6adade3e3  
              e3e3f6faf6ade3e3  
              e3e3adcdcde3e3e3  
              e3e3f6faf6f6e3e3  
              e3e389cdcde3e3e3  
              e3e389f6f6cde3e3  
              e3e3adcd89e3e3e3  
              e3e389adadcde3e3  
              fafaf6e3e3e3e3e3  
              e3e3e3e3e3e3e3e3  
              f6f6f6e3e3e3e3e3  
              e3e3e3e3e3e3e3e3  
              cdcde3e3e3e3e3e3  
              e3e3e3e3e3e3e3e3  
              e3e3e3e3e3e3e3e3  
              e3e3e3e3e3e3e3e3  
              e3e3e3e3e3e3e3e3  
              e3e3e3e3e3e3e3e3  
              e3e3e3e3e3e3e3e3  
              e3e3e3e3e3e3e3e3  
              e3e3e3e3e3e3e3e3  
              e3e3e3e3e3e3e3e3  
              e3e3e3e3e3e3e3e3  
              e3e3e3e3e3e3e3e3  
              e3e3e3e3e3e3e3e3  
              e3e3e3e3e3e3e3e3  
              e3e3e3e3e3e3e3e3  
              e3e3e3e3e3e3e3e3  
              e3e3e3e3e3e3e3e3  
              e3e3e3e3e3e3e3e3  
              e3e3e3e3e3e3e3e3  
              e3e3e3e3e3e3e3e3  
              e3e3e3e3e3e3e3e3  
              e3e3e3e3e3e3e3e3  
              e3e3e3e3e3e3e3e3  
              e3e3e3e3e3e3e3e3  
              e3e3e3e3e3e3e3e3  
              e3e3e3e3e3e3e3e3  
              e3e3e3e3e3e3e3e3  
              e3e3e3e3e3e3e3e3  
              e3e389cd89e3e3e3  
              e3e3e389cdcde3e3  
              e3e3e39289e3e3e3  
              e3e3e389cdcde3e3  
              e3e3e3dbb7dfe3e3  
              e3e3e3e38989e3e3  
              e3e392b792b7e3e3  
              e3e3e3b7dfdfe3e3  
              e3e3dfb7b792e3e3  
              e3e3e3b7db92dfe3  
              dbdbdbdfdfdfe3e3  
              e3e3e39292dfdfe3  
              dfdfdfe36de36de3  
              e3e3e3b7b7dbb7e3  
              e36de36de36de36d  
              e36de3b7b7dfb76d  
              e3e3e3e36de36de3  
              6de36ddfdfb76de3  
              e3e3e3e3e3e3e3e3  
              e36de36de36de3e3  
              e3e3e3e3e3e3e3e3  
              e3e3e3e3e3e3e3e3  
              e3e3e3e3e3e3e3e3  
              e3e3e3e3e3e3e3e3  
              e3e3e3e3e3e3e3e3  
              e3e3e3e3e3e3e3e3  
              e3e3e3e3e3e3e3e3  
              e3e3e3e3e3e3e3e3  
              e3e3e3e3e3e3e3e3  
              e3e3e3e3e3e3e3e3  
              e3e3e3e3e3e3e3e3  
              e3e3e3e3e3e3e3e3  
    24                          
    25                          
