/tmp/tmpSBxXHfCl.asm:
     1                          MODULE sprites_page_42_asm
     2                          LINE 0, "sprites_page_42.asm"
sprites_page_42.asm:
                                
     1                          	SECTION PAGE_42
     2                          
     3                          	PUBLIC _sprite_player_back_a_16, _sprite_player_back_a_17, _sprite_player_back_a_18, _sprite_player_back_a_19, _sprite_player_back_a_20
     4                          
     5                          _sprite_player_back_a_16:
     6  0000  06f8d4            	db 0x06, 0xf8, 0xd4
     7  0003  000000c020100001  	incbin "../assets/sprite_player_back_a_16.bin"
              c141001001c24110  
              1001c341002001c4  
              41102001c5410000  
              0040000000004000  
              e3e3e3e3e3e34045  
              69696940e3e3e3e3  
              e3e3e3e3e3406969  
              4545694040e3e3e3  
              e3e3e3e3e3404545  
              6969694540e3e3e3  
              e3e3e3e3e392b7df  
              dfdfdfb792e3e3e3  
              e3e3e3e3e392b7df  
              dfdfdfb792e3e3e3  
              e3e3e3e3e3cd4045  
              45454540cde3e3e3  
              e3e3e3e3e3404040  
              4545454040e3e3e3  
              e3e3e3e3e3894040  
              4545454589e3e3e3  
              e3e3e3e3e3e34089  
              40408940e3e3e3e3  
              e3e3e3e380b7ff89  
              8989b7ff80e3e3e3  
              e3e3e380e0c0c0b7  
              ffb7ffc0e0e080e3  
              e3e3c0e0e0e0c0c0  
              c0c0c0c0e0e0e0c0  
              e3c0e0e0e0e0e0e0  
              e0e0e0e0e0e0e0c0  
              e3c0c0e0c0e0e0e0  
              e0e0e0e0e0c0c0c0  
              e38080c080e0e0e0  
              e0e0e0e0e080c0c0  
              e3cdcdcd80e0e0e0  
              e0e0e0e0c080adad  
              e3e3e3e3e3e3e3e3  
              e3e3e3e3e3e3e3e3  
              e3e3e3e3e3e3e3e3  
              e3e3e3e3e3e3e3e3  
              e3e3e3e3e3e3e3e3  
              e3e3e3e3e3e3e3e3  
              e3e3e3e3e3e3e3e3  
              e3e3e3e3e3e3e3e3  
              e3e3e3e3e3e3e3e3  
              e3e3e3e3e3e3e3e3  
              e3e3e3e3e3e3e3e3  
              e3e3e3e3e3e3e3e3  
              e3e3e3e3e3e3e3e3  
              e3e3e3e3e3e3e3e3  
              e3e3e3e3e3e3e3e3  
              e3e3e3e3e3e3e3e3  
              e3e3e3e3e3e3e3e3  
              e3e3e3e3e3e3e3e3  
              e3e3e3e3e3e3e3e3  
              e3e3e3e3e3e3e3e3  
              e3e38020e3e3e3e3  
              e3e3e3e3e3e3e3e3  
              e3e320e380e3e3e3  
              e3e3e3e3e3e3e3e3  
              c020e39020e3e3e3  
              e3e3e3e3e3e3e3e3  
              c08090e380e3e3e3  
              e3e3e3e3e3e3e3e3  
              ad20e39420e3e3e3  
              e3e3e3e3e3e3e3e3  
              fae39420e3e3e3e3  
              e3e3e3e3e3e3e3e3  
              e3cdf6cd8080c0e0  
              e0e0e0c0c080fafa  
              e3cdf6f6e380c0c0  
              e0e0c0c0c0e3cdf6  
              e3cdf6f6e38080c0  
              c0c0c0c080e3cdcd  
              e3cdf6cde3808080  
              c0c08080e3e3cdcd  
              e3f6f6e3e38080c0  
              c0c0c080e3dfdfdf  
              e3dfdfe3e3b7b7df  
              b7b7dfb792cdf6f6  
              e3f6f6f6adb7dfb7  
              dfdfdfdf92cdf6f6  
              e3f6fafaf6dfdfdf  
              dfdfdfb792e3e3e3  
              e3cdf6f6b7dfdfdf  
              dfdfdfdfb7e3e3e3  
              e3e3cdcdb7b7dfdf  
              df92b7dfb7e3e3e3  
              e3e3e3e389dfdfdf  
              b792b7b7dfe3e3e3  
              e3e3e3e38989cd89  
              e3b7b7b7dfe3e3e3  
              e3e3e3e3cdcd89cd  
              e38989cd89e3e3e3  
              e3e3e3e3cdadcdcd  
              e3cdcdcdcde3e3e3  
              e3e3e3e3adcdade3  
              e3cdcdadade3e3e3  
              e3e3e3e3fa89ade3  
              e3cdcdf6f6e3e3e3  
              cd94e380e3e3e3e3  
              e3e3e3e3e3e3e3e3  
              cde320e3e3e3e3e3  
              e3e3e3e3e3e3e3e3  
              202080e3e3e3e3e3  
              e3e3e3e3e3e3e3e3  
              8020e3e3e3e3e3e3  
              e3e3e3e3e3e3e3e3  
              80e3e3e3e3e3e3e3  
              e3e3e3e3e3e3e3e3  
              20e3e3e3e3e3e3e3  
              e3e3e3e3e3e3e3e3  
              e3e3e3e3e3e3e3e3  
              e3e3e3e3e3e3e3e3  
              e3e3e3e3e3e3e3e3  
              e3e3e3e3e3e3e3e3  
              e3e3e3e3e3e3e3e3  
              e3e3e3e3e3e3e3e3  
              e3e3e3e3e3e3e3e3  
              e3e3e3e3e3e3e3e3  
              e3e3e3e3e3e3e3e3  
              e3e3e3e3e3e3e3e3  
              e3e3e3e3e3e3e3e3  
              e3e3e3e3e3e3e3e3  
              e3e3e3e3e3e3e3e3  
              e3e3e3e3e3e3e3e3  
              e3e3e3e3e3e3e3e3  
              e3e3e3e3e3e3e3e3  
              e3e3e3e3e3e3e3e3  
              e3e3e3e3e3e3e3e3  
              e3e3e3e3e3e3e3e3  
              e3e3e3e3e3e3e3e3  
              e3e3e3e3cdfafae3  
              e3cdf6faf6e3e3e3  
              e3e3e3e3cdf6fae3  
              e3e3f6fafae3e3e3  
              e3e3e3e3e3fafae3  
              e3e3f6fafae3e3e3  
              e3e3e3e3e392dfe3  
              e3e3f6fae3e3e3e3  
              e3e3e3e3b792dfe3  
              e3e3cdf6e3e3e3e3  
              e3e3e3e3b79292e3  
              e3e3b7dbe3e3e3e3  
              e3e3e3b792dbdfe3  
              e3b792b7e3e3e3e3  
              e3e3e3b7b7dbdfe3  
              e3e3b7db92e3e3e3  
              e3e3e3e3e3e3e3e3  
              e3e3dfb7dbe3e3e3  
              e36de36de36de36d  
              e36ddfdbdb6de36d  
              6de36de36de36de3  
              6de3dfdf6de36de3  
              e36de36de36de36d  
              e36de36de36de36d  
              e3e3e3e3e3e3e3e3  
              e3e3e3e3e3e3e3e3  
              e3e3e3e3e3e3e3e3  
              e3e3e3e3e3e3e3e3  
              e3e3e3e3e3e3e3e3  
              e3e3e3e3e3e3e3e3  
              e3e3e3e3e3e3e3e3  
              e3e3e3e3e3e3e3e3  
              e3e3e3e3e3e3e3e3  
              e3e3e3e3e3e3e3e3  
              e3e3e3e3e3e3e3e3  
              e3e3e3e3e3e3e3e3  
              e3e3e3e3e3e3e3e3  
              e3e3e3e3e3e3e3e3  
              e3e3e3e3e3e3e3e3  
              e3e3e3e3e3e3e3e3  
              e3e3e3e3e3e3e3e3  
              e3e3e3e3e3e3e3e3  
              e3e3e3e3e3e3e3e3  
              e3e3e3e3e3e3e3e3  
              e3e3e3e3e3e3e3e3  
              e3e3e3e3e3e3e3e3  
              e3e3e3e3e3e3e3e3  
              e3e3e3e3e3e3e3e3  
              e3e3e3e3e3e3e3e3  
              e3e3e3e3e3e3e3e3  
              e3e3e3e3e3e3e3e3  
              e3e3e3e3e3e3e3e3  
              6de3e3e3e3e3e3e3  
              e3e3e3e3e3e3e3e3  
              e3e3e3e3e3e3e3e3  
              e3e3e3e3e3e3e3e3  
              e3e3e3e3e3e3e3e3  
              e3e3e3e3e3e3e3e3  
              e3e3e3e3e3e3e3e3  
              e3e3e3e3e3e3e3e3  
              e3e3e3e3e3e3e3e3  
              e3e3e3e3e3e3e3e3  
              e3e3e3e3e3e3e3e3  
              e3e3e3e3e3e3e3e3  
     8                          
     9                          _sprite_player_back_a_17:
    10  062b  06f0d0            	db 0x06, 0xf0, 0xd0
    11  062e  000000c020100001  	incbin "../assets/sprite_player_back_a_17.bin"
              c141001001c24110  
              1001c341002001c4  
              41102001c5410000  
              0040000000004000  
              e3e3e3e3e3e3e3e3  
              e3e3e3e3e3e3e3e3  
              e3e3e3e3e3e3e3e3  
              e3e3e3e3e3e3e3e3  
              e3e3e3e3e3e3e3e3  
              e3e3e3e3e3e3e3e3  
              e3e3e3e3e3e3e3e3  
              e3e3e3e3e3e3e3e3  
              e3e3e3e3e3e3e3e3  
              e3e3e3e3e3e3e3e3  
              e3e3e3e3e3e3e3e3  
              e3e3e3e3e3e34045  
              e3e3e3e3e3e3e3e3  
              e3e3e3e3e3406969  
              e3e3e3e3e3e3e3e3  
              e3e3e3e3e3404545  
              e3e3e3e3e3e3e3e3  
              e3e3e3e3e392b7df  
              e3e3e3e3e3e3e3e3  
              e3e3e3e3e392b7df  
              e3e3e3e3e3e3e3e3  
              e3e3e3e3e3cd4045  
              e3e3e3e3e3e3e3e3  
              e3e3e3e3e3404040  
              e3e3e3e3e3e3e3e3  
              e3e3e3e3e3894040  
              e3e3e3e3e3e3e3e3  
              e3e3e3e3e3e34089  
              e3e3e3e3e3e3e3e3  
              e3e3e3e380b7ff89  
              e3e3e3e3e3e3e3e3  
              e3e3e3c0e0e0ffdb  
              e3e3e3e3e3e3e3e3  
              e3e3e3e3e3e3e3e3  
              e3e3e3e3e3e3e3e3  
              e3e3e3e3e3e3e3e3  
              e3e3e3e3e3e3e3e3  
              e3e3e3e3e3e3e3e3  
              e3e3e3e3e3e3e3e3  
              e3e3e3e3e3e3e3e3  
              e3e3e3e3e3e3e3e3  
              e3e3e3e3e3e3e3e3  
              69696940e3e3e3e3  
              e3e3e3e3e3e3e3e3  
              4545694040e3e3e3  
              e3e3e3e3e3e3e3e3  
              6969694540e3e3e3  
              e3e3e3e3e3e3e3e3  
              dfdfdfb792e3e3e3  
              e3e3e3e3e3e3e3e3  
              dfdfdfb792e3e3e3  
              e3e3e3e3e3e3e3e3  
              45454540cde3e3e3  
              e3e3e3e3e3e3e3e3  
              4545454040e3e3e3  
              e3e3e3e3e3e3e3e3  
              4545454589e3e3e3  
              e3e3e3e3e3e3e3e3  
              40408940e3e3e3e3  
              e38020e3e3e3e3e3  
              8989b7ff80e3e3e3  
              e320e380e3e3e3e3  
              ffdbffe0e0a0e3e3  
              20e39020e3e3e3e3  
              e3e3e3e3e3e3e3e3  
              e3e3c0e0e0e0e0e0  
              e3e3e3e3e3e3e3e3  
              e3c0e0e0e0e0e0e0  
              e3e3e3e3e3e3e3e3  
              e3e0e0e0c0e0e0e0  
              e3e3e3e3e3e3e3e3  
              e3ade0c080e0e0e0  
              e3e3e3e3e3e3e3e3  
              e3b1adad80e0e0e0  
              e3e3e3e3e3e3e3e3  
              e3cdf6f68080c0e0  
              e3e3e3e3e3e3e3e3  
              e3b1fafa6d80c0c0  
              e3e3e3e3e3e3e3e3  
              e3cdf6b1b68080c0  
              e3e3e3e3e3e3e3e3  
              e3cdb1b1b6808080  
              e3e3e3e3e3e3e3e3  
              e3cdcdf1f18080c0  
              e3e3e3e3e3e3e3e3  
              e3e3cdf1f1b7b7df  
              e3e3e3e3e3e3e3e3  
              e3e3e3e3e3b7dfb7  
              e3e3e3e3e3e3e3e3  
              e3e3e3b7dfdfdfdf  
              e3e3e3e3e3e3e3e3  
              e3e3e392dfdfdfdf  
              e3e3e3e3e3e3e3e3  
              e3e3e392b7dfdfdf  
              e3e3e3e3e3e3e3e3  
              e3e3e389929292b7  
              e0e0e0e0e0e0e0e3  
              8090e380e3e3e3e3  
              e0e0e0e0e0e0e0c0  
              20e39420e3e3e3e3  
              e0e0e0e0e0c0c0c0  
              c09420e3e3e3e3e3  
              e0e0e0e0e080c0c0  
              c0e380e3e3e3e3e3  
              e0e0e0e0c080f6f6  
              ad20e3e3e3e3e3e3  
              e0e0e0c0c080f6f6  
              cd80e3e3e3e3e3e3  
              e0e0c0c0c091f6f6  
              cde3e3e3e3e3e3e3  
              c0c0c0c080dfdfdf  
              e3e3e3e3e3e3e3e3  
              c0c0808080cdf6f6  
              e3e3e3e3e3e3e3e3  
              c0c0c08080dff6f6  
              e3e3e3e3e3e3e3e3  
              b7b7dfb792e3e3e3  
              e3e3e3e3e3e3e3e3  
              dfdfdfdf92e3e3e3  
              e3e3e3e3e3e3e3e3  
              dfdfdfdfb7e3e3e3  
              e3e3e3e3e3e3e3e3  
              dfdfdfdfb7e3e3e3  
              e3e3e3e3e3e3e3e3  
              92b7dfdfdfb7e3e3  
              e3e3e3e3e3e3e3e3  
              92b7b7dfdfb7e3e3  
              e3e3e3e3e3e3e3e3  
              e3e3e3e3e3e3e3e3  
              e3e3e38989cd8992  
              e3e3e3e3e3e3e3e3  
              e3e3e3e38989b145  
              e3e3e3e3e3e3e3e3  
              e3e3e3e3e3addfdf  
              e3e3e3e3e3e3e3e3  
              e3e3e3e3e3d1dfff  
              e3e3e3e3e3e3e3e3  
              e3e3e3e3e3b7dfdf  
              e3e3e3e3e3e3e3e3  
              e3e3e3e3e3dfdfdf  
              e3e3e3e3e3e3e3e3  
              e3e3e3e3e3dfdfff  
              e3e3e3e3e3e3e3e3  
              e3e3e3e3e3e3e3e3  
              e3e3e3e3e3e3e3e3  
              e3e3e3e3e3e3e3e3  
              e3e3e3e3e3e3e3e3  
              e3e3e3e3e3e3e3e3  
              e3e3e3e3e3e3e3e3  
              e3e3e3e3e3e3e3e3  
              e3e3e3e3e3e3e3e3  
              e3e3e3e3e3e3e3e3  
              e3e3e3e3e3e3e3e3  
              e3e3e3e3e3e3e3e3  
              e3e3e3e3e3e3e3e3  
              e36de36de36de36d  
              e3e3e3e3e3e3e3e3  
              6de36de36de36de3  
              e3e3e3e3e3e3e3e3  
              e36de36de36de36d  
              92b7b7dfad89e3e3  
              e3e3e3e3e3e3e3e3  
              89b1b1b1b189e3e3  
              e3e3e3e3e3e3e3e3  
              f1b1f5f5d1cde3e3  
              e3e3e3e3e3e3e3e3  
              df91adf1f1cde3e3  
              e3e3e3e3e3e3e3e3  
              dfe3adcdf1e3e3e3  
              e3e3e3e3e3e3e3e3  
              d6e3adcdf2e3e3e3  
              e3e3e3e3e3e3e3e3  
              e3e3f6faf2e3e3e3  
              e3e3e3e3e3e3e3e3  
              e3e3f6faf1e3e3e3  
              e3e3e3e3e3e3e3e3  
              e3e3e3fafae3e3e3  
              e3e3e3e3e3e3e3e3  
              e3e3e3f2f1e3e3e3  
              e3e3e3e3e3e3e3e3  
              e3e3e3b7dfb7e3e3  
              e3e3e3e3e3e3e3e3  
              e3e3b7dfffd6e3e3  
              e3e3e3e3e3e3e3e3  
              e3e3dbffdfdfe3e3  
              e3e3e3e3e3e3e3e3  
              e36dbbffdfdfe36d  
              e3e3e3e3e3e3e3e3  
              6de392dad6d66de3  
              6de3e3e3e3e3e3e3  
              e36de36de36de36d  
              e3e3e3e3e3e3e3e3  
    12                          
    13                          _sprite_player_back_a_18:
    14  0c56  06f8d4            	db 0x06, 0xf8, 0xd4
    15  0c59  000000c020100001  	incbin "../assets/sprite_player_back_a_18.bin"
              c141001001c24110  
              1001c341002001c4  
              41102001c5410000  
              0040000000004000  
              e3e3e3e3e3e34045  
              69696940e3e3e3e3  
              e3e3e3e3e3406969  
              4545694040e3e3e3  
              e3e3e3e3e3404545  
              6969694540e3e3e3  
              e3e3e3e3e392b7df  
              dfdfdfb792e3e3e3  
              e3e3e3e3e392b7df  
              dfdfdfb792e3e3e3  
              e3e3e3e3e3cd4045  
              45454540cde3e3e3  
              e3e3e3e3e3404040  
              4545454040e3e3e3  
              e3e3e3e3e3894040  
              4545454589e3e3e3  
              e3e3e3e3e3924089  
              40408940e3e3e3e3  
              e3e3e3e380b7ff89  
              8989b7ff80e3e3e3  
              e3e3e3c0e0e0ffdb  
              ffdbffe0e0a0e3e3  
              e3e3c0e0e0e0e0e0  
              e0e0e0e0e0e0e0e3  
              e3c0e0e0e0e0e0e0  
              e0e0e0e0e0e0e0c0  
              e3e0e0e0c0e0e0e0  
              e0e0e0e0e0c0c0c0  
              e3ade0c080e0e0e0  
              e0e0e0e0e080c0c0  
              cdf6adad80e0e0e0  
              e0e0e0e0c0cdf6ad  
              e3e3e3e3e3e3e3e3  
              e3e3e3e3e3e3e3e3  
              e3e3e3e3e3e3e3e3  
              e3e3e3e3e3e3e3e3  
              e3e3e3e3e3e3e3e3  
              e3e3e3e3e3e3e3e3  
              e3e3e3e3e3e3e3e3  
              e3e3e3e3e3e3e3e3  
              e3e3e3e3e3e3e3e3  
              e3e3e3e3e3e3e3e3  
              e3e3e3e3e3e3e3e3  
              e3e3e3e3e3e3e3e3  
              e3e3e3e3e3e3e3e3  
              e3e3e3e3e3e3e3e3  
              e3e3e3e3e3e3e3e3  
              e3e3e3e3e3e3e3e3  
              e3e3e3e3e3e3e3e3  
              e3e3e3e3e3e3e3e3  
              e3e3e3e3e3e3e3e3  
              e3e3e3e3e3e3e3e3  
              e3e3e3e3e3e3e3e3  
              e3e3e3e3e3e3e3e3  
              e3e3e38020e3e3e3  
              e3e3e3e3e3e3e3e3  
              e3e3e320e380e3e3  
              e3e3e3e3e3e3e3e3  
              c0e320e39020e3e3  
              e3e3e3e3e3e3e3e3  
              c0e38090e380e3e3  
              e3e3e3e3e3e3e3e3  
              cde320e39420e3e3  
              e3e3e3e3e3e3e3e3  
              cdf6faad8080c0e0  
              e0e0e0c0c0adf6f6  
              f6fafaad6d80c0c0  
              e0e0c0c0c0e3cdf6  
              f6faade3b68080c0  
              c0c0c0c080e3f6cd  
              f6faade3b6808080  
              c0c0808080e3cdfa  
              cdfafaadf18080c0  
              c0c0c0808092f6fa  
              e3dfdfdfdf92b7df  
              b7b7dfb7b792dfdf  
              e3f6fafacd92dfdf  
              dfdfb7dfb7adfafa  
              e3cdf6f6cd92b7df  
              dfdfdfdfdff6f6f6  
              e3e38989b7b7dfdf  
              dfdfdfdfdfb78989  
              e3e3e3e3b7b7dfb7  
              92dfdfdfb7b7e3e3  
              e3e3e3e3b7dfb7b7  
              92b7dfdfdf89e3e3  
              e3e3e3e3e3dfb7b7  
              b7e389cd8989e3e3  
              e3e3e3e3e389cd89  
              89e3cd89cdcde3e3  
              e3e3e3e3e3cdcdcd  
              cde3cdcdadcde3e3  
              e3e3e3e3e3adadcd  
              cde3e3adcdade3e3  
              e3e3e3e3e3f6f6cd  
              cde3e3ad89fae3e3  
              cd80e39420e3e3e3  
              e3e3e3e3e3e3e3e3  
              cd2094e380e3e3e3  
              e3e3e3e3e3e3e3e3  
              cd80e320e3e3e3e3  
              e3e3e3e3e3e3e3e3  
              cd202080e3e3e3e3  
              e3e3e3e3e3e3e3e3  
              fa8020e3e3e3e3e3  
              e3e3e3e3e3e3e3e3  
              df80e3e3e3e3e3e3  
              e3e3e3e3e3e3e3e3  
              f620e3e3e3e3e3e3  
              e3e3e3e3e3e3e3e3  
              cde3e3e3e3e3e3e3  
              e3e3e3e3e3e3e3e3  
              e3e3e3e3e3e3e3e3  
              e3e3e3e3e3e3e3e3  
              e3e3e3e3e3e3e3e3  
              e3e3e3e3e3e3e3e3  
              e3e3e3e3e3e3e3e3  
              e3e3e3e3e3e3e3e3  
              e3e3e3e3e3e3e3e3  
              e3e3e3e3e3e3e3e3  
              e3e3e3e3e3e3e3e3  
              e3e3e3e3e3e3e3e3  
              e3e3e3e3e3e3e3e3  
              e3e3e3e3e3e3e3e3  
              e3e3e3e3e3e3e3e3  
              e3e3e3e3e3e3e3e3  
              e3e3e3e3e3e3e3e3  
              e3e3e3e3e3e3e3e3  
              e3e3e3e3e3f6faf6  
              cde3e3fafacde3e3  
              e3e3e3e3e3fafaf6  
              e3e3e3faf6cde3e3  
              e3e3e3e3e3fafaf6  
              e3e3e3fafae3e3e3  
              e3e3e3e3e3e3faf6  
              e3e3e3df92e3e3e3  
              e3e3e3e3e3e3f6cd  
              e3e3e3df92b7e3e3  
              e3e3e3e3e3e3dbb7  
              e3e3e39292b7e3e3  
              e3e3e3e3e3e3b792  
              b7e3e3dfdb92b7e3  
              e3e3e3e3e392dbb7  
              e3e3e3dfdbb7b7e3  
              e3e3e3e3e3dbb7df  
              e3e3e3e3e3e3e3e3  
              e36de36de3dbdbdf  
              e36de36de36de36d  
              6de36de36de3dfdf  
              6de36de36de36de3  
              e36de36de36de36d  
              e36de36de36de36d  
              e3e3e3e3e3e3e3e3  
              e3e3e3e3e3e3e3e3  
              e3e3e3e3e3e3e3e3  
              e3e3e3e3e3e3e3e3  
              e3e3e3e3e3e3e3e3  
              e3e3e3e3e3e3e3e3  
              e3e3e3e3e3e3e3e3  
              e3e3e3e3e3e3e3e3  
              e3e3e3e3e3e3e3e3  
              e3e3e3e3e3e3e3e3  
              e3e3e3e3e3e3e3e3  
              e3e3e3e3e3e3e3e3  
              e3e3e3e3e3e3e3e3  
              e3e3e3e3e3e3e3e3  
              e3e3e3e3e3e3e3e3  
              e3e3e3e3e3e3e3e3  
              e3e3e3e3e3e3e3e3  
              e3e3e3e3e3e3e3e3  
              e3e3e3e3e3e3e3e3  
              e3e3e3e3e3e3e3e3  
              e3e3e3e3e3e3e3e3  
              e3e3e3e3e3e3e3e3  
              e3e3e3e3e3e3e3e3  
              e3e3e3e3e3e3e3e3  
              e3e3e3e3e3e3e3e3  
              e3e3e3e3e3e3e3e3  
              e3e3e3e3e3e3e3e3  
              e3e3e3e3e3e3e3e3  
              6de3e3e3e3e3e3e3  
              e3e3e3e3e3e3e3e3  
              e3e3e3e3e3e3e3e3  
              e3e3e3e3e3e3e3e3  
              e3e3e3e3e3e3e3e3  
              e3e3e3e3e3e3e3e3  
              e3e3e3e3e3e3e3e3  
              e3e3e3e3e3e3e3e3  
              e3e3e3e3e3e3e3e3  
              e3e3e3e3e3e3e3e3  
              e3e3e3e3e3e3e3e3  
              e3e3e3e3e3e3e3e3  
    16                          
    17                          _sprite_player_back_a_19:
    18  1281  06f8d5            	db 0x06, 0xf8, 0xd5
    19  1284  000000c020100001  	incbin "../assets/sprite_player_back_a_19.bin"
              c141001001c24110  
              1001c341002001c4  
              41102001c5410000  
              0040000000004000  
              e3e3e3e3e3e34045  
              69696940e3e3e3e3  
              e3e3e3e3e3406969  
              4545694040e3e3e3  
              e3e3e3e3e3404545  
              6969694540e3e3e3  
              e3e3e3e3e392b7df  
              dfdfdfb792e3e3e3  
              e3e3e3e3e392b7df  
              dfdfdfb792e3e3e3  
              e3e3e3e3e3cd4045  
              45454540cde3e3e3  
              e3e3e3e3e3404040  
              4545454040e3e3e3  
              e3e3e3e3e3894040  
              4545454589e3e3e3  
              e3e3e3e3e3e34089  
              40408940e3e3e3e3  
              e3e3e3e380b7ff89  
              8989b7ff80e3e3e3  
              e3e3e3a0e0e0ffdb  
              ffdbffe0e0c0e3e3  
              e3e3e0e0e0e0e0e0  
              e0e0e0e0e0e0c0e3  
              e3c0e0e0e0e0e0e0  
              e0e0e0e0e0e0e0c0  
              c0c0c0c0e0e0e0e0  
              e0e0e0e0c0e0e0e0  
              c0c0c080e0e0e0e0  
              e0e0e0e080c0e0ad  
              adf6f680c0e0e0e0  
              e0e0e0e080adadb1  
              e3e3e3e3e3e3e3e3  
              e3e3e3e3e3e3e3e3  
              e3e3e3e3e3e3e3e3  
              e3e3e3e3e3e3e3e3  
              e3e3e3e3e3e3e3e3  
              e3e3e3e3e3e3e3e3  
              e3e3e3e3e3e3e3e3  
              e3e3e3e3e3e3e3e3  
              e3e3e3e3e3e3e3e3  
              e3e3e3e3e3e3e3e3  
              e3e3e3e3e3e3e3e3  
              e3e3e3e3e3e3e3e3  
              e3e3e3e3e3e3e3e3  
              e3e3e3e3e3e3e3e3  
              e3e3e3e3e3e3e3e3  
              e3e3e3e3e3e3e3e3  
              e3e3e3e3e3e3e3e3  
              e3e3e3e3e3e3e3e3  
              e38020e3e3e3e3e3  
              e3e3e3e3e3e3e3e3  
              e320e380e3e3e3e3  
              e3e3e3e3e3e3e3e3  
              20e39020e3e3e3e3  
              e3e3e3e3e3e3e3e3  
              8090e380e3e3e3e3  
              e3e3e3e3e3e3e3e3  
              20e39420e3e3e3e3  
              e3e3e3e3e3e3e3e3  
              e39420e3e3e3e3e3  
              e3e3e3e3e3e3e3e3  
              94e380e3e3e3e3e3  
              e3e3e3e3e3e3e3e3  
              cdf6f680c0c0e0e0  
              e0e0c08080f6f6cd  
              cdf6f691c0c0c0e0  
              e0c0c0806dfafab1  
              e3dfdfdf80c0c0c0  
              c0c08080b6b1f6cd  
              e3f6f6cd808080c0  
              c0808080b6b1b1cd  
              e3f6f6df8080c0c0  
              c0c08080f1f1cdcd  
              e3e3e3e392b7dfb7  
              b7dfb7b7f1f1cde3  
              e3e3e3e392dfdfdf  
              dfb7dfb7e3e3e3e3  
              e3e3e3e3b7dfdfdf  
              dfdfdfdfdfb7e3e3  
              e3e3e3e3b7dfdfdf  
              dfdfdfdfdf92e3e3  
              e3e3e3b7dfdfdfb7  
              92dfdfdfb792e3e3  
              e3e3e3b7dfdfb7b7  
              92b792929289e3e3  
              e3e3e389addfb7b7  
              929289cd8989e3e3  
              e3e3e389b1b1b1b1  
              8945b18989e3e3e3  
              e3e3e3cdd1f5f5b1  
              f1dfdfade3e3e3e3  
              e3e3e3cdf1f1ad91  
              dfffdfd1e3e3e3e3  
              e3e3e3e3f1cdade3  
              dfdfdfb7e3e3e3e3  
              e320e3e3e3e3e3e3  
              e3e3e3e3e3e3e3e3  
              2080e3e3e3e3e3e3  
              e3e3e3e3e3e3e3e3  
              20e3e3e3e3e3e3e3  
              e3e3e3e3e3e3e3e3  
              e3e3e3e3e3e3e3e3  
              e3e3e3e3e3e3e3e3  
              e3e3e3e3e3e3e3e3  
              e3e3e3e3e3e3e3e3  
              e3e3e3e3e3e3e3e3  
              e3e3e3e3e3e3e3e3  
              e3e3e3e3e3e3e3e3  
              e3e3e3e3e3e3e3e3  
              e3e3e3e3e3e3e3e3  
              e3e3e3e3e3e3e3e3  
              e3e3e3e3e3e3e3e3  
              e3e3e3e3e3e3e3e3  
              e3e3e3e3e3e3e3e3  
              e3e3e3e3e3e3e3e3  
              e3e3e3e3e3e3e3e3  
              e3e3e3e3e3e3e3e3  
              e3e3e3e3e3e3e3e3  
              e3e3e3e3e3e3e3e3  
              e3e3e3e3e3e3e3e3  
              e3e3e3e3e3e3e3e3  
              e3e3e3e3e3e3e3e3  
              e3e3e3e3e3e3e3e3  
              e3e3e3e3e3e3e3e3  
              e3e3e3e3e3e3e3e3  
              e3e3e3e3e3e3e3e3  
              e3e3e3e3e3e3e3e3  
              e3e3e3e3f2cdade3  
              d6dfdfdfe3e3e3e3  
              e3e3e3e3f2faf6e3  
              e3ffdfdfe3e3e3e3  
              e3e3e3e3f1faf6e3  
              e3e3e3e3e3e3e3e3  
              e3e3e3e3fafae3e3  
              e3e3e3e3e3e3e3e3  
              e3e3e3e3f1f2e3e3  
              e3e3e3e3e3e3e3e3  
              e3e3e3b7dfb7e3e3  
              e3e3e3e3e3e3e3e3  
              e3e3e3d6ffdfb7e3  
              e3e3e3e3e3e3e3e3  
              e3e3e3dfdfffdbe3  
              e3e3e3e3e3e3e3e3  
              e36de3dfdfffbb6d  
              e36de36de36de36d  
              6de36dd6d6da92e3  
              6de36de36de36de3  
              e36de36de36de36d  
              e36de36de36de36d  
              e3e3e3e3e3e3e3e3  
              e3e3e3e3e3e3e3e3  
              e3e3e3e3e3e3e3e3  
              e3e3e3e3e3e3e3e3  
              e3e3e3e3e3e3e3e3  
              e3e3e3e3e3e3e3e3  
              e3e3e3e3e3e3e3e3  
              e3e3e3e3e3e3e3e3  
              e3e3e3e3e3e3e3e3  
              e3e3e3e3e3e3e3e3  
              e3e3e3e3e3e3e3e3  
              e3e3e3e3e3e3e3e3  
              e3e3e3e3e3e3e3e3  
              e3e3e3e3e3e3e3e3  
              e3e3e3e3e3e3e3e3  
              e3e3e3e3e3e3e3e3  
              e3e3e3e3e3e3e3e3  
              e3e3e3e3e3e3e3e3  
              e3e3e3e3e3e3e3e3  
              e3e3e3e3e3e3e3e3  
              e3e3e3e3e3e3e3e3  
              e3e3e3e3e3e3e3e3  
              e3e3e3e3e3e3e3e3  
              e3e3e3e3e3e3e3e3  
              e3e3e3e3e3e3e3e3  
              e3e3e3e3e3e3e3e3  
              e3e3e3e3e3e3e3e3  
              e3e3e3e3e3e3e3e3  
              6de3e3e3e3e3e3e3  
              e3e3e3e3e3e3e3e3  
              e3e3e3e3e3e3e3e3  
              e3e3e3e3e3e3e3e3  
              e3e3e3e3e3e3e3e3  
              e3e3e3e3e3e3e3e3  
              e3e3e3e3e3e3e3e3  
              e3e3e3e3e3e3e3e3  
              e3e3e3e3e3e3e3e3  
              e3e3e3e3e3e3e3e3  
              e3e3e3e3e3e3e3e3  
              e3e3e3e3e3e3e3e3  
              e3e3e3e3e3e3e3e3  
              e3e3e3e3e3e3e3e3  
    20                          
    21                          _sprite_player_back_a_20:
    22  18ac  06f6d7            	db 0x06, 0xf6, 0xd7
    23  18af  000000c020100001  	incbin "../assets/sprite_player_back_a_20.bin"
              c141001001c24110  
              1001c341002001c4  
              41102001c5410000  
              0040000000004000  
              e3e3e3e3e3e3e340  
              4569696940e3e3e3  
              e3e3e3e3e3e34069  
              694545694040e3e3  
              e3e3e3e3e3e34045  
              456969694540e3e3  
              e3e3e3e3e3e392b7  
              ffffffffb792e3e3  
              e3e32080e3e392b7  
              ffffffffb792e3e3  
              e380e320e3e3cd40  
              4545454540cde3e3  
              e32090e320e34040  
              404945454040e3e3  
              e380e39080e38940  
              404545454589e3e3  
              e32094e320e3e340  
              4089408940e3e3e3  
              e3e32094a0a0a0b7  
              ff8989ffb7a0a0a0  
              e3e380a080c0e0e0  
              dfb7b7dfe0e0c080  
              e3e3e380c0e0e0e0  
              e0e0cde0e0e0e0c0  
              e3e3e380c0e0e0e0  
              e0e0c0e0e0e0e0c0  
              e3e38080c0c0e0e0  
              e0e0c0e0e0e0c0c0  
              e3e380a0a0c0e0e0  
              e0e0e0e0e0e0c0a0  
              e3e3adadcdc0c0e0  
              e0e0e0e0e0c0c0cd  
              e3e3e3e3e3e3e3e3  
              e3e3e3e3e3e3e3e3  
              e3e3e3e3e3e3e3e3  
              e3e3e3e3e3e3e3e3  
              e3e3e3e3e3e3e3e3  
              e3e3e3e3e3e3e3e3  
              e3e3e3e3e3e3e3e3  
              e3e3e3e3e3e3e3e3  
              e3e3e3e3e3e3e3e3  
              e3e3e3e3e3e3e3e3  
              e3e3e3e3e3e3e3e3  
              e3e3e3e3e3e3e3e3  
              e3e3e3e3e3e3e3e3  
              e3e3e3e3e3e3e3e3  
              e3e3e3e3e3e3e3e3  
              e3e3e3e3e3e3e3e3  
              e3e3e3e3e3e3e3e3  
              e3e3e3e3e3e3e3e3  
              e3e3e3e3e3e3e3e3  
              e3e3e3e3e3e3e3e3  
              a0e3e3e3e3e3e3e3  
              e3e3e3e3e3e3e3e3  
              80e3e3e3e3e3e3e3  
              e3e3e3e3e3e3e3e3  
              80e3e3e3e3e3e3e3  
              e3e3e3e3e3e3e3e3  
              8080e3e3e3e3e3e3  
              e3e3e3e3e3e3e3e3  
              a080e3e3e3e3e3e3  
              e3e3e3e3e3e3e3e3  
              adade3e3e3e3e3e3  
              e3e3e3e3e3e3e3e3  
              e3e3f1f1ad80c0c0  
              e0e0e0e0c0c080ad  
              e3e3f1f1adc0c0e0  
              e0e0e0e0e0c0c0ad  
              e3e3e3898980c0e0  
              e0e0e0e0e0c08089  
              e3e3e3e3e380c0e0  
              c0e0c0c0e0c080e3  
              e3e3e3e3e3e3c0c0  
              92929292b7b7b7e3  
              e3e3e3e3e3e3b792  
              92d6d6dfdfdf92b7  
              e3e3e3e3e3e392df  
              dfdfdfdfdfdfdfb7  
              e3e3e3e3e3e3dfdf  
              dfdfb7b7dfdfdf92  
              e3e3e3e3e392dfdf  
              dfb7e392b7dfdfb7  
              e3e3e3e3e392dfdf  
              b7d692b7b7df9292  
              e3e3e3e3e3e39292  
              92929292929292e3  
              e3e3e3e3e3e38989  
              898989898989e3e3  
              e3e3e3e3e3e38989  
              8989898989e3e3e3  
              e3e3e3e3e3e3cdcd  
              cd8989cdcde3e3e3  
              e3e3e3e3e3f6f6cd  
              cde3adcdcdf6f6e3  
              e3e3e3dff5f6f6f6  
              ade3e3adf6f6f6f5  
              f1f1e3e3e3e3e3e3  
              e3e3e3e3e3e3e3e3  
              f1f1e3e3e3e3e3e3  
              e3e3e3e3e3e3e3e3  
              89e3e3e3e3e3e3e3  
              e3e3e3e3e3e3e3e3  
              e3e3e3e3e3e3e3e3  
              e3e3e3e3e3e3e3e3  
              e3e3e3e3e3e3e3e3  
              e3e3e3e3e3e3e3e3  
              e3e3e3e3e3e3e3e3  
              e3e3e3e3e3e3e3e3  
              e3e3e3e3e3e3e3e3  
              e3e3e3e3e3e3e3e3  
              e3e3e3e3e3e3e3e3  
              e3e3e3e3e3e3e3e3  
              e3e3e3e3e3e3e3e3  
              e3e3e3e3e3e3e3e3  
              e3e3e3e3e3e3e3e3  
              e3e3e3e3e3e3e3e3  
              e3e3e3e3e3e3e3e3  
              e3e3e3e3e3e3e3e3  
              e3e3e3e3e3e3e3e3  
              e3e3e3e3e3e3e3e3  
              e3e3e3e3e3e3e3e3  
              e3e3e3e3e3e3e3e3  
              e3e3e3e3e3e3e3e3  
              e3e3e3e3e3e3e3e3  
              e3e3e3e3e3e3e3e3  
              e3e3e3e3e3e3e3e3  
              dfe3e3e3e3e3e3e3  
              e3e3e3e3e3e3e3e3  
              e3dfdfdfdff1d1e3  
              e3e3e3e3e3d1f1df  
              dfdfdfff96e3e3e3  
              e3e3e3e3e3e3e396  
              b6dfdf92e3e3e3e3  
              e3e3e3e3e3e3e3e3  
              e3dfdfffe3e3e3e3  
              e3e3e3e3e3e3e3e3  
              e3b6dfdfe3e3e3e3  
              e3e3e3e3e3e3e3e3  
              e3e3b6dfe3e36de3  
              e3e3e3e3e3e3e3e3  
              e36de3b6e36de36d  
              e36de36de36de36d  
              e3e36de36de36de3  
              6de36de36de36de3  
              e3e3e3e3e3e3e3e3  
              e3e3e3e3e3e3e3e3  
              e3e3e3e3e3e3e3e3  
              e3e3e3e3e3e3e3e3  
              e3e3e3e3e3e3e3e3  
              e3e3e3e3e3e3e3e3  
              e3e3e3e3e3e3e3e3  
              e3e3e3e3e3e3e3e3  
              e3e3e3e3e3e3e3e3  
              e3e3e3e3e3e3e3e3  
              e3e3e3e3e3e3e3e3  
              e3e3e3e3e3e3e3e3  
              e3e3e3e3e3e3e3e3  
              e3e3e3e3e3e3e3e3  
              e3e3e3e3e3e3e3e3  
              e3e3e3e3e3e3e3e3  
              dfdfdfe3e3e3e3e3  
              e3e3e3e3e3e3e3e3  
              ffdfdfdfe3e3e3e3  
              e3e3e3e3e3e3e3e3  
              92dfdfb6e3e3e3e3  
              e3e3e3e3e3e3e3e3  
              ffdfdfe3e3e3e3e3  
              e3e3e3e3e3e3e3e3  
              dfdfb6e3e3e3e3e3  
              e3e3e3e3e3e3e3e3  
              dfb6e3e3e3e3e3e3  
              e3e3e3e3e3e3e3e3  
              b6e3e3e3e3e3e3e3  
              e3e3e3e3e3e3e3e3  
              6de3e3e3e3e3e3e3  
              e3e3e3e3e3e3e3e3  
              e3e3e3e3e3e3e3e3  
              e3e3e3e3e3e3e3e3  
              e3e3e3e3e3e3e3e3  
              e3e3e3e3e3e3e3e3  
              e3e3e3e3e3e3e3e3  
              e3e3e3e3e3e3e3e3  
              e3e3e3e3e3e3e3e3  
              e3e3e3e3e3e3e3e3  
              e3e3e3e3e3e3e3e3  
              e3e3e3e3e3e3e3e3  
              e3e3e3e3e3e3e3e3  
              e3e3e3e3e3e3e3e3  
              e3e3e3e3e3e3e3e3  
              e3e3e3e3e3e3e3e3  
              e3e3e3e3e3e3e3e3  
              e3e3e3e3e3e3e3e3  
    24                          
    25                          
