/tmp/tmpKFGTksiD.asm:
     1                          MODULE sprite_slots_c
     2                          LINE 0, "sprite_slots.c"
sprite_slots.c:
                                
     1                          ;--------------------------------------------------------
     2                          ; File Created by SDCC : free open source ISO C Compiler
     3                          ; Version 4.3.0 #14210 (Mac OS X ppc)
     4                          ;--------------------------------------------------------
     5                          	.zxn
     6                          ; Processed by Z88DK
     7                          ;--------------------------------------------------------
     8                          
     9                          	EXTERN __divschar
    10                          	EXTERN __divschar_callee
    11                          	EXTERN __divsint
    12                          	EXTERN __divsint_callee
    13                          	EXTERN __divslong
    14                          	EXTERN __divslong_callee
    15                          	EXTERN __divslonglong
    16                          	EXTERN __divslonglong_callee
    17                          	EXTERN __divsuchar
    18                          	EXTERN __divsuchar_callee
    19                          	EXTERN __divuchar
    20                          	EXTERN __divuchar_callee
    21                          	EXTERN __divuint
    22                          	EXTERN __divuint_callee
    23                          	EXTERN __divulong
    24                          	EXTERN __divulong_callee
    25                          	EXTERN __divulonglong
    26                          	EXTERN __divulonglong_callee
    27                          	EXTERN __divuschar
    28                          	EXTERN __divuschar_callee
    29                          	EXTERN __modschar
    30                          	EXTERN __modschar_callee
    31                          	EXTERN __modsint
    32                          	EXTERN __modsint_callee
    33                          	EXTERN __modslong
    34                          	EXTERN __modslong_callee
    35                          	EXTERN __modslonglong
    36                          	EXTERN __modslonglong_callee
    37                          	EXTERN __modsuchar
    38                          	EXTERN __modsuchar_callee
    39                          	EXTERN __moduchar
    40                          	EXTERN __moduchar_callee
    41                          	EXTERN __moduint
    42                          	EXTERN __moduint_callee
    43                          	EXTERN __modulong
    44                          	EXTERN __modulong_callee
    45                          	EXTERN __modulonglong
    46                          	EXTERN __modulonglong_callee
    47                          	EXTERN __moduschar
    48                          	EXTERN __moduschar_callee
    49                          	EXTERN __mulint
    50                          	EXTERN __mulint_callee
    51                          	EXTERN __mullong
    52                          	EXTERN __mullong_callee
    53                          	EXTERN __mullonglong
    54                          	EXTERN __mullonglong_callee
    55                          	EXTERN __mulschar
    56                          	EXTERN __mulschar_callee
    57                          	EXTERN __mulsuchar
    58                          	EXTERN __mulsuchar_callee
    59                          	EXTERN __muluchar
    60                          	EXTERN __muluchar_callee
    61                          	EXTERN __muluschar
    62                          	EXTERN __muluschar_callee
    63                          	EXTERN __rlslonglong
    64                          	EXTERN __rlslonglong_callee
    65                          	EXTERN __rlulonglong
    66                          	EXTERN __rlulonglong_callee
    67                          	EXTERN __rrslonglong
    68                          	EXTERN __rrslonglong_callee
    69                          	EXTERN __rrulonglong
    70                          	EXTERN __rrulonglong_callee
    71                          	EXTERN ___mulsint2slong
    72                          	EXTERN ___mulsint2slong_callee
    73                          	EXTERN ___muluint2ulong
    74                          	EXTERN ___muluint2ulong_callee
    75                          	EXTERN ___sdcc_call_hl
    76                          	EXTERN ___sdcc_call_iy
    77                          	EXTERN ___sdcc_enter_ix
    78                          	EXTERN banked_call
    79                          	EXTERN _banked_ret
    80                          	EXTERN ___fs2schar
    81                          	EXTERN ___fs2schar_callee
    82                          	EXTERN ___fs2sint
    83                          	EXTERN ___fs2sint_callee
    84                          	EXTERN ___fs2slong
    85                          	EXTERN ___fs2slong_callee
    86                          	EXTERN ___fs2slonglong
    87                          	EXTERN ___fs2slonglong_callee
    88                          	EXTERN ___fs2uchar
    89                          	EXTERN ___fs2uchar_callee
    90                          	EXTERN ___fs2uint
    91                          	EXTERN ___fs2uint_callee
    92                          	EXTERN ___fs2ulong
    93                          	EXTERN ___fs2ulong_callee
    94                          	EXTERN ___fs2ulonglong
    95                          	EXTERN ___fs2ulonglong_callee
    96                          	EXTERN ___fsadd
    97                          	EXTERN ___fsadd_callee
    98                          	EXTERN ___fsdiv
    99                          	EXTERN ___fsdiv_callee
   100                          	EXTERN ___fseq
   101                          	EXTERN ___fseq_callee
   102                          	EXTERN ___fsgt
   103                          	EXTERN ___fsgt_callee
   104                          	EXTERN ___fslt
   105                          	EXTERN ___fslt_callee
   106                          	EXTERN ___fsmul
   107                          	EXTERN ___fsmul_callee
   108                          	EXTERN ___fsneq
   109                          	EXTERN ___fsneq_callee
   110                          	EXTERN ___fssub
   111                          	EXTERN ___fssub_callee
   112                          	EXTERN ___schar2fs
   113                          	EXTERN ___schar2fs_callee
   114                          	EXTERN ___sint2fs
   115                          	EXTERN ___sint2fs_callee
   116                          	EXTERN ___slong2fs
   117                          	EXTERN ___slong2fs_callee
   118                          	EXTERN ___slonglong2fs
   119                          	EXTERN ___slonglong2fs_callee
   120                          	EXTERN ___uchar2fs
   121                          	EXTERN ___uchar2fs_callee
   122                          	EXTERN ___uint2fs
   123                          	EXTERN ___uint2fs_callee
   124                          	EXTERN ___ulong2fs
   125                          	EXTERN ___ulong2fs_callee
   126                          	EXTERN ___ulonglong2fs
   127                          	EXTERN ___ulonglong2fs_callee
   128                          	EXTERN ____sdcc_2_copy_src_mhl_dst_deix
   129                          	EXTERN ____sdcc_2_copy_src_mhl_dst_bcix
   130                          	EXTERN ____sdcc_4_copy_src_mhl_dst_deix
   131                          	EXTERN ____sdcc_4_copy_src_mhl_dst_bcix
   132                          	EXTERN ____sdcc_4_copy_src_mhl_dst_mbc
   133                          	EXTERN ____sdcc_4_ldi_nosave_bc
   134                          	EXTERN ____sdcc_4_ldi_save_bc
   135                          	EXTERN ____sdcc_4_push_hlix
   136                          	EXTERN ____sdcc_4_push_mhl
   137                          	EXTERN ____sdcc_lib_setmem_hl
   138                          	EXTERN ____sdcc_ll_add_de_bc_hl
   139                          	EXTERN ____sdcc_ll_add_de_bc_hlix
   140                          	EXTERN ____sdcc_ll_add_de_hlix_bc
   141                          	EXTERN ____sdcc_ll_add_de_hlix_bcix
   142                          	EXTERN ____sdcc_ll_add_deix_bc_hl
   143                          	EXTERN ____sdcc_ll_add_deix_hlix
   144                          	EXTERN ____sdcc_ll_add_hlix_bc_deix
   145                          	EXTERN ____sdcc_ll_add_hlix_deix_bc
   146                          	EXTERN ____sdcc_ll_add_hlix_deix_bcix
   147                          	EXTERN ____sdcc_ll_asr_hlix_a
   148                          	EXTERN ____sdcc_ll_asr_mbc_a
   149                          	EXTERN ____sdcc_ll_copy_src_de_dst_hlix
   150                          	EXTERN ____sdcc_ll_copy_src_de_dst_hlsp
   151                          	EXTERN ____sdcc_ll_copy_src_deix_dst_hl
   152                          	EXTERN ____sdcc_ll_copy_src_deix_dst_hlix
   153                          	EXTERN ____sdcc_ll_copy_src_deixm_dst_hlsp
   154                          	EXTERN ____sdcc_ll_copy_src_desp_dst_hlsp
   155                          	EXTERN ____sdcc_ll_copy_src_hl_dst_de
   156                          	EXTERN ____sdcc_ll_copy_src_hlsp_dst_de
   157                          	EXTERN ____sdcc_ll_copy_src_hlsp_dst_deixm
   158                          	EXTERN ____sdcc_ll_lsl_hlix_a
   159                          	EXTERN ____sdcc_ll_lsl_mbc_a
   160                          	EXTERN ____sdcc_ll_lsr_hlix_a
   161                          	EXTERN ____sdcc_ll_lsr_mbc_a
   162                          	EXTERN ____sdcc_ll_push_hlix
   163                          	EXTERN ____sdcc_ll_push_mhl
   164                          	EXTERN ____sdcc_ll_sub_de_bc_hl
   165                          	EXTERN ____sdcc_ll_sub_de_bc_hlix
   166                          	EXTERN ____sdcc_ll_sub_de_hlix_bc
   167                          	EXTERN ____sdcc_ll_sub_de_hlix_bcix
   168                          	EXTERN ____sdcc_ll_sub_deix_bc_hl
   169                          	EXTERN ____sdcc_ll_sub_deix_hlix
   170                          	EXTERN ____sdcc_ll_sub_hlix_bc_deix
   171                          	EXTERN ____sdcc_ll_sub_hlix_deix_bc
   172                          	EXTERN ____sdcc_ll_sub_hlix_deix_bcix
   173                          	EXTERN ____sdcc_load_debc_deix
   174                          	EXTERN ____sdcc_load_dehl_deix
   175                          	EXTERN ____sdcc_load_debc_mhl
   176                          	EXTERN ____sdcc_load_hlde_mhl
   177                          	EXTERN ____sdcc_store_dehl_bcix
   178                          	EXTERN ____sdcc_store_debc_hlix
   179                          	EXTERN ____sdcc_store_debc_mhl
   180                          	EXTERN ____sdcc_cpu_pop_ei
   181                          	EXTERN ____sdcc_cpu_pop_ei_jp
   182                          	EXTERN ____sdcc_cpu_push_di
   183                          	EXTERN ____sdcc_outi
   184                          	EXTERN ____sdcc_outi_128
   185                          	EXTERN ____sdcc_outi_256
   186                          	EXTERN ____sdcc_ldi
   187                          	EXTERN ____sdcc_ldi_128
   188                          	EXTERN ____sdcc_ldi_256
   189                          	EXTERN ____sdcc_4_copy_srcd_hlix_dst_deix
   190                          	EXTERN ____sdcc_4_and_src_mbc_mhl_dst_deix
   191                          	EXTERN ____sdcc_4_or_src_mbc_mhl_dst_deix
   192                          	EXTERN ____sdcc_4_xor_src_mbc_mhl_dst_deix
   193                          	EXTERN ____sdcc_4_or_src_dehl_dst_bcix
   194                          	EXTERN ____sdcc_4_xor_src_dehl_dst_bcix
   195                          	EXTERN ____sdcc_4_and_src_dehl_dst_bcix
   196                          	EXTERN ____sdcc_4_xor_src_mbc_mhl_dst_debc
   197                          	EXTERN ____sdcc_4_or_src_mbc_mhl_dst_debc
   198                          	EXTERN ____sdcc_4_and_src_mbc_mhl_dst_debc
   199                          	EXTERN ____sdcc_4_cpl_src_mhl_dst_debc
   200                          	EXTERN ____sdcc_4_xor_src_debc_mhl_dst_debc
   201                          	EXTERN ____sdcc_4_or_src_debc_mhl_dst_debc
   202                          	EXTERN ____sdcc_4_and_src_debc_mhl_dst_debc
   203                          	EXTERN ____sdcc_4_and_src_debc_hlix_dst_debc
   204                          	EXTERN ____sdcc_4_or_src_debc_hlix_dst_debc
   205                          	EXTERN ____sdcc_4_xor_src_debc_hlix_dst_debc
   206                          
   207                          ;--------------------------------------------------------
   208                          ; Public variables in this module
   209                          ;--------------------------------------------------------
   210                          	GLOBAL _skins
   211                          	GLOBAL _spriteSlots
   212                          	GLOBAL _prepare_sprite_slots
   213                          ;--------------------------------------------------------
   214                          ; Externals used
   215                          ;--------------------------------------------------------
   216                          	GLOBAL _clip_sprites_window
   217                          	GLOBAL _setup_relative_sprite
   218                          	GLOBAL _setup_unified_sprite
   219                          	GLOBAL _set_sprite_index
   220                          	GLOBAL _set_tilemap_offset
   221                          	GLOBAL _clip_tilemap_window
   222                          	GLOBAL _set_layer2_offset
   223                          	GLOBAL _clip_layer2_window
   224                          	GLOBAL _ZXN_NEXTREG_UPDATE
   225                          	GLOBAL _zx_pattern_fill_callee
   226                          	GLOBAL _zx_pattern_fill
   227                          	GLOBAL _tshr_saddrpup_fastcall
   228                          	GLOBAL _tshr_saddrpup
   229                          	GLOBAL _tshr_saddrpright_callee
   230                          	GLOBAL _tshr_saddrpright
   231                          	GLOBAL _tshr_saddrpleft_callee
   232                          	GLOBAL _tshr_saddrpleft
   233                          	GLOBAL _tshr_saddrpdown_fastcall
   234                          	GLOBAL _tshr_saddrpdown
   235                          	GLOBAL _tshr_saddrcup_fastcall
   236                          	GLOBAL _tshr_saddrcup
   237                          	GLOBAL _tshr_saddrcright_fastcall
   238                          	GLOBAL _tshr_saddrcright
   239                          	GLOBAL _tshr_saddrcleft_fastcall
   240                          	GLOBAL _tshr_saddrcleft
   241                          	GLOBAL _tshr_saddrcdown_fastcall
   242                          	GLOBAL _tshr_saddrcdown
   243                          	GLOBAL _tshr_saddr2py_fastcall
   244                          	GLOBAL _tshr_saddr2py
   245                          	GLOBAL _tshr_saddr2px_fastcall
   246                          	GLOBAL _tshr_saddr2px
   247                          	GLOBAL _tshr_saddr2cy_fastcall
   248                          	GLOBAL _tshr_saddr2cy
   249                          	GLOBAL _tshr_saddr2cx_fastcall
   250                          	GLOBAL _tshr_saddr2cx
   251                          	GLOBAL _tshr_py2saddr_fastcall
   252                          	GLOBAL _tshr_py2saddr
   253                          	GLOBAL _tshr_pxy2saddr_callee
   254                          	GLOBAL _tshr_pxy2saddr
   255                          	GLOBAL _tshr_px2bitmask_fastcall
   256                          	GLOBAL _tshr_px2bitmask
   257                          	GLOBAL _tshr_cy2saddr_fastcall
   258                          	GLOBAL _tshr_cy2saddr
   259                          	GLOBAL _tshr_cxy2saddr_callee
   260                          	GLOBAL _tshr_cxy2saddr
   261                          	GLOBAL _tshr_bitmask2px_fastcall
   262                          	GLOBAL _tshr_bitmask2px
   263                          	GLOBAL _tshc_saddrpup_fastcall
   264                          	GLOBAL _tshc_saddrpup
   265                          	GLOBAL _tshc_saddrpright_callee
   266                          	GLOBAL _tshc_saddrpright
   267                          	GLOBAL _tshc_saddrpleft_callee
   268                          	GLOBAL _tshc_saddrpleft
   269                          	GLOBAL _tshc_saddrpdown_fastcall
   270                          	GLOBAL _tshc_saddrpdown
   271                          	GLOBAL _tshc_saddrcup_fastcall
   272                          	GLOBAL _tshc_saddrcup
   273                          	GLOBAL _tshc_saddrcright_fastcall
   274                          	GLOBAL _tshc_saddrcright
   275                          	GLOBAL _tshc_saddrcleft_fastcall
   276                          	GLOBAL _tshc_saddrcleft
   277                          	GLOBAL _tshc_saddrcdown_fastcall
   278                          	GLOBAL _tshc_saddrcdown
   279                          	GLOBAL _tshc_saddr2py_fastcall
   280                          	GLOBAL _tshc_saddr2py
   281                          	GLOBAL _tshc_saddr2px_fastcall
   282                          	GLOBAL _tshc_saddr2px
   283                          	GLOBAL _tshc_saddr2cy_fastcall
   284                          	GLOBAL _tshc_saddr2cy
   285                          	GLOBAL _tshc_saddr2cx_fastcall
   286                          	GLOBAL _tshc_saddr2cx
   287                          	GLOBAL _tshc_saddr2aaddr_fastcall
   288                          	GLOBAL _tshc_saddr2aaddr
   289                          	GLOBAL _tshc_py2saddr_fastcall
   290                          	GLOBAL _tshc_py2saddr
   291                          	GLOBAL _tshc_py2aaddr_fastcall
   292                          	GLOBAL _tshc_py2aaddr
   293                          	GLOBAL _tshc_pxy2saddr_callee
   294                          	GLOBAL _tshc_pxy2saddr
   295                          	GLOBAL _tshc_pxy2aaddr_callee
   296                          	GLOBAL _tshc_pxy2aaddr
   297                          	GLOBAL _tshc_px2bitmask_fastcall
   298                          	GLOBAL _tshc_px2bitmask
   299                          	GLOBAL _tshc_cy2saddr_fastcall
   300                          	GLOBAL _tshc_cy2saddr
   301                          	GLOBAL _tshc_cy2aaddr_fastcall
   302                          	GLOBAL _tshc_cy2aaddr
   303                          	GLOBAL _tshc_cxy2saddr_callee
   304                          	GLOBAL _tshc_cxy2saddr
   305                          	GLOBAL _tshc_cxy2aaddr_callee
   306                          	GLOBAL _tshc_cxy2aaddr
   307                          	GLOBAL _tshc_bitmask2px_fastcall
   308                          	GLOBAL _tshc_bitmask2px
   309                          	GLOBAL _tshc_aaddrpup_fastcall
   310                          	GLOBAL _tshc_aaddrpup
   311                          	GLOBAL _tshc_aaddrpright_callee
   312                          	GLOBAL _tshc_aaddrpright
   313                          	GLOBAL _tshc_aaddrpleft_callee
   314                          	GLOBAL _tshc_aaddrpleft
   315                          	GLOBAL _tshc_aaddrpdown_fastcall
   316                          	GLOBAL _tshc_aaddrpdown
   317                          	GLOBAL _tshc_aaddrcup_fastcall
   318                          	GLOBAL _tshc_aaddrcup
   319                          	GLOBAL _tshc_aaddrcright_fastcall
   320                          	GLOBAL _tshc_aaddrcright
   321                          	GLOBAL _tshc_aaddrcleft_fastcall
   322                          	GLOBAL _tshc_aaddrcleft
   323                          	GLOBAL _tshc_aaddrcdown_fastcall
   324                          	GLOBAL _tshc_aaddrcdown
   325                          	GLOBAL _tshc_aaddr2saddr_fastcall
   326                          	GLOBAL _tshc_aaddr2saddr
   327                          	GLOBAL _tshc_aaddr2py_fastcall
   328                          	GLOBAL _tshc_aaddr2py
   329                          	GLOBAL _tshc_aaddr2px_fastcall
   330                          	GLOBAL _tshc_aaddr2px
   331                          	GLOBAL _tshc_aaddr2cy_fastcall
   332                          	GLOBAL _tshc_aaddr2cy
   333                          	GLOBAL _tshc_aaddr2cx_fastcall
   334                          	GLOBAL _tshc_aaddr2cx
   335                          	GLOBAL _zx_saddrpup_fastcall
   336                          	GLOBAL _zx_saddrpup
   337                          	GLOBAL _zx_saddrpright_callee
   338                          	GLOBAL _zx_saddrpright
   339                          	GLOBAL _zx_saddrpleft_callee
   340                          	GLOBAL _zx_saddrpleft
   341                          	GLOBAL _zx_saddrpdown_fastcall
   342                          	GLOBAL _zx_saddrpdown
   343                          	GLOBAL _zx_saddrcup_fastcall
   344                          	GLOBAL _zx_saddrcup
   345                          	GLOBAL _zx_saddrcright_fastcall
   346                          	GLOBAL _zx_saddrcright
   347                          	GLOBAL _zx_saddrcleft_fastcall
   348                          	GLOBAL _zx_saddrcleft
   349                          	GLOBAL _zx_saddrcdown_fastcall
   350                          	GLOBAL _zx_saddrcdown
   351                          	GLOBAL _zx_saddr2py_fastcall
   352                          	GLOBAL _zx_saddr2py
   353                          	GLOBAL _zx_saddr2px_fastcall
   354                          	GLOBAL _zx_saddr2px
   355                          	GLOBAL _zx_saddr2cy_fastcall
   356                          	GLOBAL _zx_saddr2cy
   357                          	GLOBAL _zx_saddr2cx_fastcall
   358                          	GLOBAL _zx_saddr2cx
   359                          	GLOBAL _zx_saddr2aaddr_fastcall
   360                          	GLOBAL _zx_saddr2aaddr
   361                          	GLOBAL _zx_py2saddr_fastcall
   362                          	GLOBAL _zx_py2saddr
   363                          	GLOBAL _zx_py2aaddr_fastcall
   364                          	GLOBAL _zx_py2aaddr
   365                          	GLOBAL _zx_pxy2saddr_callee
   366                          	GLOBAL _zx_pxy2saddr
   367                          	GLOBAL _zx_pxy2aaddr_callee
   368                          	GLOBAL _zx_pxy2aaddr
   369                          	GLOBAL _zx_px2bitmask_fastcall
   370                          	GLOBAL _zx_px2bitmask
   371                          	GLOBAL _zx_cy2saddr_fastcall
   372                          	GLOBAL _zx_cy2saddr
   373                          	GLOBAL _zx_cy2aaddr_fastcall
   374                          	GLOBAL _zx_cy2aaddr
   375                          	GLOBAL _zx_cxy2saddr_callee
   376                          	GLOBAL _zx_cxy2saddr
   377                          	GLOBAL _zx_cxy2aaddr_callee
   378                          	GLOBAL _zx_cxy2aaddr
   379                          	GLOBAL _zx_bitmask2px_fastcall
   380                          	GLOBAL _zx_bitmask2px
   381                          	GLOBAL _zx_aaddrcup_fastcall
   382                          	GLOBAL _zx_aaddrcup
   383                          	GLOBAL _zx_aaddrcright_fastcall
   384                          	GLOBAL _zx_aaddrcright
   385                          	GLOBAL _zx_aaddrcleft_fastcall
   386                          	GLOBAL _zx_aaddrcleft
   387                          	GLOBAL _zx_aaddrcdown_fastcall
   388                          	GLOBAL _zx_aaddrcdown
   389                          	GLOBAL _zx_aaddr2saddr_fastcall
   390                          	GLOBAL _zx_aaddr2saddr
   391                          	GLOBAL _zx_aaddr2py_fastcall
   392                          	GLOBAL _zx_aaddr2py
   393                          	GLOBAL _zx_aaddr2px_fastcall
   394                          	GLOBAL _zx_aaddr2px
   395                          	GLOBAL _zx_aaddr2cy_fastcall
   396                          	GLOBAL _zx_aaddr2cy
   397                          	GLOBAL _zx_aaddr2cx_fastcall
   398                          	GLOBAL _zx_aaddr2cx
   399                          	GLOBAL _tshr_visit_wc_pix_callee
   400                          	GLOBAL _tshr_visit_wc_pix
   401                          	GLOBAL _tshr_scroll_wc_up_pix_callee
   402                          	GLOBAL _tshr_scroll_wc_up_pix
   403                          	GLOBAL _tshr_scroll_up_pix_callee
   404                          	GLOBAL _tshr_scroll_up_pix
   405                          	GLOBAL _tshr_scroll_up_callee
   406                          	GLOBAL _tshr_scroll_up
   407                          	GLOBAL _tshr_cls_wc_pix_callee
   408                          	GLOBAL _tshr_cls_wc_pix
   409                          	GLOBAL _tshr_cls_pix_fastcall
   410                          	GLOBAL _tshr_cls_pix
   411                          	GLOBAL _tshr_cls_attr_fastcall
   412                          	GLOBAL _tshr_cls_attr
   413                          	GLOBAL _tshr_cls_fastcall
   414                          	GLOBAL _tshr_cls
   415                          	GLOBAL _tshc_visit_wc_pix_callee
   416                          	GLOBAL _tshc_visit_wc_pix
   417                          	GLOBAL _tshc_visit_wc_attr_callee
   418                          	GLOBAL _tshc_visit_wc_attr
   419                          	GLOBAL _tshc_scroll_wc_up_pix_callee
   420                          	GLOBAL _tshc_scroll_wc_up_pix
   421                          	GLOBAL _tshc_scroll_wc_up_attr_callee
   422                          	GLOBAL _tshc_scroll_wc_up_attr
   423                          	GLOBAL _tshc_scroll_wc_up_callee
   424                          	GLOBAL _tshc_scroll_wc_up
   425                          	GLOBAL _tshc_scroll_up_pix_callee
   426                          	GLOBAL _tshc_scroll_up_pix
   427                          	GLOBAL _tshc_scroll_up_attr_callee
   428                          	GLOBAL _tshc_scroll_up_attr
   429                          	GLOBAL _tshc_scroll_up_callee
   430                          	GLOBAL _tshc_scroll_up
   431                          	GLOBAL _tshc_cls_wc_pix_callee
   432                          	GLOBAL _tshc_cls_wc_pix
   433                          	GLOBAL _tshc_cls_wc_attr_callee
   434                          	GLOBAL _tshc_cls_wc_attr
   435                          	GLOBAL _tshc_cls_wc_callee
   436                          	GLOBAL _tshc_cls_wc
   437                          	GLOBAL _tshc_cls_pix_fastcall
   438                          	GLOBAL _tshc_cls_pix
   439                          	GLOBAL _tshc_cls_attr_fastcall
   440                          	GLOBAL _tshc_cls_attr
   441                          	GLOBAL _tshc_cls_fastcall
   442                          	GLOBAL _tshc_cls
   443                          	GLOBAL _zx_visit_wc_pix_callee
   444                          	GLOBAL _zx_visit_wc_pix
   445                          	GLOBAL _zx_visit_wc_attr_callee
   446                          	GLOBAL _zx_visit_wc_attr
   447                          	GLOBAL _zx_scroll_wc_up_pix_callee
   448                          	GLOBAL _zx_scroll_wc_up_pix
   449                          	GLOBAL _zx_scroll_wc_up_attr_callee
   450                          	GLOBAL _zx_scroll_wc_up_attr
   451                          	GLOBAL _zx_scroll_wc_up_callee
   452                          	GLOBAL _zx_scroll_wc_up
   453                          	GLOBAL _zx_scroll_up_pix_callee
   454                          	GLOBAL _zx_scroll_up_pix
   455                          	GLOBAL _zx_scroll_up_attr_callee
   456                          	GLOBAL _zx_scroll_up_attr
   457                          	GLOBAL _zx_scroll_up_callee
   458                          	GLOBAL _zx_scroll_up
   459                          	GLOBAL _zx_cls_wc_pix_callee
   460                          	GLOBAL _zx_cls_wc_pix
   461                          	GLOBAL _zx_cls_wc_attr_callee
   462                          	GLOBAL _zx_cls_wc_attr
   463                          	GLOBAL _zx_cls_wc_callee
   464                          	GLOBAL _zx_cls_wc
   465                          	GLOBAL _zx_cls_pix_fastcall
   466                          	GLOBAL _zx_cls_pix
   467                          	GLOBAL _zx_cls_attr_fastcall
   468                          	GLOBAL _zx_cls_attr
   469                          	GLOBAL _zx_cls_fastcall
   470                          	GLOBAL _zx_cls
   471                          	GLOBAL _zx_border_fastcall
   472                          	GLOBAL _zx_border
   473                          	GLOBAL _ts_vmod_fastcall
   474                          	GLOBAL _ts_vmod
   475                          	GLOBAL _zx_tape_verify_block_callee
   476                          	GLOBAL _zx_tape_verify_block
   477                          	GLOBAL _zx_tape_save_block_callee
   478                          	GLOBAL _zx_tape_save_block
   479                          	GLOBAL _zx_tape_load_block_callee
   480                          	GLOBAL _zx_tape_load_block
   481                          	GLOBAL _check_version_nextzxos_fastcall
   482                          	GLOBAL _check_version_nextzxos
   483                          	GLOBAL _check_version_esxdos_fastcall
   484                          	GLOBAL _check_version_esxdos
   485                          	GLOBAL _check_version_core_fastcall
   486                          	GLOBAL _check_version_core
   487                          	GLOBAL _zxn_mangle_bank_state_fastcall
   488                          	GLOBAL _zxn_mangle_bank_state
   489                          	GLOBAL _zxn_write_sysvar_bank_state_fastcall
   490                          	GLOBAL _zxn_write_sysvar_bank_state
   491                          	GLOBAL _zxn_read_sysvar_bank_state
   492                          	GLOBAL _zxn_write_bank_state_fastcall
   493                          	GLOBAL _zxn_write_bank_state
   494                          	GLOBAL _zxn_write_mmu_state_fastcall
   495                          	GLOBAL _zxn_write_mmu_state
   496                          	GLOBAL _zxn_read_mmu_state_fastcall
   497                          	GLOBAL _zxn_read_mmu_state
   498                          	GLOBAL _zxn_page_from_addr_fastcall
   499                          	GLOBAL _zxn_page_from_addr
   500                          	GLOBAL _zxn_addr_from_page_fastcall
   501                          	GLOBAL _zxn_addr_from_page
   502                          	GLOBAL _zxn_addr_in_mmu_callee
   503                          	GLOBAL _zxn_addr_in_mmu
   504                          	GLOBAL _zxn_mmu_from_addr_fastcall
   505                          	GLOBAL _zxn_mmu_from_addr
   506                          	GLOBAL _zxn_addr_from_mmu_fastcall
   507                          	GLOBAL _zxn_addr_from_mmu
   508                          	GLOBAL _ZXN_WRITE_MMU7_fastcall
   509                          	GLOBAL _ZXN_WRITE_MMU7
   510                          	GLOBAL _ZXN_WRITE_MMU6_fastcall
   511                          	GLOBAL _ZXN_WRITE_MMU6
   512                          	GLOBAL _ZXN_WRITE_MMU5_fastcall
   513                          	GLOBAL _ZXN_WRITE_MMU5
   514                          	GLOBAL _ZXN_WRITE_MMU4_fastcall
   515                          	GLOBAL _ZXN_WRITE_MMU4
   516                          	GLOBAL _ZXN_WRITE_MMU3_fastcall
   517                          	GLOBAL _ZXN_WRITE_MMU3
   518                          	GLOBAL _ZXN_WRITE_MMU2_fastcall
   519                          	GLOBAL _ZXN_WRITE_MMU2
   520                          	GLOBAL _ZXN_WRITE_MMU1_fastcall
   521                          	GLOBAL _ZXN_WRITE_MMU1
   522                          	GLOBAL _ZXN_WRITE_MMU0_fastcall
   523                          	GLOBAL _ZXN_WRITE_MMU0
   524                          	GLOBAL _ZXN_READ_MMU7
   525                          	GLOBAL _ZXN_READ_MMU6
   526                          	GLOBAL _ZXN_READ_MMU5
   527                          	GLOBAL _ZXN_READ_MMU4
   528                          	GLOBAL _ZXN_READ_MMU3
   529                          	GLOBAL _ZXN_READ_MMU2
   530                          	GLOBAL _ZXN_READ_MMU1
   531                          	GLOBAL _ZXN_READ_MMU0
   532                          	GLOBAL _ZXN_WRITE_REG_callee
   533                          	GLOBAL _ZXN_WRITE_REG
   534                          	GLOBAL _ZXN_READ_REG_fastcall
   535                          	GLOBAL _ZXN_READ_REG
   536                          	GLOBAL _change_sprite_visibility
   537                          	GLOBAL _show_sprite
   538                          	GLOBAL _hide_sprite
   539                          	GLOBAL _move_sprite
   540                          	GLOBAL _loadAttrsAndPatterns
   541                          	GLOBAL _loadSpriteFrame
   542                          	GLOBAL _init_sprite_slots
   543                          	GLOBAL _GLOBAL_ZXN_PORT_DFFD
   544                          	GLOBAL _GLOBAL_ZXN_PORT_7FFD
   545                          	GLOBAL _GLOBAL_ZXN_PORT_1FFD
   546                          	GLOBAL _GLOBAL_ZXN_PORT_FE
   547                          	GLOBAL _GLOBAL_TS_PORT_FE
   548                          	GLOBAL _GLOBAL_ZX_PORT_7FFD
   549                          	GLOBAL _GLOBAL_ZX_PORT_1FFD
   550                          	GLOBAL _GLOBAL_ZX_PORT_FE
   551                          	GLOBAL _skin_umpire_head
   552                          	GLOBAL _skin_umpire_chair
   553                          	GLOBAL _skin_player_front_a
   554                          	GLOBAL _skin_player_back_a
   555                          	GLOBAL _skin_net
   556                          	GLOBAL _skin_ball
   557                          	GLOBAL _skin_ball_shadow
   558                          ;--------------------------------------------------------
   559                          ; special function registers
   560                          ;--------------------------------------------------------
   561                          defc _IO_FE	=	0x00fe
   562                          defc _IO_FF	=	0x00ff
   563                          defc _IO_TIMEX_VIDEO_MODE	=	0x00ff
   564                          defc _IO_1FFD	=	0x1ffd
   565                          defc _IO_7FFD	=	0x7ffd
   566                          defc _IO_DFFD	=	0xdffd
   567                          defc _IO_0F	=	0x000f
   568                          defc _IO_DAC_L0	=	0x000f
   569                          defc _IO_1F	=	0x001f
   570                          defc _IO_DAC_L1	=	0x001f
   571                          defc _IO_4F	=	0x004f
   572                          defc _IO_DAC_R0	=	0x004f
   573                          defc _IO_5F	=	0x005f
   574                          defc _IO_DAC_R1	=	0x005f
   575                          defc _IO_DF	=	0x00df
   576                          defc _IO_DAC_M0	=	0x00df
   577                          defc _IO_FFFD	=	0xfffd
   578                          defc _IO_TURBOSOUND	=	0xfffd
   579                          defc _IO_AY_REG	=	0xfffd
   580                          defc _IO_BFFD	=	0xbffd
   581                          defc _IO_AY_DAT	=	0xbffd
   582                          defc _IO_123B	=	0x123b
   583                          defc _IO_LAYER_2_CONFIG	=	0x123b
   584                          defc _IO_303B	=	0x303b
   585                          defc _IO_SPRITE_SLOT	=	0x303b
   586                          defc _IO_SPRITE_FLAGS	=	0x303b
   587                          defc _IO_57	=	0x0057
   588                          defc _IO_SPRITE_ATTRIBUTE	=	0x0057
   589                          defc _IO_5B	=	0x005b
   590                          defc _IO_SPRITE_PATTERN	=	0x005b
   591                          defc _IO_143B	=	0x143b
   592                          defc _IO_UART_RX	=	0x143b
   593                          defc _IO_UART_BAUD_RATE	=	0x143b
   594                          defc _IO_133B	=	0x133b
   595                          defc _IO_UART_TX	=	0x133b
   596                          defc _IO_UART_STATUS	=	0x133b
   597                          defc _IO_6B	=	0x006b
   598                          defc _IO_DMA	=	0x006b
   599                          defc _IO_E3	=	0x00e3
   600                          defc _IO_DIVIDE_CONTROL	=	0x00e3
   601                          defc _IO_E7	=	0x00e7
   602                          defc _IO_SPI_CONTROL	=	0x00e7
   603                          defc _IO_SPI_STATUS	=	0x00e7
   604                          defc _IO_EB	=	0x00eb
   605                          defc _IO_SPI_DATA	=	0x00eb
   606                          defc _IO_103B	=	0x103b
   607                          defc _IO_I2C_SCL	=	0x103b
   608                          defc _IO_113B	=	0x113b
   609                          defc _IO_I2C_SDA	=	0x113b
   610                          defc _IO_LED_L	=	0x103b
   611                          defc _IO_243B	=	0x243b
   612                          defc _IO_NEXTREG_REG	=	0x243b
   613                          defc _IO_253B	=	0x253b
   614                          defc _IO_NEXTREG_DAT	=	0x253b
   615                          ;--------------------------------------------------------
   616                          ; ram data
   617                          ;--------------------------------------------------------
   618                          	SECTION bss_compiler
   619                          _spriteSlots:
   620  0000  0000000000000000  	DEFS 60
              0000000000000000  
              0000000000000000  
              0000000000000000  
              0000000000000000  
              0000000000000000  
              0000000000000000  
              00000000          
   621                          ;--------------------------------------------------------
   622                          ; ram data
   623                          ;--------------------------------------------------------
   624                          
   625                          IF 0
   626                          
   627                          ; .area _INITIALIZED removed by z88dk
   628                          
   629                          _skins:
   630                          	DEFS 20
   631                          
   632                          ENDIF
   633                          
   634                          ;--------------------------------------------------------
   635                          ; absolute external ram data
   636                          ;--------------------------------------------------------
   637                          	SECTION IGNORE
   638                          ;--------------------------------------------------------
   639                          ; global & static initialisations
   640                          ;--------------------------------------------------------
   641                          	SECTION code_crt_init
   642                          ;--------------------------------------------------------
   643                          ; Home
   644                          ;--------------------------------------------------------
   645                          	SECTION IGNORE
   646                          ;--------------------------------------------------------
   647                          ; code
   648                          ;--------------------------------------------------------
   649                          	SECTION code_compiler
   650                          ;sprite_slots.c:19: static void preload_sprite(Entity entity)
   651                          ;	---------------------------------
   652                          ; Function preload_sprite
   653                          ; ---------------------------------
   654                          _preload_sprite:
   655  0000  cd0000            	call	___sdcc_enter_ix
   656                          ;sprite_slots.c:21: UnifiedSpriteSlot *slot = &spriteSlots[entity];
   657  0003  dd5e00            	ld	e,(ix+4)
   658  0006  1600              	ld	d,0x06
   659  0008  ed30              	mlt	de
   660  000a  210000            	ld	hl,_spriteSlots
   661  000d  19                	add	hl, de
   662                          ;sprite_slots.c:22: slot->currentFrame = 0;
   663  000e  af                	xor	a,a
   664  000f  77                	ld	(hl),a
   665  0010  eb                	ex	de,hl
   666                          ;sprite_slots.c:23: FrameAddress *frameAddress = &(slot->skinDefinition->frameAddresses)[slot->currentFrame];
   667  0011  210000            	ld	hl,4
   668  0014  19                	add	hl,de
   669  0015  4e                	ld	c, (hl)
   670  0016  23                	inc	hl
   671  0017  46                	ld	b, (hl)
   672  0018  210400            	ld	hl,0x0004
   673  001b  09                	add	hl, bc
   674                          ;sprite_slots.c:24: loadSpriteFrame(slot, frameAddress->frameDefinition, frameAddress->memoryPage, 0, 0, false);
   675  001c  46                	ld	b, (hl)
   676  001d  23                	inc	hl
   677  001e  4e                	ld	c, (hl)
   678  001f  23                	inc	hl
   679  0020  7e                	ld	a, (hl)
   680  0021  2600              	ld	h,0x00
   681  0023  e5                	push	hl
   682  0024  33                	inc	sp
   683  0025  210000            	ld	hl,0x0000
   684  0028  e5                	push	hl
   685  0029  e5                	push	hl
   686  002a  c5                	push	bc
   687  002b  33                	inc	sp
   688  002c  47                	ld	b, a
   689  002d  c5                	push	bc
   690  002e  d5                	push	de
   691  002f  cd0000            	call	_loadSpriteFrame
   692  0032  210a00            	ld	hl,10
   693  0035  39                	add	hl, sp
   694  0036  f9                	ld	sp, hl
   695                          ;sprite_slots.c:25: }
   696  0037  dde1              	pop	ix
   697  0039  c9                	ret
   698                          	SECTION code_compiler
   699                          ;sprite_slots.c:27: void prepare_sprite_slots(void)
   700                          ;	---------------------------------
   701                          ; Function prepare_sprite_slots
   702                          ; ---------------------------------
   703                          _prepare_sprite_slots:
   704                          ;sprite_slots.c:29: init_sprite_slots(&spriteSlots, &skins, ENTITY_COUNT);
   705  003a  3e0a              	ld	a,0x0a
   706  003c  f5                	push	af
   707  003d  33                	inc	sp
   708  003e  210000            	ld	hl,_skins
   709  0041  e5                	push	hl
   710  0042  210000            	ld	hl,_spriteSlots
   711  0045  e5                	push	hl
   712  0046  cd0000            	call	_init_sprite_slots
   713  0049  f1                	pop	af
   714  004a  f1                	pop	af
   715  004b  33                	inc	sp
   716                          ;sprite_slots.c:32: preload_sprite(ENTITY_BALL_SHADOW);
   717  004c  af                	xor	a, a
   718  004d  f5                	push	af
   719  004e  33                	inc	sp
   720  004f  cd0000            	call	_preload_sprite
   721  0052  33                	inc	sp
   722                          ;sprite_slots.c:33: preload_sprite(ENTITY_BALL_TOP);
   723  0053  3e01              	ld	a,0x01
   724  0055  f5                	push	af
   725  0056  33                	inc	sp
   726  0057  cd0000            	call	_preload_sprite
   727  005a  33                	inc	sp
   728                          ;sprite_slots.c:34: preload_sprite(ENTITY_BALL_MIDDLE_TOP);
   729  005b  3e03              	ld	a,0x03
   730  005d  f5                	push	af
   731  005e  33                	inc	sp
   732  005f  cd0000            	call	_preload_sprite
   733  0062  33                	inc	sp
   734                          ;sprite_slots.c:35: preload_sprite(ENTITY_BALL_MIDDLE_BOTTOM);
   735  0063  3e07              	ld	a,0x07
   736  0065  f5                	push	af
   737  0066  33                	inc	sp
   738  0067  cd0000            	call	_preload_sprite
   739  006a  33                	inc	sp
   740                          ;sprite_slots.c:36: preload_sprite(ENTITY_BALL_BOTTOM);
   741  006b  3e09              	ld	a,0x09
   742  006d  f5                	push	af
   743  006e  33                	inc	sp
   744  006f  cd0000            	call	_preload_sprite
   745  0072  33                	inc	sp
   746                          ;sprite_slots.c:37: }
   747  0073  c9                	ret
   748                          	SECTION data_compiler
   749                          _skins:
   750  0000  0000              	DEFW _skin_ball_shadow
   751  0002  0000              	DEFW _skin_ball
   752  0004  0000              	DEFW _skin_player_front_a
   753  0006  0000              	DEFW _skin_ball
   754  0008  0000              	DEFW _skin_net
   755  000a  0000              	DEFW _skin_umpire_chair
   756  000c  0000              	DEFW _skin_umpire_head
   757  000e  0000              	DEFW _skin_ball
   758  0010  0000              	DEFW _skin_player_back_a
   759  0012  0000              	DEFW _skin_ball
   760                          	SECTION IGNORE
   761                          
