/tmp/tmpIO4XNkJ8.asm:
     1                          MODULE sprites_page_46_asm
     2                          LINE 0, "sprites_page_46.asm"
sprites_page_46.asm:
                                
     1                          	SECTION PAGE_46
     2                          
     3                          	PUBLIC _sprite_player_front_a_15, _sprite_player_front_a_16, _sprite_player_front_a_17, _sprite_player_front_a_18, _sprite_player_front_a_19
     4                          
     5                          _sprite_player_front_a_15:
     6  0000  06f4d5            	db 0x06, 0xf4, 0xd5
     7  0003  000000c020100001  	incbin "../assets/sprite_player_front_a_15.bin"
              c141001001c24110  
              1001c341002001c4  
              41102001c5410000  
              0040000000004000  
              e3e3e3e3e3e3e3e3  
              e3e3e389ad898945  
              e3e3e3e3e3e3e3e3  
              e3e389ad89adadad  
              e3e3e3e3e3e3e3e3  
              e345894e57535789  
              e3e3e3e3e3e3e3e3  
              e3454eb6dfdfdfb7  
              e3e3e3e3e3e3e3e3  
              e345b789cdcdcddf  
              e3e3e3e3e3e3e3e3  
              45898945f6f645f6  
              e3e3e3e3e3e3e3e3  
              4589adf6fafafafa  
              e3e3e3e3e3e3e3e3  
              e34589f6fafafaad  
              e3e3fafafa20b680  
              204ab689f6f6cd53  
              e3f6faf6f6f6e3e3  
              e34589ad6d535357  
              e3f6facdfadfb692  
              cdcdb75357575757  
              e3dffacdaddfb6fa  
              fafafaad57575757  
              e3e3dfdfe3f6cdf6  
              cdfafafa53535353  
              adf6e3e3e3adcd53  
              f6cdcdcd894e5353  
              adfaf6cdf6f6ad4e  
              5372ad89894a534e  
              cdfafacdf6f6adad  
              4a5757574e4e534a  
              e3e3e3e3e3e3e3e3  
              e3e3e3e3e3e3e3e3  
              45e3e3e3e3e3e3e3  
              e3e3e3e3e3e3e3e3  
              45e3e3e3e3e3e3e3  
              e3e3e3e3e3e3e3e3  
              4ee3e3e3e3e3e3e3  
              e3e3e3e3e3e3e3e3  
              b780e3e3e3e3e3e3  
              e3e3e3e3e3e3e3e3  
              ad7140e3e3e3e3e3  
              e3e3e3e3e3e3e3e3  
              ade37580e3e3e3e3  
              e3e3e3e3e3e3e3e3  
              e390e360e3e3e3e3  
              e3e3e3e3e3e3e3e3  
              53e39520e3e3e3e3  
              e3e3e3e3e3e3e3e3  
              5390e360e3e3e3e3  
              e3e3e3e3e3e3e3e3  
              57537580e3e3e3e3  
              e3e3e3e3e3e3e3e3  
              575340e3e3e3e3e3  
              e3e3e3e3e3e3e3e3  
              53534ae3e3e3e3e3  
              e3e3e3e3e3e3e3e3  
              534a4ae3e3e3e3e3  
              e3e3e3e3e3e3e3e3  
              4a4ae3e3e3e3e3e3  
              e3e3e3e3e3e3e3e3  
              4a4ae3e3e3e3e3e3  
              e3e3e3e3e3e3e3e3  
              cdfafacd89898989  
              4a5757574e4e534a  
              e3f6f689e3e3e3e3  
              4a4e4e4e4e4e4e4e  
              e3e3e3e3e3e3e3e3  
              4a4a4a4a4e4a4a4a  
              e3e3e3e3e3e3e3e3  
              4a4e4e4e4a4e4e4e  
              e3e3e3e3e3e3e3e3  
              9292dfdfdfdfdfb6  
              e3e3e3e3e3e3e3e3  
              b7b7b7dfb6dfb6b6  
              e3e3e3e3e3e3e3b6  
              b7b7dfb6b6dfdfdf  
              e3e3e3e3e3e3e3b6  
              b6dfdf9292dfdfdf  
              e3e3e3e3e3e3e3df  
              dfdfdf9292dfdfdf  
              e3e3e3e3e3e3e3cd  
              cdcdb69292b6dfdf  
              e3e3e3e3e3e3f6fa  
              faf689b772b6cdcd  
              e3e3e3e3e3e3f6fa  
              faf6f6e3e389f6fa  
              e3e3e3e3e3f6fafa  
              f6f6e3e3e389f6fa  
              e3e3e3e3e3f6faf6  
              f6e3e3e3e389f6fa  
              e3e3e3e3e3f6f6f6  
              cde3e3e3e3e3adfa  
              e3e3e3e3e3adf6f6  
              89e3e3e3e3e3cdf6  
              4a4ae3e3e3e3e3e3  
              e3e3e3e3e3e3e3e3  
              4ae3e3e3e3e3e3e3  
              e3e3e3e3e3e3e3e3  
              4ae3e3e3e3e3e3e3  
              e3e3e3e3e3e3e3e3  
              4ae3e3e3e3e3e3e3  
              e3e3e3e3e3e3e3e3  
              92e3e3e3e3e3e3e3  
              e3e3e3e3e3e3e3e3  
              b6e3e3e3e3e3e3e3  
              e3e3e3e3e3e3e3e3  
              b6dfe3e3e3e3e3e3  
              e3e3e3e3e3e3e3e3  
              b6dfe3e3e3e3e3e3  
              e3e3e3e3e3e3e3e3  
              b6dfe3e3e3e3e3e3  
              e3e3e3e3e3e3e3e3  
              dfdfe3e3e3e3e3e3  
              e3e3e3e3e3e3e3e3  
              f6ade3e3e3e3e3e3  
              e3e3e3e3e3e3e3e3  
              faf6e3e3e3e3e3e3  
              e3e3e3e3e3e3e3e3  
              faf6e3e3e3e3e3e3  
              e3e3e3e3e3e3e3e3  
              faf6e3e3e3e3e3e3  
              e3e3e3e3e3e3e3e3  
              fafaf6e3e3e3e3e3  
              e3e3e3e3e3e3e3e3  
              faf6adade3e3e3e3  
              e3e3e3e3e3e3e3e3  
              e3e3e3e3e3adcdcd  
              89e3e3e3e3e3e3cd  
              e3e3e3e3e3adcdcd  
              89e3e3e3e3e3e3e3  
              e3e3e3e3e3adcdcd  
              89e3e3e3e3e3e3e3  
              e3e3e3e3e3e3cd89  
              e3e3e3e3e3e3e3e3  
              e3e3e3e3e3e3b7b6  
              e3e3e3e3e3e3e3e3  
              e3e3e3e3e3e3db92  
              e3e3e3e3e3e3e3e3  
              e3e3e3e3e39292b6  
              e3e3e3e3e3e3e3e3  
              e3e3e3e392b6db92  
              e3e3e3e3e3e3e3e3  
              e3e3b6dfb7df92b6  
              e36de36de36de36d  
              e3e3dfdfdfb66de3  
              6de36de36de36de3  
              e3e3e36de36de36d  
              e36de36de3e3e3e3  
              e3e3e3e3e3e3e3e3  
              e3e3e3e3e3e3e3e3  
              e3e3e3e3e3e3e3e3  
              e3e3e3e3e3e3e3e3  
              e3e3e3e3e3e3e3e3  
              e3e3e3e3e3e3e3e3  
              e3e3e3e3e3e3e3e3  
              e3e3e3e3e3e3e3e3  
              e3e3e3e3e3e3e3e3  
              e3e3e3e3e3e3e3e3  
              f6cdadad89e3e3e3  
              e3e3e3e3e3e3e3e3  
              8989adad89e3e3e3  
              e3e3e3e3e3e3e3e3  
              e3e38989cd92e3e3  
              e3e3e3e3e3e3e3e3  
              e3e3e38989dfdfb6  
              dbe3e3e3e3e3e3e3  
              e3e3e3e3b692dfb6  
              dbe3e3e3e3e3e3e3  
              e3e3e3e3e3b69292  
              dbe3e3e3e3e3e3e3  
              e3e3e3e3e392b6df  
              b6e3e3e3e3e3e3e3  
              6de36de36db6dfb6  
              b6e3e3e3e3e3e3e3  
              e36de36de3dbb6b6  
              e3e3e3e3e3e3e3e3  
              6de36de36de36de3  
              e3e3e3e3e3e3e3e3  
              e3e3e3e3e3e3e3e3  
              e3e3e3e3e3e3e3e3  
              e3e3e3e3e3e3e3e3  
              e3e3e3e3e3e3e3e3  
              e3e3e3e3e3e3e3e3  
              e3e3e3e3e3e3e3e3  
              e3e3e3e3e3e3e3e3  
              e3e3e3e3e3e3e3e3  
              e3e3e3e3e3e3e3e3  
              e3e3e3e3e3e3e3e3  
              e3e3e3e3e3e3e3e3  
              e3e3e3e3e3e3e3e3  
     8                          
     9                          _sprite_player_front_a_16:
    10  062b  06f6d4            	db 0x06, 0xf6, 0xd4
    11  062e  000000c020100001  	incbin "../assets/sprite_player_front_a_16.bin"
              c141001001c24110  
              1001c341002001c4  
              41102001c5410000  
              0040000000004000  
              e3e3e3e3e3e3e3e3  
              89ad898945e3e3e3  
              e3e3e3e3e3e3e389  
              ad89adadad45e3e3  
              e3e3e3e3e3e34589  
              4e5757578945e3e3  
              e3e3e3e3e3e3454e  
              b7dfdfdfb74ee3e3  
              e3e3e3e3e3e345b7  
              89cdcdaddfb7e3e3  
              e3e3e3e3e3458989  
              45f6f645f689e3e3  
              e3e3e3e3e34589ad  
              f6fafafafaade3e3  
              e3e3e3e3e3e34589  
              f6fafafaade3e3e3  
              e3e3e3e3e3e34592  
              89f6f6ad92e3e3e3  
              e3e3e3e3e34eb7b7  
              89898989b74ee3e3  
              e3e3e34e575753b7  
              cdad89b753574ee3  
              e3e35357575753df  
              b7b7b7df57575753  
              e353535757575757  
              5757575757575757  
              e353535353575757  
              5757575757535753  
              e3ad53534e575757  
              57575757574e5357  
              e3cdcdcd4a535757  
              57575757574acdcd  
              e3e3e3e3e3e3e3e3  
              e3e3e3e3e3e3e3e3  
              e3e3e3e3e3e3e3e3  
              e3e3e3e3e3e3e3e3  
              e3e3e3e3e3e3e3e3  
              e3e3e3e3e3e3e3e3  
              e3e3e3e3e3e3e3e3  
              e3e3e3e3e3e3e3e3  
              e3e3e3e3e3e3e3e3  
              e3e3e3e3e3e3e3e3  
              e3e3e3e3e3e3e3e3  
              e3e3e3e3e3e3e3e3  
              e3e3e3e3e3e3e3e3  
              e3e3e3e3e3e3e3e3  
              e3e3e3e3e3e3e3e3  
              e3e3e3e3e3e3e3e3  
              e3e3e3e3e3e3e3e3  
              e3e3e3e3e3e3e3e3  
              e3e3e3e3e3e3e3e3  
              e3e3e3e3e3e3e3e3  
              e3e3e3e3e3e3e3e3  
              e3e3e3e3e3e3e3e3  
              e3e3e3e3e3e3e3e3  
              e3e3e3e3e3e3e3e3  
              53e3e3e3e3e3e3e3  
              e3e3e3e3e3e3e3e3  
              53e3e3e3e3e3e3e3  
              e3e3e3e3e3e3e3e3  
              4ae3e3e3e3e3e3e3  
              e3e3e3e3e3e3e3e3  
              cde3e3e3e3e3e3e3  
              e3e3e3e3e3e3e3e3  
              e3cdf6cd4a535357  
              575757534e4acdf6  
              e3cdf6f6e3535353  
              575753534ae3f6f6  
              e3f6faf6e34a5353  
              5353534e4ae3f6f6  
              e3f6faf6e3e34a4e  
              53534e4e4ae3cdf6  
              e3e3dfdfdfe34ab7  
              929292dbb7e3e3f6  
              e3e3f6f6fae392df  
              b7b7dfb7b7e3e3df  
              e3e3f6f6fae392b7  
              dfdfb7dfb7adf6f6  
              e3e3cd2020e392df  
              b7b7dfdfb7f6fafa  
              e3e3e3208092dfdf  
              92b7dfdfb7b7f6f6  
              e3e3e3e38020dfb7  
              92b7dfdfb7b7cdcd  
              e3e3e3e3202080b7  
              92b7dfdfdfb7e3e3  
              e3e3e3e380df20b7  
              b792cdcdcdade3e3  
              e3e3e3e32094cd80  
              f692f6fafaade3e3  
              e3e3e3e380899420  
              fa89f6fafacde3e3  
              e3e3e3e3e320ad94  
              2089f6fafaf6e3e3  
              e3e3e3e3e38090fa  
              80e389cdfacde3e3  
              cde3e3e3e3e3e3e3  
              e3e3e3e3e3e3e3e3  
              cde3e3e3e3e3e3e3  
              e3e3e3e3e3e3e3e3  
              cde3e3e3e3e3e3e3  
              e3e3e3e3e3e3e3e3  
              cde3e3e3e3e3e3e3  
              e3e3e3e3e3e3e3e3  
              f6e3e3e3e3e3e3e3  
              e3e3e3e3e3e3e3e3  
              dfe3e3e3e3e3e3e3  
              e3e3e3e3e3e3e3e3  
              f6e3e3e3e3e3e3e3  
              e3e3e3e3e3e3e3e3  
              f6e3e3e3e3e3e3e3  
              e3e3e3e3e3e3e3e3  
              cde3e3e3e3e3e3e3  
              e3e3e3e3e3e3e3e3  
              e3e3e3e3e3e3e3e3  
              e3e3e3e3e3e3e3e3  
              e3e3e3e3e3e3e3e3  
              e3e3e3e3e3e3e3e3  
              e3e3e3e3e3e3e3e3  
              e3e3e3e3e3e3e3e3  
              e3e3e3e3e3e3e3e3  
              e3e3e3e3e3e3e3e3  
              e3e3e3e3e3e3e3e3  
              e3e3e3e3e3e3e3e3  
              e3e3e3e3e3e3e3e3  
              e3e3e3e3e3e3e3e3  
              e3e3e3e3e3e3e3e3  
              e3e3e3e3e3e3e3e3  
              e3e3e3e3e320f690  
              20e389f6cdade3e3  
              e3e3e3e3e3ad2089  
              80e3e38989e3e3e3  
              e3e3e3e3e3cd8020  
              e3e3e3b7dbe3e3e3  
              e3e3e3e3e3e3cd89  
              e3e3e392b7dfe3e3  
              e3e3e3e3e3e3cd89  
              e3e3e3b7b7dfe3e3  
              e3e3e3e3e3e3dbb7  
              e3e3e392dfdfdfe3  
              e3e3e3e3e3e3b792  
              b7e3e3b7b7dfdfe3  
              e3e3e3e3e3e3dbb7  
              dfe3e3e3dfb7b7e3  
              e3e3e3e3e3e3b7df  
              dfe3e3e3e3e3e3e3  
              e36de36de36ddbb7  
              b7dfe36de36de36d  
              6de36de36de3b7df  
              dfdf6de36de36de3  
              e36de36de36de36d  
              e36de36de36de36d  
              e3e3e3e3e3e3e3e3  
              e3e3e3e3e3e3e3e3  
              e3e3e3e3e3e3e3e3  
              e3e3e3e3e3e3e3e3  
              e3e3e3e3e3e3e3e3  
              e3e3e3e3e3e3e3e3  
              e3e3e3e3e3e3e3e3  
              e3e3e3e3e3e3e3e3  
              e3e3e3e3e3e3e3e3  
              e3e3e3e3e3e3e3e3  
              e3e3e3e3e3e3e3e3  
              e3e3e3e3e3e3e3e3  
              e3e3e3e3e3e3e3e3  
              e3e3e3e3e3e3e3e3  
              e3e3e3e3e3e3e3e3  
              e3e3e3e3e3e3e3e3  
              e3e3e3e3e3e3e3e3  
              e3e3e3e3e3e3e3e3  
              e3e3e3e3e3e3e3e3  
              e3e3e3e3e3e3e3e3  
              e3e3e3e3e3e3e3e3  
              e3e3e3e3e3e3e3e3  
              e3e3e3e3e3e3e3e3  
              e3e3e3e3e3e3e3e3  
              e3e3e3e3e3e3e3e3  
              e3e3e3e3e3e3e3e3  
              e3e3e3e3e3e3e3e3  
              e3e3e3e3e3e3e3e3  
              6de3e3e3e3e3e3e3  
              e3e3e3e3e3e3e3e3  
              e3e3e3e3e3e3e3e3  
              e3e3e3e3e3e3e3e3  
              e3e3e3e3e3e3e3e3  
              e3e3e3e3e3e3e3e3  
              e3e3e3e3e3e3e3e3  
              e3e3e3e3e3e3e3e3  
              e3e3e3e3e3e3e3e3  
              e3e3e3e3e3e3e3e3  
              e3e3e3e3e3e3e3e3  
              e3e3e3e3e3e3e3e3  
    12                          
    13                          _sprite_player_front_a_17:
    14  0c56  06f6d5            	db 0x06, 0xf6, 0xd5
    15  0c59  000000c020100001  	incbin "../assets/sprite_player_front_a_17.bin"
              c141001001c24110  
              1001c341002001c4  
              41102001c5410000  
              0040000000004000  
              e3e3e3e3e3e3e3e3  
              89ad898945e3e3e3  
              e3e3e3e3e3e3e389  
              ad89adadad45e3e3  
              e3e3e3e3e3e34589  
              4e5757578945e3e3  
              e3e3e3e3e3e3454e  
              b7dfdfdfb74ee3e3  
              e3e3e3e3e3e345b7  
              89cdcdaddfb7e3e3  
              e3e3e3e3e3458989  
              45f6f645f689e3e3  
              e3e3e3e3e34589ad  
              f6fafafafaade3e3  
              e3e3e3e3e3e34589  
              f6fafafaade3e3e3  
              e3e3e3e3e3e34592  
              89f6f65392e3e3e3  
              e3e3e3e3e34eb7b7  
              89898989b74ee3e3  
              e3e3e353575753b7  
              cdad89b7535753e3  
              e3e35357575757df  
              b7b7b7df57575753  
              e353535757575757  
              5757575753575357  
              e353535353575757  
              5757575753535753  
              e3cd53534a575757  
              575757574e4acdcd  
              e3cdcdad4a535757  
              575757574e4acdcd  
              e3e3e3e3e3e3e3e3  
              e3e3e3e3e3e3e3e3  
              e3e3e3e3e3e3e3e3  
              e3e3e3e3e3e3e3e3  
              e3e3e3e3e3e3e3e3  
              e3e3e3e3e3e3e3e3  
              e3e3e3e3e3e3e3e3  
              e3e3e3e3e3e3e3e3  
              e3e3e3e3e3e3e3e3  
              e3e3e3e3e3e3e3e3  
              e3e3e3e3e3e3e3e3  
              e3e3e3e3e3e3e3e3  
              e3e3e3e3e3e3e3e3  
              e3e3e3e3e3e3e3e3  
              e3e3e3e3e3e3e3e3  
              e3e3e3e3e3e3e3e3  
              e3e3e3e3e3e3e3e3  
              e3e3e3e3e3e3e3e3  
              e3e3e3e3e3e3e3e3  
              e3e3e3e3e3e3e3e3  
              e3e3e3e3e3e3e3e3  
              e3e3e3e3e3e3e3e3  
              e3e3e3e3e3e3e3e3  
              e3e3e3e3e3e3e3e3  
              53e3e3e3e3e3e3e3  
              e3e3e3e3e3e3e3e3  
              53e3e3e3e3e3e3e3  
              e3e3e3e3e3e3e3e3  
              cde3e3e3e3e3e3e3  
              e3e3e3e3e3e3e3e3  
              cde3e3e3e3e3e3e3  
              e3e3e3e3e3e3e3e3  
              e3cdcdcd4a535357  
              575757534ee3cdf6  
              e3cdf6cd89535353  
              575353534ee3cdf6  
              e3f6dfdf894a5353  
              5353534e4ee3e3f6  
              e3dffafafa4a4e4e  
              53534e4e4a89f6df  
              e3e3f6faf689b7b7  
              9292dfb74aadf6cd  
              e3e3e3f62020b7df  
              b7b7b7b792f6fafa  
              e3e3e3e32080b7b7  
              b7dfdfb792b7f6f6  
              e3e3e3e3db8020df  
              92b7dfdfb7e3e3e3  
              e3e3e3e3b7202080  
              92b7b7f6adb7e3e3  
              e3e3e3e3b780cd20  
              92f6fafaf6e3e3e3  
              e3e3e3e3cd2094f6  
              80f6fafaf6e3e3e3  
              e3e3e3e3cd80fa94  
              2089f6f6ade3e3e3  
              e3e3e3e3cdfa20f6  
              94208989e3e3e3e3  
              e3e3e3e3f6fa8090  
              b780b7e3e3e3e3e3  
              e3e3e389f6fa2089  
              902092e3e3e3e3e3  
              e3e3e389adf68920  
              e380b792e3e3e3e3  
              cde3e3e3e3e3e3e3  
              e3e3e3e3e3e3e3e3  
              cde3e3e3e3e3e3e3  
              e3e3e3e3e3e3e3e3  
              f6e3e3e3e3e3e3e3  
              e3e3e3e3e3e3e3e3  
              dfe3e3e3e3e3e3e3  
              e3e3e3e3e3e3e3e3  
              cde3e3e3e3e3e3e3  
              e3e3e3e3e3e3e3e3  
              f6e3e3e3e3e3e3e3  
              e3e3e3e3e3e3e3e3  
              cde3e3e3e3e3e3e3  
              e3e3e3e3e3e3e3e3  
              e3e3e3e3e3e3e3e3  
              e3e3e3e3e3e3e3e3  
              e3e3e3e3e3e3e3e3  
              e3e3e3e3e3e3e3e3  
              e3e3e3e3e3e3e3e3  
              e3e3e3e3e3e3e3e3  
              e3e3e3e3e3e3e3e3  
              e3e3e3e3e3e3e3e3  
              e3e3e3e3e3e3e3e3  
              e3e3e3e3e3e3e3e3  
              e3e3e3e3e3e3e3e3  
              e3e3e3e3e3e3e3e3  
              e3e3e3e3e3e3e3e3  
              e3e3e3e3e3e3e3e3  
              e3e3e3e3e3e3e3e3  
              e3e3e3e3e3e3e3e3  
              e3e3e3e3e3e3e3e3  
              e3e3e3e3e3e3e3e3  
              e3e3e389adf68980  
              20dfdfb7e3e3e3e3  
              e3e3e389adcd89e3  
              e3b7b7b7e3e3e3e3  
              e3e3e3e3adcd89e3  
              e3e3e3e3e3e3e3e3  
              e3e3e3e39289e3e3  
              e3e3e3e3e3e3e3e3  
              e3e3e3e3dfdfe3e3  
              e3e3e3e3e3e3e3e3  
              e3e3e3e392b7e3e3  
              e3e3e3e3e3e3e3e3  
              e3e3e3e3db9292e3  
              e3e3e3e3e3e3e3e3  
              e3e3e3e3b7dfdfe3  
              e3e3e3e3e3e3e3e3  
              e36de36de392e36d  
              e36de36de36de36d  
              6de36de36de36de3  
              6de36de36de36de3  
              e36de36de36de36d  
              e36de36de36de36d  
              e3e3e3e3e3e3e3e3  
              e3e3e3e3e3e3e3e3  
              e3e3e3e3e3e3e3e3  
              e3e3e3e3e3e3e3e3  
              e3e3e3e3e3e3e3e3  
              e3e3e3e3e3e3e3e3  
              e3e3e3e3e3e3e3e3  
              e3e3e3e3e3e3e3e3  
              e3e3e3e3e3e3e3e3  
              e3e3e3e3e3e3e3e3  
              e3e3e3e3e3e3e3e3  
              e3e3e3e3e3e3e3e3  
              e3e3e3e3e3e3e3e3  
              e3e3e3e3e3e3e3e3  
              e3e3e3e3e3e3e3e3  
              e3e3e3e3e3e3e3e3  
              e3e3e3e3e3e3e3e3  
              e3e3e3e3e3e3e3e3  
              e3e3e3e3e3e3e3e3  
              e3e3e3e3e3e3e3e3  
              e3e3e3e3e3e3e3e3  
              e3e3e3e3e3e3e3e3  
              e3e3e3e3e3e3e3e3  
              e3e3e3e3e3e3e3e3  
              e3e3e3e3e3e3e3e3  
              e3e3e3e3e3e3e3e3  
              e3e3e3e3e3e3e3e3  
              e3e3e3e3e3e3e3e3  
              6de3e3e3e3e3e3e3  
              e3e3e3e3e3e3e3e3  
              e3e3e3e3e3e3e3e3  
              e3e3e3e3e3e3e3e3  
              e3e3e3e3e3e3e3e3  
              e3e3e3e3e3e3e3e3  
              e3e3e3e3e3e3e3e3  
              e3e3e3e3e3e3e3e3  
              e3e3e3e3e3e3e3e3  
              e3e3e3e3e3e3e3e3  
              e3e3e3e3e3e3e3e3  
              e3e3e3e3e3e3e3e3  
              e3e3e3e3e3e3e3e3  
              e3e3e3e3e3e3e3e3  
    16                          
    17                          _sprite_player_front_a_18:
    18  1281  06f6d4            	db 0x06, 0xf6, 0xd4
    19  1284  000000c020100001  	incbin "../assets/sprite_player_front_a_18.bin"
              c141001001c24110  
              1001c341002001c4  
              41102001c5410000  
              0040000000004000  
              e3e3e3e3e3e3e3e3  
              89ad898945e3e3e3  
              e3e3e3e3e3e3e389  
              ad89adadad45e3e3  
              e3e3e3e3e3e34589  
              4e5757578945e3e3  
              e3e3e3e3e3e3454e  
              b7dfdfdfb74ee3e3  
              e3e3e3e3e3e345b7  
              89cdcdaddfb7e3e3  
              e3e3e3e3e3458989  
              45f6f645f689e3e3  
              e3e3e3e3e34589ad  
              f6fafafafaade3e3  
              e3e3e3e3e3e34589  
              f6fafafaade3e3e3  
              e3e3e3e3e3e34592  
              89f6f6ad92e3e3e3  
              e3e3e3e3e34eb7b7  
              89898989b74ee3e3  
              e3e3e353535753b7  
              cdad89b753575353  
              e3e35357575753df  
              b7b7b7df53575757  
              e353535757575757  
              5757575757575757  
              e353535353575757  
              5757575757535757  
              e34e53534e575757  
              57575757574e5753  
              e3cdadf6cd4a5757  
              57575757534aadad  
              e3e3e3e3e3e3e3e3  
              e3e3e3e3e3e3e3e3  
              e3e3e3e3e3e3e3e3  
              e3e3e3e3e3e3e3e3  
              e3e3e3e3e3e3e3e3  
              e3e3e3e3e3e3e3e3  
              e3e3e3e3e3e3e3e3  
              e3e3e3e3e3e3e3e3  
              e3e3e3e3e3e3e3e3  
              e3e3e3e3e3e3e3e3  
              e3e3e3e3e3e3e3e3  
              e3e3e3e3e3e3e3e3  
              e3e3e3e3e3e3e3e3  
              e3e3e3e3e3e3e3e3  
              e3e3e3e3e3e3e3e3  
              e3e3e3e3e3e3e3e3  
              e3e3e3e3e3e3e3e3  
              e3e3e3e3e3e3e3e3  
              e3e3e3e3e3e3e3e3  
              e3e3e3e3e3e3e3e3  
              e3e3e3e3e3e3e3e3  
              e3e3e3e3e3e3e3e3  
              53e3e3e3e3e3e3e3  
              e3e3e3e3e3e3e3e3  
              53e3e3e3e3e3e3e3  
              e3e3e3e3e3e3e3e3  
              5753e3e3e3e3e3e3  
              e3e3e3e3e3e3e3e3  
              5353e3e3e3e3e3e3  
              e3e3e3e3e3e3e3e3  
              f6cde3e3e3e3e3e3  
              e3e3e3e3e3e3e3e3  
              e3cdf6f6ad4a5357  
              57575757534aadfa  
              e3cdf6cde34a5353  
              53575353534aadfa  
              e3cdcdf6e34a5353  
              535353534a4ae3ad  
              e3cdfacde3534a53  
              53534e4a4a4ee3ad  
              e3fafaf69292b7b7  
              929292dbb74aadfa  
              e3dfdfdf9292b7df  
              b7b7dfb7b7dfdfdf  
              e3f6fafaf6b7b7b7  
              dfdfb7dfb7cdfafa  
              e3cdf6f6cddfdfdf  
              b7b7dfdfb7cdf6f6  
              e3e3892020dfdfdf  
              92b7dfdfb7b78989  
              e3e3e32080b7dfb7  
              92b7dfdfb7b7e3e3  
              e3e3e3e38020b7b7  
              92b7dfdfdfb7e3e3  
              e3e3e3e3202080b7  
              b7adf6f6ade3e3e3  
              e3e3e3e380cd20cd  
              b7f6fafaf6e3e3e3  
              e3e3e3e32094fa80  
              89f6fafaf6e3e3e3  
              e3e3e3e380f69420  
              89f6fafaf6e3e3e3  
              e3e3e3e3ad20f694  
              20f6faf689e3e3e3  
              f6cde3e3e3e3e3e3  
              e3e3e3e3e3e3e3e3  
              faf6e3e3e3e3e3e3  
              e3e3e3e3e3e3e3e3  
              faf6e3e3e3e3e3e3  
              e3e3e3e3e3e3e3e3  
              faf6e3e3e3e3e3e3  
              e3e3e3e3e3e3e3e3  
              facde3e3e3e3e3e3  
              e3e3e3e3e3e3e3e3  
              dfe3e3e3e3e3e3e3  
              e3e3e3e3e3e3e3e3  
              f6e3e3e3e3e3e3e3  
              e3e3e3e3e3e3e3e3  
              cde3e3e3e3e3e3e3  
              e3e3e3e3e3e3e3e3  
              e3e3e3e3e3e3e3e3  
              e3e3e3e3e3e3e3e3  
              e3e3e3e3e3e3e3e3  
              e3e3e3e3e3e3e3e3  
              e3e3e3e3e3e3e3e3  
              e3e3e3e3e3e3e3e3  
              e3e3e3e3e3e3e3e3  
              e3e3e3e3e3e3e3e3  
              e3e3e3e3e3e3e3e3  
              e3e3e3e3e3e3e3e3  
              e3e3e3e3e3e3e3e3  
              e3e3e3e3e3e3e3e3  
              e3e3e3e3e3e3e3e3  
              e3e3e3e3e3e3e3e3  
              e3e3e3e3e3e3e3e3  
              e3e3e3e3e3e3e3e3  
              e3e3e3e389809089  
              8089adad89e3e3e3  
              e3e3e3e3e3208990  
              2089adad89e3e3e3  
              e3e3e3e3e3b720e3  
              80e389cd89e3e3e3  
              e3e3e3e3e3b78020  
              e3e389cd89e3e3e3  
              e3e3e3e3b7dfb792  
              e3e39289e3e3e3e3  
              e3e3e3e3dfdfdfe3  
              e3e3e3b7dbe3e3e3  
              e3e3e3e3dfdfdfe3  
              e3e3b792b7e3e3e3  
              e3e3e3e3dfb7e3e3  
              e3e3dfb7dbe3e3e3  
              e3e3e3e3e3e3e3e3  
              e3e3dfdfb7e3e3e3  
              e36de36de36de36d  
              e3dfb7b7db6de36d  
              6de36de36de36de3  
              6ddfdfdfb7e36de3  
              e36de36de36de36d  
              e36de36de36de36d  
              e3e3e3e3e3e3e3e3  
              e3e3e3e3e3e3e3e3  
              e3e3e3e3e3e3e3e3  
              e3e3e3e3e3e3e3e3  
              e3e3e3e3e3e3e3e3  
              e3e3e3e3e3e3e3e3  
              e3e3e3e3e3e3e3e3  
              e3e3e3e3e3e3e3e3  
              e3e3e3e3e3e3e3e3  
              e3e3e3e3e3e3e3e3  
              e3e3e3e3e3e3e3e3  
              e3e3e3e3e3e3e3e3  
              e3e3e3e3e3e3e3e3  
              e3e3e3e3e3e3e3e3  
              e3e3e3e3e3e3e3e3  
              e3e3e3e3e3e3e3e3  
              e3e3e3e3e3e3e3e3  
              e3e3e3e3e3e3e3e3  
              e3e3e3e3e3e3e3e3  
              e3e3e3e3e3e3e3e3  
              e3e3e3e3e3e3e3e3  
              e3e3e3e3e3e3e3e3  
              e3e3e3e3e3e3e3e3  
              e3e3e3e3e3e3e3e3  
              e3e3e3e3e3e3e3e3  
              e3e3e3e3e3e3e3e3  
              e3e3e3e3e3e3e3e3  
              e3e3e3e3e3e3e3e3  
              6de3e3e3e3e3e3e3  
              e3e3e3e3e3e3e3e3  
              e3e3e3e3e3e3e3e3  
              e3e3e3e3e3e3e3e3  
              e3e3e3e3e3e3e3e3  
              e3e3e3e3e3e3e3e3  
              e3e3e3e3e3e3e3e3  
              e3e3e3e3e3e3e3e3  
              e3e3e3e3e3e3e3e3  
              e3e3e3e3e3e3e3e3  
              e3e3e3e3e3e3e3e3  
              e3e3e3e3e3e3e3e3  
    20                          
    21                          _sprite_player_front_a_19:
    22  18ac  06f6d5            	db 0x06, 0xf6, 0xd5
    23  18af  000000c020100001  	incbin "../assets/sprite_player_front_a_19.bin"
              c141001001c24110  
              1001c341002001c4  
              41102001c5410000  
              0040000000004000  
              e3e3e3e3e3e3e3e3  
              89ad898945e3e3e3  
              e3e3e3e3e3e3e389  
              ad89adadad45e3e3  
              e3e3e3e3e3e34589  
              4e5757578945e3e3  
              e3e3e3e3e3e3454e  
              b7dfdfdfb74ee3e3  
              e3e3e3e3e3e345b7  
              89cdcdaddfb7e3e3  
              e3e3e3e3e3458989  
              45f6f645f689e3e3  
              e3e3e3e3e34589ad  
              f6fafafafaade3e3  
              e3e3e3e3e3e34589  
              f6fafafaade3e3e3  
              e3e3e3e3e3e34592  
              89f6f6ad92e3e3e3  
              e3e3e3e3534eb7b7  
              89898989b74ee3e3  
              e3e3e353575753b7  
              cdad89b753575753  
              e3e35357575757df  
              b7b7b7df57575757  
              e353535757535757  
              5757575753575757  
              e3535353534e5757  
              5757575753535757  
              e3cdcd4e4e4e5757  
              575757574e4a5353  
              e3cdcdcd454e5357  
              575757534e45cdcd  
              e3e3e3e3e3e3e3e3  
              e3e3e3e3e3e3e3e3  
              e3e3e3e3e3e3e3e3  
              e3e3e3e3e3e3e3e3  
              e3e3e3e3e3e3e3e3  
              e3e3e3e3e3e3e3e3  
              e3e3e3e3e3e3e3e3  
              e3e3e3e3e3e3e3e3  
              e3e3e3e3e3e3e3e3  
              e3e3e3e3e3e3e3e3  
              e3e3e3e3e3e3e3e3  
              e3e3e3e3e3e3e3e3  
              e3e3e3e3e3e3e3e3  
              e3e3e3e3e3e3e3e3  
              e3e3e3e3e3e3e3e3  
              e3e3e3e3e3e3e3e3  
              e3e3e3e3e3e3e3e3  
              e3e3e3e3e3e3e3e3  
              e3e3e3e3e3e3e3e3  
              e3e3e3e3e3e3e3e3  
              e3e3e3e3e3e3e3e3  
              e3e3e3e3e3e3e3e3  
              53e3e3e3e3e3e3e3  
              e3e3e3e3e3e3e3e3  
              57e3e3e3e3e3e3e3  
              e3e3e3e3e3e3e3e3  
              53e3e3e3e3e3e3e3  
              e3e3e3e3e3e3e3e3  
              53e3e3e3e3e3e3e3  
              e3e3e3e3e3e3e3e3  
              cde3e3e3e3e3e3e3  
              e3e3e3e3e3e3e3e3  
              e3fafaf6454e5357  
              575353534e45f6fa  
              e3fafacde34e5357  
              5753534e4ee3cdf6  
              e3f6facde34e4e53  
              53534e4e4ee3cdf6  
              e3dfdfb7e34a4e4e  
              4e4e4e4e4ef6f6df  
              e3b7dbf6e3b7b7b7  
              92b7b79292fafafa  
              e3adfafafa92b7df  
              b7dfdfdf92f6f6f6  
              e3adf62020b7b7df  
              b7dfdfb7b7898989  
              e3e3892080dbdfdf  
              b7dfdfdfb792e3e3  
              e3e3e3e38020dfb7  
              b7dfdfdfb7e3e3e3  
              e3e3e3e3202080b7  
              92dfdfdfdbe3e3e3  
              e3e3e3e380f620b7  
              92b7dfdfb7e3e3e3  
              e3e3e3e32094fa80  
              92cdcddfb7e3e3e3  
              e3e3e3e380fa9420  
              89f6facdcde3e3e3  
              e3e3e3e3ad20f694  
              20f6fafacde3e3e3  
              e3e3e3e3e38090b7  
              80f6fafacde3e3e3  
              e3e3e3e3e320b790  
              2089f6faf6e3e3e3  
              fae3e3e3e3e3e3e3  
              e3e3e3e3e3e3e3e3  
              f6e3e3e3e3e3e3e3  
              e3e3e3e3e3e3e3e3  
              dfe3e3e3e3e3e3e3  
              e3e3e3e3e3e3e3e3  
              b7e3e3e3e3e3e3e3  
              e3e3e3e3e3e3e3e3  
              cde3e3e3e3e3e3e3  
              e3e3e3e3e3e3e3e3  
              ade3e3e3e3e3e3e3  
              e3e3e3e3e3e3e3e3  
              e3e3e3e3e3e3e3e3  
              e3e3e3e3e3e3e3e3  
              e3e3e3e3e3e3e3e3  
              e3e3e3e3e3e3e3e3  
              e3e3e3e3e3e3e3e3  
              e3e3e3e3e3e3e3e3  
              e3e3e3e3e3e3e3e3  
              e3e3e3e3e3e3e3e3  
              e3e3e3e3e3e3e3e3  
              e3e3e3e3e3e3e3e3  
              e3e3e3e3e3e3e3e3  
              e3e3e3e3e3e3e3e3  
              e3e3e3e3e3e3e3e3  
              e3e3e3e3e3e3e3e3  
              e3e3e3e3e3e3e3e3  
              e3e3e3e3e3e3e3e3  
              e3e3e3e3e3e3e3e3  
              e3e3e3e3e3e3e3e3  
              e3e3e3e3e3e3e3e3  
              e3e3e3e3e3e3e3e3  
              e3e3e3e3e3e320b7  
              8089f6faf6e3e3e3  
              e3e3e3e3e3928020  
              e3e389f6ade3e3e3  
              e3e3e3e3e3b7dfdf  
              e3e389f6ade3e3e3  
              e3e3e3e3e3b7dfdf  
              e3e389cdade3e3e3  
              e3e3e3e3e3e3dbb7  
              e3e389b7dbe3e3e3  
              e3e3e3e3e3e3e3e3  
              e3e3b792b7e3e3e3  
              e3e3e3e3e3e3e3e3  
              e3e3dfb7dbe3e3e3  
              e3e3e3e3e3e3e3e3  
              e3e3dfdfb7e3e3e3  
              e36de36de36de36d  
              e3dfb7b7db6de36d  
              6de36de36de36de3  
              6ddfdfdfb7e36de3  
              e36de36de36de36d  
              e36de36de36de36d  
              e3e3e3e3e3e3e3e3  
              e3e3e3e3e3e3e3e3  
              e3e3e3e3e3e3e3e3  
              e3e3e3e3e3e3e3e3  
              e3e3e3e3e3e3e3e3  
              e3e3e3e3e3e3e3e3  
              e3e3e3e3e3e3e3e3  
              e3e3e3e3e3e3e3e3  
              e3e3e3e3e3e3e3e3  
              e3e3e3e3e3e3e3e3  
              e3e3e3e3e3e3e3e3  
              e3e3e3e3e3e3e3e3  
              e3e3e3e3e3e3e3e3  
              e3e3e3e3e3e3e3e3  
              e3e3e3e3e3e3e3e3  
              e3e3e3e3e3e3e3e3  
              e3e3e3e3e3e3e3e3  
              e3e3e3e3e3e3e3e3  
              e3e3e3e3e3e3e3e3  
              e3e3e3e3e3e3e3e3  
              e3e3e3e3e3e3e3e3  
              e3e3e3e3e3e3e3e3  
              e3e3e3e3e3e3e3e3  
              e3e3e3e3e3e3e3e3  
              e3e3e3e3e3e3e3e3  
              e3e3e3e3e3e3e3e3  
              e3e3e3e3e3e3e3e3  
              e3e3e3e3e3e3e3e3  
              6de3e3e3e3e3e3e3  
              e3e3e3e3e3e3e3e3  
              e3e3e3e3e3e3e3e3  
              e3e3e3e3e3e3e3e3  
              e3e3e3e3e3e3e3e3  
              e3e3e3e3e3e3e3e3  
              e3e3e3e3e3e3e3e3  
              e3e3e3e3e3e3e3e3  
              e3e3e3e3e3e3e3e3  
              e3e3e3e3e3e3e3e3  
              e3e3e3e3e3e3e3e3  
              e3e3e3e3e3e3e3e3  
              e3e3e3e3e3e3e3e3  
              e3e3e3e3e3e3e3e3  
    24                          
    25                          
