/tmp/tmpoC0dHvCY.asm:
     1                          MODULE sprites_page_47_asm
     2                          LINE 0, "sprites_page_47.asm"
sprites_page_47.asm:
                                
     1                          	SECTION PAGE_47
     2                          
     3                          	PUBLIC _sprite_player_front_a_20, _sprite_umpire_chair
     4                          
     5                          _sprite_player_front_a_20:
     6  0000  06f6d7            	db 0x06, 0xf6, 0xd7
     7  0003  000000c020100001  	incbin "../assets/sprite_player_front_a_20.bin"
              c141001001c24110  
              1001c341002001c4  
              41102001c5410000  
              0040000000004000  
              e3e3e3e3e3e3e3e3  
              89ad8989e3e3e3e3  
              e3e3e3e3e3e3e389  
              ad89adadade3e3e3  
              e3e3e3e3e3e3454e  
              575757574e89e3e3  
              e3e3e3e3e3e34adb  
              dfdfdfdfb74ee3e3  
              e3e3e3e3e345b7ad  
              f6f6f6cddbb7e3e3  
              e3e3e3e3e38989f6  
              45fa45f689ade3e3  
              e3e3e3e3e345cdfa  
              fafafafafaade3e3  
              e3e3e3e3e34589f6  
              fa45fafaad89e3e3  
              e3e3e3e3e357b789  
              89f6f6ad45e3e3e3  
              e3e3e3e34e53b7cd  
              ad898989b74e53e3  
              e3e3e353575753df  
              cdad89b75357536d  
              e3e35357575357df  
              b7b7b7df57575757  
              e3e35357534e5757  
              5757575757575757  
              e3e35353534a5357  
              5757575757535753  
              e3e3cdf6cd4a5357  
              5757575757535353  
              e3e3f6f6f64e5353  
              5357575353f6cdcd  
              e3e3e3e3e3e3e3e3  
              e3e3e3e3e3e3e3e3  
              e3e3e3e3e3e3e3e3  
              e3e3e3e3e3e3e3e3  
              e3e3e3e3e3e3e3e3  
              e3e3e3e3e3e3e3e3  
              e3e3e3e3e3e3e3e3  
              e3e3e3e3e3e3e3e3  
              e3e3e3e3e3e3e3e3  
              e3e3e3e3e3e3e3e3  
              e3e3e3e3e3e3e3e3  
              e3e3e3e3e3e3e3e3  
              e3e3e3e3e3e3e3e3  
              e3e3e3e3e3e3e3e3  
              e3e3e3e3e3e3e3e3  
              e3e3e3e3e3e3e3e3  
              e3e3e3e3e3e3e3e3  
              e3e3e3e3e3e3e3e3  
              e3e3e3e3e3e3e3e3  
              e3e3e3e3e3e3e3e3  
              e3e3e3e3e3e3e3e3  
              e3e3e3e3e3e3e3e3  
              e3e3e3e3e3e3e3e3  
              e3e3e3e3e3e3e3e3  
              53e3e3e3e3e3e3e3  
              e3e3e3e3e3e3e3e3  
              53e3e3e3e3e3e3e3  
              e3e3e3e3e3e3e3e3  
              53e3e3e3e3e3e3e3  
              e3e3e3e3e3e3e3e3  
              4ae3e3e3e3e3e3e3  
              e3e3e3e3e3e3e3e3  
              e3e3f6f6f6895357  
              575757575792faf6  
              e3e3cdfafa925353  
              5757535753fafaf6  
              e3e3e3f6f6f65753  
              53575757f6f6f6cd  
              e3e3e3cdf6faf657  
              5353dfcdf6cdcde3  
              e3e3e3e3adf6dbdf  
              dfdfdfb74a4ae3e3  
              e3e3e3e3e389dff6  
              faf6ad53534ae3e3  
              e3e3e3e3e39292f6  
              fafaf6b7b792e3e3  
              e3e3e3e3e3b79289  
              f6f689b7b7b792e3  
              e3e3e3e392dfdfdf  
              2020dfdfdf9292e3  
              e3e3e3e3cdb7dfb7  
              2080b7dfdfdfcde3  
              e3e3e3faf6cdb7b7  
              928020b7dfcdf6f6  
              e3e3f6fafaf68992  
              92202080adf6fafa  
              e3e3fafafaf689e3  
              e380e320adf6fafa  
              e3e3f6fafaf6e3e3  
              e32094e38089f6fa  
              e3e3f6fafae3e3e3  
              e380e39420cdf6fa  
              e3e3f6facde3e3e3  
              e3e320e39420cdcd  
              e3e3e3e3e3e3e3e3  
              e3e3e3e3e3e3e3e3  
              e3e3e3e3e3e3e3e3  
              e3e3e3e3e3e3e3e3  
              e3e3e3e3e3e3e3e3  
              e3e3e3e3e3e3e3e3  
              e3e3e3e3e3e3e3e3  
              e3e3e3e3e3e3e3e3  
              e3e3e3e3e3e3e3e3  
              e3e3e3e3e3e3e3e3  
              e3e3e3e3e3e3e3e3  
              e3e3e3e3e3e3e3e3  
              e3e3e3e3e3e3e3e3  
              e3e3e3e3e3e3e3e3  
              e3e3e3e3e3e3e3e3  
              e3e3e3e3e3e3e3e3  
              e3e3e3e3e3e3e3e3  
              e3e3e3e3e3e3e3e3  
              e3e3e3e3e3e3e3e3  
              e3e3e3e3e3e3e3e3  
              e3e3e3e3e3e3e3e3  
              e3e3e3e3e3e3e3e3  
              e3e3e3e3e3e3e3e3  
              e3e3e3e3e3e3e3e3  
              f6e3e3e3e3e3e3e3  
              e3e3e3e3e3e3e3e3  
              f6e3e3e3e3e3e3e3  
              e3e3e3e3e3e3e3e3  
              f6e3e3e3e3e3e3e3  
              e3e3e3e3e3e3e3e3  
              89e3e3e3e3e3e3e3  
              e3e3e3e3e3e3e3e3  
              e3e389cdcd89e3e3  
              e3e3809089808989  
              e3e3e389cd89e3e3  
              e3e320e3902089e3  
              e3e3e3e38992e3e3  
              e3e3e320cd80e3e3  
              e3e3e3e3e3dfb7e3  
              e3e3e38020e3e3e3  
              e3e3e3e3e3b792df  
              e3e3df92b7e3e3e3  
              e3e3e3e39292b7df  
              e3e3dfb79292e3e3  
              e36de3b7b7db926d  
              e36de392dfb7b76d  
              6de36ddfdfb76de3  
              6de36de3b7dfdfe3  
              e36de36de36de36d  
              e36de36de36de36d  
              e3e3e3e3e3e3e3e3  
              e3e3e3e3e3e3e3e3  
              e3e3e3e3e3e3e3e3  
              e3e3e3e3e3e3e3e3  
              e3e3e3e3e3e3e3e3  
              e3e3e3e3e3e3e3e3  
              e3e3e3e3e3e3e3e3  
              e3e3e3e3e3e3e3e3  
              e3e3e3e3e3e3e3e3  
              e3e3e3e3e3e3e3e3  
              e3e3e3e3e3e3e3e3  
              e3e3e3e3e3e3e3e3  
              e3e3e3e3e3e3e3e3  
              e3e3e3e3e3e3e3e3  
              e3e3e3e3e3e3e3e3  
              e3e3e3e3e3e3e3e3  
              e3e3e3e3e3e3e3e3  
              e3e3e3e3e3e3e3e3  
              e3e3e3e3e3e3e3e3  
              e3e3e3e3e3e3e3e3  
              e3e3e3e3e3e3e3e3  
              e3e3e3e3e3e3e3e3  
              e3e3e3e3e3e3e3e3  
              e3e3e3e3e3e3e3e3  
              e3e3e3e3e3e3e3e3  
              e3e3e3e3e3e3e3e3  
              e3e3e3e3e3e3e3e3  
              e3e3e3e3e3e3e3e3  
              6de3e3e3e3e3e3e3  
              e3e3e3e3e3e3e3e3  
              e3e3e3e3e3e3e3e3  
              e3e3e3e3e3e3e3e3  
              e3e3e3e3e3e3e3e3  
              e3e3e3e3e3e3e3e3  
              e3e3e3e3e3e3e3e3  
              e3e3e3e3e3e3e3e3  
              e3e3e3e3e3e3e3e3  
              e3e3e3e3e3e3e3e3  
              e3e3e3e3e3e3e3e3  
              e3e3e3e3e3e3e3e3  
              e3e3e3e3e3e3e3e3  
              e3e3e3e3e3e3e3e3  
              e3e3e3e3e3e3e3e3  
              e3e3e3e3e3e3e3e3  
              e3e3e3e3e3e3e3e3  
              e3e3e3e3e3e3e3e3  
     8                          
     9                          _sprite_umpire_chair:
    10  062b  08f6c5            	db 0x08, 0xf6, 0xc5
    11  062e  000000c020100001  	incbin "../assets/sprite_umpire_chair.bin"
              c141001001c24110  
              1001c341002001c4  
              41102001c5410030  
              01c641103001c741  
              e3e3e3e3e3e3e3e3  
              e3e3e3e3b6e3e3e3  
              e3e3e3e3e3e3e3e3  
              e3e3dadaffffe3e3  
              e3e3e3e3e3e3e3e3  
              e3b6ffffffb6b6e3  
              e3e3e3e3e3e3e3e3  
              b6ffffffffb6ffe3  
              e3e3e3e3e3e3e3e3  
              daffffffffff928d  
              e3e3e3e3e3e3e3e3  
              daffdab6b6ffffb6  
              e3e3e3e3e3e3e3e3  
              dadab6daffb6ffff  
              e3e3e3e3e3e3e3b6  
              da7292dab6b6ffff  
              e3e34949b6b6e3b6  
              da926ddaffb6b6ff  
              e3e301016d6de3b6  
              da926ddaffffb6ff  
              e3e301014949e3b6  
              b6926db6ffffffda  
              e3e301014949e3b6  
              b69272492425698d  
              e3e301014949e3b6  
              b692727244498dad  
              e3e301014949e392  
              b6b6727249458989  
              e3e349494949e392  
              b6b6727249454989  
              e3e3e3e30101e392  
              b6b6252525252545  
              e3e3e3e3e3e3e3e3  
              e3e3e3e3e3e3e3e3  
              e3e3e3e3e3e3e3e3  
              e3e3e3e3e3e3e3e3  
              e3e3e3e3e3e3e3e3  
              e3e3e3e3e3e3e3e3  
              e3e3e3e3e3e3e3e3  
              e3e3e3e3e3e3e3e3  
              92e3e3e3e3e3e3e3  
              e3e3e3e3e3e3e3e3  
              92e3e3e3e3e3e3e3  
              e3e3e3e3e3e3e3e3  
              b6e3e3e3e3e3e3e3  
              e3e3e3e3e3e3e3e3  
              b6e3e3e3e3e3e3e3  
              e3e3e3e3e3e3e3e3  
              b6e3e3e3e3e3e3e3  
              e3e3e3e3e3e3e3e3  
              b6e3e3e3e3e3e3e3  
              e3e3e3e3e3e3e3e3  
              e3e3e3e3e3e3e3e3  
              e3e3e3e3e3e3e3e3  
              e3e3e3e3e3e3e3e3  
              e3e3e3e3e3e3e3e3  
              ad89e3e3e3e3e3e3  
              e3e3e3e3e3e3e3e3  
              add1ade3e3e3e3e3  
              e3e3e3e3e3e3e3e3  
              8989adad69adade3  
              e3e3e3e3e3e3e3e3  
              456969adadd1d1e3  
              e3e3e3e3e3e3e3e3  
              e3e3e3e3010192b6  
              2525252525252525  
              e3e3e3e349499225  
              2525252525252589  
              e3e3e3e349492525  
              2525252525252569  
              e3e3e3e349492525  
              2525252505252549  
              e3e3e3e349492525  
              2525252505050544  
              e3e3e3e34949e3e3  
              2525252505050524  
              e3e3e3e301adadad  
              add1adadadadad45  
              e3e3e3e301010145  
              4545454501014545  
              e3e3e3e301010100  
              0045454501014545  
              e3e3e3e301450100  
              0001010101014545  
              e3e3e3e301014900  
              00e3e3e325014545  
              e3e3e3e30101e300  
              00e3e3e3e301da45  
              e3e3e3e301010000  
              e3e3e3e3e301dada  
              e3e3e3e301010025  
              e3e3e3e3e301dab6  
              e3e3e30101e30025  
              e3e3e3e3e3e392da  
              e3e3e30125e30025  
              e3e3e3e3e3e39292  
              25adad4949898945  
              e3e3e3e3e3e3e3e3  
              add1d1d145456945  
              e3e3e3e3e3e3e3e3  
              898d8dd1ad4545e3  
              e3e3e3e3e3e3e3e3  
              496969898945e3e3  
              e3e3e3e3e3e3e3e3  
              4445456969e3e3e3  
              e3e3e3e3e3e3e3e3  
              4569454545e3e3e3  
              e3e3e3e3e3e3e3e3  
              6969454545e3e3e3  
              e3e3e3e3e3e3e3e3  
              6945454545e3e3e3  
              e3e3e3e3e3e3e3e3  
              69454949e3e3e3e3  
              e3e3e3e3e3e3e3e3  
              454549e3e3e3e3e3  
              e3e3e3e3e3e3e3e3  
              456ddae3e3e3e3e3  
              e3e3e3e3e3e3e3e3  
              4492dae3e3e3e3e3  
              e3e3e3e3e3e3e3e3  
              da926db6e3e3e3e3  
              e3e3e3e3e3e3e3e3  
              fb9296dbdae3e3e3  
              e3e3e3e3e3e3e3e3  
              ff929292dadbdbe3  
              e3e3e3e3e3e3e3e3  
              92b66d6d92dab692  
              e3e3e3e3e3e3e3e3  
              e3e3e30125e30000  
              00000000009292da  
              e3e3e30125e30000  
              0000000000009292  
              e3e3e30101010101  
              0101010101010125  
              e3e3e30101010101  
              0101010101010125  
              e3e3e30125e30025  
              e3e3e3e3e3e30125  
              e3e3e30125e30025  
              e3e3e3e3e3e30125  
              e3e3e30125e30025  
              e3e3e3e3e3e30125  
              e3e3e301250000e3  
              e3e3e3e3e3e30125  
              e3e3e301250025e3  
              e3e3e3e3e3e30125  
              e3e30101e3000000  
              0000000000000025  
              e3e30125e3000000  
              0000000000000001  
              e3e3010101010101  
              0101010101010101  
              e3e3010101010101  
              0101010101010101  
              e3e30125e30025e3  
              e3e3e3e3e3e3e301  
              e3e30125e30025e3  
              e3e3e3e3e3e3e301  
              e3e30125e30025e3  
              e3e3e3e3e3e3e301  
              b6dada9292929292  
              e3e3e3e3e3e3e3e3  
              b6daffffe3e3e3e3  
              e3e3e3e3e3e3e3e3  
              92daffffe3e3e3e3  
              e3e3e3e3e3e3e3e3  
              e30025e3e3e3e3e3  
              e3e3e3e3e3e3e3e3  
              e30025e3e3e3e3e3  
              e3e3e3e3e3e3e3e3  
              e30025e3e3e3e3e3  
              e3e3e3e3e3e3e3e3  
              e30025e3e3e3e3e3  
              e3e3e3e3e3e3e3e3  
              e3e32525e3e3e3e3  
              e3e3e3e3e3e3e3e3  
              e3e30025e3e3e3e3  
              e3e3e3e3e3e3e3e3  
              25000025e3e3e3e3  
              e3e3e3e3e3e3e3e3  
              25252525e3e3e3e3  
              e3e3e3e3e3e3e3e3  
              25250025e3e3e3e3  
              e3e3e3e3e3e3e3e3  
              25e30025e3e3e3e3  
              e3e3e3e3e3e3e3e3  
              25e30025e3e3e3e3  
              e3e3e3e3e3e3e3e3  
              25e30025e3e3e3e3  
              e3e3e3e3e3e3e3e3  
              25e30025e3e3e3e3  
              e3e3e3e3e3e3e3e3  
              e3e30125e30025e3  
              e3e3e3e3e3e3e301  
              e3e30125e30025e3  
              e3e3e3e3e3e3e301  
              e3e301250000e3e3  
              e3e3e3e3e3e3e301  
              e3e301250025e3e3  
              e3e3e3e3e3e3e301  
              e30101e30025e3e3  
              e3e3e3e3e3e3e3e3  
              e30125e30025e3e3  
              e3e3e3e3e3e3e3e3  
              e30125e30025e3e3  
              e3e3e3e3e3e3e3e3  
              e30125000000006d  
              e36de36de36de36d  
              e30125e36de36de3  
              6de36de36de36de3  
              01010101e36de36d  
              e36de36de36de301  
              e3e3e3e3e3e3e3e3  
              e3e3e3e3e3e3e3e3  
              e3e3e3e3e3e3e3e3  
              e3e3e3e3e3e3e3e3  
              e3e3e3e3e3e3e3e3  
              e3e3e3e3e3e3e3e3  
              e3e3e3e3e3e3e3e3  
              e3e3e3e3e3e3e3e3  
              e3e3e3e3e3e3e3e3  
              e3e3e3e3e3e3e3e3  
              e3e3e3e3e3e3e3e3  
              e3e3e3e3e3e3e3e3  
              25e30025e3e3e3e3  
              e3e3e3e3e3e3e3e3  
              25e30025e3e3e3e3  
              e3e3e3e3e3e3e3e3  
              25e3e32525e3e3e3  
              e3e3e3e3e3e3e3e3  
              25e3e30025e3e3e3  
              e3e3e3e3e3e3e3e3  
              2525e30025e3e3e3  
              e3e3e3e3e3e3e3e3  
              0125e30025e3e3e3  
              e3e3e3e3e3e3e3e3  
              0125e30025e3e3e3  
              e3e3e3e3e3e3e3e3  
              012500000000e3e3  
              e3e3e3e3e3e3e3e3  
              01256de36de3e3e3  
              e3e3e3e3e3e3e3e3  
              0101016de3e3e3e3  
              e3e3e3e3e3e3e3e3  
              e3e3e3e3e3e3e3e3  
              e3e3e3e3e3e3e3e3  
              e3e3e3e3e3e3e3e3  
              e3e3e3e3e3e3e3e3  
              e3e3e3e3e3e3e3e3  
              e3e3e3e3e3e3e3e3  
              e3e3e3e3e3e3e3e3  
              e3e3e3e3e3e3e3e3  
              e3e3e3e3e3e3e3e3  
              e3e3e3e3e3e3e3e3  
              e3e3e3e3e3e3e3e3  
              e3e3e3e3e3e3e3e3  
    12                          
    13                          
