/tmp/tmpxXupKWdA.asm:
     1                          MODULE sprites_page_39_asm
     2                          LINE 0, "sprites_page_39.asm"
sprites_page_39.asm:
                                
     1                          	SECTION PAGE_39
     2                          
     3                          	PUBLIC _sprite_player_back_a_02, _sprite_player_back_a_03, _sprite_player_back_a_04, _sprite_player_back_a_05, _sprite_player_back_a_06
     4                          
     5                          _sprite_player_back_a_02:
     6  0000  05fbd9            	db 0x05, 0xfb, 0xd9
     7  0003  000000c020100001  	incbin "../assets/sprite_player_back_a_02.bin"
              c141001001c24110  
              1001c341002001c4  
              4100000040000000  
              0040000000004000  
              e3e3e3e3e3e3e3e3  
              e3e3e3e3e3e3e3e3  
              e3e3e3e3e3454545  
              45e3e3e3e3e3e3e3  
              e3e3e3e345698989  
              8989e3e3e3e3e3e3  
              e3e3e3696989dfdf  
              dfe3e3e3e3e3e3e3  
              e3e3e36969dfdfdf  
              dfe3e3e3e3e3e3e3  
              e3e34545dfdf89cd  
              cde3e3e3e3e3e3e3  
              e3e34545df89cdcd  
              fafae3e3e3e3e3e3  
              e3e345454589cdfa  
              fa89e3e3e3e3e3e3  
              e3e3e345e389cdcd  
              cd89e3e3e3e3e3ff  
              e3e3e3e392898989  
              89e3e3e3cdf1f1ff  
              e3e3e3c0929289ad  
              ad80f1f1f1facdff  
              e3e3c0e0e0df92ad  
              e08089cdfae3e3e3  
              e3e3c0e0e0e0e0e0  
              c0e080e3e3e3e3e3  
              e3e3c0e0e0c0e0e0  
              f1cde3e3e3e3e3e3  
              e3e3c0c0e0e0e0f1  
              f1f1f1e3e3e3e3e3  
              e3e3c0c0e0e0c0f1  
              f1f1f1f1f1ffe3e3  
              e3e3e380e340e3e3  
              e3e3e3e3e3e3e3e3  
              e3e340e394e39480  
              e3e3e3e3e3e3e3e3  
              e3807194e395e375  
              40e3e3e3e3e3e3e3  
              72e390e394e394e3  
              e3e3e3e3e3e3e3e3  
              7191e394e394e394  
              80e3e3e3e3e3e3e3  
              80e390f694e394e3  
              72e3e3e3e3e3e3e3  
              a071fa94e394e391  
              40e3e3e3e3e3e3e3  
              719094cd94e37180  
              e3e3e3e3e3e3e3e3  
              20808994e39080a0  
              e3e3e3e3e3e3e3e3  
              df208080718020e3  
              e3e3e3e3e3e3e3e3  
              db40e3e38020e3e3  
              e3e3e3e3e3e3e3e3  
              e3e34040e3e3e3e3  
              e3e3e3e3e3e3e3e3  
              e3e34040e3e3e3e3  
              e3e3e3e3e3e3e3e3  
              e34020e3e3e3e3e3  
              e3e3e3e3e3e3e3e3  
              e34080e3e3e3e3e3  
              e3e3e3e3e3e3e3e3  
              e3e3e3e3e3e3e3e3  
              e3e3e3e3e3e3e3e3  
              e3e3e3c0c0e0e0e0  
              f1f1f1f1fffff1f1  
              e3e3e380e0e0e0e0  
              e3e3e3e3b6fff1f1  
              e3e3e380e0e0e0e0  
              e3e3e3e3e3e3e389  
              e3e392e0e0e0b692  
              e3e3e3e3e3e3e3e3  
              e3e392ffffffffb6  
              b6e3e3e3e3e3e3e3  
              e3e392ffffffffff  
              b6e3e3e3e3e3e3e3  
              e3e392ff92ffffff  
              ffb6e3e3e3e3e3e3  
              e3e3e3b6ff92ffff  
              ffb6e3e3e3e3e3e3  
              e3e3e3e3ffcdcdf6  
              89ffb6e3e3e3e3e3  
              e3e3e3e3e3d6cdf6  
              f6d6e3e3e3e3e3e3  
              e3e3e3e3e3b6b4f6  
              f6cde3e3e3e3e3e3  
              e3e3e3e3e389cdf6  
              f689e3e3e3e3e3e3  
              e3e3e3e3e3b4f6f6  
              cdcde3e3e3e3e3e3  
              e3e3e3e3b4f6f6cd  
              cde3e3e3e3e3e3e3  
              e3e3e3b7cdf6cdcd  
              e3e3e3e3e3e3e3e3  
              e3e3e3faf6cdf1e3  
              e3e3e3e3e3e3e3e3  
              f1cde3e3e3e3e3e3  
              e3e3e3e3e3e3e3e3  
              4040e3e3e3e3e3e3  
              e3e3e3e3e3e3e3e3  
              f1b4e3e3e3e3e3e3  
              e3e3e3e3e3e3e3e3  
              e3e3e3e3e3e3e3e3  
              e3e3e3e3e3e3e3e3  
              e3e3e3e3e3e3e3e3  
              e3e3e3e3e3e3e3e3  
              e3e3e3e3e3e3e3e3  
              e3e3e3e3e3e3e3e3  
              e3e3e3e3e3e3e3e3  
              e3e3e3e3e3e3e3e3  
              e3e3e3e3e3e3e3e3  
              e3e3e3e3e3e3e3e3  
              e3e3e3e3e3e3e3e3  
              e3e3e3e3e3e3e3e3  
              e3e3e3e3e3e3e3e3  
              e3e3e3e3e3e3e3e3  
              e3e3e3e3e3e3e3e3  
              e3e3e3e3e3e3e3e3  
              e3e3e3e3e3e3e3e3  
              e3e3e3e3e3e3e3e3  
              e3e3e3e3e3e3e3e3  
              e3e3e3e3e3e3e3e3  
              e3e3e3e3e3e3e3e3  
              e3e3e3e3e3e3e3e3  
              e3e3e3e3e3e3e3e3  
              e3e3e3e3e3e3e3e3  
              e3e3e3e3e3e3e3e3  
              e3e3e3e3e3e3e3e3  
              e3e3cdf6cdb692e3  
              e3e3e3e3e3e3e3e3  
              e3b7cdcdcdb7df92  
              e3e3e3e3e3e3e3e3  
              b792df92b792b7db  
              e3e3e3e3e3e3e3e3  
              9292dbffe3b79292  
              dfdfe3e3e3e3e3e3  
              df9292dbe392dfb7  
              dfdfdfe3e3e3e3e3  
              9292dfdfdf6de36d  
              e36de3e3e3e3e3e3  
              6de36de36de36de3  
              6de36de3e3e3e3e3  
              e3e3e3e3e3e3e3e3  
              e3e3e3e3e3e3e3e3  
              e3e3e3e3e3e3e3e3  
              e3e3e3e3e3e3e3e3  
              e3e3e3e3e3e3e3e3  
              e3e3e3e3e3e3e3e3  
              e3e3e3e3e3e3e3e3  
              e3e3e3e3e3e3e3e3  
              e3e3e3e3e3e3e3e3  
              e3e3e3e3e3e3e3e3  
              e3e3e3e3e3e3e3e3  
              e3e3e3e3e3e3e3e3  
              e3e3e3e3e3e3e3e3  
              e3e3e3e3e3e3e3e3  
              e3e3e3e3e3e3e3e3  
              e3e3e3e3e3e3e3e3  
              e3e3e3e3e3e3e3e3  
              e3e3e3e3e3e3e3e3  
     8                          
     9                          _sprite_player_back_a_03:
    10  052b  05f9d3            	db 0x05, 0xf9, 0xd3
    11  052e  000000c020100001  	incbin "../assets/sprite_player_back_a_03.bin"
              c141001001c24110  
              1001c341002001c4  
              4100000040000000  
              0040000000004000  
              e3e3e3e3e3e3e3e3  
              e3e3e3e340e380e3  
              e3e3e3e3e3e3e3e3  
              e3e38094e394e340  
              e3e3e3e3e3e3e3e3  
              e34075e395e39471  
              e3e3e3e3e3e3e3e3  
              f1e3e394e394e390  
              e3e3e3e3e3e3e3e3  
              f18094fa94e394e3  
              e3e3e3e3e3e3e3e3  
              f172f194e394e390  
              e3e3e3e3e3e3e3e3  
              e34091d694e394e3  
              e3e3e3e3e3e3e3e3  
              e3ff8071e394e394  
              e3e3e345458989e3  
              e389a08090e394e3  
              e3e345458989dfe3  
              e3f1fa2080718080  
              e3e36969dfdfdfe3  
              e3f1f1892080e3e3  
              e3e36989dfdfcdcd  
              faf1facde3e34040  
              e3696969df89cdfa  
              8989c0cde3e3e320  
              e3e369dfdfcdcdfa  
              fa89c089e3e3e380  
              e3454545df89cdcd  
              cd89e0e3e3e3e3e3  
              e3e3454545898989  
              89ade0e3e3e3e3e3  
              e3e3e3e3e3e3e3e3  
              e3e3e3e3e3e3e3e3  
              e3e3e3e3e3e3e3e3  
              e3e3e3e3e3e3e3e3  
              80e3e3e3e3e3e3e3  
              e3e3e3e3e3e3e3e3  
              e372e3e3e3e3e3e3  
              e3e3e3e3e3e3e3e3  
              9171e3e3e3e3e3e3  
              e3e3e3e3e3e3e3e3  
              e380e3e3e3e3e3e3  
              e3e3e3e3e3e3e3e3  
              71a0e3e3e3e3e3e3  
              e3e3e3e3e3e3e3e3  
              9071e3e3e3e3e3e3  
              e3e3e3e3e3e3e3e3  
              8020e3e3e3e3e3e3  
              e3e3e3e3e3e3e3e3  
              20e3e3e3e3e3e3e3  
              e3e3e3e3e3e3e3e3  
              40e3e3e3e3e3e3e3  
              e3e3e3e3e3e3e3e3  
              e3e3e3e3e3e3e3e3  
              e3e3e3e3e3e3e3e3  
              40e3e3e3e3e3e3e3  
              e3e3e3e3e3e3e3e3  
              40e3e3e3e3e3e3e3  
              e3e3e3e3e3e3e3e3  
              2000e3e3e3e3e3e3  
              e3e3e3e3e3e3e3e3  
              f088b4e3e3e3e3e3  
              e3e3e3e3e3e3e3e3  
              e3e3454545928989  
              adade0e3e3e3e3e3  
              e3e3e3dfc09292df  
              92e0c0e3e3e3e3e3  
              e3e3e3e0e0c0e080  
              c0806ee3e3e389ff  
              e3e3e0e0e0e0e0e0  
              e0c0f1f1d689f1f1  
              e3e3e0e0c0e0e0e0  
              e080f1f1f1f1faf1  
              e3e3c0e0c080e0e0  
              e0e080f1f1f1fa89  
              e3e3e3e0e0c08080  
              c080c089898989e3  
              e3e3e3c0e0e0c0c0  
              c0c0e3e3e3e3e3e3  
              e3e3e392c0e0e0e0  
              c0e0e3e3e3e3e3e3  
              e3e3e3e3c0c0e0e0  
              e0c0e3e3e3e3e3e3  
              e3e3e3e3c0e0e0e0  
              c0c0e3e3e3e3e3e3  
              e3e3e3e3e0d6d6d6  
              d6c0e3e3e3e3e3e3  
              e3e3e3e3d6faffff  
              ffd6d6e3e3e3e3e3  
              e3e3e3e3b6d6ffff  
              ffffffd6e3e3e3e3  
              e3e3e3e3e392faff  
              ffff8989e3e3e3e3  
              e3e3e3e3e3e392ff  
              ff40cdf6b4e3e3e3  
              b4f1f1e3e3e3e3e3  
              e3e3e3e3e3e3e3e3  
              f1f120e3e3e3e3e3  
              e3e3e3e3e3e3e3e3  
              fff1b4e3e3e3e3e3  
              e3e3e3e3e3e3e3e3  
              ffe3e3e3e3e3e3e3  
              e3e3e3e3e3e3e3e3  
              89e3e3e3e3e3e3e3  
              e3e3e3e3e3e3e3e3  
              e3e3e3e3e3e3e3e3  
              e3e3e3e3e3e3e3e3  
              e3e3e3e3e3e3e3e3  
              e3e3e3e3e3e3e3e3  
              e3e3e3e3e3e3e3e3  
              e3e3e3e3e3e3e3e3  
              e3e3e3e3e3e3e3e3  
              e3e3e3e3e3e3e3e3  
              e3e3e3e3e3e3e3e3  
              e3e3e3e3e3e3e3e3  
              e3e3e3e3e3e3e3e3  
              e3e3e3e3e3e3e3e3  
              e3e3e3e3e3e3e3e3  
              e3e3e3e3e3e3e3e3  
              e3e3e3e3e3e3e3e3  
              e3e3e3e3e3e3e3e3  
              e3e3e3e3e3e3e3e3  
              e3e3e3e3e3e3e3e3  
              e3e3e3e3e3e3e3e3  
              e3e3e3e3e3e3e3e3  
              e3e3e3e3e3e3e3e3  
              e3e3e3e3e3e3e3e3  
              e3e3e3e3e3e3e340  
              40cdcdf6f6b4e3e3  
              e3e3e3e3e3e3e3e3  
              8989cdf1f6f6e3e3  
              e3e3e3e3e3e3e3e3  
              cdf6f6f6f6cde3e3  
              e3e3e3e3e3e3cdcd  
              f6f6f6cdcde3e3e3  
              e3e3e3e3e3f1cdf6  
              f6f6cdcde3e3e3e3  
              e3e3e3e3ffffcdcd  
              cdcde3e3e3e3e3e3  
              e3e3ffffffff92d6  
              fae3e3e3e3e3e3e3  
              e3b7b6ffff92ffff  
              b7e3e3e3e3e3e3e3  
              e3b6b6ffe3ffffb7  
              ffb7b7e3e3e3e3e3  
              e3b7b7ffe3b6ffff  
              ffffffe36de3e3e3  
              e36db7b7e36de36d  
              e36de36de36de3e3  
              6de3b6b76de36de3  
              6de36de36de3e3e3  
              e36de36de36de36d  
              e3e3e3e3e3e3e3e3  
              e3e3e3e3e3e3e3e3  
              e3e3e3e3e3e3e3e3  
              e3e3e3e3e3e3e3e3  
              e3e3e3e3e3e3e3e3  
              e3e3e3e3e3e3e3e3  
              e3e3e3e3e3e3e3e3  
    12                          
    13                          _sprite_player_back_a_04:
    14  0a56  06f4d3            	db 0x06, 0xf4, 0xd3
    15  0a59  000000c020100001  	incbin "../assets/sprite_player_back_a_04.bin"
              c141001001c24110  
              1001c341002001c4  
              41102001c5410000  
              0040000000004000  
              e3e3e3e3e3e3e3e3  
              e3e320e3e3e3e3e3  
              e3e3e3e3e3e3e3e3  
              e3f6f620fff1f6e3  
              e3e3e3e3e3e3e3e3  
              f6f6f1d6fff1f1f6  
              e3e3e3e3e3e3e340  
              f6f6f640adf1faf6  
              e3e3e3e3e3e34069  
              88884569f6faf145  
              e3e3e3e3e3e34045  
              00696945adf6cd89  
              e3e3e3e3e3e3b680  
              ffffffb6cdf6f645  
              e3e3e3e3e32020b6  
              ffffffb6cdf6f645  
              e3e3e3208080cd40  
              69696945cdc0e0e0  
              e3e380e390e38020  
              45694545ffe0e080  
              e320e390e3908020  
              fafffaffe0c0e080  
              e37291e390e39020  
              c0e0c0e0c0e0e0c0  
              8090e390e390c080  
              e0c0e0c0e0e0c0c0  
              207190e390c071a0  
              e0e0e0e0e0c0c0c0  
              e375e394e39080e0  
              e0e0e0e0e0e0e0c0  
              e38090e3908071e0  
              c0e0e0e0e0e0c0c0  
              e3e3e3e3e3e3e3e3  
              e3e3e3e3e3e3e3e3  
              e3e3e3e3e3e3e3e3  
              e3e3e3e3e3e3e3e3  
              e3e3e3e3e3e3e3e3  
              e3e3e3e3e3e3e3e3  
              e3e3e3e3e3e3e3e3  
              e3e3e3e3e3e3e3e3  
              e3e3e3e3e3e3e3e3  
              e3e3e3e3e3e3e3e3  
              e3e3e3e3e3e3e3e3  
              e3e3e3e3e3e3e3e3  
              e3e3e3e3e3e3e3e3  
              e3e3e3e3e3e3e3e3  
              e3e3e3e3e3e3e3e3  
              e3e3e3e3e3e3e3e3  
              e3e3e3e3e3e3e3e3  
              e3e3e3e3e3e3e3e3  
              e3e3e3e3e3e3e3e3  
              e3e3e3e3e3e3e3e3  
              e3e3e3e3e3e3e3e3  
              e3e3e3e3e3e3e3e3  
              e3e3e3e3e3e3e3e3  
              e3e3e3e3e3e3e3e3  
              e3e3e3e3e3e3e3e3  
              e3e3e3e3e3e3e3e3  
              e3e3e3e3e3e3e3e3  
              e3e3e3e3e3e3e3e3  
              c0e3e3e3e3e3e3e3  
              e3e3e3e3e3e3e3e3  
              c0e3e3e3e3e3e3e3  
              e3e3e3e3e3e3e3e3  
              e3e320907571e020  
              c0e0c0e0e0e0e0e0  
              e3e3e38040f180ed  
              c0c0e0e0e0c0e0c0  
              e3e3e3e3e3f1faed  
              e3c0c0c0e0e0e0e0  
              e3e3e3e3e3f1faf6  
              e3c0e0c0c0e0c0e0  
              e3e3e3e3e3f1f1f6  
              f6ffc0c0e0c0e0b6  
              e3e3e3e3e3e3f1f1  
              ffffc0e0c0e0b6ff  
              e3e3e3e3e3e3e3e3  
              f1f6c0c0e0ffffff  
              e3e3e3e3e3e3e3e3  
              e3f1ffcdffffffff  
              e3e3e3e3e3e3e3e3  
              e3e389ffb6ffffb6  
              e3e3e3e3e3e3e3e3  
              e3e3e3b6ffffffb6  
              e3e3e3e3e3e3e3e3  
              e3e3e389b6ffb6e3  
              e3e3e3e3e3e3e3e3  
              e3e3e3cdcd8989e3  
              e3e3e3e3e3e3e3e3  
              e3e3e3cdedcdcde3  
              e3e3e3e3e3e3e3e3  
              e3e3e3cdcdcdcde3  
              e3e3e3e3e3e3e3e3  
              e3e3e3e3cdf689e3  
              e3e3e3e3e3e3e3e3  
              e3e3e3f1f68989e3  
              80e3e3e3e3e3e3e3  
              e3e3e3e3e3e3e3e3  
              e0c0e3e3e3e3e3e3  
              e3e3e3e3e3e3e3e3  
              c0c0e3e3e3e3e3e3  
              e3e3e3e3e3e3e3e3  
              f6ffb6e3e3e3e3e3  
              e3e3e3e3e3e3e3e3  
              ffffb6e3e3e3e3e3  
              e3e3e3e3e3e3e3e3  
              ffffffb6e3e3e3e3  
              e3e3e3e3e3e3e3e3  
              ffffffb6e3e3e3e3  
              e3e3e3e3e3e3e3e3  
              ffffb6ffe3e3e3e3  
              e3e3e3e3e3e3e3e3  
              ffcdff89e3e3e3e3  
              e3e3e3e3e3e3e3e3  
              89cdcdcde3e3e3e3  
              e3e3e3e3e3e3e3e3  
              89cdcd89e3e3e3e3  
              e3e3e3e3e3e3e3e3  
              89cdf6cde3e3e3e3  
              e3e3e3e3e3e3e3e3  
              89cdf6cde3e3e3e3  
              e3e3e3e3e3e3e3e3  
              89f6f689e3e3e3e3  
              e3e3e3e3e3e3e3e3  
              cdf6cde3e3e3e3e3  
              e3e3e3e3e3e3e3e3  
              cdf6cde3e3e3e3e3  
              e3e3e3e3e3e3e3e3  
              e3e3e3e3e3e3e3e3  
              e3e3e3f1f6f189e3  
              e3e3e3e3e3e3e3e3  
              e3e3e3adf689e3e3  
              e3e3e3e3e3e3e3e3  
              e3e3e389f689e3b7  
              e3e3e3e3e3e3e3e3  
              e3e3e3df89e3e3db  
              e3e3e3e3e3e3e3e3  
              e3e3b7dbdbe3df92  
              e3e3e3e3e3e3e3e3  
              e3e3dbb792e3b7df  
              e3e3e3e3e3e3e3e3  
              e3b7b792e3e3b7df  
              e3e3e3e3e3e3e3e3  
              e3b7dfdbe3e3b7df  
              e3e3e3e3e3e3e3e3  
              e3e3b7dbb7e392db  
              e3e3e3e3e3e3e3e3  
              e3e3b7b7b7e3e3e3  
              e3e3e3e36de36de3  
              6de36de36de36de3  
              e3e3e36de36de36d  
              e36de36de36de36d  
              e3e3e3e36de36de3  
              6de36de36de36de3  
              e3e3e3e3e3e3e3e3  
              e3e3e3e3e3e3e3e3  
              e3e3e3e3e3e3e3e3  
              e3e3e3e3e3e3e3e3  
              e3e3e3e3e3e3e3e3  
              e3e3e3e3e3e3e3e3  
              89cdade3e3e3e3e3  
              e3e3e3e3e3e3e3e3  
              df89e3e3e3e3e3e3  
              e3e3e3e3e3e3e3e3  
              dbdbe3e3e3e3e3e3  
              e3e3e3e3e3e3e3e3  
              b792e3e3e3e3e3e3  
              e3e3e3e3e3e3e3e3  
              dfe3e3e3e3e3e3e3  
              e3e3e3e3e3e3e3e3  
              b7e3e3e3e3e3e3e3  
              e3e3e3e3e3e3e3e3  
              b7e3e3e3e3e3e3e3  
              e3e3e3e3e3e3e3e3  
              b7e3e3e3e3e3e3e3  
              e3e3e3e3e3e3e3e3  
              e3e3e3e3e3e3e3e3  
              e3e3e3e3e3e3e3e3  
              e3e3e3e3e3e3e3e3  
              e3e3e3e3e3e3e3e3  
              6de36de3e3e3e3e3  
              e3e3e3e3e3e3e3e3  
              e36de36de3e3e3e3  
              e3e3e3e3e3e3e3e3  
              6de36de3e3e3e3e3  
              e3e3e3e3e3e3e3e3  
              e3e3e3e3e3e3e3e3  
              e3e3e3e3e3e3e3e3  
              e3e3e3e3e3e3e3e3  
              e3e3e3e3e3e3e3e3  
              e3e3e3e3e3e3e3e3  
              e3e3e3e3e3e3e3e3  
    16                          
    17                          _sprite_player_back_a_05:
    18  1081  07f4c0            	db 0x07, 0xf4, 0xc0
    19  1084  000000c020001001  	incbin "../assets/sprite_player_back_a_05.bin"
              c141101001c24100  
              2001c341102001c4  
              41003001c5411030  
              01c6410000004000  
              e3e3e3e3e3e3e3e3  
              40e380e3e3e3e3e3  
              e3e3e3e3e3e38094  
              e394e340e3e3e3e3  
              e3e3e3e3e34075e3  
              95e3947180e3e3e3  
              e3e3e3e3e3e3e394  
              e394e390e372e3e3  
              e3e3e3e3e38094e3  
              94e394e39171e3e3  
              e3e3e3e3e372e394  
              e394e390e380e3e3  
              e3e3e3e3e34091e3  
              94e394e371a0e3e3  
              e3e3e3e3e3e38071  
              e394e3949071e3e3  
              e3e3e3e3e3e3a080  
              90e394e38020e3e3  
              e3e3e3e3e3e3e320  
              8071808020e3e3e3  
              e3e3e3e3e3e3e3e3  
              2080e3e340e3e3e3  
              e3e3e3e3e3e3e3e3  
              e3e34040e3e3e3e3  
              e3e3e3e3e3e3e3e3  
              e3e3e32040e3e3e3  
              e3e3e3e3e3e3e3e3  
              e3e3e38040e3e3e3  
              e3e3e3e3e3e3e3e3  
              e3e3e3e32000e3e3  
              e3e3e3e3e3e3e3e3  
              e3e3e3e3f088f6e3  
              e3e3e3e3e3e3e3e3  
              e3e3e3e3f6faf6ad  
              e3e3e3e3e3e3e3e3  
              e3e3e3e3e3f6f692  
              e3e3e3e3e3e3e3e3  
              e3e3e3e3e3e3dfdf  
              e3e3e3e3e3e3e3e3  
              e3e3e3e3e3e392fa  
              e3e3e3694040e3e3  
              e3e3e3e3e3e3e3fa  
              e3696945694540e3  
              e3e3e3e3e3e3e3fa  
              4045694569b6b6e3  
              e3e3e3e3e3e3e3fa  
              69694569ffffb645  
              e3e3e3e3e3e3fafa  
              4045ffffffff45cd  
              e3e3e3e3e3fafafa  
              e3b6b6ffff696945  
              e3e3e3b7c0e0f6f6  
              e345b66969696945  
              dfdfc0e0e0c0c089  
              e3e3cd45456969df  
              c0e0e0c0e0c0c080  
              e3e3e3e38969dfdf  
              ade0c0e0e0c0c080  
              e3e3e3e3dfdfdfe0  
              e0c0e0e0e0e080e3  
              e3e3e3dfe0c0e0e0  
              e0e0e0e0e0e0c0e3  
              e3e3e3e0e0e0e0e0  
              e0e0c0e0e0e0c080  
              e3e3e3e3e3e3e3e3  
              e3e3e3e3e3e3e3e3  
              e3e3e3e3e3e3e3e3  
              e3e3e3e3e3e3e3e3  
              92e3e3e3e3e3e3e3  
              e3e3e3e3e3e3e3e3  
              f6ade3e3e3e3e3e3  
              e3e3e3e3e3e3e3e3  
              f6f6e3e3e3e3e3e3  
              e3e3e3e3e3e3e3e3  
              faade3e3e3e3e3e3  
              e3e3e3e3e3e3e3e3  
              f6ade3e3e3e3e3e3  
              e3e3e3e3e3e3e3e3  
              ade3e3e3e3e3e3e3  
              e3e3e3e3e3e3e3e3  
              ade3e3e3e3e3e3e3  
              e3e3e3e3e3e3e3e3  
              e3e3e3e3e3e3e3e3  
              e3e3e3e3e3e3e3e3  
              e3e3e3e3e3e3e3e3  
              e3e3e3e3e3e3e3e3  
              e3e3e3e3e3e3e3e3  
              e3e3e3e3e3e3e3e3  
              e3e3e3e3e3e3e3e3  
              e3e3e3e3e3e3e3e3  
              e3e3e3e3e3e3e3e3  
              e3e3e3e3e3e3e3e3  
              e3e3e3e3e3e3e3e3  
              e3e3e3e3e3e3e3e3  
              e3e3e3e3e3e3e3e3  
              e3e3e3e3e3e3e3e3  
              e3e3e0c0c0e0e0e0  
              e0e0e0c0e0e0e080  
              e3e3e0e0e0c0c0e0  
              e0e0e0c0e0e0e0c0  
              e3e3e0e0c0c080c0  
              e0e0e0e0e0e0e0c0  
              e3e3e0c0c0c0e380  
              80e0e0e0c0e0c0c0  
              e3e3e3dbfafa89b6  
              dbe0e0e0e0c0c080  
              e3e3e3e3fafaf692  
              dfcde0e08080b6b6  
              e3e3e3e3e3fafafa  
              b6b68080b6b6dfdf  
              e3e3e3e3e3e3f6f6  
              ade3b6dfb6dfb6df  
              e3e3e3e3e3e3e3e3  
              e3e3b6dfdfdfdfdf  
              e3e3e3e3e3e3e3e3  
              e3e3e3e3dfdfdfdf  
              e3e3e3e3e3e3e3e3  
              e3e3e3dfdfdfdfb6  
              e3e3e3e3e3e3e3e3  
              e3e3e3e3b6dfdf92  
              e3e3e3e3e3e3e3e3  
              e3e3e3e3df92dfcd  
              e3e3e3e3e3e3e3e3  
              e3e3e3e389adad89  
              e3e3e3e3e3e3e3e3  
              e3e3e3e3cdadad89  
              e3e3e3e3e3e3e3e3  
              e3e3e3e389adad89  
              e3e3e3e3e3e3e3e3  
              e3e3e3e3e3e3e3e3  
              80e3e3e3e3e3e3e3  
              e3e3e3e3e3e3e3e3  
              80e3e3e3e3e3e3e3  
              e3e3e3e3e3e3e3e3  
              c080e3e3e3e3e3e3  
              e3e3e3e3e3e3e3e3  
              80dfb6e3e3e3e3e3  
              e3e3e3e3e3e3e3e3  
              dfb6dfb6e3e3e3e3  
              e3e3e3e3e3e3e3e3  
              dfdfb6dfe3e3e3e3  
              e3e3e3e3e3e3e3e3  
              dfdfdfdfb6b6e3e3  
              e3e3e3e3e3e3e3e3  
              dfdfdfdfdfdfe3e3  
              e3e3e3e3e3e3e3e3  
              b6dfdfdfdf92e3e3  
              e3e3e3e3e3e3e3e3  
              9292dfdfdfcde3e3  
              e3e3e3e3e3e3e3e3  
              e392b7dfb7ade3e3  
              e3e3e3e3e3e3e3e3  
              e3e3dfcdcdadade3  
              e3e3e3e3e3e3e3e3  
              e3e389adadadade3  
              e3e3e3e3e3e3e3e3  
              e3e389adadadcde3  
              e3e3e3e3e3e3e3e3  
              e3e3e389f6f6cde3  
              e3e3e3e3e3e3e3e3  
              e3e3e3e3e3e3e3e3  
              e3e3e3e389f6ad89  
              e3e3e3e3e3e3e3e3  
              e3e3e3e389f6f689  
              e3e3e3e3e3e3e3e3  
              e3e3e3e3e3fafa89  
              e3e3e3e3e3e3e3e3  
              e3e3e3e3e3f6f6cd  
              e3e3e3e3e3e3e3e3  
              e3e3e3e3e3f6f6e3  
              e3e3e3e3e3e3e3e3  
              e3e3e3e3e39289e3  
              e3e3e3e3e3e3e3e3  
              e3e3e3e3e3b692e3  
              e3e3e3e3e3e3e3e3  
              e3e3e3e3e3dfdbe3  
              e3e3e3e3e3e3e3e3  
              e3e3e3e3e3b692e3  
              e3e3e3e3e3e3e3e3  
              e3e3e3e3b692dfe3  
              e3e3e3e3e3e3e3e3  
              e3e3e3e3dfb6dfe3  
              e3e3e3e3e3e3e3e3  
              e3e3e3e3dfdfb7e3  
              e3e3e3e3e3e3e3e3  
              e3e3e3e3e3dfdfe3  
              e3e3e3e3e3e3e36d  
              e36de36de36de36d  
              e3e3e3e3e3e36de3  
              6de36de36de36de3  
              e3e3e3e3e3e3e36d  
              e36de36de36de36d  
              e3e3e389f6f6cde3  
              e3e3e3e3e3e3e3e3  
              e3e3e389f6f6cde3  
              e3e3e3e3e3e3e3e3  
              e3e3e3e389f6cde3  
              e3e3e3e3e3e3e3e3  
              e3e3e3e38989cde3  
              e3e3e3e3e3e3e3e3  
              e3e3e3e3e3b6dbe3  
              e3e3e3e3e3e3e3e3  
              e3e3e3e3e3e3e3e3  
              e3e3e3e3e3e3e3e3  
              e3e3e3e3e392b6e3  
              e3e3e3e3e3e3e3e3  
              e3e3e3e3b6db9292  
              e3e3e3e3e3e3e3e3  
              e3e3e3e392b7dfb6  
              e3e3e3e3e3e3e3e3  
              e3e3e3e3e3e3dbb7  
              e3e3e3e3e3e3e3e3  
              e3e3e3e3e3e3dfdf  
              dfe3e3e3e3e3e3e3  
              e3e3e3e3e3e3e3e3  
              e3e3e3e3e3e3e3e3  
              e3e3e3e3e3e3e3e3  
              e3e3e3e3e3e3e3e3  
              e36de36de36de36d  
              e3e3e3e3e3e3e3e3  
              6de36de36de36de3  
              6de3e3e3e3e3e3e3  
              e36de36de36de36d  
              e3e3e3e3e3e3e3e3  
    20                          
    21                          _sprite_player_back_a_06:
    22  17ac  06f5d3            	db 0x06, 0xf5, 0xd3
    23  17af  000000c020100001  	incbin "../assets/sprite_player_back_a_06.bin"
              c141001001c24110  
              1001c341002001c4  
              41102001c5410000  
              0040000000004000  
              e3e3e3694040e3e3  
              e3e3e3e3e3e3e3e3  
              e3696945694540e3  
              e3e3e3e3e3e3e3e3  
              4045694569b6b6e3  
              e3e3e3e3e3e3e3e3  
              69694569ffffb645  
              e3e3e3e3e3e3e3e3  
              4045ffffffff45cd  
              e3e3e3e3e3e3e3e3  
              e3b6b6ffff696945  
              e3e3e3b7c0e0f6e3  
              e345b66969696945  
              dfdfc0e0e0c0c089  
              e3e3cd45456969df  
              c0e0e0c0e0c0c080  
              e3e3e3e38969dfdf  
              ade0c0e0e0c0c080  
              e3e3e3e3dfdfdfe0  
              e0c0e0e0e0e080e3  
              e3e3e3dfe0c0e0e0  
              e0e0e0e0e0e0c0e3  
              e3e3e3e0e0e0e0e0  
              e0e0c0e0e0e0c080  
              e3e3e0c0c0e0e0e0  
              e0e0e0c0e0e0e080  
              e3e3e0e0e0c0c0e0  
              e0e0e0c0e0e0e0c0  
              e3e3e0e0c0c080c0  
              e0e0e0e0e0e0e0c0  
              e3e3e0c0c0c08980  
              80e0e0e0c0e0c0c0  
              e3e3e3e3e3e3e3e3  
              e3e3e3e3e3e3e3e3  
              e3e3e3e3e3e3e3e3  
              e3e3e3e3e3e3e3e3  
              e3e3e3e3e3e3e3e3  
              e3e3e3e3e3e3e3e3  
              e3e3e3e3e3e3e3e3  
              e3e3e3e3e3e3e3e3  
              e3e3e3e3e3e3e3e3  
              e3e3e3e3e3e3e3e3  
              e3e3e3e3e3e3e3e3  
              e3e3e3e3e3e3e3e3  
              e3e3e3e3e3e3e3e3  
              e3e3e3e3e3e3e3e3  
              e3e3e3e3e3e3e3e3  
              e3e3e3e3e3e3e3e3  
              e3e3e3e3e3e3e3e3  
              e3e3e3e3e3e3e3e3  
              e3e3e3e3e3e3e3e3  
              e3e3e3e3e3e3e3e3  
              e3e3e3e3e3e3e3e3  
              e3e3e3e3e3e3e3e3  
              e3e3e3e3e3e3e3e3  
              e3e3e3e3e3e3e3e3  
              e3e3e3e3e3e3e3e3  
              e3e3e3e3e3e3e3e3  
              80e3e3e3e3e3e3e3  
              e3e3e3e3e3e3e3e3  
              80e3e3e3e3e3e3e3  
              e3e3e3e3e3e3e3e3  
              c0e3e3e3e3e3e3e3  
              e3e3e3e3e3e3e3e3  
              e3e3e3dbfafa89b6  
              dbe0e0e0e0c0c080  
              e3e3e3f6fafaf692  
              dfcde0e08080b6b6  
              e3e3e3e389fafafa  
              b6b68080b6b6dfdf  
              e3e3e3e3e3e3f6f6  
              ad92b6dfb6dfb6df  
              e3e3e3e3e3208071  
              80b7b7b7b6dfdfdf  
              e3e3e3e3a08090e3  
              94e38092b6dfdfdf  
              e3e3e3e38071e394  
              e39490cddfdbb7b6  
              e3e3e34091e394e3  
              94e371adadadf6b6  
              e3e3e372e394e394  
              e390e3adadadcde3  
              e3e3e38094e394e3  
              94e391adadadf6e3  
              e3e3e3e3e394e394  
              e390e389adadade3  
              e3e3e34075e395e3  
              94718089ad89ade3  
              e3e3e3e38094e394  
              e340e389faf6e3e3  
              e3e3e3e3e3e340e3  
              80e3e3f6f6f6e3e3  
              e3e3e3e3e3e3e3e3  
              e3e3e3e3f6f6e3e3  
              e3e3e3e3e3e3e3e3  
              e3e3e3e3f692e3e3  
              80b6e3e3e3e3e3e3  
              e3e3e3e3e3e3e3e3  
              dfdfdfb6e3e3e3e3  
              e3e3e3e3e3e3e3e3  
              dfdfdfdfb6e3e3e3  
              e3e3e3e3e3e3e3e3  
              dfdfdfdfadcde3e3  
              e3e3e3e3e3e3e3e3  
              b6dfdfcdadadcde3  
              e3e3e3e3e3e3e3e3  
              e3b6dfcdadadcde3  
              e3e3e3e3e3e3e3e3  
              e3e3cdadadadadad  
              e3e3e3e3e3e3e3e3  
              e3e3e389adadfaf6  
              cde3e3e3e3e3e3e3  
              e3e3e3e3cd89f6f6  
              cde3e3e3e3e3e3e3  
              e3e3e3e3e3e3cdf6  
              f6cde3e3e3e3e3e3  
              e3e3e3e3e3e3e389  
              cdf6e3e3e3e3e3e3  
              e3e3e3e3e3e3e3df  
              b6dbe3e3e3e3e3e3  
              e3e3e3e3e3e3e3e3  
              92b6e3e3e3e3e3e3  
              e3e3e3e3e3e3e3b6  
              db9292e3e3e3e3e3  
              e3e3e3e3e3e3e392  
              b7dfb6e3e3e3e3e3  
              e3e3e3e3e3e3e3e3  
              e3dbb7e3e3e3e3e3  
              e3e3e3e3e3e3e3e3  
              e3e3e3e392b6e3e3  
              e3e3e3e3e3e3e3e3  
              e3e3e3e3dbdfe3e3  
              e3e3e3e3e3e3e3e3  
              e3e3e3e392b6e3e3  
              e3e3e3e3e3e3e3e3  
              e3e3e3e3df92b6e3  
              e3e3e3e3e3e3e3e3  
              e3e3e3e3dfb6dfe3  
              e3e3e3e3e3e3e3e3  
              e3e3e3e3dfb7dfe3  
              e3e3e3e3e3e3e3e3  
              e3e3e3e3b7dfe3e3  
              e3e3e3e3e3e3e3e3  
              e3e3e3e3e3e3e3e3  
              e3e3e3e3e3e3e3e3  
              e3e3e3e3e3e3e3e3  
              e3e3e3e3e3e3e3e3  
              e3e3e3e3e3e3e3e3  
              e3e3e3e3e3e36de3  
              6de36de36de36de3  
              e3e3e3e3e36de36d  
              e36de36de36de36d  
              e3e3e3e3e3e36de3  
              6de36de36de36de3  
              e3e3e3e3e3e3e3e3  
              e3e3e3e3e3e3e3e3  
              e3e3e3e3e3e3e3e3  
              e3e3e3e3e3e3e3e3  
              e3e3e3e3e3e3e3e3  
              e3e3e3e3e3e3e3e3  
              e3e3e3e3e3e3e3e3  
              e3e3dfdfe3e3e3e3  
              e3e3e3e3e3e3e3e3  
              e3e3e3e3e3e3e3e3  
              e3e3e3e3e3e3e3e3  
              e3e3e3e3e3e3e3e3  
              e3e3e3e3e3e3e3e3  
              e3e3e3e3e3e3e3e3  
              e3e3e3e3e3e3e3e3  
              e3e3e3e3e3e3e3e3  
              e3e3e3e3e3e3e3e3  
              e3e3e3e3e3e3e3e3  
              e3e3e3e3e3e3e3e3  
              e3e3e3e3e3e3e3e3  
              e3e3e3e3e3e3e3e3  
              e3e3e3e3e3e3e3e3  
              e3e3e3e3e3e3e3e3  
              e3e3e3e3e3e3e3e3  
              e3e3e3e3e3e3e3e3  
              e3e3e3e3e3e3e3e3  
              6de36de36de36de3  
              e3e3e3e3e3e3e3e3  
              e36de36de36de36d  
              e3e3e3e3e3e3e3e3  
              6de36de36de36de3  
              e3e3e3e3e3e3e3e3  
              e3e3e3e3e3e3e3e3  
              e3e3e3e3e3e3e3e3  
              e3e3e3e3e3e3e3e3  
              e3e3e3e3e3e3e3e3  
              e3e3e3e3e3e3e3e3  
              e3e3e3e3e3e3e3e3  
    24                          
    25                          
