/tmp/tmpue2heaCj.asm:
     1                          MODULE sprites_page_44_asm
     2                          LINE 0, "sprites_page_44.asm"
sprites_page_44.asm:
                                
     1                          	SECTION PAGE_44
     2                          
     3                          	PUBLIC _sprite_player_front_a_05, _sprite_player_front_a_06, _sprite_player_front_a_07, _sprite_player_front_a_08
     4                          
     5                          _sprite_player_front_a_05:
     6  0000  08f3c1            	db 0x08, 0xf3, 0xc1
     7  0003  000000c020100001  	incbin "../assets/sprite_player_front_a_05.bin"
              c141001001c24110  
              1001c341002001c4  
              41102001c5410030  
              01c641103001c741  
              e3e3e3e3e3e3e3e3  
              e3e3e3e3e3e380e3  
              e3e3e3e3e3e3e3e3  
              e3e3e3e3e340e394  
              e3e3e3e3e3e3e3e3  
              e3e3e3e3807194e3  
              e3e3e3e3e3e3e3e3  
              e3e3e372e390e394  
              e3e3e3e3e3e3e3e3  
              e3e3e37191e394e3  
              e3e3e3e3e3e3e3e3  
              e3e3e380e390e394  
              e3e3e3e3e3e3e3e3  
              e3e3e3a071e394e3  
              e3e3e3e3e3e3e3e3  
              e3e3e3719094e394  
              e3e3e3e3e3e3e3e3  
              e3e3e32080e394e3  
              e3e3e3e3e3e3e3e3  
              e3e3e3e320808071  
              e3e3e3e3e3e3e3e3  
              e3e3e3e340e3e380  
              e3e3e3e3e3e3e3e3  
              e3e3e3e3e34040e3  
              e3e3e3e3e3e3e3e3  
              e3e3e3e34020e3e3  
              e3e3e3e3e3e3e3e3  
              e3e3e3e34080e3e3  
              e3e3e3e3e3e3e3e3  
              e3e3e30020e3e3e3  
              e3e3e3e3e3e3e3e3  
              e3e3f688f0e3e3e3  
              40e3e3e3e3e3e3e3  
              e3e3e3e3e3e3e3e3  
              e39480e3e3e3e3e3  
              e3e3e3e3e3e3e3e3  
              95e37540e3e3e3e3  
              e3e3e3e3e3e3e3e3  
              e394e3e3e3e3e3e3  
              e3e3e3e3e3e3e3e3  
              94e39480e3e3e3e3  
              e3e3e3e3e3e3e3e3  
              e394e372e3e3e3e3  
              e3e3e3e3e3e3e3e3  
              94e39140e3e3e3e3  
              e3e3e3e3e3e3e3e3  
              e37180e3e3e3e3e3  
              e3e3e3e3e3e3e3e3  
              9080a0e3e3e3e3e3  
              e3e3e3e3e3e3e3e3  
              8020e3e3e3e3e3e3  
              e3e3e3e3e3e3e3e3  
              20e3e3e3e3e3e3e3  
              e3e3e3e3e3e3e3e3  
              e3e3e3e3e3e3e3e3  
              e3e3e3e3e3e3e3e3  
              e3e3e3e3e3e3e3e3  
              e3e3e3e3e3e3e3e3  
              e3e3e3e3e3e3e3e3  
              e3e3e3e3e3e3e3e3  
              e3e3e3e3e3e3e3e3  
              e3e3e3e3e3e3e3e3  
              e3e3e3e3e3e3e3e3  
              e3e3e3e3e3e3e3e3  
              e3e3e3e3e3e3e3e3  
              e3adf6faf6e3e3e3  
              e3e3e3e3e3e3e3e3  
              e392f6f6e3e3e3e3  
              e3e3e3e3e3e3e3e3  
              92dfdfe3e3e3e3e3  
              e3e3e3e3e3e3e3ad  
              f6fa92e3e3e3e3e3  
              e3e3e3e3e3e3e3f6  
              f6fae3e3e3e3e3e3  
              e3e3e3e3e3e3e3ad  
              fafae3e3e3e3e3e3  
              e3e3e3e3e3e3e3ad  
              f6fae3e3e3e3e3e3  
              e3e3e3e3e3e3e3e3  
              adfafae3e3e3e3e3  
              e3e3e3e3e3e3e3e3  
              adfafafae3e3e389  
              e3e3e3e3e3e3e3e3  
              e3f6b65753b7e345  
              e3e3e3e3e3e3e3e3  
              e389535357535345  
              e3e3e3e3e3e3e3e3  
              e34a534e5753b7b7  
              e3e3e3e3e3e3e3e3  
              e34a5353575753b7  
              e3e3e3e3e3e3e3e3  
              e3e34a57575757df  
              e3e3e3e3e3e3e3e3  
              e3e3535757575757  
              e3e3e3e3e3e3e3e3  
              e34a535757575357  
              e3e3e3e3e3e3e3e3  
              e3e3e3e3e3e3e3e3  
              e3e3e3e3e3e3e3e3  
              e3e3e3e3e3e3e3e3  
              e3e3e3e3e3e3e3e3  
              e3e3e3e3e3e3e3e3  
              e3e3e3e3e3e3e3e3  
              e3e3e3e3e3e3e3e3  
              e3e389ad8989e3e3  
              e3e3e3e3e3e3e3e3  
              e34a4e57898989e3  
              e3e3e3e3e3e3e3e3  
              45dbb7df5757adad  
              e3e3e3e3e3e3e3e3  
              8989ad89dfdf5789  
              e3e3e3e3e3e3e3e3  
              adf645f6cdcddf57  
              e3e3e3e3e3e3e3e3  
              45f6fafa45cdfadf  
              e3e3e3e3e3e3e3e3  
              f6fafafafaf6f6ad  
              e3e3e3e3e3e3e3e3  
              89fafafaf6adcde3  
              e3e3e3e3e3e3e3e3  
              ad8989f689ade3e3  
              e3e3e3e3e3e3e3e3  
              cd898989dfe3e3e3  
              e3e3e3e3e3e3e3e3  
              b7b7dfdf57dfe3e3  
              e3e3e3e3e3e3e3e3  
              575757575757e3e3  
              e3e3e3e3e3e3e3e3  
              e3e3e3e3e3e3e3e3  
              e34a575757535757  
              e3e3e3e3e3e3e3e3  
              4a53535357535757  
              e3e3e3e3e3e3e3e3  
              4a53535357575753  
              e3e3e3e3e3e3e34a  
              53535353adfafa57  
              e3e3e3e3e3e3b6df  
              4a4a534ef6fafacd  
              e3e3e3e3e3b6dfb6  
              dfb64e4a4af6f6cd  
              e3e3e3e3e3dfb6df  
              dfdfdfb64e4a4ab6  
              e3e3e3b6b6dfdfdf  
              dfdfb6dfb6dfb6e3  
              e3e3e3dfdfdfdfdf  
              dfdfdfdfdfdfb6e3  
              e3e3e392dfdfdfdf  
              b6dfdfdfdfe3e3e3  
              e3e3e3cddfdfdf92  
              92b6dfdfdfdfe3e3  
              e3e3e3f6b7dfb792  
              e392dfdfb6e3e3e3  
              e3e3f6facdcddfe3  
              e3cddf92dfe3e3e3  
              e3e3f6fafaf689e3  
              e3f6fafaf6e3e3e3  
              e3e3cdfafaf689e3  
              e3f6fafacde3e3e3  
              e3e3cdf6f689e3e3  
              e3f6fafaf6e3e3e3  
              57575757535357e3  
              e3e3e3e3e3e3e3e3  
              57575353575757e3  
              e3e3e3e3e3e3e3e3  
              57534a53535757e3  
              e3e3e3e3e3e3e3e3  
              4a4ae34afa53e3e3  
              e3e3e3e3e3e3e3e3  
              db5389fafadbe3e3  
              e3e3e3e3e3e3e3e3  
              df92f6fafae3e3e3  
              e3e3e3e3e3e3e3e3  
              b6fafafae3e3e3e3  
              e3e3e3e3e3e3e3e3  
              adf6f6e3e3e3e3e3  
              e3e3e3e3e3e3e3e3  
              e3e3e3e3e3e3e3e3  
              e3e3e3e3e3e3e3e3  
              e3e3e3e3e3e3e3e3  
              e3e3e3e3e3e3e3e3  
              e3e3e3e3e3e3e3e3  
              e3e3e3e3e3e3e3e3  
              e3e3e3e3e3e3e3e3  
              e3e3e3e3e3e3e3e3  
              e3e3e3e3e3e3e3e3  
              e3e3e3e3e3e3e3e3  
              e3e3e3e3e3e3e3e3  
              e3e3e3e3e3e3e3e3  
              e3e3e3e3e3e3e3e3  
              e3e3e3e3e3e3e3e3  
              e3e3e3e3e3e3e3e3  
              e3e3e3e3e3e3e3e3  
              e3e3cdf6f689e3e3  
              e389fafa89e3e3e3  
              e3e3cdcd8989e3e3  
              e389adad89e3e3e3  
              e3e3cdcd89e3e3e3  
              e389adade3e3e3e3  
              e3e3cd8989e3e3e3  
              e3cd4589e3e3e3e3  
              e3e3dbb6e3e3e3e3  
              e3e34545e3e3e3e3  
              e3e3e3e3e3e3e3e3  
              e3e38992e3e3e3e3  
              e3e3b692e3e3e3e3  
              e3e392b6e3e3e3e3  
              e39292dbb6e3e3e3  
              e3e3dbdfe3e3e3e3  
              e3b6dfb792e3e3e3  
              e3e392b6e3e3e3e3  
              e3b7dbe3e3e3e3e3  
              e3e3df92b6e3e3e3  
              dfdfdfe3e3e3e3e3  
              e3e3dfb6dfe3e3e3  
              e3e3e3e3e3e3e3e3  
              e3e3b7dfdfe3e3e3  
              e3e3e36de36de36d  
              e36ddfdfe36de36d  
              e3e36de36de36de3  
              6de36de36de36de3  
              e3e3e36de36de36d  
              e36de36de36de36d  
              e3e3e3e3e3e3e3e3  
              e3e3e3e3e3e3e3e3  
              e3e3e3e3e3e3e3e3  
              e3e3e3e3e3e3e3e3  
              e3e3e3e3e3e3e3e3  
              e3e3e3e3e3e3e3e3  
              e3e3e3e3e3e3e3e3  
              e3e3e3e3e3e3e3e3  
              e3e3e3e3e3e3e3e3  
              e3e3e3e3e3e3e3e3  
              e3e3e3e3e3e3e3e3  
              e3e3e3e3e3e3e3e3  
              e3e3e3e3e3e3e3e3  
              e3e3e3e3e3e3e3e3  
              e3e3e3e3e3e3e3e3  
              e3e3e3e3e3e3e3e3  
              e3e3e3e3e3e3e3e3  
              e3e3e3e3e3e3e3e3  
              e3e3e3e3e3e3e3e3  
              e3e3e3e3e3e3e3e3  
              e3e3e3e3e3e3e3e3  
              e3e3e3e3e3e3e3e3  
              e3e3e3e3e3e3e3e3  
              e3e3e3e3e3e3e3e3  
              e3e3e3e3e3e3e3e3  
              e3e3e3e3e3e3e3e3  
              e36de3e3e3e3e3e3  
              e3e3e3e3e3e3e3e3  
              6de36de3e3e3e3e3  
              e3e3e3e3e3e3e3e3  
              e36de3e3e3e3e3e3  
              e3e3e3e3e3e3e3e3  
              e3e3e3e3e3e3e3e3  
              e3e3e3e3e3e3e3e3  
     8                          
     9                          _sprite_player_front_a_06:
    10  082b  06efd5            	db 0x06, 0xef, 0xd5
    11  082e  000000c020100001  	incbin "../assets/sprite_player_front_a_06.bin"
              c141001001c24110  
              1001c341002001c4  
              41102001c5410000  
              0040000000004000  
              e3e3e3e3e3e3e3e3  
              e3e3e3e3e3e3e3e3  
              e3e3e3e3e3e3e3e3  
              e3e3e3e3e3e3e3e3  
              e3e3e3e3e3e3e3e3  
              e3e3e3e3e3e3e3e3  
              e3e3e3e3e3e3e3e3  
              e3e3e3e3e3e3e3e3  
              e3e3e3e3e3e3e3e3  
              e3e3e3e3e3e3e3e3  
              e3e3e3e3e3e3e3e3  
              e3e3e3e3e3e3e3e3  
              e3e3e3e3e3e3e3e3  
              e3e3e3e3e3e3e3e3  
              e3e3e3e3e3e3e3e3  
              e3e3e3e3e3e3adfa  
              e3e3e3e3e3e3e3e3  
              e3e3e3e3e3adf6fa  
              e3e3e3e3e3e3e3e3  
              e3e3e3e3e3adfafa  
              e3e3e3e3e3e3e3e3  
              e3e3e3e3e3f6f6fa  
              e3e3e3e3e3e3e3e3  
              e3e3e3e3e3adf6fa  
              e3e3e3e3e3e3e3e3  
              e3e3e3e3e3e392df  
              e3e3e3e3e3e3e3e3  
              e3e3e3e3e3e3e392  
              e3e3e3e3e3e3e3e3  
              e3e3e3b6b6b7b6ad  
              e3e3e3e3e3e3e3e3  
              e3e3b6dfdfdfb6b7  
              e3e3e3e3e3e3e389  
              ad8989e3e3e3e3e3  
              e3e3e3e3e3e34a4e  
              57898989e3e3e3e3  
              e3e3e3e3e345dbb7  
              df5757adade3e3e3  
              e3e3e3e3e38989ad  
              89dfdf5789e3e3e3  
              e3e3e3e389adf645  
              f6cdcddf57e3e3e3  
              e3e3e3e34545f6fa  
              fa45cdfadfe3e3e3  
              4e574e5745f6fafa  
              fafaf6f6ade3e3e3  
              fa535753b789fafa  
              faf6adcde3e3e3e3  
              4e5757dfb7ad8989  
              f689ade3e3e3e3e3  
              57575757dfcd8989  
              89dfe3e3e3e3e3e3  
              575757f6fadfdfb7  
              b75753e3e3e3e3e3  
              92e357f6f6575757  
              57575753e3e3e3e3  
              dfe357dfdf534e4e  
              53575753e3e3e3e3  
              f6f653f6f6894a57  
              57575753e3e3e3e3  
              f6faf6f6fa895757  
              5757534ae3e3e3e3  
              f688f0f6faf6ad57  
              574e4ae3e3e3e3e3  
              e3e3e3e3e3e3e3e3  
              b6dfdfdfdfdfdfb7  
              e3e3e3e3e3e3e3b6  
              dfdfdfdfdfdfdfdf  
              e3e3e3e3e3e3cdf6  
              dfdfdfdfdfdfdfdf  
              e3e3e3e3e3cdfafa  
              cddfdfb6dfdfdfb6  
              e3e3e3e3e3cdfafa  
              cddfb6e3dfdfdfb6  
              e3e3e3e3fafafaf6  
              f6cde3e3b6b7dbdf  
              e3e3e3cdf6faf6f6  
              89e3e3e3b6f6fafa  
              e3e3e3cdf6f689cd  
              e3e3e3e3e3cdfafa  
              e3e3cdf6f6cde3e3  
              e3e3e3e3e3f6fafa  
              e3e3f6cd89e3e3e3  
              e3e3e3e3e389fafa  
              e3e3dbb6dfe3e3e3  
              e3e3e3e3e389adad  
              e3e3b692e3e3e3e3  
              e3e3e3e3e3e3adad  
              e39292dbb6e3e3e3  
              e3e3e3e3e3e38945  
              e3b6dfb792e3e3e3  
              e3e3e3e3e3e34545  
              e3b7dbe3e3e3e3e3  
              e3e3e3e3e3e39289  
              dfdfe3e3e3e3e3e3  
              e3e3e3e3e3e3b692  
              b70020f6fafaf689  
              574ee3e3e3e3e3e3  
              b7df4080faf6f689  
              e3e3e3e3e3e3e3e3  
              b6924020adade3e3  
              e3e3e3e3e3e3e3e3  
              b7b7b74040e3e3e3  
              e3e3e3e3e3e3e3e3  
              92e340e3e38020e3  
              e3e3e3e3e3e3e3e3  
              cde3208080718020  
              e3e3e3e3e3e3e3e3  
              f62080e394e39080  
              a0e3e3e3e3e3e3e3  
              f6719094e394e371  
              80e3e3e3e3e3e3e3  
              f6a071e394e394e3  
              9140e3e3e3e3e3e3  
              8980e390e394e394  
              e372e3e3e3e3e3e3  
              897191e394e394e3  
              9480e3e3e3e3e3e3  
              8972e390e394e394  
              e3e3e3e3e3e3e3e3  
              cde3807194e395e3  
              7540e3e3e3e3e3e3  
              e3e3e340e394e394  
              80e3e3e3e3e3e3e3  
              e3e3e3e380e340e3  
              e3e3e3e3e3e3e3e3  
              e3e3e3e3e3e3e3e3  
              e3e3e3e3e3e3e3e3  
              e3e3e3e3e3e3e3e3  
              e3e3e3e3e3e3dfdb  
              e3e3e3e3e3e3e3e3  
              e3e3e3e3e3e3b692  
              e3e3e3e3e3e3e3e3  
              e3e3e3e3e3b692df  
              e3e3e3e3e3e3e3e3  
              e3e3e3e3e3dfb6df  
              e3e3e3e3e3e3e3e3  
              e3e3e3e3e3dfdfb7  
              e3e3e3e3e3e3e3e3  
              e3e3e3e3e3e3dfdf  
              e3e3e3e3e3e3e3e3  
              e3e3e3e3e3e3e3e3  
              e3e3e3e3e3e3e3e3  
              e3e3e3e3e3e3e3e3  
              e3e3e3e3e3e3e36d  
              e36de36de36de36d  
              e3e3e3e3e3e36de3  
              6de36de36de36de3  
              e3e3e3e3e3e3e36d  
              e36de36de36de36d  
              e3e3e3e3e3e3e3e3  
              e3e3e3e3e3e3e3e3  
              e3e3e3e3e3e3e3e3  
              e3e3e3e3e3e3e3e3  
              e3e3e3e3e3e3e3e3  
              e3e3e3e3e3e3e3e3  
              e3e3e3e3e3e3e3e3  
              e3e3e3e3e3e3e3e3  
              e3e3e3e3e3e3e3e3  
              e3e3e3e3e3e3e3e3  
              e3e3e3e3e3e3e3e3  
              e3e3e3e3e3e3e3e3  
              e3e3e3e3e3e3e3e3  
              e3e3e3e3e3e3e3e3  
              e3e3e3e3e3e3e3e3  
              e3e3e3e3e3e3e3e3  
              e3e3e3e3e3e3e3e3  
              e3e3e3e3e3e3e3e3  
              e3e3e3e3e3e3e3e3  
              e3e3e3e3e3e3e3e3  
              e3e3e3e3e3e3e3e3  
              e3e3e3e3e3e3e3e3  
              e3e3e3e3e3e3e3e3  
              e3e3e3e3e3e3e3e3  
              e3e3e3e3e3e3e3e3  
              e3e3e3e3e3e3e3e3  
              e36de36de36de3e3  
              e3e3e3e3e3e3e3e3  
              6de36de36de36de3  
              e3e3e3e3e3e3e3e3  
              e36de36de36de3e3  
              e3e3e3e3e3e3e3e3  
              e3e3e3e3e3e3e3e3  
              e3e3e3e3e3e3e3e3  
              e3e3e3e3e3e3e3e3  
              e3e3e3e3e3e3e3e3  
              e3e3e3e3e3e3e3e3  
              e3e3e3e3e3e3e3e3  
              e3e3e3e3e3e3e3e3  
              e3e3e3e3e3e3e3e3  
              e3e3e3e3e3e3e3e3  
              e3e3e3e3e3e3e3e3  
    12                          
    13                          _sprite_player_front_a_07:
    14  0e56  06f3d8            	db 0x06, 0xf3, 0xd8
    15  0e59  000000c020100001  	incbin "../assets/sprite_player_front_a_07.bin"
              c141001001c24110  
              1001c341002001c4  
              41102001c5410000  
              0040000000004000  
              e3e3e3e3e3e3e3e3  
              e3e3e3e3e3e3e389  
              e3e3e3e3e3e3e3e3  
              e3e3e3e3e3e38989  
              e3e3e3e3e3e3e3e3  
              e3e3e3e3e3e3454e  
              e3e3e3e3e3e3e3e3  
              e3e3e3e3e3e34adb  
              e3e3e3e3e3e3e3e3  
              e3e3e3e3e345b7ad  
              e3e3e3e3e3e3e3e3  
              e3e3e3e3e38989f6  
              e3e3e3e3e3e3e3e3  
              e3e3e3e3e345cdfa  
              e3e3e3e3e3e3e3e3  
              e3e3e3e3e34589f6  
              e3e3e3e3e3e3e3e3  
              e3e3e3e34edfb789  
              e3e3e3e3e3e3e3e3  
              e3e3e3535753dfcd  
              e3e3e3e3e3e3e3e3  
              e3535757575757df  
              e3e3e3e3e3e3e3e3  
              89ad575757575757  
              e3e3e3e3e3e372cd  
              f6f6535757535757  
              e3e3e3e3e3cdfafa  
              f6f6f6534e4a5357  
              e3e3e3e3e3f6faf6  
              f692924a4a4e4e4e  
              e3e3e3e3e389f6cd  
              b7b7df924e4e4e4e  
              ad89894589e3e3e3  
              e3e3e3e3e3e3e3e3  
              ad89adadad89e3e3  
              e3e3e3e3e3e3e3e3  
              575757574e89e3e3  
              e3e3e3e3e3e3e3e3  
              dfdfdfdfb74ee3e3  
              e3e3e3e3e3e3e3e3  
              f6f6f6cddbb7e3e3  
              e3e3e3e3e3e3e3e3  
              45fa45f689ade3e3  
              e3e3e3e3e3e3e3e3  
              fafafafafaade3e3  
              e3e3e3e3e3e3e3e3  
              fafafafaad89e3e3  
              e3e3e3e3e3e3e3e3  
              89f6f6ad45e3e3e3  
              e3e3e3e3e3e3e3e3  
              ad8989b7df5353e3  
              e3e3e3e3e3e3e3e3  
              cdcddf5757575753  
              e3e3e3e3e3e3e3e3  
              b7df575757575757  
              72e3e3e3e3e3e3e3  
              5757575757535753  
              f6cde3e3e3e3e3e3  
              575753574e4a53f6  
              faf6cde3e3e3e3e3  
              5353534a4ae389f6  
              cdf6dbb6e3e3e3e3  
              53534a4ae3e3e3e3  
              adf6dfdffacde3e3  
              e3e3e3e3e3e389df  
              cdfaf6574a4e4e53  
              e3e3e3e3e3e3e3e3  
              cdfa88fa4a4a4e53  
              e3e3e3e3e3e3e3e3  
              e389f02040404e40  
              e3e3e3e3e3e3e3e3  
              e3e3b6df802040b6  
              e3e3e3e3e3e3e3e3  
              e3b6dfdfdfdf40df  
              e3e3e3e3e3e3e3e3  
              e3b6dfdfdfb6df80  
              e3e3e3e3e3e3e3e3  
              e3b6f6fadfb6df20  
              e3e3e3e3e3e3e3e3  
              e389fafafa89cde3  
              e3e3e3e3e3e3e3e3  
              e3f6f6faf6cdf6e3  
              e3e3e3e3e3e3e389  
              cdfafaf6fa89cde3  
              e3e3e3e3e3e389cd  
              f6fafafa89cdf6e3  
              e3e3e3e3e3cdcdcd  
              f6cdcde389adf6e3  
              e392b6facdfacdf6  
              cde3e3cdad89cde3  
              e3b7db92facde3e3  
              e3e3e389f6cde3e3  
              e3db92b6e3e3e3e3  
              e3e3cdcd89e3e3e3  
              dfb7b6e3e3e3e3e3  
              e3dbb792e3e3e3e3  
              534ae3e3e3e3e3e3  
              e3e3b7f6faf6e3e3  
              4a2071a0807172e3  
              e3e3e3adf6ade3e3  
              20809071e391e380  
              e3e3e3e3e3e3e3e3  
              80e394e390e39071  
              40e3e3e3e3e3e3e3  
              8094e394e394e394  
              e380e3e3e3e3e3e3  
              71e394e394e394e3  
              94e3e3e3e3e3e3e3  
              8090e394e394e395  
              e340e3e3e3e3e3e3  
              208071e394e394e3  
              94e3e3e3e3e3e3e3  
              e3a08091e394e375  
              80e3e3e3e3e3e3e3  
              e3e3e3407280e340  
              e3e3e3e3e3e3e3e3  
              e3e3e3e3e3e3e3e3  
              e3e3e3e3e3e3e3e3  
              e3e3e3e3e3e3e3e3  
              e3e3e3e3e3e3e3e3  
              e3e3e3e3e3e3e3e3  
              e3e3e3e3e3e3e3e3  
              e3e3e3e3e3e3e3e3  
              e3e3e3e3e3e3e3e3  
              e3e3e3e3e3e3e3e3  
              e3e3e3e3e3e3e3e3  
              e3e3e3e3e3e3e3e3  
              e3e3e3e3e3e3e3e3  
              dfdfe3e3e3e3e3e3  
              dfb792e3e3e3e3e3  
              e3e3e3e3e3e3e3e3  
              b792dbe3e3e3e3e3  
              e3e3e3e3e3e3e3e3  
              e3b7dbdfe3e3e3e3  
              e3e3e3e3e3e3e3e3  
              e392dfdfe3e3e3e3  
              e3e3e3e3e3e3e3e3  
              e3e3e3e3e3e3e3e3  
              e3e3e36de36de36d  
              e36de36de36de36d  
              e3e36de36de36de3  
              6de36de36de36de3  
              e3e3e36de36de36d  
              e36de36de36de36d  
              e3e3e3e3e3e3e3e3  
              e3e3e3e3e3e3e3e3  
              e3e3e3e3e3e3e3e3  
              e3e3e3e3e3e3e3e3  
              e3e3e3e3e3e3e3e3  
              e3e3e3e3e3e3e3e3  
              e3e3e3e3e3e3e3e3  
              e3e3e3e3e3e3e3e3  
              e3e3e3e3e3e3e3e3  
              e3e3e3e3e3e3e3e3  
              e3e3e3e3e3e3e3e3  
              e3e3e3e3e3e3e3e3  
              e3e3e3e3e3e3e3e3  
              e3e3e3e3e3e3e3e3  
              e3e3e3e3e3e3e3e3  
              e3e3e3e3e3e3e3e3  
              e3e3e3e3e3e3e3e3  
              e3e3e3e3e3e3e3e3  
              e3e3e3e3e3e3e3e3  
              e3e3e3e3e3e3e3e3  
              e3e3e3e3e3e3e3e3  
              e3e3e3e3e3e3e3e3  
              e3e3e3e3e3e3e3e3  
              e3e3e3e3e3e3e3e3  
              e3e3e3e3e3e3e3e3  
              e3e3e3e3e3e3e3e3  
              e36de3e3e3e3e3e3  
              e3e3e3e3e3e3e3e3  
              6de36de3e3e3e3e3  
              e3e3e3e3e3e3e3e3  
              e36de3e3e3e3e3e3  
              e3e3e3e3e3e3e3e3  
              e3e3e3e3e3e3e3e3  
              e3e3e3e3e3e3e3e3  
              e3e3e3e3e3e3e3e3  
              e3e3e3e3e3e3e3e3  
              e3e3e3e3e3e3e3e3  
              e3e3e3e3e3e3e3e3  
              e3e3e3e3e3e3e3e3  
              e3e3e3e3e3e3e3e3  
              e3e3e3e3e3e3e3e3  
              e3e3e3e3e3e3e3e3  
              e3e3e3e3e3e3e3e3  
              e3e3e3e3e3e3e3e3  
              e3e3e3e3e3e3e3e3  
              e3e3e3e3e3e3e3e3  
              e3e3e3e3e3e3e3e3  
              e3e3e3e3e3e3e3e3  
    16                          
    17                          _sprite_player_front_a_08:
    18  1481  06f2d9            	db 0x06, 0xf2, 0xd9
    19  1484  000000c020100001  	incbin "../assets/sprite_player_front_a_08.bin"
              c141001001c24110  
              1001c341002001c4  
              41102001c5410000  
              0040000000004000  
              e3e3e3e3e3e3e3e3  
              e3e3e3458989ad45  
              e3e3e3e3e3e3e3e3  
              e3e345adadad89ad  
              e3e3e3e3e3e3e3e3  
              e3e345575757574e  
              e3e3e3e3e3e3e3e3  
              e3e34edfdfdf5753  
              e3e3e3e3e3e3e3e3  
              e3e3dbcdcdcddfe3  
              e3e3e3e3e3e3e3e3  
              e3e3f645f645f6ad  
              e32080e3e3e3e3e3  
              e3e3f6fafafaf6ad  
              80e320e3e3e3e3e3  
              e3e3cdfafafaf689  
              2090e320e3e3e3e3  
              e3e3e3cdf6f689ad  
              80e39080e3e3e3e3  
              e3e34eb7898989ad  
              2094e320e3e3e3e3  
              e3535753b7ad89db  
              e3209480e3e3e3e3  
              e3535757b7df5757  
              e380e39420e3e3e3  
              e353575757575753  
              e3e320e380e3e3e3  
              89cd535357574e53  
              e3e3802020e3e3e3  
              89f64e4e57574e89  
              e3e3e32080e3e3fa  
              faf6dff6cdcdcdf6  
              e3e3e3e3e3e3e3e3  
              e3e3e3e3e3e3e3e3  
              45e3e3e3e3e3e3e3  
              e3e3e3e3e3e3e3e3  
              4ee3e3e3e3e3e3e3  
              e3e3e3e3e3e3e3e3  
              5345e3e3e3e3e3e3  
              e3e3e3e3e3e3e3e3  
              e345e3e3e3e3e3e3  
              e3e3e3e3e3e3e3e3  
              8989e3e3e3e3e3e3  
              e3e3e3e3e3e3e3e3  
              ad89e3e3e3e3e3e3  
              e3e3e3e3e3e3e3e3  
              8945e3e3e3e3e3e3  
              e3e3e3e3e3e3e3e3  
              92454ee3e3e3e3e3  
              e3e3e3e3e3e3e3e3  
              b7b74e53e3e3e3e3  
              e3e3e3e3e3e3e3e3  
              5357575753e3e3e3  
              e3e3e3e3e3e3e3e3  
              5757574a53e3e3e3  
              e3e3e3e3e3e3e3e3  
              5757574a4ee3e3e3  
              e3e3e3e3e3e3e3e3  
              57574a4a4ee3e3e3  
              e3e3e3e3e3e3e3e3  
              89cd4a4e53e3e3e3  
              e3e3e3e3e3e3e3e3  
              f6cd4a4a534ae3e3  
              e3e3e3e3e3e3e3e3  
              e3e3e3e380e3e3f6  
              fadffafaf6f6f6f6  
              e3e3e3e3f6f6dffa  
              cddfcdf6cdcdcdad  
              e3e3e3e3f6faf6df  
              e3e3e3e34a4a4a4a  
              e3e3e3e3f6cdcde3  
              e3e3e3e3e3e3e34a  
              e3e3e3e3e3e3e3e3  
              e3e3e3e3e3e3b792  
              e3e3e3e3e3e3e3e3  
              e3e3e3e3e3e3e392  
              e3e3e3e3e3e3e3e3  
              e3e3e3e3e3ad9292  
              e3e3e3e3e3e3e3e3  
              e3e3e3e3adf6cdb7  
              e3e3e3e3e3e3e3e3  
              e3e3e3e3fafafaf6  
              e3e3e3e3e3e3e3e3  
              e3e3e3f6fafaf6f6  
              e3e3e3e3e3e3e3e3  
              e3e3e3f6fafaf689  
              e3e3e3e3e3e3e3e3  
              e3e3e3f6faf689e3  
              e3e3e3e3e3e3e3e3  
              e3e3e389adade3e3  
              e3e3e3e3e3e3e3e3  
              e3e3e389adcdcde3  
              e3e3e3e3e3e3e3e3  
              e3e3e3e389cdcde3  
              e3e3e3e3e3e3e3e3  
              e3e3e3e389cd89e3  
              f64e4e53535353e3  
              e3e3e3e3e3e3e3e3  
              f64e574e53534ae3  
              e3e3e3e3e3e3e3e3  
              4e574e5757534ae3  
              e3e3e3e3e3e3e3e3  
              4a4e4e4eb7b7dfe3  
              e3e3e3e3e3e3e3e3  
              b7dfdfb7b7b7dfb7  
              e3e3e3e3e3e3e3e3  
              b7b7b7dfdfdfdfb7  
              e3e3e3e3e3e3e3e3  
              9292b7b7dfdfdfb7  
              e3e3e3e3e3e3e3e3  
              b7e3b7cdb7b7b792  
              e3e3e3e3e3e3e3e3  
              b7e3cdf6fafacde3  
              e3e3e3e3e3e3e3e3  
              89e3cdfafafae3e3  
              e3e3e3e3e3e3e3e3  
              e3e3cdfafacde3e3  
              e3e3e3e3e3e3e3e3  
              e3e3f6faf6f6e3e3  
              e3e3e3e3e3e3e3e3  
              e3e389f6f6cde3e3  
              e3e3e3e3e3e3e3e3  
              e3e389adadade3e3  
              e3e3e3e3e3e3e3e3  
              e3e3e38989cdcde3  
              e3e3e3e3e3e3e3e3  
              e3e3e3e389cdcd89  
              e3e3e3e3e3e3e3e3  
              e3e3e3e3e3e3e3e3  
              e3e3e3e3e39289e3  
              e3e3e3e3e3e3e3e3  
              e3e3e3e3e3dbb7df  
              e3e3e3e3e3e3e3e3  
              e3e3e3e392b792b7  
              e3e3e3e3e3e3e3e3  
              e3e3e3dfdfb7b792  
              e3e3e3e3e3e3e3e3  
              e3e3dfdfdfdfdf6d  
              e3e3e3e3e3e3e3e3  
              e3e36de36de36de3  
              e3e3e3e3e3e3e3e3  
              e3e3e3e3e36de36d  
              e3e3e3e3e3e3e3e3  
              e3e3e3e3e3e3e3e3  
              e3e3e3e3e3e3e3e3  
              e3e3e3e3e3e3e3e3  
              e3e3e3e3e3e3e3e3  
              e3e3e3e3e3e3e3e3  
              e3e3e3e3e3e3e3e3  
              e3e3e3e3e3e3e3e3  
              e3e3e3e3e3e3e3e3  
              e3e3e3e3e3e3e3e3  
              e3e3e3e3e3e3e3e3  
              e3e3e3e3e3e3e3e3  
              e3e3e3e3e3e3e3e3  
              e3e3e3e3e3e3e3e3  
              e3e3e3e3e3e3e3e3  
              e3e3e3e3e3e3e3e3  
              e3e3e3e3e3e3e3e3  
              e3e3e3e3e3e3e3e3  
              e3e3e3e3e389cd89  
              92e3e3e3e3e3e3e3  
              e3e3e3e3e3e3e3b7  
              dbe3e3e3e3e3e3e3  
              e3e3e3e3e3e3e392  
              b7dfe3e3e3e3e3e3  
              e3e3e3e3e3e3e3df  
              dbb7e3e3e3e3e3e3  
              e3e3e3e3e3e3b7b7  
              b792e3e3e3e3e3e3  
              6de36de36de3dfdf  
              b7e3e3e3e3e3e3e3  
              e36de36de36de36d  
              e3e3e3e3e3e3e3e3  
              e3e3e3e3e3e3e3e3  
              e3e3e3e3e3e3e3e3  
              e3e3e3e3e3e3e3e3  
              e3e3e3e3e3e3e3e3  
              e3e3e3e3e3e3e3e3  
              e3e3e3e3e3e3e3e3  
              e3e3e3e3e3e3e3e3  
              e3e3e3e3e3e3e3e3  
              e3e3e3e3e3e3e3e3  
              e3e3e3e3e3e3e3e3  
              e3e3e3e3e3e3e3e3  
              e3e3e3e3e3e3e3e3  
              e3e3e3e3e3e3e3e3  
              e3e3e3e3e3e3e3e3  
              e3e3e3e3e3e3e3e3  
              e3e3e3e3e3e3e3e3  
              e3e3e3e3e3e3e3e3  
              e3e3e3e3e3e3e3e3  
    20                          
    21                          
