/tmp/tmp2cG4NZny.asm:
     1                          MODULE sprites_page_38_asm
     2                          LINE 0, "sprites_page_38.asm"
sprites_page_38.asm:
                                
     1                          	SECTION PAGE_38
     2                          
     3                          	PUBLIC _sprite_ball_shadow, _sprite_ball, _sprite_net, _sprite_player_back_a_00, _sprite_player_back_a_01, _sprite_umpire_head_00, _sprite_umpire_head_01, _sprite_umpire_head_02, _sprite_umpire_head_03
     4                          
     5                          _sprite_ball_shadow:
     6  0000  01f8f0            	db 0x01, 0xf8, 0xf0
     7  0003  000000c020e3e3e3  	incbin "../assets/sprite_ball_shadow.bin"
              e3e3e3e3e3e3e3e3  
              e3e3e3e3e3e3e3e3  
              e3e3e3e3e3e3e3e3  
              e3e3e3e3e3e3e3e3  
              e3e3e3e3e3e3e3e3  
              e3e3e3e3e3e3e3e3  
              e3e3e3e3e3e3e3e3  
              e3e3e3e3e3e3e3e3  
              e3e3e3e3e3e3e3e3  
              e3e3e3e3e3e3e3e3  
              e3e3e3e3e3e3e3e3  
              e3e3e3e3e3e3e3e3  
              e3e3e3e3e3e3e3e3  
              e3e3e3e3e3e3e3e3  
              e3e3e3e3e3e3e3e3  
              e3e3e3e3e3e3e3e3  
              e3e3e3e3e3e3e3e3  
              e3e3e3e3e3e3e3e3  
              e3e3e3e3e3e3e3e3  
              e3e3e3e3e3e3e3e3  
              e3e3e3e3e3e3e3e3  
              e3e3e3e3e3e3e3e3  
              e3e3e3e3e3e3e3e3  
              e3e3e3e3e3e3e3e3  
              e3e3e3e3e3e3e3e3  
              e3e3e3e3e3e3e3e3  
              e3e3e3e3e3e3e3e3  
              e3e3e3e3e3e3e3e3  
              e3e3e32424242424  
              e3e3e3e3e3e3e3e3  
              e3e3e32424242424  
              e3e3e3e3e3        
     8                          
     9                          _sprite_ball:
    10  0108  01f8f0            	db 0x01, 0xf8, 0xf0
    11  010b  000000c020e3e3e3  	incbin "../assets/sprite_ball.bin"
              e3e3e3e3e3e3e3e3  
              e3e3e3e3e3e3e3e3  
              e3e3e3e3e3e3e3e3  
              e3e3e3e3e3e3e3e3  
              e3e3e3e3e3e3e3e3  
              e3e3e3e3e3e3e3e3  
              e3e3e3e3e3e3e3e3  
              e3e3e3e3e3e3e3e3  
              e3e3e3e3e3e3e3e3  
              e3e3e3e3e3e3e3e3  
              e3e3e3e3e3e3e3e3  
              e3e3e3e3e3e3e3e3  
              e3e3e3e3e3e3e3e3  
              e3e3e3e3e3e3e3e3  
              e3e3e3e3e3e3e3e3  
              e3e3e3e3e3e3e3e3  
              e3e3e3e3e3e3e3e3  
              e3e3e3e3e3e3e3e3  
              e3e3e3e3e3e3e3e3  
              e3e3e3e3e3e3e3e3  
              e3e3e3e3d8fcd8e3  
              e3e3e3e3e3e3e3e3  
              e3e3e3d8fcfcffd8  
              e3e3e3e3e3e3e3e3  
              e3e3e3d8d8fcfcfc  
              e3e3e3e3e3e3e3e3  
              e3e3e3d8d8d8fcd8  
              e3e3e3e3e3e3e3e3  
              e3e3e3e3d8d8d8e3  
              e3e3e3e3e3e3e3e3  
              e3e3e3e3e3e3e3e3  
              e3e3e3e3e3        
    12                          
    13                          _sprite_net:
    14  0210  0de0e0            	db 0x0d, 0xe0, 0xe0
    15  0213  000000c020c00001  	incbin "../assets/sprite_net.bin"
              c141d00001c241e0  
              0001c341f00001c3  
              41300009c0414000  
              01c341500001c341  
              600009c241700001  
              c441c01001c541d0  
              1001c641e01001c7  
              41f01001c7410010  
              01c841101001c941  
              201001c941301001  
              ca41401001c74150  
              1001c741601001cb  
              41701001cc41e3e3  
              e3e3e3e3e3e3e3e3  
              e3e3e3e3e3e3e3e3  
              e3e3e3e3e3e3e3e3  
              e3e3e3e3e3e3e3e3  
              e3e3e3e3e3e3e3e3  
              e3e3e3e3e3e3e3e3  
              e3e3e3e3e3e3e3e3  
              e3e3e3e3e3e3e3e3  
              e3e3e3e3e3e3e3e3  
              e3e3e3e3e3e3e3e3  
              e3e3e3e3e3e3e3e3  
              e3e3e3e3e3e3e3e3  
              e3e3e3e3e3e3e3e3  
              e3e3e3e3e3e3e3e3  
              e3e3e3e3e3e3e3e3  
              e3e3e3e3e3e3e3e3  
              e3e3e3e3e3e3e3e3  
              e3e3e3e3e3e3e3e3  
              e3e3e3e3e3e3e3e3  
              e3e3e3e3e3e3e3e3  
              e3e3e3e3e3e3e3e3  
              e3e3e3e3e3e3e3e3  
              e3e3e3e3e3e3e3e3  
              e3e3e3e3e3e3e3e3  
              e3e3e3e3e3e3e3e3  
              e3e3e3e3e3e3e3e3  
              e3e3e3e3e3e3e3e3  
              e3e3e3e3e3e3e3e3  
              e3e3e3e3e3e3e3e3  
              e3e3e3e3e3e3ffff  
              ffffffffffffffe3  
              e3e3e3e3e3e3e3e3  
              e3e3e3e3e3e3e3e3  
              e3e3e3e3e3e3e3e3  
              e3e3e3e3e3e3e3e3  
              e3e3e3e3e3e3e3e3  
              e3e3e3e3e3e3e3e3  
              e3e3e3e3e3e3e3e3  
              e3e3e3e3e3e3e3e3  
              e3e3e3e3e3e3e3e3  
              e3e3e3e3e3e3e3e3  
              e3e3e3e3e3e3e3e3  
              e3e3e3e3e3e3e3e3  
              e3e3e3e3e3e3e3e3  
              e3e3e3e3e3e3e3e3  
              e3e3e3e3e3e3e3e3  
              e3e3e3e3e3e3e3e3  
              e3e3e3e3e3e3e3e3  
              e3e3e3e3e3e3e3e3  
              e3e3e3e3e3e3e3e3  
              e3e3e3e3e3e3e3e3  
              e3e3e3e3e3e3e3e3  
              e3e3e3e3e3e3e3e3  
              e3e3e3e3e3e3e3e3  
              e3e3e3e3e3e3e3e3  
              e3e3e3e3e3e3e3e3  
              e3e3e3e3e3e3e3e3  
              e3e3e3e3e3e3e3e3  
              e3e3e3e3e3e3e3e3  
              e3e3e3e3e3e3e3ad  
              8dffffffffffffff  
              ffffffffffffe38d  
              8dffffffffffffff  
              ffffffffffffe3e3  
              e3e3e3e3e3e3e3e3  
              e3e3e3e3e3e3e3e3  
              e3e3e3e3e3e3e3e3  
              e3e3e3e3e3e3e3e3  
              e3e3e3e3e3e3e3e3  
              e3e3e3e3e3e3e3e3  
              e3e3e3e3e3e3e3e3  
              e3e3e3e3e3e3e3e3  
              e3e3e3e3e3e3e3e3  
              e3e3e3e3e3e3e3e3  
              e3e3e3e3e3e3e3e3  
              e3e3e3e3e3e3e3e3  
              e3e3e3e3e3e3e3e3  
              e3e3e3e3e3e3e3e3  
              e3e3e3e3e3e3e3e3  
              e3e3e3e3e3e3e3e3  
              e3e3e3e3e3e3e3e3  
              e3e3e3e3e3e3e3e3  
              e3e3e3e3e3e3e3e3  
              e3e3e3e3e3e3e3e3  
              e3e3e3e3e3e3e3e3  
              e3e3e3e3e3e3e3e3  
              e3e3e3e3e3e3e3e3  
              e3e3e3e3e3e3e3e3  
              e3e3e3e3e3e3e3e3  
              e3e3e3e3e3e3e3e3  
              e3e3e3e3e3e3e3e3  
              e3e3e3e3e3e3ffff  
              ffffffffffffffff  
              ffe3e3e3e3e3ffff  
              ffffffffffffffff  
              ffffffffffffe3e3  
              e3e3e3e3e3e3e3e3  
              e3e3e3e3e3e3e3e3  
              e3e3e3e3e3e3e3e3  
              e3e3e3e3e3e3e3e3  
              e3e3e3e3e3e3e3e3  
              e3e3e3e3e3e3e3e3  
              e3e3e3e3e3e3e3e3  
              e3e3e3e3e3e3e3e3  
              e3e3e3e3e3e3e3e3  
              e3e3e3e3e3e3e3e3  
              e3e3e3e3e3e3e3e3  
              e3e3e3e3e3e3e3e3  
              e3e3e3e3e3e3e3e3  
              e3e3e3e3e3e3e3e3  
              e3e3e3e3e3e3e3e3  
              e3e3e3e3e3e3e3e3  
              e3e3e3e3e3e3e3e3  
              e3e3e3e3e3e3e3e3  
              e3e3e3e3e3e3e3e3  
              e3e3e3e3e3e3e3e3  
              e3e3e3e3e3e3e3e3  
              e3e3e3e3e3e3e3e3  
              e3e3e3e3e3e3e3e3  
              e3e3e3e3e3e3e3e3  
              e3e3e3e3e3e3e3e3  
              e3e3e3e3e3e3e3e3  
              e3e3e3e3e3e3e3e3  
              e3e3e3e3e3e3e3e3  
              e3e3e3e3e3e3e3e3  
              e3e3e3e3e3e3ffff  
              ffffffffffffffff  
              ffffffffffffe3e3  
              e3e3e3e3e3e3e3e3  
              e3e3e3e3e3e3e3e3  
              e3e3e3e3e3e3e3e3  
              e3e3e3e3e3e3e3e3  
              e3e3e3e3e3e3e3e3  
              e3e3e3e3e3e3e3e3  
              e3e3e3e3e3e3e3e3  
              e3e3e3e3e3e3e3e3  
              e3e3e3e3e3e3e3e3  
              e3e3e3e3e3e3e3e3  
              e3e3e3e3e3e3e3e3  
              e3e3e3e3e3e3e3e3  
              e3e3e3e3e3e3e3e3  
              e3e3e3e3e3e3e3e3  
              e3e3e3e3e3e3e3e3  
              e3e3e3e3e3e3e3e3  
              e3e3e3e3e3e3e3e3  
              e3e3e3e3e3e3e3e3  
              e3e3e3e3e3e3e3e3  
              e3e3e3e3e3e3e3e3  
              e3e3e3e3e3e3e3e3  
              e3e3e3e3e3e3e3e3  
              e3e3e3e3e3e3e3e3  
              e3e3e3e3e3e3e3e3  
              e3e3e3e3e3e3e3e3  
              e3e3e3e3e3e3e3e3  
              e3e3e3e3e3e3e3e3  
              e3e3e3e3e3e3ffff  
              ffffffffffffffff  
              ffffad8d88e3ffff  
              ffffffffffffffff  
              ffff8d8d88e3e38c  
              8d88e3e32ee36de3  
              e3e36de3e3e3e38d  
              8d88e3e32e6de3e3  
              e36de3e3e36de38d  
              8d88e3e32ee3e3e3  
              6de3e3e36de3e38d  
              8d88e3e32ee3e36d  
              e3e3e36de3e3e38d  
              8d88e3e32ee36de3  
              e3e36de3e3e3e38c  
              8d68e3e32e6de3e3  
              e36de3e3e36de3ad  
              8d68e3e32ee3e3e3  
              6de3e3e36de3e3ad  
              8c68e3e32ee3e36d  
              e3e3e36de3e3e3ad  
              ad68e3e32ee36de3  
              e3e36de3e3e3e3ad  
              ad68e3e32e6de3e3  
              e36de3e3e36de3ad  
              8c64e3e32ee3e3e3  
              6de3e3e36de3e3ad  
              8d68e3e32ee3e36d  
              e3e3e36de3e3e38d  
              8d88e3e32ee36de3  
              e3e36de3e3e3e38c  
              8d68e3e32e6de3e3  
              e36de3e3e36de38d  
              8d6849492e494949  
              6d4949496d49e38d  
              8d68494949494949  
              4949494949496de3  
              e3e36de3e3e36de3  
              ffffffffffffe3e3  
              e36de3e3e36de3e3  
              e36de3e3e36de3e3  
              6de3e3e36de3e3e3  
              6de3e3e36de3e36d  
              e3e3e36de3e3e36d  
              e3e3e36de3e36de3  
              e3e36de3e3e36de3  
              e3e36de3e3e3e3e3  
              e36de3e3e36de3e3  
              e36de3e3e36de3e3  
              6de3e3e36de3e3e3  
              6de3e3e36de3e36d  
              e3e3e36de3e3e36d  
              e3e3e36de3e36de3  
              e3e36de3e3e36de3  
              e3e36de3e3e3e3e3  
              e36de3e3e36de3e3  
              e36de3e3e36de3e3  
              6de3e3e36de3e3e3  
              6de3e3e36de3e36d  
              e3e3e36de3e3e36d  
              e3e3e36de3e36de3  
              e3e36de3e3e36de3  
              e3e36de3e3e3e3e3  
              e36de3e3e36de3e3  
              e36de3e3e36d4949  
              6d4949496d494949  
              6d4949496d494949  
              4949494949494949  
              494949494949ffff  
              ffffffffffffffff  
              ffffffffffffe3e3  
              e36de3e3e36de3e3  
              e36de3e3e36de3e3  
              6de3e3e36de3e3e3  
              6de3e3e36de3e36d  
              e3e3e36de3e3e36d  
              e3e3e36de3e36de3  
              e3e36de3e3e36de3  
              e3e36de3e3e3e3e3  
              e36de3e3e36de3e3  
              e36de3e3e36de3e3  
              6de3e3e36de3e3e3  
              6de3e3e36de3e36d  
              e3e3e36de3e3e36d  
              e3e3e36de3e36de3  
              e3e36de3e3e36de3  
              e3e36de3e3e3e3e3  
              e36de3e3e36de3e3  
              e36de3e3e36de3e3  
              6de3e3e36de3e3e3  
              6de3e3e36de3e36d  
              e3e3e36de3e3e36d  
              e3e3e36de3e36de3  
              e3e36de3e3e36de3  
              e3e36de3e3e3e3e3  
              e36de3e3e36de3e3  
              e36de3e3e36d4949  
              6d4949496d494949  
              6d4949496d494949  
              4949494949494949  
              494949494949ffff  
              ffffffffffffffff  
              ffffffffffffe3e3  
              e36de3e3e36dffff  
              ffffffffffffe3e3  
              6de3e3e36de3e3e3  
              6de3e3e36de3e36d  
              e3e3e36de3e3e36d  
              e3e3e36de3e36de3  
              e3e36de3e3e36de3  
              e3e36de3e3e3e3e3  
              e36de3e3e36de3e3  
              e36de3e3e36de3e3  
              6de3e3e36de3e3e3  
              6de3e3e36de3e36d  
              e3e3e36de3e3e36d  
              e3e3e36de3e36de3  
              e3e36de3e3e36de3  
              e3e36de3e3e3e3e3  
              e36de3e3e36de3e3  
              e36de3e3e36de3e3  
              6de3e3e36de3e3e3  
              6de3e3e36de3e36d  
              e3e3e36de3e3e36d  
              e3e3e36de3e36de3  
              e3e36de3e3e36de3  
              e3e36de3e3e3e3e3  
              e36de3e3e36de3e3  
              e36de3e3e36d4949  
              6d4949496d494949  
              6d4949496d494949  
              4949494949494949  
              494949494949ffff  
              ffffffffffffffff  
              ffffffffffffffff  
              ffffffffffffffff  
              ffffffffffffe3e3  
              6de3e3e36de3e3e3  
              6de3e3e36de3e36d  
              e3e3e36de3e3e36d  
              e3e3e36de3e36de3  
              e3e36de3e3e36de3  
              e3e36de3e3e3e3e3  
              e36de3e3e36de3e3  
              e36de3e3e36de3e3  
              6de3e3e36de3e3e3  
              6de3e3e36de3e36d  
              e3e3e36de3e3e36d  
              e3e3e36de3e36de3  
              e3e36de3e3e36de3  
              e3e36de3e3e3e3e3  
              e36de3e3e36de3e3  
              e36de3e3e36de3e3  
              6de3e3e36de3e3e3  
              6de3e3e36de3e36d  
              e3e3e36de3e3e36d  
              e3e3e36de3e36de3  
              e3e36de3e3e36de3  
              e3e36de3e3e3e3e3  
              e36de3e3e36de3e3  
              e36de3e3e36d4949  
              6d4949496d494949  
              6d4949496d494949  
              4949494949494949  
              494949494949ffff  
              ffffffffffffffff  
              ffffffffffffffff  
              ffffffffffffe3e3  
              e36de3e3e36de3e3  
              6de3e3e36de3e3e3  
              6de3e3e36de3e36d  
              e3e3e36de3e3e36d  
              e3e3e36de3e36de3  
              e3e36de3e3e36de3  
              e3e36de3e3e3e3e3  
              e36de3e3e36de3e3  
              e36de3e3e36de3e3  
              6de3e3e36de3e3e3  
              6de3e3e36de3e36d  
              e3e3e36de3e3e36d  
              e3e3e36de3e36de3  
              e3e36de3e3e36de3  
              e3e36de3e3e3e3e3  
              e36de3e3e36de3e3  
              e36de3e3e36de3e3  
              6de3e3e36de3e3e3  
              6de3e3e36de3e36d  
              e3e3e36de3e3e36d  
              e3e3e36de3e36de3  
              e3e36de3e3e36de3  
              e3e36de3e3e3e3e3  
              e36de3e3e36de3e3  
              e36de3e3e36d4949  
              6d4949496d494949  
              6d4949496d494949  
              4949494949494949  
              494949494949ffff  
              ffffffffe3e36de3  
              e3e36de3e3e3e3e3  
              e36de3e3e36de3e3  
              e36de3e3e36de3e3  
              6de3e3e36de3e3e3  
              6de3e3e36de3e36d  
              e3e3e36de3e3e36d  
              e3e3e36de3e36de3  
              e3e36de3e3e36de3  
              e3e36de3e3e3e3e3  
              e36de3e3e36de3e3  
              e36de3e3e36de3e3  
              6de3e3e36de3e3e3  
              6de3e3e36de3e36d  
              e3e3e36de3e3e36d  
              e3e3e36de3e36de3  
              e3e36de3e3e36de3  
              e3e36de3e3e3e3e3  
              e36de3e3e36de3e3  
              e36de3e3e36de3e3  
              6de3e3e36de3e3e3  
              6de3e3e36de3e36d  
              e3e3e36de3e3e36d  
              e3e3e36de3e36de3  
              e3e36de3e3e36de3  
              e3e36de3e3e3e3e3  
              e36de3e3e36de3e3  
              e36de3e3e36d4949  
              6d4949496d494949  
              6d4949496d494949  
              4949494949494949  
              4949494949496de3  
              e3e36de3e3e36d2e  
              e3e38c8d88e3e3e3  
              e36de3e3e36de32e  
              e3e38d8d88e3e3e3  
              6de3e3e36de3e32e  
              e3e38d8d88e3e36d  
              e3e3e36de3e3e32e  
              e3e38d8d88e36de3  
              e3e36de3e3e36d2e  
              e3e38d8d88e3e3e3  
              e36de3e3e36de32e  
              e3e38c8d68e3e3e3  
              6de3e3e36de3e32e  
              e3e3ad8d68e3e36d  
              e3e3e36de3e3e32e  
              e3e3ad8c68e36de3  
              e3e36de3e3e36d2e  
              e3e3adad68e3e3e3  
              e36de3e3e36de32e  
              e3e3adad68e3e3e3  
              6de3e3e36de3e32e  
              e3e3ad8c64e3e36d  
              e3e3e36de3e3e32e  
              e3e3ad8d68e36de3  
              e3e36de3e3e36d2e  
              e3e38d8d88e3e3e3  
              e36de3e3e36de32e  
              e3e38c8d68e34949  
              6d4949496d49492e  
              49498d8d68494949  
              4949494949494949  
              4949688d68e3      
    16                          
    17                          _sprite_player_back_a_00:
    18  0f81  06f6d4            	db 0x06, 0xf6, 0xd4
    19  0f84  000000c020100001  	incbin "../assets/sprite_player_back_a_00.bin"
              c141001001c24110  
              1001c341002001c4  
              41102001c5410000  
              0040000000004000  
              e3e3e3e3e3e3e3e3  
              404569696940e3e3  
              e3e3e3e3e3e3e340  
              69694545694040e3  
              e3e3e3e3e3e3e340  
              45456969694540e3  
              e3e3e3e3e3e3e392  
              b7dfdfdfdfb792e3  
              e3e3e3e3e3e3e392  
              b7dfdfdfdfb792e3  
              e3e3e3e3e3e3e3cd  
              404545454540cde3  
              e3e3e3e3e3e3e340  
              40404545454040e3  
              e3e3e3e3e3e3e389  
              40404545454589e3  
              e3e3e3e3e3e3e3e3  
              408940408940e3e3  
              e3e3e3e3e3e3e3b7  
              ff898989b7ff80e3  
              e3e3e3e3e3e380e0  
              fffafffaffff8080  
              e3e3e3e380c0c0e0  
              e0e0e0e0e0e0e0e0  
              e3e3e3e380c0e0e0  
              e0e0e0c0e0e0e0e0  
              e3e3e38080c0e0e0  
              e0e0c0c0e0e0e0e0  
              e3e3e3898080c0c0  
              e0e0e0e0e0e080e0  
              e3e3898989c080c0  
              e0e0e0e0e0c08080  
              e3e3e3e3e3e3e3e3  
              e3e3e3e3e3e3e3e3  
              e3e3e3e3e3e3e3e3  
              e3e3e3e3e3e3e3e3  
              e3e3e3e3e3e3e3e3  
              e3e3e3e3e3e3e3e3  
              e3e3e3e3e3e3e3e3  
              e3e3e3e3e3e3e3e3  
              e3e3e3e3e3e3e3e3  
              e3e3e3e3e3e3e3e3  
              e3e3e3e3e3e3e3e3  
              e3e3e3e3e3e3e3e3  
              e3e3e3e3e3e3e3e3  
              e3e3e3e3e3e3e3e3  
              e3e3e3e3e3e3e3e3  
              e3e3e3e3e3e3e3e3  
              e3e3e3e3e3e3e3e3  
              e3e3e3e3e3e3e3e3  
              e3e3e3e3e3e3e3e3  
              e3e3e3e3e3e3e3e3  
              e3e3e3e3e3e3e3e3  
              e3e3e3e3e3e3e3e3  
              80e3e3e3e3e3e3e3  
              e3e3e3e3e3e3e3e3  
              e080e3e3e3e3e3e3  
              e3e3e3e3e3e3e3e3  
              e080e3e3e3e3e3e3  
              e3e3e3e3e3e3e3e3  
              e080e3e3e3e3e3e3  
              e3e3e3e3e3e3e3e3  
              8089e3e3e3e3e3e3  
              e3e3e3e3e3e3e3e3  
              e3e389f189b680c0  
              e0e0e0e0e0c0c089  
              e389f1faf1e3c0c0  
              e0e0e0e0e0c080f1  
              e3cdf6f189e380c0  
              e0e0e0e0e0c08089  
              e3ffed89718080c0  
              c0e0e0e0e0c080e3  
              e3ffffe391e3c080  
              80c0c0c0c0c0c0e3  
              89cdd690e390b6d6  
              b46eb4d669b6b4e3  
              89fa89ed90e3d6ff  
              ffffffffffff6ee3  
              89fae394e394d6ff  
              ffffffffffffd6f0  
              60f1fae390e3d6ff  
              ffffd6ffffff8e88  
              8075e390e3d6ffd6  
              ffd6d6faffffffd6  
              e34071e391d6b6ff  
              ffb645b6b6ffb6b6  
              e3e380727140ffff  
              ffb692b6ffffff40  
              e3e3e3e3e38989ff  
              ff49e345ffff89cd  
              e3e3e3e3e389cd89  
              cde3e3e389cdcdcd  
              e3e3e3e3e389cdcd  
              cde3e3e389cdf1cd  
              e3e3e3e3e3cdf6cd  
              e3e3e3e3e3cdf6cd  
              8989e3e3e3e3e3e3  
              e3e3e3e3e3e3e3e3  
              fa89e3e3e3e3e3e3  
              e3e3e3e3e3e3e3e3  
              f1f189e3e3e3e3e3  
              e3e3e3e3e3e3e3e3  
              89cdffe3e3e3e3e3  
              e3e3e3e3e3e3e3e3  
              ffffffe3e3e3e3e3  
              e3e3e3e3e3e3e3e3  
              89d689e3e3e3e3e3  
              e3e3e3e3e3e3e3e3  
              cd89fae3e3e3e3e3  
              e3e3e3e3e3e3e3e3  
              cdcdfa20e3e3e3e3  
              e3e3e3e3e3e3e3e3  
              e3faed20e3e3e3e3  
              e3e3e3e3e3e3e3e3  
              e3e3e3e3e3e3e3e3  
              e3e3e3e3e3e3e3e3  
              e3e3e3e3e3e3e3e3  
              e3e3e3e3e3e3e3e3  
              e3e3e3e3e3e3e3e3  
              e3e3e3e3e3e3e3e3  
              e3e3e3e3e3e3e3e3  
              e3e3e3e3e3e3e3e3  
              e3e3e3e3e3e3e3e3  
              e3e3e3e3e3e3e3e3  
              e3e3e3e3e3e3e3e3  
              e3e3e3e3e3e3e3e3  
              e3e3e3e3e3e3e3e3  
              e3e3e3e3e3e3e3e3  
              e3e3e3e389cdf6cd  
              e3e3e3e3e389f6cd  
              e3e3e3e389f6f6cd  
              e3e3e3e3e3cdf6f6  
              e3e3e3e389cdcdcd  
              e3e3e3e3e389f6cd  
              e3e3e3e389cdcde3  
              e3e3e3e3e389cdcd  
              e3e3e3e389cdf6e3  
              e3e3e3e3e389cd89  
              e3e3e3e3e3ff92e3  
              e3e3e3e3e3b7ff96  
              e3e3e3e3e392e3e3  
              e3e3e3e3e3b79292  
              e3e3e3e3db92e3e3  
              e3e3e3e3e3e39292  
              e3e3e3d6d6ffd6e3  
              e3e3e3e3e3ffffff  
              e3e3ffffffffffe3  
              6de36de36dffffff  
              e36d9269d6d6d66d  
              e36de36de3d6d6d6  
              e3e36de36de36de3  
              6de36de36de36de3  
              e3e3e3e3e3e3e3e3  
              e3e3e3e3e3e3e3e3  
              e3e3e3e3e3e3e3e3  
              e3e3e3e3e3e3e3e3  
              e3e3e3e3e3e3e3e3  
              e3e3e3e3e3e3e3e3  
              e3e3e3e3e3e3e3e3  
              e3e3e3e3e3e3e3e3  
              89e3e3e3e3e3e3e3  
              e3e3e3e3e3e3e3e3  
              89e3e3e3e3e3e3e3  
              e3e3e3e3e3e3e3e3  
              89e3e3e3e3e3e3e3  
              e3e3e3e3e3e3e3e3  
              89e3e3e3e3e3e3e3  
              e3e3e3e3e3e3e3e3  
              e3e3e3e3e3e3e3e3  
              e3e3e3e3e3e3e3e3  
              e3e3e3e3e3e3e3e3  
              e3e3e3e3e3e3e3e3  
              e3e3e3e3e3e3e3e3  
              e3e3e3e3e3e3e3e3  
              dbe3e3e3e3e3e3e3  
              e3e3e3e3e3e3e3e3  
              d6e3e3e3e3e3e3e3  
              e3e3e3e3e3e3e3e3  
              ffffe3e3e3e3e3e3  
              e3e3e3e3e3e3e3e3  
              9292e3e3e3e3e3e3  
              e3e3e3e3e3e3e3e3  
              6de36de3e3e3e3e3  
              e3e3e3e3e3e3e3e3  
              e3e3e3e3e3e3e3e3  
              e3e3e3e3e3e3e3e3  
              e3e3e3e3e3e3e3e3  
              e3e3e3e3e3e3e3e3  
              e3e3e3e3e3e3e3e3  
              e3e3e3e3e3e3e3e3  
              e3e3e3e3e3e3e3e3  
              e3e3e3e3e3e3e3e3  
    20                          
    21                          _sprite_player_back_a_01:
    22  15ac  06f6db            	db 0x06, 0xf6, 0xdb
    23  15af  000000c020100001  	incbin "../assets/sprite_player_back_a_01.bin"
              c141001001c24110  
              1001c341002001c4  
              41102001c5410000  
              0040000000004000  
              e3e3e3e3e3e3e3e3  
              e3e3e3e340456969  
              e3e3e3e3e3e3e3e3  
              e3e3e34069694545  
              e3e3e3e3e3e3e3e3  
              e3e3e34045456969  
              e3e3e3e3e3e3e3e3  
              e3e3e392b7dfdfdf  
              e3e3e3e3e3e3e3e3  
              e3e3e392b7dfdfdf  
              e3e3e3e3e3e3e3e3  
              e3e3e3cd40454545  
              e3e3e3e3e3e3e3e3  
              e3e3e34040404545  
              e3e3e3e3e3e3e3e3  
              e3e3e38940404545  
              e3e3e3e3e3e3e3e3  
              e3e3e3e340894040  
              e3e3e3e3e3e3e3e3  
              e3e3e3b7ffb7b7ff  
              e3e3e3e3e3e3e3e3  
              e3e3c0e0c0e0e0e0  
              e3e3e3e3e3e3e3e3  
              e380c0c0e0e0e0e0  
              e3e3e3e3e3e3e3e3  
              80c0e0e0e0e0e0e0  
              e3e3e3e3e3e3e380  
              c0e0e0e0e0e0e0c0  
              e3e3e3e3e3e380c0  
              e0c0e0e0c0e0c0c0  
              e3e3e3e3e3e380c0  
              e0e0e0c0e0c0e0e3  
              6940e3e3e3e3e3e3  
              e3e3e3e3e3e3e3e3  
              694040e3e3e3e3e3  
              e3e3e3e3e3e3e3e3  
              694540e3e3e3e3e3  
              e3e3e3e3e3e3e3e3  
              dfb792e3e3e3e3e3  
              e3e3e3e3e3e3e3e3  
              dfb792e3e3e3e3e3  
              e3e3e3e3e3e3e3e3  
              4540cde3e3e3e3e3  
              e3e3e3e3e3e3e3e3  
              454040e3e3e3e3e3  
              e3e3e3e3e3e3e3e3  
              454589e3e3e3e3e3  
              e3e3e3e3e3e3e3e3  
              8940e3e3e3e3e3e3  
              e3e3e3e3e3e3e3e3  
              b7ff80e3e3e3e3e3  
              e3e3e3e3e3e3e3e3  
              e0e0c0e3e3e3e3e3  
              e3e3e3e3e3e3e3e3  
              e0c0e0c0e3e3e3e3  
              e3e3e3e3e3e3e3e3  
              c0e0c0c0e3e3e3e3  
              e3e3e3e3e3e3e3e3  
              c0c0e0e0c0e3e3e3  
              e3e3e3e3e3e3e3e3  
              6e8080e089e3e3e3  
              e3e3e3e3e3e3e3e3  
              e3f1fad689e3e3e3  
              e3e3e3e3e3e3e3e3  
              e3e3e3e3e380c0c0  
              c0e0c0e0c0e0e3e3  
              e3e3e3e392d6ffff  
              d692c0c0e0f1e3e3  
              e3e3e3e392ffffff  
              ffb6b692f1f1e3e3  
              e3e3e3e392b6ffff  
              ffffb692d6ffffe3  
              e3e3e3e392ffffff  
              ffffffb6e3fff1f1  
              e3e3e3e3e3b689cd  
              cdcdffb6e3e3f189  
              e3e3e3e3e3b6d6cd  
              f68989ffb6e3f1f1  
              e3e3e3e3e3e392f1  
              f6cdcdd6e3e3e3e3  
              e3e3e3e3e3e389cd  
              f6cdcd89e3e3e3e3  
              e3e3e3e3e3edf6f6  
              f6cd8989e3e3e3e3  
              e3e3e3e3cdf6f6cd  
              cd89cdcde3e3e3e3  
              e3e3e3b7fff6cdcd  
              89cdf6cde3e3e3e3  
              e3e3b6fffff1cde3  
              e3cdf6f6e3e3e3e3  
              96b6ffffff92e3e3  
              e3e396ff92e3e3e3  
              96ff96ff92e3e3e3  
              e3e396ff92ff96e3  
              96ffff9692e3e3e3  
              e3e396b6ffff96e3  
              e3f1faf189e3e3e3  
              e3e3e3e3e3e3e3e3  
              e3f1f6fa89e3e3e3  
              e3e3e3e3e3e3e3e3  
              e389f1faede3e3e3  
              e3e3e3e3e3e3e3e3  
              d6d689edffe3e3e3  
              e3e3e3e3e3e3e3e3  
              ede3edffffe3e3e3  
              e3e3e3e3e3e3e3e3  
              fae3fad6d689e3e3  
              e3e3e3e3e3e3e3e3  
              cde320cdf189e3e3  
              e3e3e3e3e3e3e3e3  
              e320cdedf1e3e3e3  
              e3e3e3e3e3e3e3e3  
              e3e3e3898820e3e3  
              e3e3e3e3e3e3e3e3  
              e3e3e3e388b680e3  
              2020a0e3e3e3e3e3  
              e3e3e3e3e3e32080  
              8090e320e3e3e3e3  
              e3e3e3e3e3e3e340  
              809490e3e3e3e3e3  
              e3e3e3e3e3e3e320  
              71e3909040e3e3e3  
              e3e3e3e3e3e3e320  
              e39490e3e3e3e3e3  
              e3e3e3e3e3e3e320  
              90e3949080e3e3e3  
              e3e3e3e3e3e3e380  
              71e3e395e3e3e3e3  
              96ffff96e3e3e3e3  
              e3e3e3ffffff69e3  
              96ffff92e3e3e3e3  
              e3e3e3ffffd6e3e3  
              96ffff92e3e36de3  
              6de36dd6d6e36de3  
              e3b6db96e36de36d  
              e36de36de36de36d  
              6de36de36de36de3  
              6de36de3e3e3e3e3  
              e3e3e3e3e3e3e3e3  
              e3e3e3e3e3e3e3e3  
              e3e3e3e3e3e3e3e3  
              e3e3e3e3e3e3e3e3  
              e3e3e3e3e3e3e3e3  
              e3e3e3e3e3e3e3e3  
              e3e3e3e3e3e3e3e3  
              e3e3e3e3e3e3e3e3  
              e3e3e3e3e3e3e3e3  
              e3e3e3e3e3e3e3e3  
              e3e3e3e3e3e3e3e3  
              e3e3e3e3e3e3e3e3  
              e3e3e3e3e3e3e3e3  
              e3e3e3e3e3e3e3e3  
              e3e3e3e3e3e3e3e3  
              e3e3e3e3e3e3e3e3  
              e3e3e3e3e3e3e3e3  
              e3e3e3e3e3e3e3e3  
              e3e3e3e3e3e3e3e3  
              e3e3e3e3e3e3e3e3  
              e3e3e3e3e3e3e3e3  
              e3e3e3e3e3e3e3e3  
              e3e3e3e3e3e3e3e3  
              a091e3e320e3e3e3  
              e3e3e3e3e3e3e3e3  
              e3722080e3e3e3e3  
              6de36de3e3e3e3e3  
              e3e3e3e3e3e3e3e3  
              e36de3e3e3e3e3e3  
              e3e3e3e3e3e3e3e3  
              e3e3e3e3e3e3e3e3  
              e3e3e3e3e3e3e3e3  
              e3e3e3e3e3e3e3e3  
              e3e3e3e3e3e3e3e3  
              e3e3e3e3e3e3e3e3  
              e3e3e3e3e3e3e3e3  
              e3e3e3e3e3e3e3e3  
              e3e3e3e3e3e3e3e3  
              e3e3e3e3e3e3e3e3  
              e3e3e3e3e3e3e3e3  
              e3e3e3e3e3e3e3e3  
              e3e3e3e3e3e3e3e3  
              e3e3e3e3e3e3e3e3  
              e3e3e3e3e3e3e3e3  
              e3e3e3e3e3e3e3e3  
              e3e3e3e3e3e3e3e3  
              e3e3e3e3e3e3e3e3  
              e3e3e3e3e3e3e3e3  
              e3e3e3e3e3e3e3e3  
              e3e3e3e3e3e3e3e3  
              e3e3e3e3e3e3e3e3  
              e3e3e3e3e3e3e3e3  
              e3e3e3e3e3e3e3e3  
              e3e3e3e3e3e3e3e3  
    24                          
    25                          _sprite_umpire_head_00:
    26  1bd7  01fbf2            	db 0x01, 0xfb, 0xf2
    27  1bda  000000c020e3e3ff  	incbin "../assets/sprite_umpire_head_00.bin"
              ffffff96e3e3e3e3  
              e3e3e3e3e3e3ffff  
              ffffffffb6e3e3e3  
              e3e3e3e3e3dbffff  
              ffffffffb6e325e3  
              e3e3e3e3e3e3ffff  
              ffffffb6040025e3  
              e3e3e3e3e3e392db  
              b6b6b62444e3e3e3  
              e3e3e3e3e3e364db  
              dbdb692468e3e3e3  
              e3e3e3e3e3e36424  
              2424694468e3e3e3  
              e3e3e3e3e3e3e389  
              8989444444e3e3e3  
              e3e3e3e3e3e3dbff  
              ff894444e3e3e3e3  
              e3e3e3e3e3ffffff  
              ffff4444e3e3e3e3  
              e3e3e3e3e3e3e3e3  
              e3e3e3e3e3e3e3e3  
              e3e3e3e3e3e3e3e3  
              e3e3e3e3e3e3e3e3  
              e3e3e3e3e3e3e3e3  
              e3e3e3e3e3e3e3e3  
              e3e3e3e3e3e3e3e3  
              e3e3e3e3e3e3e3e3  
              e3e3e3e3e3e3e3e3  
              e3e3e3e3e3e3e3e3  
              e3e3e3e3e3e3e3e3  
              e3e3e3e3e3e3e3e3  
              e3e3e3e3e3        
    28                          
    29                          _sprite_umpire_head_01:
    30  1cdf  01fef2            	db 0x01, 0xfe, 0xf2
    31  1ce2  000000c020e3e3ff  	incbin "../assets/sprite_umpire_head_01.bin"
              ffe3e3e3e3e3e3e3  
              e3e3e3e3e3e3ffff  
              ffffffe3e3e3e3e3  
              e3e3e3e3e3ffffff  
              ffffffffe3e3e3e3  
              e3e3e3e3e3dbdbff  
              ff2400000404e3e3  
              e3e3e3e3e3b6ff20  
              20442020e3e3e3e3  
              e3e3e3e3e3446920  
              20894469e3e3e3e3  
              e3e3e3e3e3246924  
              44898989e3e3e3e3  
              e3e3e3e3e3244444  
              24448944e3e3e3e3  
              e3e3e3e3e3688868  
              44242020e3e3e3e3  
              e3e3e3e3e3ff6888  
              4488e3e3e3e3e3e3  
              e3e3e3e3e3dab644  
              88e3e3e3e3e3e3e3  
              e3e3e3e3e3b6ff44  
              e3e3e3e3e3e3e3e3  
              e3e3e3e3e3e3e3e3  
              e3e3e3e3e3e3e3e3  
              e3e3e3e3e3e3e3e3  
              e3e3e3e3e3e3e3e3  
              e3e3e3e3e3e3e3e3  
              e3e3e3e3e3e3e3e3  
              e3e3e3e3e3e3e3e3  
              e3e3e3e3e3e3e3e3  
              e3e3e3e3e3        
    32                          
    33                          _sprite_umpire_head_02:
    34  1de7  01fcf2            	db 0x01, 0xfc, 0xf2
    35  1dea  000000c020e3e3ff  	incbin "../assets/sprite_umpire_head_02.bin"
              ffffff6de3e3e3e3  
              e3e3e3e3e3e3b6b6  
              ffffffffffe3e3e3  
              e3e3e3e3e3e372b6  
              ffb6ffffff4925e3  
              e3e3e3e3e3e37292  
              20202400202449e3  
              e3e3e3e3e3e36d44  
              0089442444e3e3e3  
              e3e3e3e3e3e34d68  
              4489898964e3e3e3  
              e3e3e3e3e3e3e324  
              2489898920e3e3e3  
              e3e3e3e3e3e39289  
              4420688920e3e3e3  
              e3e3e3e3e3dbff89  
              69442424e3e3e3e3  
              e3e3e3e3e3ff6d8d  
              694472e3e3e3e3e3  
              e3e3e3e3e3ff92ff  
              6824b6e3e3e3e3e3  
              e3e3e3e3e3e3e3e3  
              e3e3e3e3e3e3e3e3  
              e3e3e3e3e3e3e3e3  
              e3e3e3e3e3e3e3e3  
              e3e3e3e3e3e3e3e3  
              e3e3e3e3e3e3e3e3  
              e3e3e3e3e3e3e3e3  
              e3e3e3e3e3e3e3e3  
              e3e3e3e3e3e3e3e3  
              e3e3e3e3e3e3e3e3  
              e3e3e3e3e3        
    36                          
    37                          _sprite_umpire_head_03:
    38  1eef  01fdf1            	db 0x01, 0xfd, 0xf1
    39  1ef2  000000c020e3e3e3  	incbin "../assets/sprite_umpire_head_03.bin"
              ffffe3e3e3e3e3e3  
              e3e3e3e3e3e3e3ff  
              ffffffffe3e3e3e3  
              e3e3e3e3e3e3ffff  
              ffffffffffe3e3e3  
              e3e3e3e3e3e3dbdb  
              ffff2400000404e3  
              e3e3e3e3e3e3b6ff  
              2020442020e3e3e3  
              e3e3e3e3e3e34469  
              2020894469e3e3e3  
              e3e3e3e3e3e32469  
              2444898989e3e3e3  
              e3e3e3e3e3e32444  
              4424444444e3e3e3  
              e3e3e3e3e3e36888  
              684444ffffe3e3e3  
              e3e3e3e3e3daff68  
              8844448944e3e3e3  
              e3e3e3e3e3ffda68  
              8844e3e3e3e3e3e3  
              e3e3e3e3e3ffdab6  
              4488e3e3e3e3e3e3  
              e3e3e3e3e3ffb6ff  
              44e3e3e3e3e3e3e3  
              e3e3e3e3e3e3e3e3  
              e3e3e3e3e3e3e3e3  
              e3e3e3e3e3e3e3e3  
              e3e3e3e3e3e3e3e3  
              e3e3e3e3e3e3e3e3  
              e3e3e3e3e3e3e3e3  
              e3e3e3e3e3        
    40                          
    41                          
