/tmp/tmpLh7vo9kz.asm:
     1                          MODULE sprites_page_40_asm
     2                          LINE 0, "sprites_page_40.asm"
sprites_page_40.asm:
                                
     1                          	SECTION PAGE_40
     2                          
     3                          	PUBLIC _sprite_player_back_a_07, _sprite_player_back_a_08, _sprite_player_back_a_09, _sprite_player_back_a_10, _sprite_player_back_a_12
     4                          
     5                          _sprite_player_back_a_07:
     6  0000  06efd7            	db 0x06, 0xef, 0xd7
     7  0003  000000c020100001  	incbin "../assets/sprite_player_back_a_07.bin"
              c141001001c24110  
              1001c341002001c4  
              41102001c5410000  
              0040000000004000  
              e3e3e3e3e3e3e3e3  
              e3e3e34045696940  
              e3e3e3e3e3e3e3e3  
              e3e3406969694569  
              e3e3e3e3e3e3e3e3  
              e3e3404545696945  
              e3e3e3e3e3e3e3e3  
              e3e3b6b6ffffffb6  
              e3e3e3e3e3e3e3e3  
              e3e345b6ffffffb6  
              e3e3e3e3e3e3e3e3  
              e3e3cd4569696945  
              e3e3e3e3e3e3e3e3  
              e3e3454545694545  
              e3e3e3e3e3e3e3e3  
              e3e3456969694545  
              e3e3e3e3e3e3e3e3  
              e3e3fffacdcdcdfa  
              e3e3e3e3e3e3e380  
              8080e0fafffaff80  
              e3e3e3e3e3e380e0  
              e0e0e0e0e0c0e0e0  
              e3e3e3e3e380e0e0  
              e0e0e0e0e0c0e0e0  
              e3e3e3e3cdf680e0  
              80e0e0e0e0c0e0e0  
              e3e3e3cdf6faf680  
              8080e0e0c0e0e0e0  
              e3e3adf6f6cdf6e3  
              e3e380e0e0e080e0  
              cdadadadf6e37271  
              80a07180c0c0e0e0  
              e3e3e3e3e3e3e3e3  
              e3e3e3e3e3e3e3e3  
              40e3e3e3e3e3e3e3  
              e3e3e3e3e3e3e3e3  
              40e3e3e3e3e3e3e3  
              e3e3e3e3e3e3e3e3  
              b6e3e3e3e3e3e3e3  
              e3e3e3e3e3e3e3e3  
              45e3e3e3e3e3e3e3  
              e3e3e3e3e3e3e3e3  
              cde3e3e3e3e3e3e3  
              e3e3e3e3e3e3e3e3  
              e3e3e3e3e3e3e3e3  
              e3e3e3e3e3e3e3e3  
              e3e3e3e3e3e3e3e3  
              e3e3e3e3e3e3e3e3  
              ff80e3e3e3e3e3e3  
              e3e3e3e3e3e3e3e3  
              c08080e3e3e3e3e3  
              e3e3e3e3e3e3e3e3  
              e0e0e08080e3e3e3  
              e3e3e3e3e3e3e3e3  
              e0e0e0e0ad89e3e3  
              e3e3e3e3e3e3e3e3  
              c0e0e080f6f6cd72  
              e3e3e3e3e3e3e3e3  
              80e080f6f6f6fafa  
              cde3e3e3e3e3e3e3  
              e0e0c09292f6f6fa  
              f6e3e3e3e3e3e3e3  
              e0e0c080b7b7cdf6  
              89e3e3e3e3e3e3e3  
              adadadb7e380e391  
              e371908080c0c0e0  
              adadade3407190e3  
              90e394e3c080e080  
              e3e3e380e394e394  
              e394e39480c08080  
              e3e3e3e394e394e3  
              94e394e371b6b6b6  
              e3e3e340e395e394  
              e394e39080dfdfdf  
              e3e3e3e394e394e3  
              94e3718020b6dfdf  
              e3e3e3e38075e394  
              e39180a089dfb6df  
              e3e3e3e3e340e380  
              7240e3e3898989ad  
              e3e3e3e3e3e3e3e3  
              e3e3e3e3cd89cd89  
              e3e3e3e3e3e3e3e3  
              e3e3e3e3cdcdadcd  
              e3e3e3e3e3e3e3e3  
              e3e3e3e3e3adcdad  
              e3e3e3e3e3e3e3e3  
              e3e3e3e3e3adad89  
              e3e3e3e3e3e3e3e3  
              e3e3e3e3e3e3cdfa  
              e3e3e3e3e3e3e3e3  
              e3e3e3e3e3e3e3fa  
              e3e3e3e3e3e3e3e3  
              e3e3e3e3e3e3e3e3  
              e3e3e3e3e3e3e3e3  
              e3e3e3e3e3e3e3e3  
              c0c08080adcddf89  
              e3e3e3e3e3e3e3e3  
              c0c08080adcde3e3  
              e3e3e3e3e3e3e3e3  
              8080808980e3e3e3  
              e3e3e3e3e3e3e3e3  
              dfb6dfb6e3e3e3e3  
              e3e3e3e3e3e3e3e3  
              dfdfdfdfb6e3e3e3  
              e3e3e3e3e3e3e3e3  
              b6dfdfdfb6e3e3e3  
              e3e3e3e3e3e3e3e3  
              b6dfadadb6e3e3e3  
              e3e3e3e3e3e3e3e3  
              dfdf89ad89e3e3e3  
              e3e3e3e3e3e3e3e3  
              e389cdcdcde3e3e3  
              e3e3e3e3e3e3e3e3  
              e3e3cdadadcdf6e3  
              e3e3e3e3e3e3e3e3  
              e3e3adcdadf6f6f6  
              e3e3e3e3e3e3e3e3  
              e3e3e3adcdf6f6f6  
              cde3e3e3e3e3e3e3  
              facde3e3cdf6f6cd  
              facdfab6e3e3e3e3  
              f6fae3e3e3e3e3e3  
              cdfadfdbb6e3e3e3  
              fafacde3e3e3e3e3  
              e3e3b6dfdbe3e3e3  
              e392b7dbe3e3e3e3  
              e3e3e3dfdfdfe3e3  
              e3e3e3e3e3e3e3e3  
              e3e3e3e3e3e3e3e3  
              e3e3e3e3e3e3e3e3  
              e3e3e3e3e3e3e3e3  
              e3e3e3e3e3e3e3e3  
              e3e3e3e3e3e3e3e3  
              e3e3e3e3e3e3e3e3  
              e3e36de36de36de3  
              e3e3e3e3e3e3e3e3  
              e36de36de36de36d  
              e3e3e3e3e3e3e3e3  
              e3e36de36de36de3  
              e3e3e3e3e3e3e3e3  
              e3e3e3e3e3e3e3e3  
              e3e3e3e3e3e3e3e3  
              e3e3e3e3e3e3e3e3  
              e3e3e3e3e3e3e3e3  
              e3e3e3e3e3e3e3e3  
              e3e3e3e3e3e3e3e3  
              e3e3e3e3e3e3e3e3  
              e3e3e3e3e3e3e3e3  
              e3e3e3e3e3e3e3e3  
              e3e3e3e3e3e3e3e3  
              e3e3e3e3e3e3e3e3  
              e3e3e3e3e3e3e3e3  
              e3e3e3e3e3e3e3e3  
              e3e3e3e3e3e3e3e3  
              e3e3e3e3e3e3e3e3  
              e3e3e3e3e3e3e3e3  
              e3e3e3e3e3e3e3e3  
              e3e3e3e3e3e3e3e3  
              e3e3e3e3e3e3e3e3  
              e3e392b7dfe3e3e3  
              e3e3e3e3dfdfe3e3  
              e3e3db92b7e3e3e3  
              e3e3e3e3e3e3e3e3  
              e3dfdbb7e3e3e3e3  
              e3e3e3e3e3e3e3e3  
              6ddfdf926de36de3  
              6de3e3e3e3e3e3e3  
              e36de36de36de36d  
              e36de3e3e3e3e3e3  
              6de36de36de36de3  
              6de3e3e3e3e3e3e3  
              e3e3e3e3e3e3e3e3  
              e3e3e3e3e3e3e3e3  
              e3e3e3e3e3e3e3e3  
              e3e3e3e3e3e3e3e3  
              e3e3e3e3e3e3e3e3  
              e3e3e3e3e3e3e3e3  
              e3e3e3e3e3e3e3e3  
              e3e3e3e3e3e3e3e3  
              e3e3e3e3e3e3e3e3  
              e3e3e3e3e3e3e3e3  
              e3e3e3e3e3e3e3e3  
              e3e3e3e3e3e3e3e3  
              e3e3e3e3e3e3e3e3  
              e3e3e3e3e3e3e3e3  
              e3e3e3e3e3e3e3e3  
              e3e3e3e3e3e3e3e3  
              e3e3e3e3e3e3e3e3  
              e3e3e3e3e3e3e3e3  
              e3e3e3e3e3e3e3e3  
              e3e3e3e3e3e3e3e3  
     8                          
     9                          _sprite_player_back_a_08:
    10  062b  05f4d9            	db 0x05, 0xf4, 0xd9
    11  062e  000000c020100001  	incbin "../assets/sprite_player_back_a_08.bin"
              c141001001c24110  
              1001c341002001c4  
              4100000040000000  
              0040000000004000  
              e3e3e3e3e3e3e3e3  
              e3454545454545e3  
              e3e3e3e3e3e3e3e3  
              4569456989898989  
              e3e3e3e3e3e3e3e3  
              696969896969dfdf  
              e3e3e3e3e3e3e3e3  
              69df6969dfdfdfdf  
              e3e3e3e3e3e3e3e3  
              45dfdfdfdfdfcdcd  
              e3e3e3e3e3e3e3e3  
              454545454545fafa  
              e3e3e3e3e3e3e3e3  
              45454545cd45fafa  
              e3e3e3e3e3e3e3e3  
              e3458945cdcdcdcd  
              e3e3e3e3e3e3e3e3  
              ff454589898989e3  
              e3e3e3e3e3e3e3e3  
              c0ffffffffe3e3e3  
              e3e3e3e3e3e3e3c0  
              e0e0e0e0e0e0e3e3  
              e3e3e3e3e3e3c0e0  
              e0e0e0e0e0e0e3e3  
              e3e3e3e3e3e3e0e0  
              e0e0e0e0e0e0e0e3  
              e3e3e3e3e3e0c0e0  
              e0e0e080e0e0e0e3  
              e3e3e3e3cdc0e0e0  
              e0e0c0c0e0e0e0e3  
              e3e3e3e3cde0c0e0  
              e0e0c080f1fafae3  
              e3e3e3e3e3e3e3e3  
              e3e3e3e3e3e3e3e3  
              e3e3e3e3e3e3e3e3  
              e3e3e3e3e3e3e3e3  
              e3e3e3e3e3e3e3e3  
              e3e3e3e3e3e3e3e3  
              e3e3e3e3e3e3e3e3  
              e3e3e3e3e3e3e3e3  
              e3e3e3e3e3e3e3e3  
              e3e3e3e3e3e3e3e3  
              e3e3e3e3e3e3e3e3  
              e3e3e3e3e3e3e3e3  
              e3e3e3e3e3e38020  
              e3e3e3e3e3e3e3e3  
              e3e3e3e3e3e320e3  
              80e3e3e3e3e3e3e3  
              e3e3e3e3e320e390  
              20e3e3e3e3e3e3e3  
              e3e3e3e3e38090e3  
              80e3e3e3e3e3e3e3  
              e3e3e3e3e320e394  
              20e3e3e3e3e3e3e3  
              e3e3e3e3e3809420  
              e3e3e3e3e3e3e3e3  
              e3e3e3e32094e380  
              e3e3e3e3e3e3e3e3  
              e3e3e3e380e320e3  
              e3e3e3e3e3e3e3e3  
              e3e3e3e3202080e3  
              e3e3e3e3e3e3e3e3  
              e3e3e3e38020e3e3  
              e3e3e3e3e3e3e3e3  
              e3e3e3e3cdc0e0e0  
              e0e0c0c080f1fafa  
              e3e3e3e3e3c0e0e0  
              e0e0c08089f1f1f1  
              e3e3e3e3e3c0c0e0  
              e0c0c0c080e3f1f1  
              e3e3e3e391c0c0c0  
              c0c0c080e3e38d92  
              e3e3e3d6b6d6ffff  
              ffffd6b66d9191e3  
              e3e3e3d6d6ffffff  
              ffffffffd68d91e3  
              e3e3e3d6b6ffffff  
              ffffffffffd68ee3  
              e3e3e3e3d6d6d6d6  
              d6ffffffffffe3e3  
              e3e3e3e3d6d6d625  
              d6d6ffffd6d6e3e3  
              e3e3e3e3e3404040  
              894040cdcd89e3e3  
              e3e3e3e3e389cdcd  
              cd8989cdf6f6e3e3  
              e3e3e3e3e3e3cdf6  
              f6e389cdf6f6e3e3  
              e3e3e3e3e3e3f6f6  
              f6e3f1f6f6cde3e3  
              e3e3e3e3e3f6f6f6  
              cde3f6f6f6e3e3e3  
              e3e3e3e3e3f6f6cd  
              e3e3f6f6cde3e3e3  
              e3e3e3e3f6f6cdcd  
              e3e3cdf6cde3e3e3  
              e3e3e32020e3e3e3  
              e3e3e3e3e3e3e3e3  
              f1e3e38080e3e3e3  
              e3e3e3e3e3e3e3e3  
              dfdff120e3e3e3e3  
              e3e3e3e3e3e3e3e3  
              fff1f1f1e3e3e3e3  
              e3e3e3e3e3e3e3e3  
              89f1f1f1e3e3e3e3  
              e3e3e3e3e3e3e3e3  
              e3e3e3e3e3e3e3e3  
              e3e3e3e3e3e3e3e3  
              e3e3e3e3e3e3e3e3  
              e3e3e3e3e3e3e3e3  
              e3e3e3e3e3e3e3e3  
              e3e3e3e3e3e3e3e3  
              e3e3e3e3e3e3e3e3  
              e3e3e3e3e3e3e3e3  
              e3e3e3e3e3e3e3e3  
              e3e3e3e3e3e3e3e3  
              e3e3e3e3e3e3e3e3  
              e3e3e3e3e3e3e3e3  
              e3e3e3e3e3e3e3e3  
              e3e3e3e3e3e3e3e3  
              e3e3e3e3e3e3e3e3  
              e3e3e3e3e3e3e3e3  
              e3e3e3e3e3e3e3e3  
              e3e3e3e3e3e3e3e3  
              e3e3e3e3e3e3e3e3  
              e3e3e3e3e3e3e3e3  
              e3e3e3e3e3e3e3e3  
              e3e3e3e3e3e3e3e3  
              e3e3e3e3f6f6cde3  
              e3e3cdf6cde3e3e3  
              e3e3e3ffffcde3e3  
              e3e3fffff1e3e3e3  
              e3e3bbffffb7e3e3  
              e3dfffffb7b7e3e3  
              e3e3e3ffb7ffe3e3  
              e3b7ffffffb7e3e3  
              e3e3ffffffb7b7e3  
              6db7ffffdfdfe3e3  
              e36db6ffffffffff  
              e3b6ffffe36de3e3  
              6de36de36de36de3  
              6de36de36de36de3  
              e3e3e3e3e3e3e3e3  
              e3e3e3e3e3e3e3e3  
              e3e3e3e3e3e3e3e3  
              e3e3e3e3e3e3e3e3  
              e3e3e3e3e3e3e3e3  
              e3e3e3e3e3e3e3e3  
              e3e3e3e3e3e3e3e3  
              e3e3e3e3e3e3e3e3  
              e3e3e3e3e3e3e3e3  
              e3e3e3e3e3e3e3e3  
              e3e3e3e3e3e3e3e3  
              e3e3e3e3e3e3e3e3  
              e3e3e3e3e3e3e3e3  
              e3e3e3e3e3e3e3e3  
              e3e3e3e3e3e3e3e3  
              e3e3e3e3e3e3e3e3  
              e3e3e3e3e3e3e3e3  
              e3e3e3e3e3e3e3e3  
    12                          
    13                          _sprite_player_back_a_09:
    14  0b56  08f5da            	db 0x08, 0xf5, 0xda
    15  0b59  000000c020100001  	incbin "../assets/sprite_player_back_a_09.bin"
              c141001001c24110  
              1001c341201001c4  
              41002001c5411020  
              01c641202001c741  
              e3e3e3e3e3e3e3e3  
              e3e3e340456969e3  
              e3e3e3e3e3e3e3e3  
              e340256949454540  
              e3e3e3e3e3e3e3e3  
              4025696969694540  
              e3e3e3e3e3e3e3e3  
              696969694545b6fa  
              e3e3e3e3e3e3e3e3  
              696d4545494529ff  
              e3e3e3e3e3e3e3e3  
              4569454549b6ffff  
              e3e3e3e3e3e3e3e3  
              4569696969ffff44  
              e3e3e3e3e3e3e3e3  
              e34569696dff6d49  
              e3e3e3e3e3e3e3e3  
              e3454549458d6d49  
              e3e3e3e3e3e3e3e3  
              fff56969f5ffffff  
              e3e3e3e3e3e3e3e3  
              a0fffffffee0e0e0  
              e3e3e3e3e3e3e3a0  
              e0e0e0e0e0e0e0e0  
              e3e3e3e3e3e3a0e0  
              c0e0e0e0e0e0e0e0  
              e3e3e3e3e3e3a0e0  
              e0e0e4e4e0e0e0c0  
              e3e3e3e3e3e3e0e0  
              e0e4e4e4e0e0a0e0  
              e3e3e3e3e3e3a0e0  
              e0e4e0e0e0e0a0e3  
              e3e3e3e3e3e3e3e3  
              e3e3e3e3e3e3e3e3  
              e3e3e3e3e3e3e3e3  
              e3e3e3e3e3e3e3e3  
              e3e3e3e3e3e3e3e3  
              e3e3e3e3e3e3e3e3  
              ede3e3e3e3e3e3e3  
              e3e3e3e3e3e3e3e3  
              89e3e3e3e3e3e3e3  
              e3e3e3e3e3e3e3e3  
              89e3e3e3e3e3e3e3  
              e3e3e3e3e3e3e3e3  
              6de3e3e3e3e3e3e3  
              e3e3e3e3e3e3e3e3  
              6de3e3e3e3e3e3e3  
              e3e3e3e3e3e3e3e3  
              e3e3e3e3e3e3e3e3  
              e3e3e3e3e3e3e3e3  
              a0e3e3e3e3e3e3e3  
              e3e3e3e3e3e3e3e3  
              e0c0e3e3e3e3e3e3  
              e3e3e3e3e3e3e3e3  
              e0e0a0e3e3e3e3e3  
              e3e3e3e3e3e3e3e3  
              e0e0a0e3e3e3e3e3  
              e3e3e3e3e3e3e3e3  
              e0e0a0e3e3e3e3e3  
              e3e3e3e3e3e3e3e3  
              c0e0e0e3e3e3e3e3  
              e3e3e3e3e3e3e3e3  
              c0a0f1e3e3e3e3e3  
              e3e3e3e3e3e3e3e3  
              e3e3e3e3e3e3a0e0  
              e0e0e0e0e0c0a0e3  
              e3e3e3e3e3e3a0e0  
              e0e0e0e0c0e0a0e3  
              e3e3e3e3e3a0a0a0  
              a0e0e0a0e0a0e3e3  
              e3e3e3e3e3d6d6d6  
              b6b6b6a0a0e3e3e3  
              e3e3e3e3b6ffffff  
              ffffffb66de3e3e3  
              e3e3e3e3d6ffffff  
              ffffffffd6e3e3e3  
              e3e3e3e3b6ffffff  
              ffffffd6ff4ee3e3  
              e3e3e3e3d6d6d6d6  
              d6ffffffd6ff20e3  
              e3e3e3e3d6ffffd6  
              d6d6ffffd6d6cde3  
              e3e3e3e3e3d6ffff  
              d6fffffffff5cdcd  
              e3e3e3e3e38d8969  
              b14949d689cdf1f1  
              e3e3e3e3e389adb1  
              b1e3e3e3cdd1f6cd  
              e3e3e3e3e3edf1f1  
              b1e3e3e3f1f2f689  
              e3e3e3e3f1f1f5b1  
              e3e3e3e3cdf6f689  
              e3e3e389f1f6b1e3  
              e3e3e3e3cdcdcd89  
              e3e3e389d1ade3e3  
              e3e3e3e3d1f189e3  
              f1f6f1f1e3e3e3e3  
              e3e3e3e3e3e3e3e3  
              f1f6f6f1f1e3e3e3  
              e3e3e3e3e3e3e3e3  
              e3f1f1f6f1e3e3e3  
              e3e3e3e3e3e3e3e3  
              e3e3edf1f1fff1e3  
              e3e3e3e3e3e3e3e3  
              e3e3e3e3fffff1e3  
              e3e3e3e3e3e3e3e3  
              e3e3e3e3e3f1f188  
              e3e3e3e3e3e3e3e3  
              e3e3e3e3e3e3f120  
              20e3e3e3e3e3e3e3  
              e3e3e3e3e3e3e3e3  
              808020e3e3202080  
              e3e3e3e3e3e3e3e3  
              e320e34080807171  
              e3e3e3e3e3e3e3e3  
              e3e340e380e390e3  
              e3e3e3e3e3e3e3e3  
              e3e320808094e390  
              e3e3e3e3e3e3e3e3  
              e3e3208090e394e3  
              e3e3e3e3e3e3e3e3  
              e3e3e380e390e390  
              e3e3e3e3e3e3e3e3  
              e3e3e38090e390e3  
              e3e3e3e3e3e3e3e3  
              e3e3e3e38090e390  
              e3e3e3e3e3e3e3e3  
              e3e3e3e3e36090e3  
              e3e3e3e3e3e3e3e3  
              e3e3e3e3e3e3e3e3  
              e3e3e3e3e3e3e3e3  
              e3e3e3e3e3e3e3e3  
              e3e3e3e3e3e3e3e3  
              e3e3e3e3e3e3e3e3  
              e3e3e3e3e3e3e3e3  
              e3e3e3e3e3e3e3e3  
              e3e3e3e3e3e3e3e3  
              e3e3e3e3e3e3e3e3  
              e3e3e3e3e3e3e3e3  
              e3e3e3e3e3e3e3e3  
              e3e3e3e3e3e3e3e3  
              e3e3e3e3e3e3e3e3  
              a0e3e3e3e3e3e3e3  
              e3e3e3e3e3e3e3e3  
              a080e3e3e3e3e3e3  
              e3e3e3e3e3e3e3e3  
              90e360e3e3e3e3e3  
              e3e3e3e3e3e3e3e3  
              9290e380e3e3e3e3  
              e3e3e3e3e3e3e3e3  
              90e39040e3e3e3e3  
              e3e3e3e3e3e3e3e3  
              e390e3e3e3e3e3e3  
              e3e3e3e3e3e3e3e3  
              90e39060e3e3e3e3  
              e3e3e3e3e3e3e3e3  
              e3902020e3e3e3e3  
              e3e3e3e3e3e3e3e3  
              90e360e3e3e3e3e3  
              e3e3e3e3e3e3e3e3  
              e3e3e3bbffa9e3e3  
              e3e3e3e3ffffb6e3  
              e3e3bbffffe3e3e3  
              e3e3e39296ff96ff  
              e3d6ffffbbbb91e3  
              e3e3e3daffd6ff92  
              e3dbffffffffdb6d  
              e36de3ffffffffff  
              6dd6d6d6d6d6dae3  
              6de36dd6d6d6d6d6  
              e36de36de36de36d  
              e36de36de36de36d  
              e3e3e3e3e3e3e3e3  
              e3e3e3e3e3e3e3e3  
              e3e3e3e3e3e3e3e3  
              e3e3e3e3e3e3e3e3  
              e3e3e3e3e3e3e3e3  
              e3e3e3e3e3e3e3e3  
              e3e3e3e3e3e3e3e3  
              e3e3e3e3e3e3e3e3  
              e3e3e3e3e3e3e3e3  
              e3e3e3e3e3e3e3e3  
              e3e3e3e3e3e3e3e3  
              e3e3e3e3e3e3e3e3  
              e3e3e3e3e3e3e3e3  
              e3e3e3e3e3e3e3e3  
              e3e3e3e3e3e3e3e3  
              e3e3e3e3e3e3e3e3  
              e3e3e3e3e3e3e3e3  
              e3e3e3e3e3e3e3e3  
              e3e3e3e3e3e3e3e3  
              e3e3e3e3e3e3e3e3  
              e3e3e3e3e3e3e3e3  
              e3e3e3e3e3e37280  
              e3e3e3e3e3e3e3e3  
              e3e3e3e3e3e3e3e3  
              ff92e3e3e3e3e3e3  
              e3e3e3e3e3e3e3e3  
              ffd6e3e3e3e3e3e3  
              e3e3e3e3e3e3e3e3  
              9292e3e3e3e3e3e3  
              e3e3e3e3e3e3e3e3  
              e36de3e3e3e3e3e3  
              e3e3e3e3e3e3e3e3  
              e3e3e3e3e3e3e3e3  
              e3e3e3e3e3e3e3e3  
              e3e3e3e3e3e3e3e3  
              e3e3e3e3e3e3e3e3  
              e3e3e3e3e3e3e3e3  
              e3e3e3e3e3e3e3e3  
              e3e3e3e3e3e3e3e3  
              e3e3e3e3e3e3e3e3  
              e3e3e3e3e3e3e3e3  
              e3e3e3e3e3e3e3e3  
              e3e3e3e3e3e3e3e3  
              e3e3e3e3e3e3e3e3  
              e3e3e3e3e3e3e3e3  
              e3e3e3e3e3e3e3e3  
              e3e3e3e3e3e3e3e3  
              e3e3e3e3e3e3e3e3  
              e3e3e3e3e3e3e3e3  
              e3e3e3e3e3e3e3e3  
              e3e3e3e3e3e3e3e3  
              e3e3e3e3e3e3e3e3  
              40e3e3e3e3e3e3e3  
              e3e3e3e3e3e3e3e3  
              e3e3e3e3e3e3e3e3  
              e3e3e3e3e3e3e3e3  
              e3e3e3e3e3e3e3e3  
              e3e3e3e3e3e3e3e3  
              e3e3e3e3e3e3e3e3  
              e3e3e3e3e3e3e3e3  
              e3e3e3e3e3e3e3e3  
              e3e3e3e3e3e3e3e3  
              e3e3e3e3e3e3e3e3  
              e3e3e3e3e3e3e3e3  
              e3e3e3e3e3e3e3e3  
              e3e3e3e3e3e3e3e3  
              e3e3e3e3e3e3e3e3  
              e3e3e3e3e3e3e3e3  
              e3e3e3e3e3e3e3e3  
              e3e3e3e3e3e3e3e3  
              e3e3e3e3e3e3e3e3  
              e3e3e3e3e3e3e3e3  
              e3e3e3e3e3e3e3e3  
              e3e3e3e3e3e3e3e3  
              e3e3e3e3e3e3e3e3  
              e3e3e3e3e3e3e3e3  
              e3e3e3e3e3e3e3e3  
              e3e3e3e3e3e3e3e3  
              e3e3e3e3e3e3e3e3  
              e3e3e3e3e3e3e3e3  
              e3e3e3e3e3e3e3e3  
              e3e3e3e3e3e3e3e3  
              e3e3e3e3e3e3e3e3  
              e3e3e3e3e3e3e3e3  
    16                          
    17                          _sprite_player_back_a_10:
    18  1381  06f0d0            	db 0x06, 0xf0, 0xd0
    19  1384  000000c020100001  	incbin "../assets/sprite_player_back_a_10.bin"
              c141001001c24110  
              1001c341002001c4  
              41102001c5410000  
              0040000000004000  
              e3e3e3e3e3e3e3e3  
              e3e3e3e3e3e3e3e3  
              e3e3e3e3e3e3e3e3  
              e3e3e3e3e3e3e3e3  
              e3e3e3e3e3e3e3e3  
              e3e3e3e3e3e3e3e3  
              e3e3e3e3e3e3e3e3  
              e3e3e3e3e3e3e3e3  
              e3e3e3e3e3e3e3e3  
              e3e3e3e3e3e3e3e3  
              e3e3e3e3e3e3e3e3  
              e3e3e3e3e3e3e3e3  
              e3e3e3e3e3e3e3e3  
              e3e3e3e3e3e3e3e3  
              e3e3e3e3e3e3e3e3  
              e3e3e3e3e3e3e3e3  
              e3e3e3e3e3e3e3e3  
              e3e3e3e3e3e3e340  
              e3e3e3e3e3e3e3e3  
              e3e3e3e3e3e3e340  
              e3e3e3e3e3e3e3e3  
              e3e3e3e3e3e3e392  
              e3e3e3e3e3e3e3e3  
              e3e3e3e3e3e3e392  
              e3e3e3e3e3e3e3e3  
              e3e3e3e3e3e3e3cd  
              e3e3e3e3e3e3e3e3  
              e3e3e3e3e3e3e340  
              e3e3e3e3e3e3e3e3  
              e3e3e3e3e3e3e389  
              e3e3e3e3e3e3e3e3  
              e3e3e3e3e3e3e3e3  
              e3e3e3e3e3e3e3e3  
              e3e3e3e3e3e3e3e3  
              e3e3e3e3e3e3e3e3  
              e3e3e3e3e3e3e3e3  
              e3e3e3e3e3e3e3e3  
              e3e3e3e3e3e3e3e3  
              e3e3e3e3e3e3e3e3  
              e3e3e3e3e3e3e3e3  
              e3e3e3e3e3e3e3e3  
              e3e3e3e3e3e3e3e3  
              e3e3e3e3e3e3e3e3  
              e3e3e3e3e3e3e3e3  
              e3e3e3e3e3e3e3e3  
              e3e3e3e3e3e3e3e3  
              404569696940e3e3  
              e3e3e3e3e3e3e3e3  
              69694545694040e3  
              e3e3e3e3e3e3e3e3  
              45456969694540e3  
              e3e3e3e3e3e3e3e3  
              b7dfdfdfdfb792e3  
              e3e3e3e3e3e3e3e3  
              b7dfdfdfdfb792e3  
              e3e3e3e3e3e3e3e3  
              404545454540cde3  
              e3e3e3e3e3e3e3e3  
              40404545454040e3  
              e3e3e3e3e3e3e3e3  
              40404545454589e3  
              e3e3e3e3e3e3e3e3  
              408940408940e3e3  
              e3e3e3e3e3e3e3e3  
              e3e3e3e3e3e3e3e3  
              e3e3e3e3e3a0a0b7  
              e3e3e3e3e3e3e3e3  
              e3e3e3e380c0e0e0  
              e3e3e3e3e3e3e3e3  
              e3e3e380c0e0e0e0  
              e3e3e3e3e3e3e3e3  
              e3e3e380c0e0e0e0  
              e3e3e3e3e3e3e3e3  
              e3e38080c0c0e0e0  
              e3e3e3e3e3e3e3e3  
              e3e380a0a0c0e0e0  
              e3e3e3e3e3e3e3e3  
              e3e3adadcdc0c0e0  
              e3e3e3e3e3e3e3e3  
              e3e3f1f1ad80c0c0  
              e3e3e3e3e3e3e3e3  
              e3e3f1f1adc0c0e0  
              e3e3e3e3e3e3e3e3  
              e3e3e3898980c0e0  
              e3e3e3e3e3e3e3e3  
              e3e3e3e3e380c0e0  
              e3e3e3e3e3e3e3e3  
              e3e3e3e3e3e3c0c0  
              e3e3e3e3e3e3e3e3  
              e3e3e3e3e3e380c0  
              e3e3e3e3e3e3e3e3  
              e3e3e3e3e3d6d6d6  
              e3e3e3e3e3e3e3e3  
              e3e3e3e3e3d6fadf  
              e3e3e3e3e3e3e3e3  
              e3e3e3e3e3d6d6fa  
              ff898989b7ff8080  
              e3e3e3e3e3e3e3e3  
              dfb7b7b7dfcdc0c0  
              80e3e3e3e3e3e3e3  
              e0e0cdcdd6cde0c0  
              c080e3e3e3e3e3e3  
              e0e0c0e0e0e0e0c0  
              c08080e3e3e3e3e3  
              e0e0c0e0e0e0e0c0  
              c08080e3e3e3e3e3  
              e0e0e0e0e0e0c0c0  
              c080ade3e3e3e3e3  
              e0e0e0e0e0c0c089  
              adadf6e3e3e3e3e3  
              e0e0e0e0c0c080e3  
              adf6f6e3e3e3e3e3  
              e0e0e0e0e080e3e3  
              adf6cde3e3e3e3e3  
              e0e0e0e0e080e389  
              f1f1e3e3e3e3e3e3  
              c0e0c0e0c08045df  
              fff1e3e3e3e3e3e3  
              e0c0e0c0804545cd  
              ffffe3e3e3e3e3e3  
              c0d6d6d6d6e3cdcd  
              cdf1e3e3e3e3e3e3  
              ffffffffd6e3cdcd  
              cde3e3e3e3e3e3e3  
              ffffffffffffe3e3  
              e3e3e3e3e3e3e3e3  
              ffffffffffffd6e3  
              e3e3e3e3e3e3e3e3  
              e3e3e3e3e3e3e3e3  
              e3e3e3e3e3d6d6d6  
              e3e3e3e3e3e3e3e3  
              e3e3e3e3e3fafafa  
              e3e3e3e3e3e3e3e3  
              e3e3e3e3e3d6d6d6  
              e3e3e3e3e3e3e3e3  
              e3e3e3e3e389cd89  
              e3e3e3e3e3e3e3e3  
              e3e3e3e3e3cd8989  
              e3e3e3e3e3e3e3e3  
              e3e3e3e3e3cdf689  
              e3e3e3e3e3e3e3e3  
              e3e3e3e3cdf6f6cd  
              e3e3e3e3e3e3e3e3  
              e3e3e3e3cdf6cde3  
              e3e3e3e3e3e3e3e3  
              e3e3e3e3f1cde3e3  
              e3e3e3e3e3e3e3e3  
              e3e3e3e3ffffe3e3  
              e3e3e3e3e3e3e3e3  
              e3e3e3ffff96e3e3  
              e3e3e3e3e3e3e3e3  
              e3e3e3ffb6bbe3e3  
              e3e3e3e3e3e3e3e3  
              e3e3ffb6b6ffe3e3  
              e3e3e3e3e3e3e3e3  
              e3e3ffffffff6de3  
              e3e3e3e3e3e3e3e3  
              e3e3b6ffff6de36d  
              e3e3e3e3e3e3e3e3  
              e3e36de36de36de3  
              d6d6d6ffffffd6e3  
              e3e3e3e3e3e3e3e3  
              92d6d6ffffd689e3  
              e3e3e3e3e3e3e3e3  
              d6e3d6d6d6cd89e3  
              e3e3e3e3e3e3e3e3  
              89e3e3e3898989e3  
              e3e3e3e3e3e3e3e3  
              cde3e3cdcd89cde3  
              e3e3e3e3e3e3e3e3  
              cde3e3f6f6cdcde3  
              e3e3e3e3e3e3e3e3  
              e3e3e3f6f6cde3e3  
              e3e3e3e3e3e3e3e3  
              e3e3f1f6cde3e3e3  
              e3e3e3e3e3e3e3e3  
              e3e3ffffffe3e3e3  
              e3e3e3e3e3e3e3e3  
              e3b6ffffe3e3e3e3  
              e3e3e3e3e3e3e3e3  
              e3ffb696e3e3e3e3  
              e3e3e3e3e3e3e3e3  
              ffffff9696e3e3e3  
              e3e3e3e3e3e3e3e3  
              b6b6ffff96e3e3e3  
              e3e3e3e3e3e3e3e3  
              6db6b6ffffffe3e3  
              e3e3e3e3e3e3e3e3  
              e36de36de36de3e3  
              e3e3e3e3e3e3e3e3  
              6de3e3e3e3e3e3e3  
              e3e3e3e3e3e3e3e3  
    20                          
    21                          _sprite_player_back_a_12:
    22  19ac  06f4d8            	db 0x06, 0xf4, 0xd8
    23  19af  000000c020100001  	incbin "../assets/sprite_player_back_a_12.bin"
              c141001001c24110  
              1001c341002001c4  
              41102001c5410000  
              0040000000004000  
              e3e3e3e3e3e34049  
              69694545e3e3e3e3  
              e3e3e3e3e3802069  
              4545694540e3e3e3  
              e3e3e3e3e3204580  
              6969696945e3e3e3  
              e3e3e3e320b69020  
              6969694545e3e3e3  
              e3e3e3e38090b780  
              ffffffb7b6e3e3e3  
              e3e3e3e320f19420  
              dfdfdfb7b6e3e3e3  
              e3e3e3e380942045  
              4545454040e3e3e3  
              e3e3e32094408040  
              4545454089e3e3e3  
              e3e3e380e3208945  
              4545454589e3e3e3  
              e3e3e3202080e340  
              a0c0e0e08089e3e3  
              e3e3e38020e38080  
              c0e0e0e0e080e3e3  
              e3e3e320e3e380c0  
              e0e0e0e0e0c0c0e3  
              e3e3e320e3e380c0  
              e0e0c0e0e0a0c0e3  
              e3e320e3e3e380c0  
              c0c0c0c0e0e0c0c0  
              e3e320e3e3f1f1f1  
              adada0c0e0e0e0c0  
              e3f1fff1f6f6f6f1  
              f180e0a0e0e0e0e0  
              e3e3e3e3e3e3e3e3  
              e3e3e3e3e3e3e3e3  
              e3e3e3e3e3e3e3e3  
              e3e3e3e3e3e3e3e3  
              e3e3e3e3e3e3e3e3  
              e3e3e3e3e3e3e3e3  
              e3e3e3e3e3e3e3e3  
              e3e3e3e3e3e3e3e3  
              e3e3e3e3e3e3e3e3  
              e3e3e3e3e3e3e3e3  
              e3e3e3e3e3e3e3e3  
              e3e3e3e3e3e3e3e3  
              e3e3e3e3e3e3e3e3  
              e3e3e3e3e3e3e3e3  
              e3e3e3e3e3e3e3e3  
              e3e3e3e3e3e3e3e3  
              e3e3e3e3e3e3e3e3  
              e3e3e3e3e3e3e3e3  
              e3e3e3e3e3e3e3e3  
              e3e3e3e3e3e3e3e3  
              e3e3e3e3e3e3e3e3  
              e3e3e3e3e3e3e3e3  
              e3e3e3e3e3e3e3e3  
              e3e3e3e3e3e3e3e3  
              e3e3e3e3e3e3e3e3  
              e3e3e3e3e3e3e3e3  
              e3e3e3e3e3e3e3e3  
              e3e3e3e3e3e3e3e3  
              c0e3e3e3e3e3e3e3  
              e3e3e3e3e3e3e3e3  
              a0e3e3e3e3e3e3e3  
              e3e3e3e3e3e3e3e3  
              f1f1fff1f6f6f6f1  
              e38080c0c0e0e0e0  
              f1f1fff1f1f1ede3  
              e3e38080c0e0e0e0  
              edf1f189e3e3e3e3  
              e3e3e38080c0e0e0  
              cdcdcde3e3e3e3e3  
              e3e3e380a0a0c0e0  
              e3e3e3e3e3e3e3e3  
              e3e3e3b7b7dfdfdf  
              e3e3e3e3e3e3e3e3  
              e3e3b7b7dfdfdfdf  
              e3e3e3e3e3e3e3e3  
              e3b7dfdfdfdfdfdf  
              e3e3e3e3e3e3e3e3  
              92dfdfdfdfdfdfdf  
              e3e3e3e3e3e3e389  
              92dfdfdfdf9292b7  
              e3e3e3e3e3e38989  
              9292b7b7b7e39292  
              e3e3e3e3e3e389cd  
              89899292e3e38989  
              e3e3e3e3e3e3cdcd  
              cd89e3e3e3e389f6  
              e3e3e3e3e3e389f6  
              8989e3e3e3e3cdf6  
              e3e3e3e3e3e3cdf6  
              f689e3e3e3e3e3cd  
              e3e3e3e3e3e3f1f6  
              f6e3e3e3e3e3e3e3  
              e3e3e3e3e3e3f6f6  
              e3e3e3e3e3e3e3e3  
              c0a0e3e3e3e3e3e3  
              e3e3e3e3e3e3e3e3  
              c0c0a0e3e3e3e3e3  
              e3e3e3e3e3e3e3e3  
              e0c0c0e3e3e3e3e3  
              e3e3e3e3e3e3e3e3  
              c0c0c0e3e3e3e3e3  
              e3e3e3e3e3e3e3e3  
              dfdf92e3e3e3e3e3  
              e3e3e3e3e3e3e3e3  
              dfdfb7e3e3e3e3e3  
              e3e3e3e3e3e3e3e3  
              dfdfb7e3e3e3e3e3  
              e3e3e3e3e3e3e3e3  
              dfb792e3e3e3e3e3  
              e3e3e3e3e3e3e3e3  
              b7b7b7e3e3e3e3e3  
              e3e3e3e3e3e3e3e3  
              92b792e3e3e3e3e3  
              e3e3e3e3e3e3e3e3  
              89b1e3e3e3e3e3e3  
              e3e3e3e3e3e3e3e3  
              ad89e3e3e3e3e3e3  
              e3e3e3e3e3e3e3e3  
              f6f6b1e3e3e3e3e3  
              e3e3e3e3e3e3e3e3  
              f6f6f6e3e3e3e3e3  
              e3e3e3e3e3e3e3e3  
              cdf6f6e3e3e3e3e3  
              e3e3e3e3e3e3e3e3  
              e3cdf5f5e3e3e3e3  
              e3e3e3e3e3e3e3e3  
              e3e3e3e3e3e3f1f1  
              e3e3e3e3e3e3e3e3  
              e3e3e3e3e3cdffff  
              e3e3e3e3e3e3e3e3  
              e3e3e3e3e3b7ffff  
              bbe3e3e3e3e3e3e3  
              e3e3e3e3e3ffb7ff  
              bbe3e3e3e3e3e3e3  
              e3e3e3e3b7b7ffff  
              ffe3e3e36de36de3  
              e3e3e3ffffffffff  
              b66de36de36de36d  
              e3e3e3e36de36de3  
              6de36de36de36de3  
              e3e3e36de36de36d  
              e36de36de3e3e3e3  
              e3e3e3e3e3e3e3e3  
              e3e3e3e3e3e3e3e3  
              e3e3e3e3e3e3e3e3  
              e3e3e3e3e3e3e3e3  
              e3e3e3e3e3e3e3e3  
              e3e3e3e3e3e3e3e3  
              e3e3e3e3e3e3e3e3  
              e3e3e3e3e3e3e3e3  
              e3e3e3e3e3e3e3e3  
              e3e3e3e3e3e3e3e3  
              e3e3e3e3e3e3e3e3  
              e3e3e3e3e3e3e3e3  
              e3e3e3e3e3e3e3e3  
              e3e3e3e3e3e3e3e3  
              e3e3e3e3e3e3e3e3  
              e3e3e3e3e3e3e3e3  
              e3e3ffffe3e3e3e3  
              e3e3e3e3e3e3e3e3  
              e3e3ffffffe3e3e3  
              e3e3e3e3e3e3e3e3  
              e3e396ffffe3e3e3  
              e3e3e3e3e3e3e3e3  
              e3e3ffffffffe3e3  
              e3e3e3e3e3e3e3e3  
              6de3b6b6b6b66de3  
              e3e3e3e3e3e3e3e3  
              e36de36de36de3e3  
              e3e3e3e3e3e3e3e3  
              6de3e3e3e3e3e3e3  
              e3e3e3e3e3e3e3e3  
              e3e3e3e3e3e3e3e3  
              e3e3e3e3e3e3e3e3  
              e3e3e3e3e3e3e3e3  
              e3e3e3e3e3e3e3e3  
              e3e3e3e3e3e3e3e3  
              e3e3e3e3e3e3e3e3  
              e3e3e3e3e3e3e3e3  
              e3e3e3e3e3e3e3e3  
              e3e3e3e3e3e3e3e3  
              e3e3e3e3e3e3e3e3  
              e3e3e3e3e3e3e3e3  
              e3e3e3e3e3e3e3e3  
              e3e3e3e3e3e3e3e3  
              e3e3e3e3e3e3e3e3  
              e3e3e3e3e3e3e3e3  
              e3e3e3e3e3e3e3e3  
              e3e3e3e3e3e3e3e3  
              e3e3e3e3e3e3e3e3  
    24                          
    25                          
