/tmp/tmpIIpOowWM.asm:
     1                          MODULE sprites_page_41_asm
     2                          LINE 0, "sprites_page_41.asm"
sprites_page_41.asm:
                                
     1                          	SECTION PAGE_41
     2                          
     3                          	PUBLIC _sprite_player_back_a_11, _sprite_player_back_a_13, _sprite_player_back_a_14, _sprite_player_back_a_15, _sprite_player_front_a_01
     4                          
     5                          _sprite_player_back_a_11:
     6  0000  08e0d0            	db 0x08, 0xe0, 0xd0
     7  0003  000000c020100001  	incbin "../assets/sprite_player_back_a_11.bin"
              c141200001c24100  
              1001c341101001c4  
              41201001c5411020  
              01c641202001c741  
              e3e3e3e3e3e3e3e3  
              e3e3e3e3e3e3e3e3  
              e3e3e3e3e3e3e3e3  
              e3e3e3e3e3e3e3e3  
              e3e3e3e3e3e3e3e3  
              e3e3e3e3e3e3e3e3  
              e3e3e3e3e3e3e3e3  
              e3e3e3e3e3e3e3e3  
              e3e3e3e3e3e3e3e3  
              e3e3e3e3e3e3e3e3  
              e3e3e3e3e3e3e3e3  
              e3e3e3e3e3e3e3e3  
              e3e3e3e3e3e3e3e3  
              e3e3e3e3e3e3e3e3  
              e3e3e3e3e3e3e3e3  
              e3e3e3e3e3e3e3e3  
              e3e3e3e3e3e3e3e3  
              e3e3e3e3e3e3e3e3  
              e3e3e3e3e3e3e3e3  
              e3e3e3e3e3e3e3e3  
              e3e3e3e3e3e3e3e3  
              e3e3e3e3e3e3e3e3  
              e3e3e3e3e3e3e3e3  
              e3e3e3e3e3e3e3e3  
              e3e3e3e3e3e3e3e3  
              e3e3e3e3e3e3e320  
              e3e3e3e3e3e3e3e3  
              e3e3e3e3e3e3e360  
              e3e3e3e3e3e3e3e3  
              e3e3e3e3e3e3e375  
              e3e3e3e3e3e3e3e3  
              e3e3e3e3e3e3e340  
              e3e3e3e3e3e3e3e3  
              e3e3e3e3e3e3e3e3  
              e3e3e3e3e3e3e3e3  
              e3e3e3e3e3e3e3e3  
              e3e3e3e3e3e3e3e3  
              e3e3e3e3e3e3e3e3  
              e3e3e3e3e3e3e3e3  
              e3e3e3e3e3e3e3e3  
              e3e3e3e3e3e3e3e3  
              e3e3e3e3e3e3e3e3  
              e3e3e3e3e3e3e3e3  
              e3e3e3e3e3e34045  
              e3e3e3e3e3e3e3e3  
              e3e3e3e3e3406969  
              e3e3e3e3e3e3e3e3  
              e3e3e3e3e3404545  
              e3e3e3e3e3e3e3e3  
              e3e3e3e3e392b7df  
              e3e3e3e3e3e3e3e3  
              e3e3e3e3e392b7df  
              e3e3408072e3e3e3  
              e3e3e3e3e3cd4045  
              607590e39071e3e3  
              e3e3e3e3e3404040  
              2090e390e39080e3  
              e3e3e3e3e3894040  
              90e390e390e39080  
              e3e3e3e3e3e34089  
              e390e390e390e380  
              e3e3e3e3e3b7ff89  
              90e390e394e39080  
              20e3e38080c0ffff  
              e3e3e3e3e3e3e3e3  
              e3e3e3e3e3e3e3e3  
              e3e3e3e3e3e3e3e3  
              e3e3e3e3e3e3e3e3  
              e3e3e3e3e3e3e3e3  
              e3e3e3e3e3e3e3e3  
              e3e3e3e3e3e3e3e3  
              e3e3e3e3e3e3e3e3  
              e3e3e3e3e3e3e3e3  
              e3e3e3e3e3e3e3e3  
              69696940e3e3e3e3  
              e3e3e3e3e3e3e3e3  
              4545694040e3e3e3  
              e3e3e3e3e3e3e3e3  
              6969694540e3e3e3  
              e3e3e3e3e3e3e3e3  
              dfdfdfb792e3e3e3  
              e3e3e3e3e3e3e3e3  
              dfdfdfb792e3e3e3  
              e3e3e3e3e3e3e3e3  
              45454540cde3e3e3  
              e3e3e3e3e3e3e3e3  
              4545454040e3e3e3  
              e3e3e3e3e3e3e3e3  
              4545454589e3e3e3  
              e3e3e3e3e3e3e3e3  
              40408940dfe3e3e3  
              e3e3e3e3e3e3e3e3  
              8989b7ff80e3e3e3  
              e3e3e3e3e3e3e3e3  
              ffb6b6808080e3e3  
              e3e3e3e3e3e3e3e3  
              e3e3e3e3e3e3e3e3  
              e3e3e3e3e3e3e380  
              e3e3e3e3e3e3e3e3  
              e3e3e3e3e3e3e3e3  
              e3e3e3e3e3e3e3e3  
              e3e3e3e3e3e3e3e3  
              e3e3e3e3e3e3e3e3  
              e3e3e3e3e3e3e3e3  
              e3e3e3e3e3e3e3e3  
              e3e3e3e3e3e3e3e3  
              e3e3e3e3e3e3e3e3  
              e3e3e3e3e3e3e3e3  
              e3e3e3e3e3e3e3e3  
              e3e3e3e3e3e3e3e3  
              e3e3e3e3e3e3e3e3  
              e3e3e3e3e3e3e3e3  
              e3e3e3e3e3e3e3e3  
              e3e3e3e3e3e3e3e3  
              e3e3e3e3e3e3e3e3  
              e3e3e3e3e3e3e3e3  
              e3e3e3e3e3e3e3e3  
              e3e3e3e3e3e3e3e3  
              e3e3e3e3e3e3e3e3  
              e3e3e3e3e3e3e3e3  
              e3e3e3e3e3e3e3e3  
              e3e3e3e3e3e3e3e3  
              e3e3e3e3e3e3e3e3  
              e3e3e3e3e3e3e3e3  
              e3e3e3e3e3e3e3e3  
              e3e3e3e3e3e3e3e3  
              e3e3e3e3e3e3e3e3  
              e3e3e3e3e3e3e3e3  
              e390e390e3948080  
              20e380c0e0c0c0c0  
              72e390e390e380e3  
              4080c0e0e0e0c0e0  
              e380a07171808040  
              e380c0e0e0e0e0e0  
              e3e3a0802020e3e3  
              c0c0c0e0e0e0e0e0  
              e3e3e3e3e3e3e3e3  
              f1c0c0c0c0e0e0e0  
              e3e3e3e3e3e3e3e3  
              f1f1cd80c0c0e0e0  
              e3e3e3e3e3e3e3e3  
              f1f6f6f6c0c0e0e0  
              e3e3e3e3e3e3e3e3  
              e3f1f1f1c0c0e0e0  
              e3e3e3e3e3e3e3e3  
              e3e3e3c0c0c0e0e0  
              e3e3e3e3e3e3e3e3  
              e3e3e3c0c0c0e0e0  
              e3e3e3e3e3e3e3e3  
              e3e3e380c0c0c0e0  
              e3e3e3e3e3e3e3e3  
              e3e3e3c0c0c0c0c0  
              e3e3e3e3e3e3e3e3  
              e3e3e3d6d6d6ffff  
              e3e3e3e3e3e3e3e3  
              e3e3e3d6fadfffff  
              e3e3e3e3e3e3e3e3  
              e3e3e3d6fadfffff  
              e3e3e3e3e3e3e3e3  
              e3e3e3d6d6faffff  
              c0c0c0c0c0c080e3  
              e3e3e3e3e3e3e3e3  
              c0e0c0e0e0c08080  
              e3e3e3e3e3e3e3e3  
              e0e0e0e0e0c0c0c0  
              80e3e3e3e3e3e3e3  
              e0e0e0e0c0c0c080  
              f6e3e3e3e3e3e3e3  
              e0e0e0e0c080f1f1  
              f6e3e3e3e3e3e3e3  
              e0e0e0c080f1f1f1  
              e3e3e3e3e3e3e3e3  
              e0e0e0c0f1f1f1e3  
              e3e3e3e3e3e3e3e3  
              e0e0e0c0e3e3e3e3  
              e3e3e3e3e3e3e3e3  
              e0e0c0c0e3e3e3e3  
              e3e3e3e3e3e3e3e3  
              e0e0c0c0c0e3e3e3  
              e3e3e3e3e3e3e3e3  
              e0c0e0c080e3e3e3  
              e3e3e3e3e3e3e3e3  
              c0c0c0c080e3e3e3  
              e3e3e3e3e3e3e3e3  
              ffffffd680e3e3e3  
              e3e3e3e3e3e3e3e3  
              ffffffffd6e3e3e3  
              e3e3e3e3e3e3e3e3  
              ffffffffd6e3e3e3  
              e3e3e3e3e3e3e3e3  
              ffffffffffe3e3e3  
              e3e3e3e3e3e3e3e3  
              e3e3e3e3e3e3e3e3  
              e3e3e3d6d6d6d6d6  
              e3e3e3e3e3e3e3e3  
              e3e3e3fafafa92d6  
              e3e3e3e3e3e3e3e3  
              e3e3e3d6d6d6d6e3  
              e3e3e3e3e3e3e3e3  
              e3e3e3cdf189cde3  
              e3e3e3e3e3e3e3e3  
              e3e3e3cdf1cdcde3  
              e3e3e3e3e3e3e3e3  
              e3e3e3cdf1f6f6e3  
              e3e3e3e3e3e3e3e3  
              e3e3e3cdf6f6cde3  
              e3e3e3e3e3e3e3e3  
              e3e3e3cdf6cde3e3  
              e3e3e3e3e3e3e3e3  
              e3e3e3cdf1cde3e3  
              e3e3e3e3e3e3e3e3  
              e3e3e396ff96e3e3  
              e3e3e3e3e3e3e3e3  
              e3e3e396ff96e3e3  
              e3e3e3e3e3e3e3e3  
              e3e3e3ffb6ffe3e3  
              e3e3e3e3e3e3e3e3  
              e3e396ff96ffffe3  
              e3e3e3e3e3e3e3e3  
              e36dffffffffd66d  
              e3e3e3e3e3e3e3e3  
              6de3b69696966de3  
              e3e3e3e3e3e3e3e3  
              e36de36de36de36d  
              d6ffffd6d6e3e3e3  
              e3e3e3e3e3e3e3e3  
              d6ffd6cdcde3e3e3  
              e3e3e3e3e3e3e3e3  
              d6d6cdcdf6e3e3e3  
              e3e3e3e3e3e3e3e3  
              e3e3cdcdf6e3e3e3  
              e3e3e3e3e3e3e3e3  
              e3e3f6f6f6e3e3e3  
              e3e3e3e3e3e3e3e3  
              e3cdf6f6cde3e3e3  
              e3e3e3e3e3e3e3e3  
              e3cdf1f6cde3e3e3  
              e3e3e3e3e3e3e3e3  
              e3e3f1f1cde3e3e3  
              e3e3e3e3e3e3e3e3  
              e3e3ffffe3e3e3e3  
              e3e3e3e3e3e3e3e3  
              e3e3ffff92e3e3e3  
              e3e3e3e3e3e3e3e3  
              e3b7ffb6ffe3e3e3  
              e3e3e3e3e3e3e3e3  
              e3ffb7b6ffe3e3e3  
              e3e3e3e3e3e3e3e3  
              e3dfffffffe3e3e3  
              e3e3e3e3e3e3e3e3  
              e3d69696966db6e3  
              e3e3e3e3e3e3e3e3  
              6de36de36de36de3  
              e3e3e3e3e3e3e3e3  
              e36de36de36de3e3  
              e3e3e3e3e3e3e3e3  
     8                          
     9                          _sprite_player_back_a_13:
    10  082b  06eed6            	db 0x06, 0xee, 0xd6
    11  082e  000000c020100001  	incbin "../assets/sprite_player_back_a_13.bin"
              c141001001c24110  
              1001c341002001c4  
              41102001c5410000  
              0040000000004000  
              e3e3e3e3e3e3e3e3  
              e3e3e3e3e3e3e3e3  
              e3e3e3e3e3e3e3e3  
              e3e3e3e3e3e3e340  
              e3e3e3e3e3e3e3e3  
              e3e3e3e3e3e3e340  
              e3e3e3e3e3e3e3e3  
              e3e3e3e3e3e3e392  
              e3e3e3e3e3e3e3e3  
              e3e3e3e3e3e3e392  
              e3e3e3e3e3e3e3e3  
              e3e3e3e3e3e3e3cd  
              e3e3e3e3e3e3e3e3  
              e3e3e3e3e3e3e340  
              e3e3e3e3e3e3e3e3  
              e3e3e3e3e3e3e369  
              e3e3e3e3e3e3e3e3  
              e3e3e3e3e3e3e3e3  
              e3e3e3e3e3e3e3e3  
              e3e3e3e3e3e3e3ff  
              e3e3e3e3e3e3e3e3  
              e3e3e3e3e38080e0  
              e3e3e3e3e3e3e3e3  
              e3e3e3e380c0e0e0  
              e3e3e3e3e3e3e3e3  
              e3e3e380c0e0e0e0  
              e3e3e3e3e3e3e3e3  
              e3e3e3a0c0e0e0e0  
              e3e3e3e3e3e3e3e3  
              e3e3e3a0c0c0e0c0  
              e3e3e3e3e3e3e3e3  
              e3e3e3c0c0c0c0c0  
              404569696940e3e3  
              e3e3e3e3e3e3e3e3  
              69694545694040e3  
              e3e3e3e3e3e3e3e3  
              45456969694540e3  
              e3e3e3e3e3e3e3e3  
              b7dfdfdfdfb792e3  
              e3e3e3e3e3e3e3e3  
              b7dfdfdfdfb792e3  
              e3e3e3e3e3e3e3e3  
              404545454540ade3  
              e3e3e3e3e3e3e3e3  
              40404545454040e3  
              e3e3e3e3e3e3e3e3  
              40404545454569e3  
              e3e3e3e3e3e3e3e3  
              408940408940e3e3  
              e3e3e3e3e3e3e3e3  
              ff896989b7ffff80  
              e3e3e3e3e3e3e3e3  
              c0ffb7b7b7c0c0c0  
              a0e3e3e3e3e3e3e3  
              e0e0e0c0e0e0e0e0  
              80e3e3e3e3e3e3e3  
              e0e0e0a0e0e0e0e0  
              c080e3e3e3e3e3e3  
              e0e0e0e0e0e0e0e0  
              c080e3e3e3e3e3e3  
              e0e0e0e0e0e0e0e0  
              c080e3e3e3e3e3e3  
              e0e0e0e0e0e0e0c0  
              c0c0e3e3e3e3e3e3  
              e3e3e3e3e3e3e3e3  
              e3e3e380adadc0c0  
              e3e3e3e3e3e3e3e3  
              e3e3e3adadad8980  
              e3e3e3e3e3e3e3e3  
              e3e3e3f1f1ad89e3  
              e3e3e3e3e3e3e3e3  
              e3e3e3f1f1ad89e3  
              e3e3e3e3e3e3e3e3  
              e3e3e3e3f1f180cd  
              e3e3e3e3e3e3e3e3  
              e3e3e3e3fffffff1  
              e3e3e380a0802020  
              e3e3e3f1fff1f1cd  
              e37280e394e38080  
              40e32000f1cdcde3  
              8094e394e394e380  
              e380e3e3f1f1cde3  
              40e390e394e39480  
              8040e3e3e3e3e3e3  
              7594e394e394e394  
              8020e3e3e3e3e3e3  
              60e394e390e394e3  
              20e3e3e3e3e3e3e3  
              2095e390e394e371  
              80e3e3e3e3e3e3e3  
              e36094e394e394a0  
              e3e3e3e3e3e3e3e3  
              e3e36071807280e3  
              e3e3e3e3e3e3e3ad  
              e3e3e3e3e3e3e3e3  
              e3e3e3e3e3e3e3ad  
              c0e0e0e0e0e0e0c0  
              c080e3e3e3e3e3e3  
              c0e0c0e0c0e0e0e0  
              c080e3e3e3e3e3e3  
              80c0c0e0e0e0e0e0  
              c080e3e3e3e3e3e3  
              cdc0c0e0c0c0e0c0  
              c0c0e3e3e3e3e3e3  
              cdcdc0c0c0e0c0e0  
              d6b7e3e3e3e3e3e3  
              f1cdc0c0c0dfdfdf  
              dfb7b7e3e3e3e3e3  
              f1f1dfdfdfdfdfdf  
              dfdfb7e3e3e3e3e3  
              e3b7ffdfdfdfdfdf  
              dfdfb7e3e3e3e3e3  
              b7ffdfdfdfdfb7df  
              dfdfb7e3e3e3e3e3  
              e3dfdfdfdfdfb7df  
              df9292e3e3e3e3e3  
              b7dfdfdfdfb79292  
              9292e3e3e3e3e3e3  
              8db7dfdfb792cdcd  
              cd8de3e3e3e3e3e3  
              8d8d8d8de38d89cd  
              cde3e3e3e3e3e3e3  
              8989d18de3cd89ad  
              89e3e3e3e3e3e3e3  
              cd8989e3e3d6cdcd  
              ade3e3e3e3e3e3e3  
              f6f6f6e3e3e3b1b1  
              f6d1e3e3e3e3e3e3  
              e3e3e3e3e3e3e3e3  
              e3e3e3e3e3e3e3ad  
              e3e3e3e3e3e3e3e3  
              e3e3e3e3e3e3e3f5  
              e3e3e3e3e3e3e3e3  
              e3e3e3e3e3e3e3ff  
              e3e3e3e3e3e3e3e3  
              e3e3e3e3e3e3ffff  
              e3e3e3e3e3e3e3e3  
              e3e3e3e3e3e3ffd6  
              e3e3e3e3e3e3e3e3  
              e3e3e3e3e3ffff96  
              e3e3e3e3e3e3e3e3  
              e3e3e3e3ffffffff  
              e3e3e3e3e3e3e3e3  
              e3e3e3e3b6b6b6b6  
              e3e3e3e3e3e3e3e3  
              e3e3e3e36de36de3  
              e3e3e3e3e3e3e3e3  
              e3e3e36de36de36d  
              e3e3e3e3e3e3e3e3  
              e3e3e3e3e3e3e3e3  
              e3e3e3e3e3e3e3e3  
              e3e3e3e3e3e3e3e3  
              e3e3e3e3e3e3e3e3  
              e3e3e3e3e3e3e3e3  
              e3e3e3e3e3e3e3e3  
              e3e3e3e3e3e3e3e3  
              e3e3e3e3e3e3e3e3  
              e3e3e3e3e3e3e3e3  
              e3e3e3e3e3e3e3e3  
              e3e3e3e3e3e3e3e3  
              f6f6e3e3e3e3adf1  
              f6cde3e3e3e3e3e3  
              f6f6e3e3e3e3e3f6  
              f6cde3e3e3e3e3e3  
              ffe3e3e3e3e3e3f6  
              f2f1e3e3e3e3e3e3  
              ffe3e3e3e3e3e3e3  
              ffffe3e3e3e3e3e3  
              b6e3e3e3e3e3e3e3  
              ffffffe3e3e3e3e3  
              ffe3e3e3e3e3e3e3  
              96ffffe3e3e3e3e3  
              ffe3e3e3e3e3e3e3  
              ffffffffe3e3e3e3  
              db6de36de36de36d  
              b6b6b6b6e3e3e3e3  
              6de36de36de36de3  
              6de36de36de3e3e3  
              e36de3e3e3e3e3e3  
              e3e3e3e3e3e3e3e3  
              e3e3e3e3e3e3e3e3  
              e3e3e3e3e3e3e3e3  
              e3e3e3e3e3e3e3e3  
              e3e3e3e3e3e3e3e3  
              e3e3e3e3e3e3e3e3  
              e3e3e3e3e3e3e3e3  
              e3e3e3e3e3e3e3e3  
              e3e3e3e3e3e3e3e3  
              e3e3e3e3e3e3e3e3  
              e3e3e3e3e3e3e3e3  
              e3e3e3e3e3e3e3e3  
              e3e3e3e3e3e3e3e3  
    12                          
    13                          _sprite_player_back_a_14:
    14  0e56  06fbd5            	db 0x06, 0xfb, 0xd5
    15  0e59  000000c020100001  	incbin "../assets/sprite_player_back_a_14.bin"
              c141001001c24110  
              1001c341002001c4  
              41102001c5410000  
              0040000000004000  
              e3e3e3e3e3e3e3e3  
              e3e3e3e3e3e3e3e3  
              e3e3e3e3e3e3e3e3  
              e3e3e3e3e3e3e3e3  
              e3e3e3e3e3e3e340  
              4569696940e3e3e3  
              e3e3e3e3e3e34069  
              694545694040e3e3  
              e3e3e3e3e3e34045  
              456969694540e3e3  
              e3e3e3e3e3e392b7  
              ffffffffb792e3e3  
              e3e3e3e3e3e392b7  
              ffffffffb792e3e3  
              e3e3e3e3e3e3cd40  
              4545454540cde3e3  
              e3e3e3e3e3e34040  
              404945454040e3e3  
              e3e3e3e3e3e38940  
              404545454589e3e3  
              e3e3e3e3e3e3e340  
              8940408940e3e3e3  
              e3e3e3e3a0a0b7ff  
              898989b7dfa0a080  
              e3e3e3a0a0a0e0ff  
              b7b7b7ffcde0a0a0  
              e3e3e3a0a0e0e0e0  
              e0e0e0e0e0e0e0a0  
              e3e3e380e0e0e0e0  
              e0e0e0e0e0e0e0a0  
              e3e3e380c0a0e0e0  
              e0e0e0e0e0e0c0c0  
              e3e3e38020e3e3e3  
              e3e3e3e3e3e3e3e3  
              e3e3e320e380e3e3  
              e3e3e3e3e3e3e3e3  
              e3e320e39020e3e3  
              e3e3e3e3e3e3e3e3  
              e3e38090e380e3e3  
              e3e3e3e3e3e3e3e3  
              e3e320e39420e3e3  
              e3e3e3e3e3e3e3e3  
              e3e3809420e3e3e3  
              e3e3e3e3e3e3e3e3  
              e32094e380e3e3e3  
              e3e3e3e3e3e3e3e3  
              e380e320e3e3e3e3  
              e3e3e3e3e3e3e3e3  
              e3202080e3e3e3e3  
              e3e3e3e3e3e3e3e3  
              e38020e3e3e3e3e3  
              e3e3e3e3e3e3e3e3  
              2080e3e3e3e3e3e3  
              e3e3e3e3e3e3e3e3  
              20e3e3e3e3e3e3e3  
              e3e3e3e3e3e3e3e3  
              80ffe3e3e3e3e3e3  
              e3e3e3e3e3e3e3e3  
              a0f6f6e3e3e3e3e3  
              e3e3e3e3e3e3e3e3  
              a0f6f6cde3e3e3e3  
              e3e3e3e3e3e3e3e3  
              c0f6f6cde3e3e3e3  
              e3e3e3e3e3e3e3e3  
              e3e3e3e380c0a0e0  
              e0e0e0e0e0c0c089  
              e3e3e3e3e380c0e0  
              e0e0e0c0c0c080e3  
              e3e3e3e3e3e380a0  
              a0e0e0e0e0e040e3  
              e3e3e3e3e3e380a0  
              e0e0e0e0e0c080e3  
              e3e3e3e3e3e380a0  
              c0e0e0e0e0e0e0e3  
              e3e3e3e3e3e3c0c0  
              a0e0c080808080e3  
              e3e3e3e3e3e38080  
              c0e0dfdfdfdfdfe3  
              e3e3e3e3e3e3b7df  
              dfdfdfdfdfdfdfb7  
              e3e3e3e3e3e3dfdf  
              dfdfdfdfdfdfdfb7  
              e3e3e3e3e3e3dfdf  
              dfb7b7b7dfdfdf92  
              e3e3e3e3e392dfdf  
              dfb7e3e3b7dfdfb7  
              e3e3e3e3e392dfb7  
              b7d6e3e3b7b7b792  
              e3e3e3e3e3929292  
              9292e3e389898989  
              e3e3e3e3e3e38989  
              8989e3e3b18989b1  
              e3e3e3e3e3e38989  
              8989e3e3b1b1b1cd  
              e3e3e3e3e3e3cdcd  
              cd89e3e3d1f6f6cd  
              89f6f6e3e3e3e3e3  
              e3e3e3e3e3e3e3e3  
              e38989e3e3e3e3e3  
              e3e3e3e3e3e3e3e3  
              e3e3e3e3e3e3e3e3  
              e3e3e3e3e3e3e3e3  
              e3e3e3e3e3e3e3e3  
              e3e3e3e3e3e3e3e3  
              e3e3e3e3e3e3e3e3  
              e3e3e3e3e3e3e3e3  
              e3e3e3e3e3e3e3e3  
              e3e3e3e3e3e3e3e3  
              e3e3e3e3e3e3e3e3  
              e3e3e3e3e3e3e3e3  
              e3e3e3e3e3e3e3e3  
              e3e3e3e3e3e3e3e3  
              e3e3e3e3e3e3e3e3  
              e3e3e3e3e3e3e3e3  
              e3e3e3e3e3e3e3e3  
              e3e3e3e3e3e3e3e3  
              e3e3e3e3e3e3e3e3  
              e3e3e3e3e3e3e3e3  
              e3e3e3e3e3e3e3e3  
              e3e3e3e3e3e3e3e3  
              e3e3e3e3e3e3e3e3  
              e3e3e3e3e3e3e3e3  
              e3e3e3e3e3e3e3e3  
              e3e3e3e3e3e3e3e3  
              e3e3e3e3e3e3e3e3  
              e3e3e3e3e3e3e3e3  
              e3e3e3e3e3e3e3e3  
              e3e3e3e3e3e3e3e3  
              e3e3e3e3e3f6f6cd  
              cdade3e3e3f6f6f6  
              e3e3e3dff5f6f6f6  
              ade3e3e3e3cdf6f6  
              e3dfdfdfdff1d1e3  
              e3e3e3e3e3e3cdf1  
              dfdfdfff96e3e3e3  
              e3e3e3e3e3dfdfe3  
              b6dfdf92e3e3e3e3  
              e3e3e3e3e3dfdfdf  
              e3dfdfffe3e3e3e3  
              e3e3e3e3e3b6dfdf  
              e3b6dfdfe3e3e3e3  
              e3e3e3e3e3b6dfdf  
              e3e3b6dfe36de3e3  
              e3e3e3e3e3b6b6df  
              6de36db66de36de3  
              6de36de36de3b6b6  
              e36de36de36de36d  
              e36de36de36de36d  
              e3e3e3e3e3e3e3e3  
              e3e3e3e3e3e3e3e3  
              e3e3e3e3e3e3e3e3  
              e3e3e3e3e3e3e3e3  
              e3e3e3e3e3e3e3e3  
              e3e3e3e3e3e3e3e3  
              e3e3e3e3e3e3e3e3  
              e3e3e3e3e3e3e3e3  
              e3e3e3e3e3e3e3e3  
              e3e3e3e3e3e3e3e3  
              e3e3e3e3e3e3e3e3  
              e3e3e3e3e3e3e3e3  
              e3e3e3e3e3e3e3e3  
              e3e3e3e3e3e3e3e3  
              e3e3e3e3e3e3e3e3  
              e3e3e3e3e3e3e3e3  
              e3e3e3e3e3e3e3e3  
              e3e3e3e3e3e3e3e3  
              e3e3e3e3e3e3e3e3  
              e3e3e3e3e3e3e3e3  
              e3e3e3e3e3e3e3e3  
              e3e3e3e3e3e3e3e3  
              e3e3e3e3e3e3e3e3  
              e3e3e3e3e3e3e3e3  
              dfe3e3e3e3e3e3e3  
              e3e3e3e3e3e3e3e3  
              dfe3e3e3e3e3e3e3  
              e3e3e3e3e3e3e3e3  
              b6e3e3e3e3e3e3e3  
              e3e3e3e3e3e3e3e3  
              e3e3e3e3e3e3e3e3  
              e3e3e3e3e3e3e3e3  
              e3e3e3e3e3e3e3e3  
              e3e3e3e3e3e3e3e3  
              e3e3e3e3e3e3e3e3  
              e3e3e3e3e3e3e3e3  
              e3e3e3e3e3e3e3e3  
              e3e3e3e3e3e3e3e3  
              e3e3e3e3e3e3e3e3  
              e3e3e3e3e3e3e3e3  
              e3e3e3e3e3e3e3e3  
              e3e3e3e3e3e3e3e3  
              e3e3e3e3e3e3e3e3  
              e3e3e3e3e3e3e3e3  
    16                          
    17                          _sprite_player_back_a_15:
    18  1481  06f9d5            	db 0x06, 0xf9, 0xd5
    19  1484  000000c020100001  	incbin "../assets/sprite_player_back_a_15.bin"
              c141001001c24110  
              1001c341002001c4  
              41102001c5410000  
              0040000000004000  
              e3e3e3e3e3e3e345  
              4569696940e3e3e3  
              e3e3e3e3e3e34069  
              694545694040e3e3  
              e3e3e3e3e3e34045  
              456969694540e3e3  
              e3e3e3e3e3e392b7  
              dfdfdfdfb792e3e3  
              e3e3e3e3e3e392b7  
              dfdfffffb792e3e3  
              e3e3e3e3e3e3cd40  
              4545454040cde3e3  
              e3e3e3e3e3807271  
              80a080404040e3e3  
              e3e3e3e340718991  
              457180204589e3e3  
              e3e3e38075e39040  
              9040908020e3e3e3  
              e3e3e360e390b790  
              899489718040e3e3  
              e3e3e32095c094ff  
              94b7948080802080  
              e3e3e360c090c090  
              e094c071804080f6  
              e3e3e38075c090e0  
              90e0908020e0c080  
              e3e3e3e34071e091  
              e0717120e0e0c0c0  
              e3e3e3e380807271  
              80a080e0e0c0c080  
              e3e3e3e3e380c0e0  
              e0e0e0e0c0c080f6  
              e3e3e3e3e3e3e3e3  
              e3e3e3e3e3e3e3e3  
              e3e3e3e3e3e3e3e3  
              e3e3e3e3e3e3e3e3  
              e3e3e3e3e3e3e3e3  
              e3e3e3e3e3e3e3e3  
              e3e3e3e3e3e3e3e3  
              e3e3e3e3e3e3e3e3  
              e3e3e3e3e3e3e3e3  
              e3e3e3e3e3e3e3e3  
              e3e3e3e3e3e3e3e3  
              e3e3e3e3e3e3e3e3  
              e3e3e3e3e3e3e3e3  
              e3e3e3e3e3e3e3e3  
              e3e3e3e3e3e3e3e3  
              e3e3e3e3e3e3e3e3  
              e3e3e3e3e3e3e3e3  
              e3e3e3e3e3e3e3e3  
              e3e3e3e3e3e3e3e3  
              e3e3e3e3e3e3e3e3  
              b620f0b1e3e3e3e3  
              e3e3e3e3e3e3e3e3  
              f60088f1f6e3e3e3  
              e3e3e3e3e3e3e3e3  
              f6f6dff6f6e3e3e3  
              e3e3e3e3e3e3e3e3  
              80ad89f6f6e3e3e3  
              e3e3e3e3e3e3e3e3  
              f6adf6dfdfe3e3e3  
              e3e3e3e3e3e3e3e3  
              f6f6fafafaade3e3  
              e3e3e3e3e3e3e3e3  
              e3e3e3e3e380c0c0  
              e0e0e0c0c08089f6  
              e3e3e3e3e380c0c0  
              e0e0e0c0e080e3ad  
              e3e3e3e3e380c0e0  
              e0e0e0e0c0e3e3e3  
              e3e3e3e3e3e0c0c0  
              c0e0e0c0c0e3e3e3  
              e3e3e3e3e3c0c0c0  
              c0c0c0a080e3e3e3  
              e3e3e3e3e38d9292  
              b692b69292e3e3e3  
              e3e3e3e3e3b6dfdf  
              dfdfdfdfb792e3e3  
              e3e3e3e3b6dfdfdf  
              dfdfdfdfdfb792e3  
              e3e3e3e3b6dfdfdf  
              dfb6dfdfdfdfb792  
              e3e3e3e3b6dfdfdf  
              b6e3b6dfdfdfdfb7  
              e3e3e3e3b6b6b6df  
              b6b6e3b6dfdfb7b6  
              e3e3e3e3e3b6b6b6  
              b6e3e3e3b6b6b6b6  
              e3e3e3e389898989  
              89e3e3e3e3898989  
              e3e3e3e38989cdcd  
              89e3e3e3e38989d1  
              e3e3e3f6f689cdcd  
              e3e3e3e3e3adf6d1  
              e3e3f6f6f6f6f1cd  
              e3e3e3e3e3d1f6f6  
              f6f6adadade3e3e3  
              e3e3e3e3e3e3e3e3  
              adade3e3e3e3e3e3  
              e3e3e3e3e3e3e3e3  
              e3e3e3e3e3e3e3e3  
              e3e3e3e3e3e3e3e3  
              e3e3e3e3e3e3e3e3  
              e3e3e3e3e3e3e3e3  
              e3e3e3e3e3e3e3e3  
              e3e3e3e3e3e3e3e3  
              e3e3e3e3e3e3e3e3  
              e3e3e3e3e3e3e3e3  
              e3e3e3e3e3e3e3e3  
              e3e3e3e3e3e3e3e3  
              e3e3e3e3e3e3e3e3  
              e3e3e3e3e3e3e3e3  
              e3e3e3e3e3e3e3e3  
              e3e3e3e3e3e3e3e3  
              e3e3e3e3e3e3e3e3  
              e3e3e3e3e3e3e3e3  
              89e3e3e3e3e3e3e3  
              e3e3e3e3e3e3e3e3  
              89e3e3e3e3e3e3e3  
              e3e3e3e3e3e3e3e3  
              d1e3e3e3e3e3e3e3  
              e3e3e3e3e3e3e3e3  
              d1e3e3e3e3e3e3e3  
              e3e3e3e3e3e3e3e3  
              cde3e3e3e3e3e3e3  
              e3e3e3e3e3e3e3e3  
              cde3e3e3e3e3e3e3  
              e3e3e3e3e3e3e3e3  
              e3e3f6f6f1cde3e3  
              e3e3e3e3e3f6f6f6  
              e3f6f1f1e3e3e3e3  
              e3e3e3e3e3e3f6f6  
              e3f6f6cde3e3e3e3  
              e3e3e3e3e3e3f2f1  
              e3dbb792e3e3e3e3  
              e3e3e3e3e3e3b6b7  
              dbb7dbe3e3e3e3e3  
              e3e3e3e3e3e392db  
              dfb7dbe3e3e3e3e3  
              e3e3e3e3e3e39292  
              b792dbe3e3e3e3e3  
              e3e3e3e3e3e392db  
              e3b7dbdf6de36de3  
              e3e3e3e3e3e39292  
              e392dfdfe36de36d  
              e36de36de36d9292  
              6de36de36de36de3  
              6de36de36de36de3  
              e3e3e3e3e3e3e3e3  
              e3e3e3e3e3e3e3e3  
              e3e3e3e3e3e3e3e3  
              e3e3e3e3e3e3e3e3  
              e3e3e3e3e3e3e3e3  
              e3e3e3e3e3e3e3e3  
              e3e3e3e3e3e3e3e3  
              e3e3e3e3e3e3e3e3  
              e3e3e3e3e3e3e3e3  
              e3e3e3e3e3e3e3e3  
              e3e3e3e3e3e3e3e3  
              e3e3e3e3e3e3e3e3  
              d1e3e3e3e3e3e3e3  
              e3e3e3e3e3e3e3e3  
              e3e3e3e3e3e3e3e3  
              e3e3e3e3e3e3e3e3  
              e3e3e3e3e3e3e3e3  
              e3e3e3e3e3e3e3e3  
              e3e3e3e3e3e3e3e3  
              e3e3e3e3e3e3e3e3  
              e3dbdfe3e3e3e3e3  
              e3e3e3e3e3e3e3e3  
              b6dbdfe3e3e3e3e3  
              e3e3e3e3e3e3e3e3  
              dfdfe3e3e3e3e3e3  
              e3e3e3e3e3e3e3e3  
              92e3e3e3e3e3e3e3  
              e3e3e3e3e3e3e3e3  
              e36de3e3e3e3e3e3  
              e3e3e3e3e3e3e3e3  
              6de36de3e3e3e3e3  
              e3e3e3e3e3e3e3e3  
              e3e3e3e3e3e3e3e3  
              e3e3e3e3e3e3e3e3  
              e3e3e3e3e3e3e3e3  
              e3e3e3e3e3e3e3e3  
              e3e3e3e3e3e3e3e3  
              e3e3e3e3e3e3e3e3  
              e3e3e3e3e3e3e3e3  
              e3e3e3e3e3e3e3e3  
              e3e3e3e3e3e3e3e3  
              e3e3e3e3e3e3e3e3  
              e3e3e3e3e3e3e3e3  
              e3e3e3e3e3e3e3e3  
    20                          
    21                          _sprite_player_front_a_01:
    22  1aac  05f5da            	db 0x05, 0xf5, 0xda
    23  1aaf  000000c020001001  	incbin "../assets/sprite_player_front_a_01.bin"
              c141101001c24100  
              2001c341102001c4  
              4100000040000000  
              0040000000004000  
              e3e3e3e3e3e389ad  
              898945e3e3e3e3e3  
              e3e3e3e3e389ad89  
              adad8945e3e3e3e3  
              e3e3e3e345894a57  
              57578945e3e3e3e3  
              e3e3e3e3454eb7df  
              dfdfb74ee3e3e3e3  
              e3e3e3e345b789cd  
              cdaddfb7e3e3e3e3  
              e3e3e345898945f6  
              f645f689e3e3e3e3  
              e3e3e34589adf6fa  
              fafafaade3e3e3e3  
              e3e3e3e34589f6fa  
              fafaade3e3e3e3e3  
              e3e3e3e3459289f6  
              f6ad92e3e3e3e3e3  
              e3e3e353b7b78989  
              8989b74ee3e3e3e3  
              e3e3535753b7cdad  
              89b753575753e3e3  
              e353535757dfb7b7  
              b7df5757575753e3  
              e3534e5357575757  
              57575753575753e3  
              e3534e4a57575757  
              5757535757534ee3  
              e389534a53575757  
              57574e5353534ee3  
              e3adf689e3535357  
              575389f6faad4ee3  
              e3cdf6cde3e35353  
              5389fafafacd4ee3  
              e3cdf6cde3e3e34e  
              cdfafafacd4e4e92  
              e3f6f6cde3e3b7df  
              92fafacdad4eb7b7  
              e3dbb792e3fafacd  
              df92adb7b792b7df  
              adf6db92e3fafacd  
              facdb792b7dfdfdf  
              f6faf6e3e3f6f6ad  
              e3e3b792dfdfdfdf  
              cdfacd20e3e3e3e3  
              e3e38992cddfb7b7  
              e3e388b680e32020  
              a0e389cdf6cdcdb7  
              e3e3e3e320808090  
              e32089cdfafaf689  
              e3e3e3e3e3408094  
              90e3e3cdfacdf689  
              e3e3e3e3e32071e3  
              909040fafacdcde3  
              e3e3e3e3e320e394  
              90e3cdf6cdf6ad89  
              e3e3e3e3e32090e3  
              949080f689cd89ad  
              e3e3e3e3e38071e3  
              e395f68989e389cd  
              e3e3e3e3e3e3a091  
              e3cd2089e3e3e389  
              e3e3e3e3e3e3e372  
              2080cd89e3e3e3e3  
              e3e3e3e3e3e3e3e3  
              e3e3e3e3e3e3e3e3  
              e3e3e3e3e3e3e3e3  
              e3e3e3e3e3e3e3e3  
              e3e3e3e3e3e3e3e3  
              e3e3e3e3e3e3e3e3  
              b7e3e3e3e3e3e3e3  
              e3e3e3e3e3e3e3e3  
              92e3e3e3e3e3e3e3  
              e3e3e3e3e3e3e3e3  
              b7e3e3e3e3e3e3e3  
              e3e3e3e3e3e3e3e3  
              89e3e3e3e3e3e3e3  
              e3e3e3e3e3e3e3e3  
              89e3e3e3e3e3e3e3  
              e3e3e3e3e3e3e3e3  
              e3e3e3e3e3e3e3e3  
              e3e3e3e3e3e3e3e3  
              e3e3e3e3e3e3e3e3  
              e3e3e3e3e3e3e3e3  
              e3e3e3e3e3e3e3e3  
              e3e3e3e3e3e3e3e3  
              e3e3e3e3e3e3e3e3  
              e3e3e3e3e3e3e3e3  
              89e3e3e3e3e3e3e3  
              e3e3e3e3e3e3e3e3  
              89e3e3e3e3e3e3e3  
              e3e3e3e3e3e3e3e3  
              cdb7e3e3e3e3e3e3  
              e3e3e3e3e3e3e3e3  
              92b7dbe3e3e3e3e3  
              e3e3e3e3e3e3e3e3  
              e3e3e3e3e3e3e3e3  
              e3cd89e3e3e3e3e3  
              e3e3e3e3e3e3e3e3  
              92dfb7e3e3e3e3e3  
              e3e3e3e3e3e3e3e3  
              dbb792e3e3e3e3e3  
              e3e3e3e3e3e3dfdf  
              9292b76de36de36d  
              e3e3e3e3e3dfdfdf  
              b7df92e36de36de3  
              e3e3e3e3e36de36d  
              e36de36de3e3e3e3  
              e3e3e3e3e3e3e3e3  
              e3e3e3e3e3e3e3e3  
              e3e3e3e3e3e3e3e3  
              e3e3e3e3e3e3e3e3  
              e3e3e3e3e3e3e3e3  
              e3e3e3e3e3e3e3e3  
              e3e3e3e3e3e3e3e3  
              e3e3e3e3e3e3e3e3  
              e3e3e3e3e3e3e3e3  
              e3e3e3e3e3e3e3e3  
              e3e3e3e3e3e3e3e3  
              e3e3e3e3e3e3e3e3  
              e3e3e3e3e3e3e3e3  
              e3e3e3e3e3e3e3e3  
              e3e3e3e3e3e3e3e3  
              e3e3e3e3e3e3e3e3  
              e3e3e3e3e3e3e3e3  
              e3e3e3e3e3e3e3e3  
              e3e3e3e3e3e3e3e3  
              e3e3e3e3e3e3e3e3  
              e392b7dfe3e3e3e3  
              e3e3e3e3e3e3e3e3  
              e3db92b7e3e3e3e3  
              e3e3e3e3e3e3e3e3  
              dfdbb7e3e3e3e3e3  
              e3e3e3e3e3e3e3e3  
              dfdf926de3e3e3e3  
              e3e3e3e3e3e3e3e3  
              6de36de3e3e3e3e3  
              e3e3e3e3e3e3e3e3  
              e3e3e3e3e3e3e3e3  
              e3e3e3e3e3e3e3e3  
              e3e3e3e3e3e3e3e3  
              e3e3e3e3e3e3e3e3  
              e3e3e3e3e3e3e3e3  
              e3e3e3e3e3e3e3e3  
              e3e3e3e3e3e3e3e3  
              e3e3e3e3e3e3e3e3  
              e3e3e3e3e3e3e3e3  
              e3e3e3e3e3e3e3e3  
              e3e3e3e3e3e3e3e3  
              e3e3e3e3e3e3e3e3  
              e3e3e3e3e3e3e3e3  
              e3e3e3e3e3e3e3e3  
              e3e3e3e3e3e3e3e3  
              e3e3e3e3e3e3e3e3  
              e3e3e3e3e3e3e3e3  
              e3e3e3e3e3e3e3e3  
              e3e3e3e3e3e3e3e3  
              e3e3e3e3e3e3e3e3  
              e3e3e3e3e3e3e3e3  
              e3e3e3e3e3e3e3e3  
    24                          
    25                          
