/tmp/tmpQWI2v45D.asm:
     1                          MODULE tilemap_patterns_asm
     2                          LINE 0, "tilemap_patterns.asm"
tilemap_patterns.asm:
                                
     1                          PUBLIC _game_patterns, _game_palette, _game_palette_end
     2                          PUBLIC _menu_patterns, _menu_palette, _menu_palette_end
     3                          
     4                          ; TODO: find a better solution more tidy than this and find a an alternative location for the balloon tilemap
     5                          
     6                          SECTION PAGE_99
     7                          
     8                          ; -------------------------------------------------------------
     9                          ; Game fonts
    10                          ; -------------------------------------------------------------
    11                          
    12                          _game_patterns:
    13  0000  0082940008c90388      binary "../build/fonts/tiledefs.bin.zx7"
              540308030557550a  
              07690308920388ff  
              030a001da2008853  
              00804c0322806900  
              1d50f43d0380d303  
              26608074883d0dee  
              ee888e03e87307fc  
              003f00489a378032  
              080777030a04a400  
              0fff27144e16f801  
              5863ef2e00178c00  
              86a21a501fffb41c  
              b61f1d8885e100cb  
              1c1fa44086352335  
              7e0fc7250bcc1f23  
              f0a40e6f2f1f2b23  
              f047e3222347c7bc  
              21d1006f2c278698  
              5df82302fb0fac0c  
              825ef6020b68a737  
              f6049c1bf6662696  
              2b9f13f67f030b86  
              df13661b034d2bff  
              2668f62b05e631f3  
              6f8487b727535d6f  
              0454030738b93f61  
              01c2618a196600b1  
              f89e5f1a2287633d  
              ff3f711a73b1eb9c  
              bf21a81ad493e800  
              ff0eff6f0935200f  
              4a38f838f871174d  
              cc3e191715529e7f  
              19004e55bfc87fa9  
              03110ff89f1f0e01  
              0dbe3f871f239681  
              2e07331f13d21187  
              550704711d07b57f  
              193080257f7ce20f  
              f91f0ca6150347ff  
              5c7f1c38df172073  
              23cd03303c1ff312  
              f103024a3f8e08b6  
              036efb6bee9f8f02  
              0e70e8a3e6c996e8  
              3c67e19861e73c0b  
              6c7f5a007fe1024a  
              1f3f9e0a193f9c9c  
              2131bfb97786c138  
              ff7b13c5277f20f7  
              05030f1b1ff1301a  
              23e065c3189f324b  
              2f37505e9d1f120f  
              8ff892b68f11df2e  
              1760a1949fee093d  
              3f7f15671e3f878a  
              1fe307c2bf7e7f17  
              266713ff0e1f2e07  
              161f47f8c77f8cf7  
              f007c71f3e7002a1  
              ffdc2226ff7384c3  
              5c07289f91704791  
              9f5408e78e191f2e  
              52138f65ff9bf705  
              0c071ebfb235bbd5  
              052cc707dc5f135c  
              0726bf36f730a99f  
              7c4e17d05f943fb1  
              73b007e71f020a9a  
              9f87dc078f7f7c3f  
              4d77c70784df6bb7  
              54037a3f882e1c13  
              bf0b13e434fe1923  
              07c6bf3e03139f0b  
              01b09f478f849fe9  
              1f87901b7f98bf44  
              84e3e3ff0c14bf32  
              9fb2fc03010f34ff  
              551a6183098aff87  
              1abf68e1c28446bf  
              1bbf09d317f8da9e  
              88111f4c8fdf5c01  
              28bf33dc3b077d1f  
              f31d012cbf269f13  
              c4b3933fc60f84df  
              78de5c136bbf5c28  
              fc081d7c3f79e3c5  
              f13f0eada30e5c9f  
              a1af195f6d8038b7  
              5c0735df50b2bfc5  
              1c83379f534703cf  
              3f5b14df50aabf5c  
              23263f8fe70f5ce6  
              230b8f7f8fbfa86c  
              bf2a0314bff8599f  
              23e120495fdaff14  
              9f5e0e1cff4bd729  
              dafb680351ff6703  
              8376ff8a8378e83f  
              e29b428fd17f25e3  
              0cb2ff8f14dfa8c9  
              80b1908759fff806  
              8dffdc033b902d56  
              ffd1935b41065bff  
              4f18c47b34e36a1f  
              8719ff24003000aa  
              5caa03331d2f0009  
              0ec0030020        
    14                          _game_palette:
    15  0365  e303c0c3186dd8db      binary "../build/fonts/palettes.bin"
              0003e0e41c1ffcff  
              00030000006d00db  
              c00000000000fcff  
              0003c0c318ffd800  
              ff03e0e41c1fc000  
              0003c0c31800d8d9  
              00031fe41c1ffcfe  
              0003c0c31800d893  
              0003e0e41c1ffc1f  
              0003c0c31800d8c0  
              0003e0e41c1ffce0  
    16                          _game_palette_end:
    17                          
    18                          ; -------------------------------------------------------------
    19                          ; Menu fonts
    20                          ; -------------------------------------------------------------
    21                          
    22                          _menu_patterns:
    23  03c5  00808500521102ee      binary "../build/fonts/menu-tiledefs.bin.zx7"
              9403dd03cca503bb  
              2903aa0399311c00  
              ee4a04dd0352cc03  
              bb9403aa0399bd18  
              1d884a037703bc43  
              0311446544033333  
              ce0b3b118d68e303  
              f67c00107deecc03  
              dddd03cccccf03bb  
              bb037e3410017e10  
              10541f1b3ad910f4  
              1fda6000eeb003e1  
              ff5f005f00aa5f0f  
              98e12cd63a1e7ffd  
              031d7fbb7f7f1e03  
              f81e03fe531e7702  
              676600115500a908  
              440f33f330040f9d  
              23f41e031e10af1e  
              0b1ed70333371885  
              32c82f87157f4180  
              347ed67fff3f047e  
              ff031d031dcd031e  
              ff00606160d06181  
              56037f44e800fe79  
              61a7601d891eee05  
              1d327f40fee800df  
              7f625f01eb5f7f61  
              d3609945248d9f04  
              a6b97fff4af259ff  
              576203f35f0384fe  
              4c5ee19ed01d9ec7  
              849e50807f027f03  
              a77f0060a280e103  
              93ff9cc7ee0a2e03  
              24e0e6ff0a05d37d  
              00859e7d087f0323  
              7f22a37fd2ff7952  
              a11d94ffe11ed3da  
              82e5ffa2ffae7e7f  
              8b8003ca803e7f24  
              e82678a1e0a5feb1  
              ff796603e0d8e052  
              0333791ee7273752  
              440333680b987db1  
              ff54117f6bff45c3  
              470dffd6337f8013  
              b7ff031aff2a6603  
              4e55b710db804eff  
              732480b21d4b2103  
              0b1dffb580517ee0  
              d601e011137f85f7  
              7c1c7f03e5fe7013  
              a1ff5b807602ff9f  
              007e347f5c03c187  
              fd1d031dca0b80f6  
              e17403559e7130da  
              6e033a471f009e47  
              1f1d8301ff9e031a  
              8b9b039cff217977  
              c2ff782f7ca72059  
              009e6171ff9dff23  
              caffc2ff3dff21d9  
              58a7039f8e0332ff  
              23d2ff78ff8ddf38  
              7cefa3e2ff7afe8b  
              ff991affbe7e1d03  
              3e1f79df9dfe23f6  
              ff3f1f1dd016339a  
              ff75027f16fff3cc  
              ff7cff41bbff4aff  
              b1f07f7eff139cff  
              50e047e6ff7f779b  
              22008b1e4311737f  
              04bf317f3aff4fbb  
              d07aff3167aa35ff  
              fc610b57ffcf7f3f  
              ff4f7f3ffec4fcff  
              40b74584fff01ea7  
              ff23113aff71df9d  
              ffa3677fee69cefe  
              78003fff39c6ff0c  
              207ffdff2170ffb9  
              64e243a71e1f9eff  
              e7ff485dffe3e6ff  
              77ff87c2ff7eff87  
              ceff0496ff8367ff  
              9a6027e8239bff00  
              e11df87fdac7b4ff  
              8ffff9e31ddeff04  
              6aff89ffe9e77f39  
              85e2ff04edff8919  
              a3e1f8037fd2ff8a  
              ff6a0ba1fd897ffb  
              047ffff9e311aef2  
              8a9cbc7f03fe7b03  
              9e385faea7c66f7d  
              00f97d00e30ebe96  
              77ff89ee29cae0e3  
              00e35866ff14779e  
              5c73ff9cff2306e1  
              30ffa5ff08afff94  
              ff28e0fc03e123e7  
              68ff09e13f4e8f99  
              80fb03ff4a0ae760  
              008bff9b1d89ff69  
              92fe29ffa7618eff  
              68d87ff3ff8f7f8f  
              df58667fe69e11ff  
              ebe1c41126ffb344  
              00aaff110d7a7f20  
              3ce71f9fc9e17f8b  
              e09ba022739e1fe7  
              0080082cffb88b7f  
              a0285effa3faffaa  
              206bd3801fe300c2  
              9e0e46ff6440013e  
              ff3723179fb0feff  
              c1d0ffc280ff008f  
              ff0835ffe8891ee7  
              00ff587e7f3e6729  
              1e110541ff084c7f  
              fe112fff3c7f70e0  
              443fff1ec703c4ff  
              1a24ff4ce3dc0014  
              acff3eff33426043  
              ff349ffc0320e9ff  
              0cb4ff7560542009  
              5880d380ceffb0ec  
              ffdeffc317ff3eff  
              c14eff55ffd4037b  
              ffc7ecff27c790b1  
              9ea2008e9e71de84  
              86ff52ff9fff2b1c  
              7f9a8fa0acff6a20  
              b9031fef9f1cab7f  
              478786ff7aff9c9f  
              21a8ff8f7f9cffe1  
              c8007dff67609ca0  
              62a11e797f7aff78  
              7ff0ff9effeb011d  
              83f3ff83297fd2ff  
              09e77f1fb0ff8f7f  
              8137ff23daff0fe6  
              ff187f91802d812e  
              7f1fff89c2fe3ef7  
              20e2ff23e07f94ff  
              271f8fff383bffc8  
              2cff08f5ff87caff  
              60808f7f9e9d27ff  
              6951dd110c02ff11  
              782027ff2bff9e11  
              3eff671e98fd5000  
              8cffd1e0ff036003  
              ff620362031fff3f  
              037dff037e037e3c  
              1d133cff55ffa000  
              d9ff21f0ff83f97f  
              c280aa2bffecff23  
              5eff72ff82aaff85  
              1fff1da89e86deff  
              3effeb7f1da49ef9  
              011e8180110e14ff  
              a180e11480c1030d  
              ffd8e02700e008f8  
              5fdcff9e9ee1faff  
              8fff4853ffe7fe59  
              e17f93ff97ff2088  
              ffe7ff492200c2ff  
              321e1fff08ecff9c  
              ff275784c2ff60df  
              feffa861dff5ff8e  
              ff1999ff00dc1d47  
              d7031735e0fd0361  
              06feff121eff6000  
              8bff69e60337ac7e  
              ff2107fee703de49  
              d2df2dffa13900e7  
              570a85e727ff69f6  
              fe7cffe10870ff9e  
              a8e7578dff0c9d7a  
              039e3dffe9fe679e  
              ab039e373cff228f  
              ffff24552aff1761  
              5c027f67e0c554ff  
              b2217f031c041c3b  
              fe5d36c31537001e  
              033c0079e0c2711f  
              e7ff000080        
    24                          _menu_palette:
    25  09b2  e3004f4f53737393      binary "../build/fonts/menu-palettes.bin"
              97b7b7bbdbdbffff  
              e380ffffffffffff  
              ffffffffffffffff  
    26                          _menu_palette_end:
    27                          
    28                          
    29                          
    30                          
