/tmp/tmp64LtH5of.asm:
     1                          MODULE zxn_c
     2                          LINE 0, "zxn.c"
zxn.c:
                                
     1                          ;--------------------------------------------------------
     2                          ; File Created by SDCC : free open source ISO C Compiler
     3                          ; Version 4.3.0 #14210 (Mac OS X ppc)
     4                          ;--------------------------------------------------------
     5                          	.zxn
     6                          ; Processed by Z88DK
     7                          ;--------------------------------------------------------
     8                          
     9                          	EXTERN __divschar
    10                          	EXTERN __divschar_callee
    11                          	EXTERN __divsint
    12                          	EXTERN __divsint_callee
    13                          	EXTERN __divslong
    14                          	EXTERN __divslong_callee
    15                          	EXTERN __divslonglong
    16                          	EXTERN __divslonglong_callee
    17                          	EXTERN __divsuchar
    18                          	EXTERN __divsuchar_callee
    19                          	EXTERN __divuchar
    20                          	EXTERN __divuchar_callee
    21                          	EXTERN __divuint
    22                          	EXTERN __divuint_callee
    23                          	EXTERN __divulong
    24                          	EXTERN __divulong_callee
    25                          	EXTERN __divulonglong
    26                          	EXTERN __divulonglong_callee
    27                          	EXTERN __divuschar
    28                          	EXTERN __divuschar_callee
    29                          	EXTERN __modschar
    30                          	EXTERN __modschar_callee
    31                          	EXTERN __modsint
    32                          	EXTERN __modsint_callee
    33                          	EXTERN __modslong
    34                          	EXTERN __modslong_callee
    35                          	EXTERN __modslonglong
    36                          	EXTERN __modslonglong_callee
    37                          	EXTERN __modsuchar
    38                          	EXTERN __modsuchar_callee
    39                          	EXTERN __moduchar
    40                          	EXTERN __moduchar_callee
    41                          	EXTERN __moduint
    42                          	EXTERN __moduint_callee
    43                          	EXTERN __modulong
    44                          	EXTERN __modulong_callee
    45                          	EXTERN __modulonglong
    46                          	EXTERN __modulonglong_callee
    47                          	EXTERN __moduschar
    48                          	EXTERN __moduschar_callee
    49                          	EXTERN __mulint
    50                          	EXTERN __mulint_callee
    51                          	EXTERN __mullong
    52                          	EXTERN __mullong_callee
    53                          	EXTERN __mullonglong
    54                          	EXTERN __mullonglong_callee
    55                          	EXTERN __mulschar
    56                          	EXTERN __mulschar_callee
    57                          	EXTERN __mulsuchar
    58                          	EXTERN __mulsuchar_callee
    59                          	EXTERN __muluchar
    60                          	EXTERN __muluchar_callee
    61                          	EXTERN __muluschar
    62                          	EXTERN __muluschar_callee
    63                          	EXTERN __rlslonglong
    64                          	EXTERN __rlslonglong_callee
    65                          	EXTERN __rlulonglong
    66                          	EXTERN __rlulonglong_callee
    67                          	EXTERN __rrslonglong
    68                          	EXTERN __rrslonglong_callee
    69                          	EXTERN __rrulonglong
    70                          	EXTERN __rrulonglong_callee
    71                          	EXTERN ___mulsint2slong
    72                          	EXTERN ___mulsint2slong_callee
    73                          	EXTERN ___muluint2ulong
    74                          	EXTERN ___muluint2ulong_callee
    75                          	EXTERN ___sdcc_call_hl
    76                          	EXTERN ___sdcc_call_iy
    77                          	EXTERN ___sdcc_enter_ix
    78                          	EXTERN banked_call
    79                          	EXTERN _banked_ret
    80                          	EXTERN ___fs2schar
    81                          	EXTERN ___fs2schar_callee
    82                          	EXTERN ___fs2sint
    83                          	EXTERN ___fs2sint_callee
    84                          	EXTERN ___fs2slong
    85                          	EXTERN ___fs2slong_callee
    86                          	EXTERN ___fs2slonglong
    87                          	EXTERN ___fs2slonglong_callee
    88                          	EXTERN ___fs2uchar
    89                          	EXTERN ___fs2uchar_callee
    90                          	EXTERN ___fs2uint
    91                          	EXTERN ___fs2uint_callee
    92                          	EXTERN ___fs2ulong
    93                          	EXTERN ___fs2ulong_callee
    94                          	EXTERN ___fs2ulonglong
    95                          	EXTERN ___fs2ulonglong_callee
    96                          	EXTERN ___fsadd
    97                          	EXTERN ___fsadd_callee
    98                          	EXTERN ___fsdiv
    99                          	EXTERN ___fsdiv_callee
   100                          	EXTERN ___fseq
   101                          	EXTERN ___fseq_callee
   102                          	EXTERN ___fsgt
   103                          	EXTERN ___fsgt_callee
   104                          	EXTERN ___fslt
   105                          	EXTERN ___fslt_callee
   106                          	EXTERN ___fsmul
   107                          	EXTERN ___fsmul_callee
   108                          	EXTERN ___fsneq
   109                          	EXTERN ___fsneq_callee
   110                          	EXTERN ___fssub
   111                          	EXTERN ___fssub_callee
   112                          	EXTERN ___schar2fs
   113                          	EXTERN ___schar2fs_callee
   114                          	EXTERN ___sint2fs
   115                          	EXTERN ___sint2fs_callee
   116                          	EXTERN ___slong2fs
   117                          	EXTERN ___slong2fs_callee
   118                          	EXTERN ___slonglong2fs
   119                          	EXTERN ___slonglong2fs_callee
   120                          	EXTERN ___uchar2fs
   121                          	EXTERN ___uchar2fs_callee
   122                          	EXTERN ___uint2fs
   123                          	EXTERN ___uint2fs_callee
   124                          	EXTERN ___ulong2fs
   125                          	EXTERN ___ulong2fs_callee
   126                          	EXTERN ___ulonglong2fs
   127                          	EXTERN ___ulonglong2fs_callee
   128                          	EXTERN ____sdcc_2_copy_src_mhl_dst_deix
   129                          	EXTERN ____sdcc_2_copy_src_mhl_dst_bcix
   130                          	EXTERN ____sdcc_4_copy_src_mhl_dst_deix
   131                          	EXTERN ____sdcc_4_copy_src_mhl_dst_bcix
   132                          	EXTERN ____sdcc_4_copy_src_mhl_dst_mbc
   133                          	EXTERN ____sdcc_4_ldi_nosave_bc
   134                          	EXTERN ____sdcc_4_ldi_save_bc
   135                          	EXTERN ____sdcc_4_push_hlix
   136                          	EXTERN ____sdcc_4_push_mhl
   137                          	EXTERN ____sdcc_lib_setmem_hl
   138                          	EXTERN ____sdcc_ll_add_de_bc_hl
   139                          	EXTERN ____sdcc_ll_add_de_bc_hlix
   140                          	EXTERN ____sdcc_ll_add_de_hlix_bc
   141                          	EXTERN ____sdcc_ll_add_de_hlix_bcix
   142                          	EXTERN ____sdcc_ll_add_deix_bc_hl
   143                          	EXTERN ____sdcc_ll_add_deix_hlix
   144                          	EXTERN ____sdcc_ll_add_hlix_bc_deix
   145                          	EXTERN ____sdcc_ll_add_hlix_deix_bc
   146                          	EXTERN ____sdcc_ll_add_hlix_deix_bcix
   147                          	EXTERN ____sdcc_ll_asr_hlix_a
   148                          	EXTERN ____sdcc_ll_asr_mbc_a
   149                          	EXTERN ____sdcc_ll_copy_src_de_dst_hlix
   150                          	EXTERN ____sdcc_ll_copy_src_de_dst_hlsp
   151                          	EXTERN ____sdcc_ll_copy_src_deix_dst_hl
   152                          	EXTERN ____sdcc_ll_copy_src_deix_dst_hlix
   153                          	EXTERN ____sdcc_ll_copy_src_deixm_dst_hlsp
   154                          	EXTERN ____sdcc_ll_copy_src_desp_dst_hlsp
   155                          	EXTERN ____sdcc_ll_copy_src_hl_dst_de
   156                          	EXTERN ____sdcc_ll_copy_src_hlsp_dst_de
   157                          	EXTERN ____sdcc_ll_copy_src_hlsp_dst_deixm
   158                          	EXTERN ____sdcc_ll_lsl_hlix_a
   159                          	EXTERN ____sdcc_ll_lsl_mbc_a
   160                          	EXTERN ____sdcc_ll_lsr_hlix_a
   161                          	EXTERN ____sdcc_ll_lsr_mbc_a
   162                          	EXTERN ____sdcc_ll_push_hlix
   163                          	EXTERN ____sdcc_ll_push_mhl
   164                          	EXTERN ____sdcc_ll_sub_de_bc_hl
   165                          	EXTERN ____sdcc_ll_sub_de_bc_hlix
   166                          	EXTERN ____sdcc_ll_sub_de_hlix_bc
   167                          	EXTERN ____sdcc_ll_sub_de_hlix_bcix
   168                          	EXTERN ____sdcc_ll_sub_deix_bc_hl
   169                          	EXTERN ____sdcc_ll_sub_deix_hlix
   170                          	EXTERN ____sdcc_ll_sub_hlix_bc_deix
   171                          	EXTERN ____sdcc_ll_sub_hlix_deix_bc
   172                          	EXTERN ____sdcc_ll_sub_hlix_deix_bcix
   173                          	EXTERN ____sdcc_load_debc_deix
   174                          	EXTERN ____sdcc_load_dehl_deix
   175                          	EXTERN ____sdcc_load_debc_mhl
   176                          	EXTERN ____sdcc_load_hlde_mhl
   177                          	EXTERN ____sdcc_store_dehl_bcix
   178                          	EXTERN ____sdcc_store_debc_hlix
   179                          	EXTERN ____sdcc_store_debc_mhl
   180                          	EXTERN ____sdcc_cpu_pop_ei
   181                          	EXTERN ____sdcc_cpu_pop_ei_jp
   182                          	EXTERN ____sdcc_cpu_push_di
   183                          	EXTERN ____sdcc_outi
   184                          	EXTERN ____sdcc_outi_128
   185                          	EXTERN ____sdcc_outi_256
   186                          	EXTERN ____sdcc_ldi
   187                          	EXTERN ____sdcc_ldi_128
   188                          	EXTERN ____sdcc_ldi_256
   189                          	EXTERN ____sdcc_4_copy_srcd_hlix_dst_deix
   190                          	EXTERN ____sdcc_4_and_src_mbc_mhl_dst_deix
   191                          	EXTERN ____sdcc_4_or_src_mbc_mhl_dst_deix
   192                          	EXTERN ____sdcc_4_xor_src_mbc_mhl_dst_deix
   193                          	EXTERN ____sdcc_4_or_src_dehl_dst_bcix
   194                          	EXTERN ____sdcc_4_xor_src_dehl_dst_bcix
   195                          	EXTERN ____sdcc_4_and_src_dehl_dst_bcix
   196                          	EXTERN ____sdcc_4_xor_src_mbc_mhl_dst_debc
   197                          	EXTERN ____sdcc_4_or_src_mbc_mhl_dst_debc
   198                          	EXTERN ____sdcc_4_and_src_mbc_mhl_dst_debc
   199                          	EXTERN ____sdcc_4_cpl_src_mhl_dst_debc
   200                          	EXTERN ____sdcc_4_xor_src_debc_mhl_dst_debc
   201                          	EXTERN ____sdcc_4_or_src_debc_mhl_dst_debc
   202                          	EXTERN ____sdcc_4_and_src_debc_mhl_dst_debc
   203                          	EXTERN ____sdcc_4_and_src_debc_hlix_dst_debc
   204                          	EXTERN ____sdcc_4_or_src_debc_hlix_dst_debc
   205                          	EXTERN ____sdcc_4_xor_src_debc_hlix_dst_debc
   206                          
   207                          ;--------------------------------------------------------
   208                          ; Public variables in this module
   209                          ;--------------------------------------------------------
   210                          	GLOBAL _clip_layer2_window
   211                          	GLOBAL _set_layer2_offset
   212                          	GLOBAL _clip_tilemap_window
   213                          	GLOBAL _set_tilemap_offset
   214                          	GLOBAL _set_sprite_index
   215                          	GLOBAL _setup_unified_sprite
   216                          	GLOBAL _setup_relative_sprite
   217                          	GLOBAL _clip_sprites_window
   218                          ;--------------------------------------------------------
   219                          ; Externals used
   220                          ;--------------------------------------------------------
   221                          	GLOBAL _ZXN_NEXTREG_UPDATE
   222                          	GLOBAL _zx_pattern_fill_callee
   223                          	GLOBAL _zx_pattern_fill
   224                          	GLOBAL _tshr_saddrpup_fastcall
   225                          	GLOBAL _tshr_saddrpup
   226                          	GLOBAL _tshr_saddrpright_callee
   227                          	GLOBAL _tshr_saddrpright
   228                          	GLOBAL _tshr_saddrpleft_callee
   229                          	GLOBAL _tshr_saddrpleft
   230                          	GLOBAL _tshr_saddrpdown_fastcall
   231                          	GLOBAL _tshr_saddrpdown
   232                          	GLOBAL _tshr_saddrcup_fastcall
   233                          	GLOBAL _tshr_saddrcup
   234                          	GLOBAL _tshr_saddrcright_fastcall
   235                          	GLOBAL _tshr_saddrcright
   236                          	GLOBAL _tshr_saddrcleft_fastcall
   237                          	GLOBAL _tshr_saddrcleft
   238                          	GLOBAL _tshr_saddrcdown_fastcall
   239                          	GLOBAL _tshr_saddrcdown
   240                          	GLOBAL _tshr_saddr2py_fastcall
   241                          	GLOBAL _tshr_saddr2py
   242                          	GLOBAL _tshr_saddr2px_fastcall
   243                          	GLOBAL _tshr_saddr2px
   244                          	GLOBAL _tshr_saddr2cy_fastcall
   245                          	GLOBAL _tshr_saddr2cy
   246                          	GLOBAL _tshr_saddr2cx_fastcall
   247                          	GLOBAL _tshr_saddr2cx
   248                          	GLOBAL _tshr_py2saddr_fastcall
   249                          	GLOBAL _tshr_py2saddr
   250                          	GLOBAL _tshr_pxy2saddr_callee
   251                          	GLOBAL _tshr_pxy2saddr
   252                          	GLOBAL _tshr_px2bitmask_fastcall
   253                          	GLOBAL _tshr_px2bitmask
   254                          	GLOBAL _tshr_cy2saddr_fastcall
   255                          	GLOBAL _tshr_cy2saddr
   256                          	GLOBAL _tshr_cxy2saddr_callee
   257                          	GLOBAL _tshr_cxy2saddr
   258                          	GLOBAL _tshr_bitmask2px_fastcall
   259                          	GLOBAL _tshr_bitmask2px
   260                          	GLOBAL _tshc_saddrpup_fastcall
   261                          	GLOBAL _tshc_saddrpup
   262                          	GLOBAL _tshc_saddrpright_callee
   263                          	GLOBAL _tshc_saddrpright
   264                          	GLOBAL _tshc_saddrpleft_callee
   265                          	GLOBAL _tshc_saddrpleft
   266                          	GLOBAL _tshc_saddrpdown_fastcall
   267                          	GLOBAL _tshc_saddrpdown
   268                          	GLOBAL _tshc_saddrcup_fastcall
   269                          	GLOBAL _tshc_saddrcup
   270                          	GLOBAL _tshc_saddrcright_fastcall
   271                          	GLOBAL _tshc_saddrcright
   272                          	GLOBAL _tshc_saddrcleft_fastcall
   273                          	GLOBAL _tshc_saddrcleft
   274                          	GLOBAL _tshc_saddrcdown_fastcall
   275                          	GLOBAL _tshc_saddrcdown
   276                          	GLOBAL _tshc_saddr2py_fastcall
   277                          	GLOBAL _tshc_saddr2py
   278                          	GLOBAL _tshc_saddr2px_fastcall
   279                          	GLOBAL _tshc_saddr2px
   280                          	GLOBAL _tshc_saddr2cy_fastcall
   281                          	GLOBAL _tshc_saddr2cy
   282                          	GLOBAL _tshc_saddr2cx_fastcall
   283                          	GLOBAL _tshc_saddr2cx
   284                          	GLOBAL _tshc_saddr2aaddr_fastcall
   285                          	GLOBAL _tshc_saddr2aaddr
   286                          	GLOBAL _tshc_py2saddr_fastcall
   287                          	GLOBAL _tshc_py2saddr
   288                          	GLOBAL _tshc_py2aaddr_fastcall
   289                          	GLOBAL _tshc_py2aaddr
   290                          	GLOBAL _tshc_pxy2saddr_callee
   291                          	GLOBAL _tshc_pxy2saddr
   292                          	GLOBAL _tshc_pxy2aaddr_callee
   293                          	GLOBAL _tshc_pxy2aaddr
   294                          	GLOBAL _tshc_px2bitmask_fastcall
   295                          	GLOBAL _tshc_px2bitmask
   296                          	GLOBAL _tshc_cy2saddr_fastcall
   297                          	GLOBAL _tshc_cy2saddr
   298                          	GLOBAL _tshc_cy2aaddr_fastcall
   299                          	GLOBAL _tshc_cy2aaddr
   300                          	GLOBAL _tshc_cxy2saddr_callee
   301                          	GLOBAL _tshc_cxy2saddr
   302                          	GLOBAL _tshc_cxy2aaddr_callee
   303                          	GLOBAL _tshc_cxy2aaddr
   304                          	GLOBAL _tshc_bitmask2px_fastcall
   305                          	GLOBAL _tshc_bitmask2px
   306                          	GLOBAL _tshc_aaddrpup_fastcall
   307                          	GLOBAL _tshc_aaddrpup
   308                          	GLOBAL _tshc_aaddrpright_callee
   309                          	GLOBAL _tshc_aaddrpright
   310                          	GLOBAL _tshc_aaddrpleft_callee
   311                          	GLOBAL _tshc_aaddrpleft
   312                          	GLOBAL _tshc_aaddrpdown_fastcall
   313                          	GLOBAL _tshc_aaddrpdown
   314                          	GLOBAL _tshc_aaddrcup_fastcall
   315                          	GLOBAL _tshc_aaddrcup
   316                          	GLOBAL _tshc_aaddrcright_fastcall
   317                          	GLOBAL _tshc_aaddrcright
   318                          	GLOBAL _tshc_aaddrcleft_fastcall
   319                          	GLOBAL _tshc_aaddrcleft
   320                          	GLOBAL _tshc_aaddrcdown_fastcall
   321                          	GLOBAL _tshc_aaddrcdown
   322                          	GLOBAL _tshc_aaddr2saddr_fastcall
   323                          	GLOBAL _tshc_aaddr2saddr
   324                          	GLOBAL _tshc_aaddr2py_fastcall
   325                          	GLOBAL _tshc_aaddr2py
   326                          	GLOBAL _tshc_aaddr2px_fastcall
   327                          	GLOBAL _tshc_aaddr2px
   328                          	GLOBAL _tshc_aaddr2cy_fastcall
   329                          	GLOBAL _tshc_aaddr2cy
   330                          	GLOBAL _tshc_aaddr2cx_fastcall
   331                          	GLOBAL _tshc_aaddr2cx
   332                          	GLOBAL _zx_saddrpup_fastcall
   333                          	GLOBAL _zx_saddrpup
   334                          	GLOBAL _zx_saddrpright_callee
   335                          	GLOBAL _zx_saddrpright
   336                          	GLOBAL _zx_saddrpleft_callee
   337                          	GLOBAL _zx_saddrpleft
   338                          	GLOBAL _zx_saddrpdown_fastcall
   339                          	GLOBAL _zx_saddrpdown
   340                          	GLOBAL _zx_saddrcup_fastcall
   341                          	GLOBAL _zx_saddrcup
   342                          	GLOBAL _zx_saddrcright_fastcall
   343                          	GLOBAL _zx_saddrcright
   344                          	GLOBAL _zx_saddrcleft_fastcall
   345                          	GLOBAL _zx_saddrcleft
   346                          	GLOBAL _zx_saddrcdown_fastcall
   347                          	GLOBAL _zx_saddrcdown
   348                          	GLOBAL _zx_saddr2py_fastcall
   349                          	GLOBAL _zx_saddr2py
   350                          	GLOBAL _zx_saddr2px_fastcall
   351                          	GLOBAL _zx_saddr2px
   352                          	GLOBAL _zx_saddr2cy_fastcall
   353                          	GLOBAL _zx_saddr2cy
   354                          	GLOBAL _zx_saddr2cx_fastcall
   355                          	GLOBAL _zx_saddr2cx
   356                          	GLOBAL _zx_saddr2aaddr_fastcall
   357                          	GLOBAL _zx_saddr2aaddr
   358                          	GLOBAL _zx_py2saddr_fastcall
   359                          	GLOBAL _zx_py2saddr
   360                          	GLOBAL _zx_py2aaddr_fastcall
   361                          	GLOBAL _zx_py2aaddr
   362                          	GLOBAL _zx_pxy2saddr_callee
   363                          	GLOBAL _zx_pxy2saddr
   364                          	GLOBAL _zx_pxy2aaddr_callee
   365                          	GLOBAL _zx_pxy2aaddr
   366                          	GLOBAL _zx_px2bitmask_fastcall
   367                          	GLOBAL _zx_px2bitmask
   368                          	GLOBAL _zx_cy2saddr_fastcall
   369                          	GLOBAL _zx_cy2saddr
   370                          	GLOBAL _zx_cy2aaddr_fastcall
   371                          	GLOBAL _zx_cy2aaddr
   372                          	GLOBAL _zx_cxy2saddr_callee
   373                          	GLOBAL _zx_cxy2saddr
   374                          	GLOBAL _zx_cxy2aaddr_callee
   375                          	GLOBAL _zx_cxy2aaddr
   376                          	GLOBAL _zx_bitmask2px_fastcall
   377                          	GLOBAL _zx_bitmask2px
   378                          	GLOBAL _zx_aaddrcup_fastcall
   379                          	GLOBAL _zx_aaddrcup
   380                          	GLOBAL _zx_aaddrcright_fastcall
   381                          	GLOBAL _zx_aaddrcright
   382                          	GLOBAL _zx_aaddrcleft_fastcall
   383                          	GLOBAL _zx_aaddrcleft
   384                          	GLOBAL _zx_aaddrcdown_fastcall
   385                          	GLOBAL _zx_aaddrcdown
   386                          	GLOBAL _zx_aaddr2saddr_fastcall
   387                          	GLOBAL _zx_aaddr2saddr
   388                          	GLOBAL _zx_aaddr2py_fastcall
   389                          	GLOBAL _zx_aaddr2py
   390                          	GLOBAL _zx_aaddr2px_fastcall
   391                          	GLOBAL _zx_aaddr2px
   392                          	GLOBAL _zx_aaddr2cy_fastcall
   393                          	GLOBAL _zx_aaddr2cy
   394                          	GLOBAL _zx_aaddr2cx_fastcall
   395                          	GLOBAL _zx_aaddr2cx
   396                          	GLOBAL _tshr_visit_wc_pix_callee
   397                          	GLOBAL _tshr_visit_wc_pix
   398                          	GLOBAL _tshr_scroll_wc_up_pix_callee
   399                          	GLOBAL _tshr_scroll_wc_up_pix
   400                          	GLOBAL _tshr_scroll_up_pix_callee
   401                          	GLOBAL _tshr_scroll_up_pix
   402                          	GLOBAL _tshr_scroll_up_callee
   403                          	GLOBAL _tshr_scroll_up
   404                          	GLOBAL _tshr_cls_wc_pix_callee
   405                          	GLOBAL _tshr_cls_wc_pix
   406                          	GLOBAL _tshr_cls_pix_fastcall
   407                          	GLOBAL _tshr_cls_pix
   408                          	GLOBAL _tshr_cls_attr_fastcall
   409                          	GLOBAL _tshr_cls_attr
   410                          	GLOBAL _tshr_cls_fastcall
   411                          	GLOBAL _tshr_cls
   412                          	GLOBAL _tshc_visit_wc_pix_callee
   413                          	GLOBAL _tshc_visit_wc_pix
   414                          	GLOBAL _tshc_visit_wc_attr_callee
   415                          	GLOBAL _tshc_visit_wc_attr
   416                          	GLOBAL _tshc_scroll_wc_up_pix_callee
   417                          	GLOBAL _tshc_scroll_wc_up_pix
   418                          	GLOBAL _tshc_scroll_wc_up_attr_callee
   419                          	GLOBAL _tshc_scroll_wc_up_attr
   420                          	GLOBAL _tshc_scroll_wc_up_callee
   421                          	GLOBAL _tshc_scroll_wc_up
   422                          	GLOBAL _tshc_scroll_up_pix_callee
   423                          	GLOBAL _tshc_scroll_up_pix
   424                          	GLOBAL _tshc_scroll_up_attr_callee
   425                          	GLOBAL _tshc_scroll_up_attr
   426                          	GLOBAL _tshc_scroll_up_callee
   427                          	GLOBAL _tshc_scroll_up
   428                          	GLOBAL _tshc_cls_wc_pix_callee
   429                          	GLOBAL _tshc_cls_wc_pix
   430                          	GLOBAL _tshc_cls_wc_attr_callee
   431                          	GLOBAL _tshc_cls_wc_attr
   432                          	GLOBAL _tshc_cls_wc_callee
   433                          	GLOBAL _tshc_cls_wc
   434                          	GLOBAL _tshc_cls_pix_fastcall
   435                          	GLOBAL _tshc_cls_pix
   436                          	GLOBAL _tshc_cls_attr_fastcall
   437                          	GLOBAL _tshc_cls_attr
   438                          	GLOBAL _tshc_cls_fastcall
   439                          	GLOBAL _tshc_cls
   440                          	GLOBAL _zx_visit_wc_pix_callee
   441                          	GLOBAL _zx_visit_wc_pix
   442                          	GLOBAL _zx_visit_wc_attr_callee
   443                          	GLOBAL _zx_visit_wc_attr
   444                          	GLOBAL _zx_scroll_wc_up_pix_callee
   445                          	GLOBAL _zx_scroll_wc_up_pix
   446                          	GLOBAL _zx_scroll_wc_up_attr_callee
   447                          	GLOBAL _zx_scroll_wc_up_attr
   448                          	GLOBAL _zx_scroll_wc_up_callee
   449                          	GLOBAL _zx_scroll_wc_up
   450                          	GLOBAL _zx_scroll_up_pix_callee
   451                          	GLOBAL _zx_scroll_up_pix
   452                          	GLOBAL _zx_scroll_up_attr_callee
   453                          	GLOBAL _zx_scroll_up_attr
   454                          	GLOBAL _zx_scroll_up_callee
   455                          	GLOBAL _zx_scroll_up
   456                          	GLOBAL _zx_cls_wc_pix_callee
   457                          	GLOBAL _zx_cls_wc_pix
   458                          	GLOBAL _zx_cls_wc_attr_callee
   459                          	GLOBAL _zx_cls_wc_attr
   460                          	GLOBAL _zx_cls_wc_callee
   461                          	GLOBAL _zx_cls_wc
   462                          	GLOBAL _zx_cls_pix_fastcall
   463                          	GLOBAL _zx_cls_pix
   464                          	GLOBAL _zx_cls_attr_fastcall
   465                          	GLOBAL _zx_cls_attr
   466                          	GLOBAL _zx_cls_fastcall
   467                          	GLOBAL _zx_cls
   468                          	GLOBAL _zx_border_fastcall
   469                          	GLOBAL _zx_border
   470                          	GLOBAL _ts_vmod_fastcall
   471                          	GLOBAL _ts_vmod
   472                          	GLOBAL _zx_tape_verify_block_callee
   473                          	GLOBAL _zx_tape_verify_block
   474                          	GLOBAL _zx_tape_save_block_callee
   475                          	GLOBAL _zx_tape_save_block
   476                          	GLOBAL _zx_tape_load_block_callee
   477                          	GLOBAL _zx_tape_load_block
   478                          	GLOBAL _check_version_nextzxos_fastcall
   479                          	GLOBAL _check_version_nextzxos
   480                          	GLOBAL _check_version_esxdos_fastcall
   481                          	GLOBAL _check_version_esxdos
   482                          	GLOBAL _check_version_core_fastcall
   483                          	GLOBAL _check_version_core
   484                          	GLOBAL _zxn_mangle_bank_state_fastcall
   485                          	GLOBAL _zxn_mangle_bank_state
   486                          	GLOBAL _zxn_write_sysvar_bank_state_fastcall
   487                          	GLOBAL _zxn_write_sysvar_bank_state
   488                          	GLOBAL _zxn_read_sysvar_bank_state
   489                          	GLOBAL _zxn_write_bank_state_fastcall
   490                          	GLOBAL _zxn_write_bank_state
   491                          	GLOBAL _zxn_write_mmu_state_fastcall
   492                          	GLOBAL _zxn_write_mmu_state
   493                          	GLOBAL _zxn_read_mmu_state_fastcall
   494                          	GLOBAL _zxn_read_mmu_state
   495                          	GLOBAL _zxn_page_from_addr_fastcall
   496                          	GLOBAL _zxn_page_from_addr
   497                          	GLOBAL _zxn_addr_from_page_fastcall
   498                          	GLOBAL _zxn_addr_from_page
   499                          	GLOBAL _zxn_addr_in_mmu_callee
   500                          	GLOBAL _zxn_addr_in_mmu
   501                          	GLOBAL _zxn_mmu_from_addr_fastcall
   502                          	GLOBAL _zxn_mmu_from_addr
   503                          	GLOBAL _zxn_addr_from_mmu_fastcall
   504                          	GLOBAL _zxn_addr_from_mmu
   505                          	GLOBAL _ZXN_WRITE_MMU7_fastcall
   506                          	GLOBAL _ZXN_WRITE_MMU7
   507                          	GLOBAL _ZXN_WRITE_MMU6_fastcall
   508                          	GLOBAL _ZXN_WRITE_MMU6
   509                          	GLOBAL _ZXN_WRITE_MMU5_fastcall
   510                          	GLOBAL _ZXN_WRITE_MMU5
   511                          	GLOBAL _ZXN_WRITE_MMU4_fastcall
   512                          	GLOBAL _ZXN_WRITE_MMU4
   513                          	GLOBAL _ZXN_WRITE_MMU3_fastcall
   514                          	GLOBAL _ZXN_WRITE_MMU3
   515                          	GLOBAL _ZXN_WRITE_MMU2_fastcall
   516                          	GLOBAL _ZXN_WRITE_MMU2
   517                          	GLOBAL _ZXN_WRITE_MMU1_fastcall
   518                          	GLOBAL _ZXN_WRITE_MMU1
   519                          	GLOBAL _ZXN_WRITE_MMU0_fastcall
   520                          	GLOBAL _ZXN_WRITE_MMU0
   521                          	GLOBAL _ZXN_READ_MMU7
   522                          	GLOBAL _ZXN_READ_MMU6
   523                          	GLOBAL _ZXN_READ_MMU5
   524                          	GLOBAL _ZXN_READ_MMU4
   525                          	GLOBAL _ZXN_READ_MMU3
   526                          	GLOBAL _ZXN_READ_MMU2
   527                          	GLOBAL _ZXN_READ_MMU1
   528                          	GLOBAL _ZXN_READ_MMU0
   529                          	GLOBAL _ZXN_WRITE_REG_callee
   530                          	GLOBAL _ZXN_WRITE_REG
   531                          	GLOBAL _ZXN_READ_REG_fastcall
   532                          	GLOBAL _ZXN_READ_REG
   533                          	GLOBAL _GLOBAL_ZXN_PORT_DFFD
   534                          	GLOBAL _GLOBAL_ZXN_PORT_7FFD
   535                          	GLOBAL _GLOBAL_ZXN_PORT_1FFD
   536                          	GLOBAL _GLOBAL_ZXN_PORT_FE
   537                          	GLOBAL _GLOBAL_TS_PORT_FE
   538                          	GLOBAL _GLOBAL_ZX_PORT_7FFD
   539                          	GLOBAL _GLOBAL_ZX_PORT_1FFD
   540                          	GLOBAL _GLOBAL_ZX_PORT_FE
   541                          ;--------------------------------------------------------
   542                          ; special function registers
   543                          ;--------------------------------------------------------
   544                          defc _IO_FE	=	0x00fe
   545                          defc _IO_FF	=	0x00ff
   546                          defc _IO_TIMEX_VIDEO_MODE	=	0x00ff
   547                          defc _IO_1FFD	=	0x1ffd
   548                          defc _IO_7FFD	=	0x7ffd
   549                          defc _IO_DFFD	=	0xdffd
   550                          defc _IO_0F	=	0x000f
   551                          defc _IO_DAC_L0	=	0x000f
   552                          defc _IO_1F	=	0x001f
   553                          defc _IO_DAC_L1	=	0x001f
   554                          defc _IO_4F	=	0x004f
   555                          defc _IO_DAC_R0	=	0x004f
   556                          defc _IO_5F	=	0x005f
   557                          defc _IO_DAC_R1	=	0x005f
   558                          defc _IO_DF	=	0x00df
   559                          defc _IO_DAC_M0	=	0x00df
   560                          defc _IO_FFFD	=	0xfffd
   561                          defc _IO_TURBOSOUND	=	0xfffd
   562                          defc _IO_AY_REG	=	0xfffd
   563                          defc _IO_BFFD	=	0xbffd
   564                          defc _IO_AY_DAT	=	0xbffd
   565                          defc _IO_123B	=	0x123b
   566                          defc _IO_LAYER_2_CONFIG	=	0x123b
   567                          defc _IO_303B	=	0x303b
   568                          defc _IO_SPRITE_SLOT	=	0x303b
   569                          defc _IO_SPRITE_FLAGS	=	0x303b
   570                          defc _IO_57	=	0x0057
   571                          defc _IO_SPRITE_ATTRIBUTE	=	0x0057
   572                          defc _IO_5B	=	0x005b
   573                          defc _IO_SPRITE_PATTERN	=	0x005b
   574                          defc _IO_143B	=	0x143b
   575                          defc _IO_UART_RX	=	0x143b
   576                          defc _IO_UART_BAUD_RATE	=	0x143b
   577                          defc _IO_133B	=	0x133b
   578                          defc _IO_UART_TX	=	0x133b
   579                          defc _IO_UART_STATUS	=	0x133b
   580                          defc _IO_6B	=	0x006b
   581                          defc _IO_DMA	=	0x006b
   582                          defc _IO_E3	=	0x00e3
   583                          defc _IO_DIVIDE_CONTROL	=	0x00e3
   584                          defc _IO_E7	=	0x00e7
   585                          defc _IO_SPI_CONTROL	=	0x00e7
   586                          defc _IO_SPI_STATUS	=	0x00e7
   587                          defc _IO_EB	=	0x00eb
   588                          defc _IO_SPI_DATA	=	0x00eb
   589                          defc _IO_103B	=	0x103b
   590                          defc _IO_I2C_SCL	=	0x103b
   591                          defc _IO_113B	=	0x113b
   592                          defc _IO_I2C_SDA	=	0x113b
   593                          defc _IO_LED_L	=	0x103b
   594                          defc _IO_243B	=	0x243b
   595                          defc _IO_NEXTREG_REG	=	0x243b
   596                          defc _IO_253B	=	0x253b
   597                          defc _IO_NEXTREG_DAT	=	0x253b
   598                          ;--------------------------------------------------------
   599                          ; ram data
   600                          ;--------------------------------------------------------
   601                          	SECTION bss_compiler
   602                          ;--------------------------------------------------------
   603                          ; ram data
   604                          ;--------------------------------------------------------
   605                          
   606                          IF 0
   607                          
   608                          ; .area _INITIALIZED removed by z88dk
   609                          
   610                          
   611                          ENDIF
   612                          
   613                          ;--------------------------------------------------------
   614                          ; absolute external ram data
   615                          ;--------------------------------------------------------
   616                          	SECTION IGNORE
   617                          ;--------------------------------------------------------
   618                          ; global & static initialisations
   619                          ;--------------------------------------------------------
   620                          	SECTION code_crt_init
   621                          ;--------------------------------------------------------
   622                          ; Home
   623                          ;--------------------------------------------------------
   624                          	SECTION IGNORE
   625                          ;--------------------------------------------------------
   626                          ; code
   627                          ;--------------------------------------------------------
   628                          	SECTION code_compiler
   629                          ;zxn.c:12: void clip_layer2_window(uint8_t x1, uint8_t x2, uint8_t y1, uint8_t y2)
   630                          ;	---------------------------------
   631                          ; Function clip_layer2_window
   632                          ; ---------------------------------
   633                          _clip_layer2_window:
   634  0000  cd0000            	call	___sdcc_enter_ix
   635                          ;zxn.c:14: ZXN_NEXTREGA(REG_CLIP_WINDOW_CONTROL, RCWC_RESET_LAYER_2_CLIP_INDEX); // | RCWC_RESET_SPRITE_CLIP_INDEX);
   636  0003  2e01              	ld	l,0x01
   637  0005  7d                	ld	a,l
   638  0006  ed921c            	nextreg	28,a
   639                          ;zxn.c:15: ZXN_NEXTREGA(REG_CLIP_WINDOW_LAYER_2, x1);
   640  0009  dd6e04            	ld	l,(ix+4)
   641  000c  7d                	ld	a,l
   642  000d  ed9218            	nextreg	24,a
   643                          ;zxn.c:16: ZXN_NEXTREGA(REG_CLIP_WINDOW_LAYER_2, x2);
   644  0010  dd6e05            	ld	l,(ix+5)
   645  0013  7d                	ld	a,l
   646  0014  ed9218            	nextreg	24,a
   647                          ;zxn.c:17: ZXN_NEXTREGA(REG_CLIP_WINDOW_LAYER_2, y1);
   648  0017  dd6e06            	ld	l,(ix+6)
   649  001a  7d                	ld	a,l
   650  001b  ed9218            	nextreg	24,a
   651                          ;zxn.c:18: ZXN_NEXTREGA(REG_CLIP_WINDOW_LAYER_2, y2);
   652  001e  dd6e07            	ld	l,(ix+7)
   653                          ;zxn.c:19: }
   654  0021  dde1              	pop	ix
   655  0023  7d                	ld	a,l
   656  0024  ed9218            	nextreg	24,a
   657  0027  c9                	ret
   658                          ;zxn.c:24: void set_layer2_offset(uint16_t x, uint8_t y)
   659                          ;	---------------------------------
   660                          ; Function set_layer2_offset
   661                          ; ---------------------------------
   662                          _set_layer2_offset:
   663  0028  cd0000            	call	___sdcc_enter_ix
   664                          ;zxn.c:26: ZXN_NEXTREGA(REG_LAYER_2_OFFSET_X_MSB, x >> 8);
   665  002b  dd6e05            	ld	l,(ix+5)
   666  002e  7d                	ld	a,l
   667  002f  ed9271            	nextreg	0x71,a
   668                          ;zxn.c:27: ZXN_NEXTREGA(REG_LAYER_2_OFFSET_X, x & 0xff);
   669  0032  dd6e04            	ld	l,(ix+4)
   670  0035  7d                	ld	a,l
   671  0036  ed9216            	nextreg	22,a
   672                          ;zxn.c:28: ZXN_NEXTREGA(REG_LAYER_2_OFFSET_Y, y);
   673  0039  dd6e06            	ld	l,(ix+6)
   674                          ;zxn.c:29: }
   675  003c  dde1              	pop	ix
   676  003e  7d                	ld	a,l
   677  003f  ed9217            	nextreg	23,a
   678  0042  c9                	ret
   679                          ;zxn.c:40: void clip_tilemap_window(uint8_t x1, uint8_t x2, uint8_t y1, uint8_t y2)
   680                          ;	---------------------------------
   681                          ; Function clip_tilemap_window
   682                          ; ---------------------------------
   683                          _clip_tilemap_window:
   684  0043  cd0000            	call	___sdcc_enter_ix
   685                          ;zxn.c:42: ZXN_NEXTREG(REG_CLIP_WINDOW_CONTROL, RCWC_RESET_TILEMAP_CLIP_INDEX);
   686  0046  ed911c08          	nextreg	28,0x08
   687                          ;zxn.c:43: ZXN_NEXTREGA(REG_CLIP_WINDOW_TILEMAP, x1);
   688  004a  dd6e04            	ld	l,(ix+4)
   689  004d  7d                	ld	a,l
   690  004e  ed921b            	nextreg	0x1B,a
   691                          ;zxn.c:44: ZXN_NEXTREGA(REG_CLIP_WINDOW_TILEMAP, x2);
   692  0051  dd6e05            	ld	l,(ix+5)
   693  0054  7d                	ld	a,l
   694  0055  ed921b            	nextreg	0x1B,a
   695                          ;zxn.c:45: ZXN_NEXTREGA(REG_CLIP_WINDOW_TILEMAP, y1);
   696  0058  dd6e06            	ld	l,(ix+6)
   697  005b  7d                	ld	a,l
   698  005c  ed921b            	nextreg	0x1B,a
   699                          ;zxn.c:46: ZXN_NEXTREGA(REG_CLIP_WINDOW_TILEMAP, y2);
   700  005f  dd6e07            	ld	l,(ix+7)
   701                          ;zxn.c:47: }
   702  0062  dde1              	pop	ix
   703  0064  7d                	ld	a,l
   704  0065  ed921b            	nextreg	0x1B,a
   705  0068  c9                	ret
   706                          ;zxn.c:52: void set_tilemap_offset(uint16_t x, uint8_t y)
   707                          ;	---------------------------------
   708                          ; Function set_tilemap_offset
   709                          ; ---------------------------------
   710                          _set_tilemap_offset:
   711  0069  cd0000            	call	___sdcc_enter_ix
   712                          ;zxn.c:54: ZXN_NEXTREGA(REG_TILEMAP_OFFSET_X_MSB, x >> 8);
   713  006c  dd6e05            	ld	l,(ix+5)
   714  006f  7d                	ld	a,l
   715  0070  ed922f            	nextreg	0x2f,a
   716                          ;zxn.c:55: ZXN_NEXTREGA(REG_TILEMAP_OFFSET_X, x & 0xff);
   717  0073  dd6e04            	ld	l,(ix+4)
   718  0076  7d                	ld	a,l
   719  0077  ed9230            	nextreg	0x30,a
   720                          ;zxn.c:56: ZXN_NEXTREGA(REG_TILEMAP_OFFSET_Y, y);
   721  007a  dd6e06            	ld	l,(ix+6)
   722                          ;zxn.c:57: }
   723  007d  dde1              	pop	ix
   724  007f  7d                	ld	a,l
   725  0080  ed9231            	nextreg	0x31,a
   726  0083  c9                	ret
   727                          ;zxn.c:66: void set_sprite_index(uint8_t index)
   728                          ;	---------------------------------
   729                          ; Function set_sprite_index
   730                          ; ---------------------------------
   731                          _set_sprite_index:
   732  0084  cd0000            	call	___sdcc_enter_ix
   733                          ;zxn.c:68: ZXN_NEXTREGA(REG_SPRITE_INDEX, index);
   734  0087  dd6e04            	ld	l,(ix+4)
   735                          ;zxn.c:69: }
   736  008a  dde1              	pop	ix
   737  008c  7d                	ld	a,l
   738  008d  ed9234            	nextreg	0x34,a
   739  0090  c9                	ret
   740                          ;zxn.c:74: void setup_unified_sprite(uint8_t pattern, uint16_t x, uint16_t y)
   741                          ;	---------------------------------
   742                          ; Function setup_unified_sprite
   743                          ; ---------------------------------
   744                          _setup_unified_sprite:
   745  0091  cd0000            	call	___sdcc_enter_ix
   746                          ;zxn.c:76: ZXN_NEXTREGA(REG_SPRITE_X, x & 0xff);
   747  0094  dd6e05            	ld	l,(ix+5)
   748  0097  7d                	ld	a,l
   749  0098  ed9235            	nextreg	0x35,a
   750                          ;zxn.c:77: ZXN_NEXTREGA(REG_SPRITE_Y, y & 0xff);
   751  009b  dd6e07            	ld	l,(ix+7)
   752  009e  7d                	ld	a,l
   753  009f  ed9236            	nextreg	0x36,a
   754                          ;zxn.c:78: ZXN_NEXTREGA(REG_SPRITE_ATTR2, (x & 0x100) >> 8);
   755  00a2  dd7e06            	ld	a,(ix+6)
   756  00a5  e601              	and	a,0x01
   757  00a7  6f                	ld	l, a
   758  00a8  7d                	ld	a,l
   759  00a9  ed9237            	nextreg	0x37,a
   760                          ;zxn.c:79: ZXN_NEXTREGA(REG_SPRITE_ATTR3, RSA3_VISIBLE | RSA3_USE_BYTE_4 | pattern);
   761  00ac  dd7e04            	ld	a,(ix+4)
   762  00af  f6c0              	or	a,0xc0
   763  00b1  6f                	ld	l, a
   764  00b2  7d                	ld	a,l
   765  00b3  ed9238            	nextreg	0x38,a
   766                          ;zxn.c:80: ZXN_NEXTREGA(REG_SPRITE_ATTR4_INCREMENT, RSA4_ANCHOR_UNIFIED | (y & 0x100) >> 8); // Anchor with unified relatives, no scaling
   767  00b6  dd7e08            	ld	a,(ix+8)
   768  00b9  e601              	and	a,0x01
   769  00bb  f620              	or	a,0x20
   770  00bd  6f                	ld	l, a
   771                          ;zxn.c:81: }
   772  00be  dde1              	pop	ix
   773  00c0  7d                	ld	a,l
   774  00c1  ed9279            	nextreg	0x79,a
   775  00c4  c9                	ret
   776                          ;zxn.c:86: void setup_relative_sprite(uint8_t pattern, uint8_t x_offset, uint8_t y_offset)
   777                          ;	---------------------------------
   778                          ; Function setup_relative_sprite
   779                          ; ---------------------------------
   780                          _setup_relative_sprite:
   781  00c5  cd0000            	call	___sdcc_enter_ix
   782                          ;zxn.c:88: ZXN_NEXTREGA(REG_SPRITE_X, x_offset);
   783  00c8  dd6e05            	ld	l,(ix+5)
   784  00cb  7d                	ld	a,l
   785  00cc  ed9235            	nextreg	0x35,a
   786                          ;zxn.c:89: ZXN_NEXTREGA(REG_SPRITE_Y, y_offset);
   787  00cf  dd6e06            	ld	l,(ix+6)
   788  00d2  7d                	ld	a,l
   789  00d3  ed9236            	nextreg	0x36,a
   790                          ;zxn.c:90: ZXN_NEXTREGA(REG_SPRITE_ATTR2, RSA2_RELATIVE_ANCHOR_PALETTE);
   791  00d6  2e01              	ld	l,0x01
   792  00d8  7d                	ld	a,l
   793  00d9  ed9237            	nextreg	0x37,a
   794                          ;zxn.c:91: ZXN_NEXTREGA(REG_SPRITE_ATTR3, RSA3_VISIBLE | RSA3_USE_BYTE_4 | pattern);
   795  00dc  dd7e04            	ld	a,(ix+4)
   796  00df  f6c0              	or	a,0xc0
   797  00e1  6f                	ld	l, a
   798  00e2  7d                	ld	a,l
   799  00e3  ed9238            	nextreg	0x38,a
   800                          ;zxn.c:92: ZXN_NEXTREGA(REG_SPRITE_ATTR4_INCREMENT, RSA4_RELATIVE_SPRITE | RSA4_RELATIVE_ANCHOR_PATTERN); // Relative sprite, no scaling
   801  00e6  2e41              	ld	l,0x41
   802                          ;zxn.c:93: }
   803  00e8  dde1              	pop	ix
   804  00ea  7d                	ld	a,l
   805  00eb  ed9279            	nextreg	0x79,a
   806  00ee  c9                	ret
   807                          ;zxn.c:95: void clip_sprites_window(uint8_t x1, uint8_t x2, uint8_t y1, uint8_t y2)
   808                          ;	---------------------------------
   809                          ; Function clip_sprites_window
   810                          ; ---------------------------------
   811                          _clip_sprites_window:
   812  00ef  cd0000            	call	___sdcc_enter_ix
   813                          ;zxn.c:97: ZXN_NEXTREGA(REG_CLIP_WINDOW_CONTROL, RCWC_RESET_SPRITE_CLIP_INDEX);
   814  00f2  2e02              	ld	l,0x02
   815  00f4  7d                	ld	a,l
   816  00f5  ed921c            	nextreg	28,a
   817                          ;zxn.c:98: ZXN_NEXTREGA(REG_CLIP_WINDOW_SPRITES, x1);
   818  00f8  dd6e04            	ld	l,(ix+4)
   819  00fb  7d                	ld	a,l
   820  00fc  ed9219            	nextreg	25,a
   821                          ;zxn.c:99: ZXN_NEXTREGA(REG_CLIP_WINDOW_SPRITES, x2);
   822  00ff  dd6e05            	ld	l,(ix+5)
   823  0102  7d                	ld	a,l
   824  0103  ed9219            	nextreg	25,a
   825                          ;zxn.c:100: ZXN_NEXTREGA(REG_CLIP_WINDOW_SPRITES, y1);
   826  0106  dd6e06            	ld	l,(ix+6)
   827  0109  7d                	ld	a,l
   828  010a  ed9219            	nextreg	25,a
   829                          ;zxn.c:101: ZXN_NEXTREGA(REG_CLIP_WINDOW_SPRITES, y2);
   830  010d  dd6e07            	ld	l,(ix+7)
   831                          ;zxn.c:102: }
   832  0110  dde1              	pop	ix
   833  0112  7d                	ld	a,l
   834  0113  ed9219            	nextreg	25,a
   835  0116  c9                	ret
   836                          	SECTION IGNORE
   837                          
